
Removing bundles/

---> Making bundle: dynbinary (in bundles/dynbinary)
Building dynamic bundles/dynbinary-daemon/dockerd (linux/arm64)...
++++ ./hack/with-go-mod.sh go build -mod=vendor -modfile=vendor.mod -o bundles/dynbinary-daemon/dockerd -tags ' journald' -buildmode=pie -ldflags ' -X "github.com/docker/docker/dockerversion.Version=dev" -X "github.com/docker/docker/dockerversion.GitCommit=3b423ea778906c6fa696ec1916dc7dc00ac492ff" -X "github.com/docker/docker/dockerversion.BuildTime=2023-11-11T01:32:22.000000000+00:00" -X "github.com/docker/docker/dockerversion.PlatformName=" -X "github.com/docker/docker/dockerversion.ProductName=" -X "github.com/docker/docker/dockerversion.DefaultProductLicense="   ' '-gcflags=all=-N -l' github.com/docker/docker/cmd/dockerd
+ tee /go/src/github.com/docker/docker/go.mod
module github.com/docker/docker

go 1.20
+ trap 'rm -f "${ROOTDIR}/go.mod"' EXIT
+ GO111MODULE=on
+ go build -mod=vendor -modfile=vendor.mod -o bundles/dynbinary-daemon/dockerd -tags ' journald' -buildmode=pie -ldflags ' -X "github.com/docker/docker/dockerversion.Version=dev" -X "github.com/docker/docker/dockerversion.GitCommit=3b423ea778906c6fa696ec1916dc7dc00ac492ff" -X "github.com/docker/docker/dockerversion.BuildTime=2023-11-11T01:32:22.000000000+00:00" -X "github.com/docker/docker/dockerversion.PlatformName=" -X "github.com/docker/docker/dockerversion.ProductName=" -X "github.com/docker/docker/dockerversion.DefaultProductLicense="   ' '-gcflags=all=-N -l' github.com/docker/docker/cmd/dockerd
+ rm -f /go/src/github.com/docker/docker/go.mod
Created binary: bundles/dynbinary-daemon/dockerd
Building dynamic bundles/dynbinary-daemon/docker-proxy (linux/arm64)...
++++ ./hack/with-go-mod.sh go build -mod=vendor -modfile=vendor.mod -o bundles/dynbinary-daemon/docker-proxy -tags ' journald' -buildmode=pie -ldflags ' -X "github.com/docker/docker/dockerversion.Version=dev" -X "github.com/docker/docker/dockerversion.GitCommit=3b423ea778906c6fa696ec1916dc7dc00ac492ff" -X "github.com/docker/docker/dockerversion.BuildTime=2023-11-11T01:32:22.000000000+00:00" -X "github.com/docker/docker/dockerversion.PlatformName=" -X "github.com/docker/docker/dockerversion.ProductName=" -X "github.com/docker/docker/dockerversion.DefaultProductLicense="   ' '-gcflags=all=-N -l' github.com/docker/docker/cmd/docker-proxy
+ tee /go/src/github.com/docker/docker/go.mod
module github.com/docker/docker

go 1.20
+ trap 'rm -f "${ROOTDIR}/go.mod"' EXIT
+ GO111MODULE=on
+ go build -mod=vendor -modfile=vendor.mod -o bundles/dynbinary-daemon/docker-proxy -tags ' journald' -buildmode=pie -ldflags ' -X "github.com/docker/docker/dockerversion.Version=dev" -X "github.com/docker/docker/dockerversion.GitCommit=3b423ea778906c6fa696ec1916dc7dc00ac492ff" -X "github.com/docker/docker/dockerversion.BuildTime=2023-11-11T01:32:22.000000000+00:00" -X "github.com/docker/docker/dockerversion.PlatformName=" -X "github.com/docker/docker/dockerversion.ProductName=" -X "github.com/docker/docker/dockerversion.DefaultProductLicense="   ' '-gcflags=all=-N -l' github.com/docker/docker/cmd/docker-proxy
+ rm -f /go/src/github.com/docker/docker/go.mod
Created binary: bundles/dynbinary-daemon/docker-proxy

---> Making bundle: test-integration (in bundles/test-integration)
SCRIPTDIR=/go/src/github.com/docker/docker/hack
HOSTNAME=100b6bb6aa59
VALIDATE_ORIGIN_BRANCH=
DEST=bundles/test-integration
DOCKER_DEBUG=1
PWD=/go/src/github.com/docker/docker
CONTAINERD_ADDRESS=/run/docker/containerd/containerd.sock
DOCKER_GITCOMMIT=3b423ea778906c6fa696ec1916dc7dc00ac492ff
container=docker
HOME=/root
OTEL_EXPORTER_OTLP_ENDPOINT=http://172.17.0.3:4318
CONTAINERD_NAMESPACE=moby
GOLANG_VERSION=1.21.3
VALIDATE_REPO=
VALIDATE_BRANCH=
TERM=xterm
DOCKER_PKG=github.com/docker/docker
DELVE_PORT=
TEST_CLIENT_BINARY=/usr/local/cli-integration/docker
SHLVL=1
GOTOOLCHAIN=local
DOCKER_GRAPHDRIVER=
GO111MODULE=off
TEST_SKIP_INTEGRATION_CLI=y
PATH=/usr/local/cli:/go/bin:/usr/local/go/bin:/usr/local/sbin:/usr/local/bin:/usr/sbin:/usr/bin:/sbin:/bin
MAKEDIR=/go/src/github.com/docker/docker/hack/make
GOPATH=/go
PKG_CONFIG=pkg-config
_=/usr/bin/env
Building test suite binary /go/src/github.com/docker/docker/integration/build/test.main
Building test suite binary /go/src/github.com/docker/docker/integration/capabilities/test.main
Building test suite binary /go/src/github.com/docker/docker/integration/config/test.main
Building test suite binary /go/src/github.com/docker/docker/integration/container/test.main
Building test suite binary /go/src/github.com/docker/docker/integration/daemon/test.main
Building test suite binary /go/src/github.com/docker/docker/integration/image/test.main
Building test suite binary /go/src/github.com/docker/docker/integration/internal/termtest/test.main
Building test suite binary /go/src/github.com/docker/docker/integration/network/test.main
Building test suite binary /go/src/github.com/docker/docker/integration/network/ipvlan/test.main
Building test suite binary /go/src/github.com/docker/docker/integration/network/macvlan/test.main
Building test suite binary /go/src/github.com/docker/docker/integration/networking/test.main
Building test suite binary /go/src/github.com/docker/docker/integration/plugin/test.main
Building test suite binary /go/src/github.com/docker/docker/integration/plugin/authz/test.main
Building test suite binary /go/src/github.com/docker/docker/integration/plugin/common/test.main
Building test suite binary /go/src/github.com/docker/docker/integration/plugin/graphdriver/test.main
Building test suite binary /go/src/github.com/docker/docker/integration/plugin/logging/test.main
Building test suite binary /go/src/github.com/docker/docker/integration/plugin/logging/cmd/discard/test.main
Building test suite binary /go/src/github.com/docker/docker/integration/plugin/volumes/test.main
Building test suite binary /go/src/github.com/docker/docker/integration/secret/test.main
Building test suite binary /go/src/github.com/docker/docker/integration/service/test.main
Building test suite binary /go/src/github.com/docker/docker/integration/session/test.main
Building test suite binary /go/src/github.com/docker/docker/integration/system/test.main
Building test suite binary /go/src/github.com/docker/docker/integration/volume/test.main
---> Making bundle: .integration-daemon-start (in bundles/test-integration)
Using test binary /usr/local/cli-integration/docker
Starting dockerd
INFO: Waiting for daemon to start...
.
---> Making bundle: .build-empty-images (in bundles/test-integration)
Running integration-test (iteration 1)
Running /go/src/github.com/docker/docker/integration/build (arm64.integration.build) flags=-test.v -test.timeout=5m  
INFO: Testing against a local daemon
=== RUN   TestCgroupNamespacesBuild
--- PASS: TestCgroupNamespacesBuild (4.18s)
=== RUN   TestCgroupNamespacesBuildDaemonHostMode
--- PASS: TestCgroupNamespacesBuildDaemonHostMode (4.19s)
=== RUN   TestBuildWithSession
    build_session_test.go:26: TODO: BuildKit
--- SKIP: TestBuildWithSession (0.00s)
=== RUN   TestBuildSquashParent
--- PASS: TestBuildSquashParent (13.75s)
=== RUN   TestBuildWithRemoveAndForceRemove
=== RUN   TestBuildWithRemoveAndForceRemove/successful_build_with_no_removal
=== PAUSE TestBuildWithRemoveAndForceRemove/successful_build_with_no_removal
=== RUN   TestBuildWithRemoveAndForceRemove/successful_build_with_remove
=== PAUSE TestBuildWithRemoveAndForceRemove/successful_build_with_remove
=== RUN   TestBuildWithRemoveAndForceRemove/successful_build_with_remove_and_force_remove
=== PAUSE TestBuildWithRemoveAndForceRemove/successful_build_with_remove_and_force_remove
=== RUN   TestBuildWithRemoveAndForceRemove/failed_build_with_no_removal
=== PAUSE TestBuildWithRemoveAndForceRemove/failed_build_with_no_removal
=== RUN   TestBuildWithRemoveAndForceRemove/failed_build_with_remove
=== PAUSE TestBuildWithRemoveAndForceRemove/failed_build_with_remove
=== RUN   TestBuildWithRemoveAndForceRemove/failed_build_with_remove_and_force_remove
=== PAUSE TestBuildWithRemoveAndForceRemove/failed_build_with_remove_and_force_remove
=== CONT  TestBuildWithRemoveAndForceRemove/successful_build_with_no_removal
=== CONT  TestBuildWithRemoveAndForceRemove/failed_build_with_remove
=== CONT  TestBuildWithRemoveAndForceRemove/successful_build_with_remove_and_force_remove
=== CONT  TestBuildWithRemoveAndForceRemove/successful_build_with_remove
=== CONT  TestBuildWithRemoveAndForceRemove/failed_build_with_no_removal
=== CONT  TestBuildWithRemoveAndForceRemove/failed_build_with_remove_and_force_remove
--- PASS: TestBuildWithRemoveAndForceRemove (0.07s)
    --- PASS: TestBuildWithRemoveAndForceRemove/failed_build_with_no_removal (1.47s)
    --- PASS: TestBuildWithRemoveAndForceRemove/failed_build_with_remove (1.53s)
    --- PASS: TestBuildWithRemoveAndForceRemove/failed_build_with_remove_and_force_remove (1.65s)
    --- PASS: TestBuildWithRemoveAndForceRemove/successful_build_with_no_removal (2.01s)
    --- PASS: TestBuildWithRemoveAndForceRemove/successful_build_with_remove (2.03s)
    --- PASS: TestBuildWithRemoveAndForceRemove/successful_build_with_remove_and_force_remove (2.03s)
=== RUN   TestBuildMultiStageCopy
=== RUN   TestBuildMultiStageCopy/copy_to_root
=== RUN   TestBuildMultiStageCopy/copy_to_newdir
=== RUN   TestBuildMultiStageCopy/copy_to_newdir_nested
=== RUN   TestBuildMultiStageCopy/copy_to_existingdir
=== RUN   TestBuildMultiStageCopy/copy_to_newsubdir
--- PASS: TestBuildMultiStageCopy (1.10s)
    --- PASS: TestBuildMultiStageCopy/copy_to_root (0.96s)
    --- PASS: TestBuildMultiStageCopy/copy_to_newdir (0.03s)
    --- PASS: TestBuildMultiStageCopy/copy_to_newdir_nested (0.03s)
    --- PASS: TestBuildMultiStageCopy/copy_to_existingdir (0.03s)
    --- PASS: TestBuildMultiStageCopy/copy_to_newsubdir (0.04s)
=== RUN   TestBuildMultiStageParentConfig
--- PASS: TestBuildMultiStageParentConfig (1.84s)
=== RUN   TestBuildLabelWithTargets
--- PASS: TestBuildLabelWithTargets (0.02s)
=== RUN   TestBuildWithEmptyLayers
--- PASS: TestBuildWithEmptyLayers (2.98s)
=== RUN   TestBuildMultiStageOnBuild
--- PASS: TestBuildMultiStageOnBuild (5.04s)
=== RUN   TestBuildUncleanTarFilenames
--- PASS: TestBuildUncleanTarFilenames (0.06s)
=== RUN   TestBuildMultiStageLayerLeak
--- PASS: TestBuildMultiStageLayerLeak (4.92s)
=== RUN   TestBuildWithHugeFile
--- PASS: TestBuildWithHugeFile (28.04s)
=== RUN   TestBuildWCOWSandboxSize
    build_test.go:526: FLAKY_TEST that needs to be fixed; see https://github.com/moby/moby/issues/42743
--- SKIP: TestBuildWCOWSandboxSize (0.00s)
=== RUN   TestBuildWithEmptyDockerfile
=== RUN   TestBuildWithEmptyDockerfile/empty-dockerfile
=== PAUSE TestBuildWithEmptyDockerfile/empty-dockerfile
=== RUN   TestBuildWithEmptyDockerfile/empty-lines-dockerfile
=== PAUSE TestBuildWithEmptyDockerfile/empty-lines-dockerfile
=== RUN   TestBuildWithEmptyDockerfile/comment-only-dockerfile
=== PAUSE TestBuildWithEmptyDockerfile/comment-only-dockerfile
=== CONT  TestBuildWithEmptyDockerfile/empty-dockerfile
=== CONT  TestBuildWithEmptyDockerfile/comment-only-dockerfile
=== CONT  TestBuildWithEmptyDockerfile/empty-lines-dockerfile
--- PASS: TestBuildWithEmptyDockerfile (0.02s)
    --- PASS: TestBuildWithEmptyDockerfile/empty-dockerfile (0.00s)
    --- PASS: TestBuildWithEmptyDockerfile/empty-lines-dockerfile (0.00s)
    --- PASS: TestBuildWithEmptyDockerfile/comment-only-dockerfile (0.00s)
=== RUN   TestBuildPreserveOwnership
=== RUN   TestBuildPreserveOwnership/copy_from
=== RUN   TestBuildPreserveOwnership/copy_from_chowned
--- PASS: TestBuildPreserveOwnership (9.91s)
    --- PASS: TestBuildPreserveOwnership/copy_from (5.91s)
    --- PASS: TestBuildPreserveOwnership/copy_from_chowned (4.00s)
=== RUN   TestBuildPlatformInvalid
--- PASS: TestBuildPlatformInvalid (0.05s)
=== RUN   TestBuildkitHistoryTracePropagation
time="2023-11-11T01:34:45Z" level=info msg="[core] [Channel #1] Channel created" module=grpc
time="2023-11-11T01:34:45Z" level=info msg="[core] [Channel #1] original dial target is: \"unix:///run/buildkit/buildkitd.sock\"" module=grpc
time="2023-11-11T01:34:45Z" level=info msg="[core] [Channel #1] parsed dial target is: {URL:{Scheme:unix Opaque: User: Host: Path:/run/buildkit/buildkitd.sock RawPath: OmitHost:false ForceQuery:false RawQuery: Fragment: RawFragment:}}" module=grpc
time="2023-11-11T01:34:45Z" level=info msg="[core] [Channel #1] Channel authority set to \"localhost\"" module=grpc
time="2023-11-11T01:34:45Z" level=info msg="[core] [Channel #1] Resolver state updated: {\n  \"Addresses\": [\n    {\n      \"Addr\": \"/run/buildkit/buildkitd.sock\",\n      \"ServerName\": \"\",\n      \"Attributes\": {\n        \"\\u003c%!p(networktype.keyType=grpc.internal.transport.networktype)\\u003e\": \"unix\"\n      },\n      \"BalancerAttributes\": null,\n      \"Metadata\": null\n    }\n  ],\n  \"Endpoints\": [\n    {\n      \"Addresses\": [\n        {\n          \"Addr\": \"/run/buildkit/buildkitd.sock\",\n          \"ServerName\": \"\",\n          \"Attributes\": {\n            \"\\u003c%!p(networktype.keyType=grpc.internal.transport.networktype)\\u003e\": \"unix\"\n          },\n          \"BalancerAttributes\": null,\n          \"Metadata\": null\n        }\n      ],\n      \"Attributes\": null\n    }\n  ],\n  \"ServiceConfig\": null,\n  \"Attributes\": null\n} (resolver returned new addresses)" module=grpc
time="2023-11-11T01:34:45Z" level=info msg="[core] [Channel #1] Channel switches to new LB policy \"pick_first\"" module=grpc
time="2023-11-11T01:34:45Z" level=info msg="[core] [Channel #1 SubChannel #2] Subchannel created" module=grpc
time="2023-11-11T01:34:45Z" level=info msg="[core] [Channel #1] Channel Connectivity change to CONNECTING" module=grpc
time="2023-11-11T01:34:45Z" level=info msg="[core] [Channel #1 SubChannel #2] Subchannel Connectivity change to CONNECTING" module=grpc
time="2023-11-11T01:34:45Z" level=info msg="[core] [Channel #1 SubChannel #2] Subchannel picks a new address \"/run/buildkit/buildkitd.sock\" to connect" module=grpc
time="2023-11-11T01:34:45Z" level=info msg="[core] [Channel #1 SubChannel #2] Subchannel Connectivity change to READY" module=grpc
time="2023-11-11T01:34:45Z" level=info msg="[core] [Channel #1] Channel Connectivity change to READY" module=grpc
time="2023-11-11T01:34:45Z" level=info msg="[core] [Server #4] Server created" module=grpc
    build_traces_test.go:84: Waiting for trace to be available
time="2023-11-11T01:34:49Z" level=info msg="[core] [Channel #1] Channel Connectivity change to SHUTDOWN" module=grpc
time="2023-11-11T01:34:49Z" level=info msg="[core] [Channel #1] ccBalancerWrapper: closing" module=grpc
time="2023-11-11T01:34:49Z" level=info msg="[core] [Channel #1] Closing the name resolver" module=grpc
time="2023-11-11T01:34:49Z" level=info msg="[core] [Channel #1 SubChannel #2] Subchannel Connectivity change to SHUTDOWN" module=grpc
time="2023-11-11T01:34:49Z" level=info msg="[core] [Channel #1 SubChannel #2] Subchannel deleted" module=grpc
time="2023-11-11T01:34:49Z" level=info msg="[core] [Channel #1] Channel deleted" module=grpc
--- PASS: TestBuildkitHistoryTracePropagation (4.03s)
=== RUN   TestBuildUserNamespaceValidateCapabilitiesAreV2
Loaded image: busybox:latest
Loaded image: busybox:glibc
Loaded image: debian:bullseye-slim
Loaded image: hello-world:latest
Loaded image: arm32v7/hello-world:latest
    build_userns_linux_test.go:77: assertion failed: error is not nil: The command '/bin/sh -c apt-get update && apt-get install -y libcap2-bin --no-install-recommends' returned a non-zero code: 100
    build_userns_linux_test.go:54: [d545bf865604c] error removing /go/src/github.com/docker/docker/bundles/test-integration/TestBuildUserNamespaceValidateCapabilitiesAreV2/d545bf865604c/root/165536.165536/vfs: fstatat /go/src/github.com/docker/docker/bundles/test-integration/TestBuildUserNamespaceValidateCapabilitiesAreV2/d545bf865604c/root/165536.165536/vfs/dir/c235b65b023d640ec773b65dd4e9a5c99d3d8e87944fe68461163fade7133194/sbin/capsh.dpkg-new: permission denied
--- FAIL: TestBuildUserNamespaceValidateCapabilitiesAreV2 (30.95s)
FAIL

=== Skipped
=== SKIP: arm64.integration.build TestBuildWithSession (0.00s)
    build_session_test.go:26: TODO: BuildKit

=== SKIP: arm64.integration.build TestBuildWCOWSandboxSize (0.00s)
    build_test.go:526: FLAKY_TEST that needs to be fixed; see https://github.com/moby/moby/issues/42743

=== Failed
=== FAIL: arm64.integration.build TestBuildUserNamespaceValidateCapabilitiesAreV2 (30.95s)
Loaded image: busybox:latest
Loaded image: busybox:glibc
Loaded image: debian:bullseye-slim
Loaded image: hello-world:latest
Loaded image: arm32v7/hello-world:latest
    build_userns_linux_test.go:77: assertion failed: error is not nil: The command '/bin/sh -c apt-get update && apt-get install -y libcap2-bin --no-install-recommends' returned a non-zero code: 100
    build_userns_linux_test.go:54: [d545bf865604c] error removing /go/src/github.com/docker/docker/bundles/test-integration/TestBuildUserNamespaceValidateCapabilitiesAreV2/d545bf865604c/root/165536.165536/vfs: fstatat /go/src/github.com/docker/docker/bundles/test-integration/TestBuildUserNamespaceValidateCapabilitiesAreV2/d545bf865604c/root/165536.165536/vfs/dir/c235b65b023d640ec773b65dd4e9a5c99d3d8e87944fe68461163fade7133194/sbin/capsh.dpkg-new: permission denied

DONE 35 tests, 2 skipped, 1 failure in 113.232s
Running /go/src/github.com/docker/docker/integration/capabilities (arm64.integration.capabilities) flags=-test.v -test.timeout=5m  
INFO: Testing against a local daemon
=== RUN   TestNoNewPrivileges
=== RUN   TestNoNewPrivileges/CapabilityRequested=true
=== RUN   TestNoNewPrivileges/CapabilityRequested=false
--- PASS: TestNoNewPrivileges (8.72s)
    --- PASS: TestNoNewPrivileges/CapabilityRequested=true (0.54s)
    --- PASS: TestNoNewPrivileges/CapabilityRequested=false (0.62s)
PASS

DONE 3 tests in 8.774s
Running /go/src/github.com/docker/docker/integration/config (arm64.integration.config) flags=-test.v -test.timeout=5m  
INFO: Testing against a local daemon
=== RUN   TestConfigInspect
--- PASS: TestConfigInspect (4.03s)
=== RUN   TestConfigList
=== RUN   TestConfigList/test_filter_by_name
=== RUN   TestConfigList/test_filter_by_id
=== RUN   TestConfigList/test_filter_by_label_key_only
=== RUN   TestConfigList/test_filter_by_label_key=value_test0-TestConfigList
=== RUN   TestConfigList/test_filter_by_label_key=value_test1-TestConfigList
--- PASS: TestConfigList (4.14s)
    --- PASS: TestConfigList/test_filter_by_name (0.00s)
    --- PASS: TestConfigList/test_filter_by_id (0.00s)
    --- PASS: TestConfigList/test_filter_by_label_key_only (0.00s)
    --- PASS: TestConfigList/test_filter_by_label_key=value_test0-TestConfigList (0.00s)
    --- PASS: TestConfigList/test_filter_by_label_key=value_test1-TestConfigList (0.00s)
=== RUN   TestConfigsCreateAndDelete
--- PASS: TestConfigsCreateAndDelete (4.35s)
=== RUN   TestConfigsUpdate
--- PASS: TestConfigsUpdate (3.95s)
=== RUN   TestTemplatedConfig
--- PASS: TestTemplatedConfig (5.17s)
=== RUN   TestConfigCreateResolve
--- PASS: TestConfigCreateResolve (3.99s)
PASS

DONE 11 tests in 25.686s
Running /go/src/github.com/docker/docker/integration/container (arm64.integration.container) flags=-test.v -test.timeout=5m  
INFO: Testing against a local daemon
=== RUN   TestAttach
=== RUN   TestAttach/without_TTY
=== PAUSE TestAttach/without_TTY
=== RUN   TestAttach/with_TTY
=== PAUSE TestAttach/with_TTY
=== CONT  TestAttach/without_TTY
=== CONT  TestAttach/with_TTY
--- PASS: TestAttach (0.02s)
    --- PASS: TestAttach/with_TTY (0.02s)
    --- PASS: TestAttach/without_TTY (0.02s)
=== RUN   TestCreateWithCDIDevices
--- PASS: TestCreateWithCDIDevices (4.09s)
=== RUN   TestCDISpecDirsAreInSystemInfo
=== RUN   TestCDISpecDirsAreInSystemInfo/experimental_no_spec_dirs_specified_returns_default
=== RUN   TestCDISpecDirsAreInSystemInfo/experimental_specified_spec_dirs_are_returned
=== RUN   TestCDISpecDirsAreInSystemInfo/experimental_empty_string_as_spec_dir_returns_empty_slice
=== RUN   TestCDISpecDirsAreInSystemInfo/experimental_empty_config_option_returns_empty_slice
=== RUN   TestCDISpecDirsAreInSystemInfo/non-experimental_no_spec_dirs_specified_returns_empty_slice
=== RUN   TestCDISpecDirsAreInSystemInfo/non-experimental_specified_spec_dirs_returns_empty_slice
=== RUN   TestCDISpecDirsAreInSystemInfo/non-experimental_empty_string_as_spec_dir_returns_empty_slice
=== RUN   TestCDISpecDirsAreInSystemInfo/non-experimental_empty_config_option_returns_empty_slice
--- PASS: TestCDISpecDirsAreInSystemInfo (4.48s)
    --- PASS: TestCDISpecDirsAreInSystemInfo/experimental_no_spec_dirs_specified_returns_default (0.55s)
    --- PASS: TestCDISpecDirsAreInSystemInfo/experimental_specified_spec_dirs_are_returned (0.57s)
    --- PASS: TestCDISpecDirsAreInSystemInfo/experimental_empty_string_as_spec_dir_returns_empty_slice (0.56s)
    --- PASS: TestCDISpecDirsAreInSystemInfo/experimental_empty_config_option_returns_empty_slice (0.56s)
    --- PASS: TestCDISpecDirsAreInSystemInfo/non-experimental_no_spec_dirs_specified_returns_empty_slice (0.56s)
    --- PASS: TestCDISpecDirsAreInSystemInfo/non-experimental_specified_spec_dirs_returns_empty_slice (0.56s)
    --- PASS: TestCDISpecDirsAreInSystemInfo/non-experimental_empty_string_as_spec_dir_returns_empty_slice (0.56s)
    --- PASS: TestCDISpecDirsAreInSystemInfo/non-experimental_empty_config_option_returns_empty_slice (0.56s)
=== RUN   TestCheckpoint
    checkpoint_test.go:33: TestCheckpoint is broken; see https://github.com/moby/moby/issues/38963
--- SKIP: TestCheckpoint (0.00s)
=== RUN   TestContainerInvalidJSON
=== RUN   TestContainerInvalidJSON/commit
=== PAUSE TestContainerInvalidJSON/commit
=== RUN   TestContainerInvalidJSON/containers/create
=== PAUSE TestContainerInvalidJSON/containers/create
=== RUN   TestContainerInvalidJSON/containers/foobar/exec
=== PAUSE TestContainerInvalidJSON/containers/foobar/exec
=== RUN   TestContainerInvalidJSON/containers/foobar/update
=== PAUSE TestContainerInvalidJSON/containers/foobar/update
=== RUN   TestContainerInvalidJSON/exec/foobar/start
=== PAUSE TestContainerInvalidJSON/exec/foobar/start
=== RUN   TestContainerInvalidJSON/v1.23/containers/foobar/copy
=== PAUSE TestContainerInvalidJSON/v1.23/containers/foobar/copy
=== RUN   TestContainerInvalidJSON/v1.23/containers/foobar/start
=== PAUSE TestContainerInvalidJSON/v1.23/containers/foobar/start
=== CONT  TestContainerInvalidJSON/commit
=== RUN   TestContainerInvalidJSON/commit/invalid_content_type
=== CONT  TestContainerInvalidJSON/exec/foobar/start
=== RUN   TestContainerInvalidJSON/exec/foobar/start/invalid_content_type
=== CONT  TestContainerInvalidJSON/containers/foobar/exec
=== RUN   TestContainerInvalidJSON/containers/foobar/exec/invalid_content_type
=== CONT  TestContainerInvalidJSON/containers/create
=== RUN   TestContainerInvalidJSON/containers/create/invalid_content_type
=== CONT  TestContainerInvalidJSON/v1.23/containers/foobar/start
=== RUN   TestContainerInvalidJSON/v1.23/containers/foobar/start/invalid_content_type
=== CONT  TestContainerInvalidJSON/v1.23/containers/foobar/copy
=== RUN   TestContainerInvalidJSON/v1.23/containers/foobar/copy/invalid_content_type
=== CONT  TestContainerInvalidJSON/containers/foobar/update
=== RUN   TestContainerInvalidJSON/containers/foobar/update/invalid_content_type
=== RUN   TestContainerInvalidJSON/commit/invalid_JSON
=== RUN   TestContainerInvalidJSON/containers/foobar/exec/invalid_JSON
=== RUN   TestContainerInvalidJSON/containers/foobar/update/invalid_JSON
=== RUN   TestContainerInvalidJSON/exec/foobar/start/invalid_JSON
=== RUN   TestContainerInvalidJSON/commit/extra_content_after_JSON
=== RUN   TestContainerInvalidJSON/v1.23/containers/foobar/copy/invalid_JSON
=== RUN   TestContainerInvalidJSON/containers/create/invalid_JSON
=== RUN   TestContainerInvalidJSON/exec/foobar/start/extra_content_after_JSON
=== RUN   TestContainerInvalidJSON/containers/create/extra_content_after_JSON
=== RUN   TestContainerInvalidJSON/exec/foobar/start/empty_body
=== RUN   TestContainerInvalidJSON/v1.23/containers/foobar/copy/extra_content_after_JSON
=== RUN   TestContainerInvalidJSON/containers/foobar/update/extra_content_after_JSON
=== RUN   TestContainerInvalidJSON/commit/empty_body
=== RUN   TestContainerInvalidJSON/containers/create/empty_body
=== RUN   TestContainerInvalidJSON/v1.23/containers/foobar/start/invalid_JSON
=== RUN   TestContainerInvalidJSON/v1.23/containers/foobar/copy/empty_body
=== RUN   TestContainerInvalidJSON/v1.23/containers/foobar/start/extra_content_after_JSON
=== RUN   TestContainerInvalidJSON/containers/foobar/exec/extra_content_after_JSON
=== RUN   TestContainerInvalidJSON/containers/foobar/exec/empty_body
=== RUN   TestContainerInvalidJSON/v1.23/containers/foobar/start/empty_body
=== RUN   TestContainerInvalidJSON/containers/foobar/update/empty_body
--- PASS: TestContainerInvalidJSON (0.01s)
    --- PASS: TestContainerInvalidJSON/containers/create (0.01s)
        --- PASS: TestContainerInvalidJSON/containers/create/invalid_content_type (0.00s)
        --- PASS: TestContainerInvalidJSON/containers/create/invalid_JSON (0.00s)
        --- PASS: TestContainerInvalidJSON/containers/create/extra_content_after_JSON (0.00s)
        --- PASS: TestContainerInvalidJSON/containers/create/empty_body (0.00s)
    --- PASS: TestContainerInvalidJSON/v1.23/containers/foobar/copy (0.01s)
        --- PASS: TestContainerInvalidJSON/v1.23/containers/foobar/copy/invalid_content_type (0.00s)
        --- PASS: TestContainerInvalidJSON/v1.23/containers/foobar/copy/invalid_JSON (0.00s)
        --- PASS: TestContainerInvalidJSON/v1.23/containers/foobar/copy/extra_content_after_JSON (0.00s)
        --- PASS: TestContainerInvalidJSON/v1.23/containers/foobar/copy/empty_body (0.00s)
    --- PASS: TestContainerInvalidJSON/commit (0.01s)
        --- PASS: TestContainerInvalidJSON/commit/invalid_content_type (0.00s)
        --- PASS: TestContainerInvalidJSON/commit/invalid_JSON (0.00s)
        --- PASS: TestContainerInvalidJSON/commit/extra_content_after_JSON (0.00s)
        --- PASS: TestContainerInvalidJSON/commit/empty_body (0.00s)
    --- PASS: TestContainerInvalidJSON/v1.23/containers/foobar/start (0.01s)
        --- PASS: TestContainerInvalidJSON/v1.23/containers/foobar/start/invalid_content_type (0.01s)
        --- PASS: TestContainerInvalidJSON/v1.23/containers/foobar/start/invalid_JSON (0.00s)
        --- PASS: TestContainerInvalidJSON/v1.23/containers/foobar/start/extra_content_after_JSON (0.00s)
        --- PASS: TestContainerInvalidJSON/v1.23/containers/foobar/start/empty_body (0.00s)
    --- PASS: TestContainerInvalidJSON/containers/foobar/exec (0.01s)
        --- PASS: TestContainerInvalidJSON/containers/foobar/exec/invalid_content_type (0.00s)
        --- PASS: TestContainerInvalidJSON/containers/foobar/exec/invalid_JSON (0.00s)
        --- PASS: TestContainerInvalidJSON/containers/foobar/exec/extra_content_after_JSON (0.00s)
        --- PASS: TestContainerInvalidJSON/containers/foobar/exec/empty_body (0.00s)
    --- PASS: TestContainerInvalidJSON/exec/foobar/start (0.01s)
        --- PASS: TestContainerInvalidJSON/exec/foobar/start/invalid_content_type (0.00s)
        --- PASS: TestContainerInvalidJSON/exec/foobar/start/invalid_JSON (0.00s)
        --- PASS: TestContainerInvalidJSON/exec/foobar/start/extra_content_after_JSON (0.00s)
        --- PASS: TestContainerInvalidJSON/exec/foobar/start/empty_body (0.00s)
    --- PASS: TestContainerInvalidJSON/containers/foobar/update (0.01s)
        --- PASS: TestContainerInvalidJSON/containers/foobar/update/invalid_content_type (0.00s)
        --- PASS: TestContainerInvalidJSON/containers/foobar/update/invalid_JSON (0.00s)
        --- PASS: TestContainerInvalidJSON/containers/foobar/update/extra_content_after_JSON (0.00s)
        --- PASS: TestContainerInvalidJSON/containers/foobar/update/empty_body (0.00s)
=== RUN   TestCopyFromContainerPathDoesNotExist
--- PASS: TestCopyFromContainerPathDoesNotExist (0.03s)
=== RUN   TestCopyFromContainerPathIsNotDir
--- PASS: TestCopyFromContainerPathIsNotDir (0.03s)
=== RUN   TestCopyToContainerPathDoesNotExist
--- PASS: TestCopyToContainerPathDoesNotExist (0.03s)
=== RUN   TestCopyEmptyFile
--- PASS: TestCopyEmptyFile (0.03s)
=== RUN   TestCopyToContainerPathIsNotDir
--- PASS: TestCopyToContainerPathIsNotDir (0.03s)
=== RUN   TestCopyFromContainer
=== RUN   TestCopyFromContainer//
=== RUN   TestCopyFromContainer/.
=== RUN   TestCopyFromContainer//.
=== RUN   TestCopyFromContainer/./
=== RUN   TestCopyFromContainer//./
=== RUN   TestCopyFromContainer//bar/root
=== RUN   TestCopyFromContainer//bar/root/
=== RUN   TestCopyFromContainer//bar/root/.
=== RUN   TestCopyFromContainer/bar/quux
=== RUN   TestCopyFromContainer/bar/quux/
=== RUN   TestCopyFromContainer/bar/quux/.
=== RUN   TestCopyFromContainer/bar/quux/baz
=== RUN   TestCopyFromContainer/bar/filesymlink
=== RUN   TestCopyFromContainer/bar/dirsymlink
=== RUN   TestCopyFromContainer/bar/dirsymlink/
=== RUN   TestCopyFromContainer/bar/dirsymlink/.
=== RUN   TestCopyFromContainer/bar/notarget
--- PASS: TestCopyFromContainer (3.74s)
    --- PASS: TestCopyFromContainer// (0.02s)
    --- PASS: TestCopyFromContainer/. (0.01s)
    --- PASS: TestCopyFromContainer//. (0.01s)
    --- PASS: TestCopyFromContainer/./ (0.01s)
    --- PASS: TestCopyFromContainer//./ (0.01s)
    --- PASS: TestCopyFromContainer//bar/root (0.00s)
    --- PASS: TestCopyFromContainer//bar/root/ (0.01s)
    --- PASS: TestCopyFromContainer//bar/root/. (0.01s)
    --- PASS: TestCopyFromContainer/bar/quux (0.00s)
    --- PASS: TestCopyFromContainer/bar/quux/ (0.00s)
    --- PASS: TestCopyFromContainer/bar/quux/. (0.00s)
    --- PASS: TestCopyFromContainer/bar/quux/baz (0.00s)
    --- PASS: TestCopyFromContainer/bar/filesymlink (0.00s)
    --- PASS: TestCopyFromContainer/bar/dirsymlink (0.00s)
    --- PASS: TestCopyFromContainer/bar/dirsymlink/ (0.00s)
    --- PASS: TestCopyFromContainer/bar/dirsymlink/. (0.00s)
    --- PASS: TestCopyFromContainer/bar/notarget (0.00s)
=== RUN   TestCreateFailsWhenIdentifierDoesNotExist
=== RUN   TestCreateFailsWhenIdentifierDoesNotExist/image_and_tag
=== PAUSE TestCreateFailsWhenIdentifierDoesNotExist/image_and_tag
=== RUN   TestCreateFailsWhenIdentifierDoesNotExist/image_no_tag
=== PAUSE TestCreateFailsWhenIdentifierDoesNotExist/image_no_tag
=== RUN   TestCreateFailsWhenIdentifierDoesNotExist/digest
=== PAUSE TestCreateFailsWhenIdentifierDoesNotExist/digest
=== CONT  TestCreateFailsWhenIdentifierDoesNotExist/image_and_tag
=== CONT  TestCreateFailsWhenIdentifierDoesNotExist/digest
=== CONT  TestCreateFailsWhenIdentifierDoesNotExist/image_no_tag
--- PASS: TestCreateFailsWhenIdentifierDoesNotExist (0.01s)
    --- PASS: TestCreateFailsWhenIdentifierDoesNotExist/image_and_tag (0.00s)
    --- PASS: TestCreateFailsWhenIdentifierDoesNotExist/image_no_tag (0.00s)
    --- PASS: TestCreateFailsWhenIdentifierDoesNotExist/digest (0.00s)
=== RUN   TestCreateLinkToNonExistingContainer
--- PASS: TestCreateLinkToNonExistingContainer (0.03s)
=== RUN   TestCreateWithInvalidEnv
=== RUN   TestCreateWithInvalidEnv/0
=== PAUSE TestCreateWithInvalidEnv/0
=== RUN   TestCreateWithInvalidEnv/1
=== PAUSE TestCreateWithInvalidEnv/1
=== RUN   TestCreateWithInvalidEnv/2
=== PAUSE TestCreateWithInvalidEnv/2
=== CONT  TestCreateWithInvalidEnv/0
=== CONT  TestCreateWithInvalidEnv/2
=== CONT  TestCreateWithInvalidEnv/1
--- PASS: TestCreateWithInvalidEnv (0.01s)
    --- PASS: TestCreateWithInvalidEnv/0 (0.00s)
    --- PASS: TestCreateWithInvalidEnv/2 (0.00s)
    --- PASS: TestCreateWithInvalidEnv/1 (0.00s)
=== RUN   TestCreateTmpfsMountsTarget
--- PASS: TestCreateTmpfsMountsTarget (0.01s)
=== RUN   TestCreateWithCustomMaskedPaths
--- PASS: TestCreateWithCustomMaskedPaths (0.73s)
=== RUN   TestCreateWithCustomReadonlyPaths
--- PASS: TestCreateWithCustomReadonlyPaths (0.71s)
=== RUN   TestCreateWithInvalidHealthcheckParams
=== RUN   TestCreateWithInvalidHealthcheckParams/test_invalid_Interval_in_Healthcheck:_less_than_0s
=== PAUSE TestCreateWithInvalidHealthcheckParams/test_invalid_Interval_in_Healthcheck:_less_than_0s
=== RUN   TestCreateWithInvalidHealthcheckParams/test_invalid_Interval_in_Healthcheck:_larger_than_0s_but_less_than_1ms
=== PAUSE TestCreateWithInvalidHealthcheckParams/test_invalid_Interval_in_Healthcheck:_larger_than_0s_but_less_than_1ms
=== RUN   TestCreateWithInvalidHealthcheckParams/test_invalid_Timeout_in_Healthcheck:_less_than_1ms
=== PAUSE TestCreateWithInvalidHealthcheckParams/test_invalid_Timeout_in_Healthcheck:_less_than_1ms
=== RUN   TestCreateWithInvalidHealthcheckParams/test_invalid_Retries_in_Healthcheck:_less_than_0
=== PAUSE TestCreateWithInvalidHealthcheckParams/test_invalid_Retries_in_Healthcheck:_less_than_0
=== RUN   TestCreateWithInvalidHealthcheckParams/test_invalid_StartPeriod_in_Healthcheck:_not_0_and_less_than_1ms
=== PAUSE TestCreateWithInvalidHealthcheckParams/test_invalid_StartPeriod_in_Healthcheck:_not_0_and_less_than_1ms
=== RUN   TestCreateWithInvalidHealthcheckParams/test_invalid_StartInterval_in_Healthcheck:_not_0_and_less_than_1ms
=== PAUSE TestCreateWithInvalidHealthcheckParams/test_invalid_StartInterval_in_Healthcheck:_not_0_and_less_than_1ms
=== CONT  TestCreateWithInvalidHealthcheckParams/test_invalid_Interval_in_Healthcheck:_less_than_0s
=== CONT  TestCreateWithInvalidHealthcheckParams/test_invalid_StartPeriod_in_Healthcheck:_not_0_and_less_than_1ms
=== CONT  TestCreateWithInvalidHealthcheckParams/test_invalid_Retries_in_Healthcheck:_less_than_0
=== CONT  TestCreateWithInvalidHealthcheckParams/test_invalid_StartInterval_in_Healthcheck:_not_0_and_less_than_1ms
=== CONT  TestCreateWithInvalidHealthcheckParams/test_invalid_Timeout_in_Healthcheck:_less_than_1ms
=== CONT  TestCreateWithInvalidHealthcheckParams/test_invalid_Interval_in_Healthcheck:_larger_than_0s_but_less_than_1ms
--- PASS: TestCreateWithInvalidHealthcheckParams (0.01s)
    --- PASS: TestCreateWithInvalidHealthcheckParams/test_invalid_Interval_in_Healthcheck:_less_than_0s (0.01s)
    --- PASS: TestCreateWithInvalidHealthcheckParams/test_invalid_Interval_in_Healthcheck:_larger_than_0s_but_less_than_1ms (0.01s)
    --- PASS: TestCreateWithInvalidHealthcheckParams/test_invalid_Timeout_in_Healthcheck:_less_than_1ms (0.01s)
    --- PASS: TestCreateWithInvalidHealthcheckParams/test_invalid_Retries_in_Healthcheck:_less_than_0 (0.01s)
    --- PASS: TestCreateWithInvalidHealthcheckParams/test_invalid_StartPeriod_in_Healthcheck:_not_0_and_less_than_1ms (0.01s)
    --- PASS: TestCreateWithInvalidHealthcheckParams/test_invalid_StartInterval_in_Healthcheck:_not_0_and_less_than_1ms (0.01s)
=== RUN   TestCreateTmpfsOverrideAnonymousVolume
--- PASS: TestCreateTmpfsOverrideAnonymousVolume (0.25s)
=== RUN   TestCreateDifferentPlatform
=== RUN   TestCreateDifferentPlatform/different_os
=== RUN   TestCreateDifferentPlatform/different_cpu_arch
--- PASS: TestCreateDifferentPlatform (0.01s)
    --- PASS: TestCreateDifferentPlatform/different_os (0.00s)
    --- PASS: TestCreateDifferentPlatform/different_cpu_arch (0.00s)
=== RUN   TestCreateVolumesFromNonExistingContainer
--- PASS: TestCreateVolumesFromNonExistingContainer (0.03s)
=== RUN   TestCreatePlatformSpecificImageNoPlatform
--- PASS: TestCreatePlatformSpecificImageNoPlatform (0.01s)
=== RUN   TestCreateInvalidHostConfig
=== RUN   TestCreateInvalidHostConfig/invalid_IpcMode
=== PAUSE TestCreateInvalidHostConfig/invalid_IpcMode
=== RUN   TestCreateInvalidHostConfig/invalid_PidMode
=== PAUSE TestCreateInvalidHostConfig/invalid_PidMode
=== RUN   TestCreateInvalidHostConfig/invalid_PidMode_without_container_ID
=== PAUSE TestCreateInvalidHostConfig/invalid_PidMode_without_container_ID
=== RUN   TestCreateInvalidHostConfig/invalid_UTSMode
=== PAUSE TestCreateInvalidHostConfig/invalid_UTSMode
=== RUN   TestCreateInvalidHostConfig/invalid_Annotations
=== PAUSE TestCreateInvalidHostConfig/invalid_Annotations
=== CONT  TestCreateInvalidHostConfig/invalid_IpcMode
=== CONT  TestCreateInvalidHostConfig/invalid_UTSMode
=== CONT  TestCreateInvalidHostConfig/invalid_PidMode_without_container_ID
=== CONT  TestCreateInvalidHostConfig/invalid_PidMode
=== CONT  TestCreateInvalidHostConfig/invalid_Annotations
--- PASS: TestCreateInvalidHostConfig (0.01s)
    --- PASS: TestCreateInvalidHostConfig/invalid_UTSMode (0.00s)
    --- PASS: TestCreateInvalidHostConfig/invalid_PidMode_without_container_ID (0.00s)
    --- PASS: TestCreateInvalidHostConfig/invalid_PidMode (0.00s)
    --- PASS: TestCreateInvalidHostConfig/invalid_IpcMode (0.00s)
    --- PASS: TestCreateInvalidHostConfig/invalid_Annotations (0.00s)
=== RUN   TestCreateWithMultipleEndpointSettings
=== RUN   TestCreateWithMultipleEndpointSettings/with_API_v1.44
=== RUN   TestCreateWithMultipleEndpointSettings/with_API_v1.43
--- PASS: TestCreateWithMultipleEndpointSettings (0.03s)
    --- PASS: TestCreateWithMultipleEndpointSettings/with_API_v1.44 (0.01s)
    --- PASS: TestCreateWithMultipleEndpointSettings/with_API_v1.43 (0.00s)
=== RUN   TestCreateWithCustomMACs
--- PASS: TestCreateWithCustomMACs (0.33s)
=== RUN   TestContainerStartOnDaemonRestart
=== PAUSE TestContainerStartOnDaemonRestart
=== RUN   TestDaemonRestartIpcMode
=== PAUSE TestDaemonRestartIpcMode
=== RUN   TestDaemonHostGatewayIP
=== PAUSE TestDaemonHostGatewayIP
=== RUN   TestRestartDaemonWithRestartingContainer
=== PAUSE TestRestartDaemonWithRestartingContainer
=== RUN   TestHardRestartWhenContainerIsRunning
=== PAUSE TestHardRestartWhenContainerIsRunning
=== RUN   TestContainerKillOnDaemonStart
=== PAUSE TestContainerKillOnDaemonStart
=== RUN   TestDiff
--- PASS: TestDiff (0.24s)
=== RUN   TestDiffStoppedContainer
--- PASS: TestDiffStoppedContainer (0.25s)
=== RUN   TestExecConsoleSize
--- PASS: TestExecConsoleSize (0.29s)
=== RUN   TestExecWithCloseStdin
--- PASS: TestExecWithCloseStdin (0.30s)
=== RUN   TestExec
--- PASS: TestExec (0.32s)
=== RUN   TestExecUser
--- PASS: TestExecUser (0.28s)
=== RUN   TestExecWithGroupAdd
--- PASS: TestExecWithGroupAdd (0.28s)
=== RUN   TestExportContainerAndImportImage
--- PASS: TestExportContainerAndImportImage (0.28s)
=== RUN   TestExportContainerAfterDaemonRestart
--- PASS: TestExportContainerAfterDaemonRestart (9.03s)
=== RUN   TestHealthCheckWorkdir
--- PASS: TestHealthCheckWorkdir (0.36s)
=== RUN   TestHealthKillContainer
--- PASS: TestHealthKillContainer (7.74s)
=== RUN   TestHealthCheckProcessKilled
--- PASS: TestHealthCheckProcessKilled (0.48s)
=== RUN   TestHealthStartInterval
    health_test.go:141: &{2023-11-11 01:36:30.351627346 +0000 UTC 2023-11-11 01:36:30.414304679 +0000 UTC 1 1cat: can't open '/tmp/health': No such file or directory
        }
    health_test.go:141: &{2023-11-11 01:36:30.351627346 +0000 UTC 2023-11-11 01:36:30.414304679 +0000 UTC 1 1cat: can't open '/tmp/health': No such file or directory
        }
    health_test.go:141: &{2023-11-11 01:36:30.351627346 +0000 UTC 2023-11-11 01:36:30.414304679 +0000 UTC 1 1cat: can't open '/tmp/health': No such file or directory
        }
    health_test.go:141: &{2023-11-11 01:36:30.351627346 +0000 UTC 2023-11-11 01:36:30.414304679 +0000 UTC 1 1cat: can't open '/tmp/health': No such file or directory
        }
    health_test.go:141: &{2023-11-11 01:36:30.351627346 +0000 UTC 2023-11-11 01:36:30.414304679 +0000 UTC 1 1cat: can't open '/tmp/health': No such file or directory
        }
    health_test.go:141: &{2023-11-11 01:36:30.351627346 +0000 UTC 2023-11-11 01:36:30.414304679 +0000 UTC 1 1cat: can't open '/tmp/health': No such file or directory
        }
    health_test.go:141: &{2023-11-11 01:36:30.351627346 +0000 UTC 2023-11-11 01:36:30.414304679 +0000 UTC 1 1cat: can't open '/tmp/health': No such file or directory
        }
    health_test.go:141: &{2023-11-11 01:36:30.351627346 +0000 UTC 2023-11-11 01:36:30.414304679 +0000 UTC 1 1cat: can't open '/tmp/health': No such file or directory
        }
    health_test.go:141: &{2023-11-11 01:36:30.351627346 +0000 UTC 2023-11-11 01:36:30.414304679 +0000 UTC 1 1cat: can't open '/tmp/health': No such file or directory
        }
    health_test.go:141: &{2023-11-11 01:36:30.351627346 +0000 UTC 2023-11-11 01:36:30.414304679 +0000 UTC 1 1cat: can't open '/tmp/health': No such file or directory
        }
    health_test.go:141: &{2023-11-11 01:36:31.423609347 +0000 UTC 2023-11-11 01:36:31.48404693 +0000 UTC 1 2}
    health_test.go:141: &{2023-11-11 01:36:31.423609347 +0000 UTC 2023-11-11 01:36:31.48404693 +0000 UTC 1 2}
    health_test.go:141: &{2023-11-11 01:36:31.423609347 +0000 UTC 2023-11-11 01:36:31.48404693 +0000 UTC 1 2}
    health_test.go:141: &{2023-11-11 01:36:31.423609347 +0000 UTC 2023-11-11 01:36:31.48404693 +0000 UTC 1 2}
    health_test.go:141: &{2023-11-11 01:36:31.423609347 +0000 UTC 2023-11-11 01:36:31.48404693 +0000 UTC 1 2}
    health_test.go:141: &{2023-11-11 01:36:31.423609347 +0000 UTC 2023-11-11 01:36:31.48404693 +0000 UTC 1 2}
    health_test.go:141: &{2023-11-11 01:36:31.423609347 +0000 UTC 2023-11-11 01:36:31.48404693 +0000 UTC 1 2}
    health_test.go:141: &{2023-11-11 01:36:31.423609347 +0000 UTC 2023-11-11 01:36:31.48404693 +0000 UTC 1 2}
    health_test.go:141: &{2023-11-11 01:36:31.423609347 +0000 UTC 2023-11-11 01:36:31.48404693 +0000 UTC 1 2}
    health_test.go:141: &{2023-11-11 01:36:31.423609347 +0000 UTC 2023-11-11 01:36:31.48404693 +0000 UTC 1 2}
    health_test.go:169: 1.06500325s
    health_test.go:169: 1.06500325s
    health_test.go:169: 1.06500325s
    health_test.go:169: 1.06500325s
    health_test.go:169: 1.06500325s
    health_test.go:169: 1.06500325s
    health_test.go:169: 1.06500325s
    health_test.go:169: 1.06500325s
    health_test.go:169: 1.06500325s
    health_test.go:169: 1.06500325s
    health_test.go:169: 1.06500325s
    health_test.go:169: 1.06500325s
    health_test.go:169: 1.06500325s
    health_test.go:169: 1.06500325s
    health_test.go:169: 1.06500325s
    health_test.go:169: 1.06500325s
    health_test.go:169: 1.06500325s
    health_test.go:169: 1.06500325s
    health_test.go:169: 1.06500325s
    health_test.go:169: 1.06500325s
    health_test.go:169: 1.06500325s
    health_test.go:169: 1.06500325s
    health_test.go:169: 1.06500325s
    health_test.go:169: 1.06500325s
    health_test.go:169: 1.06500325s
    health_test.go:169: 1.06500325s
    health_test.go:169: 1.06500325s
    health_test.go:169: 1.06500325s
    health_test.go:169: 1.06500325s
    health_test.go:169: 1.06500325s
--- PASS: TestHealthStartInterval (33.71s)
=== RUN   TestInspectCpusetInConfigPre120
--- PASS: TestInspectCpusetInConfigPre120 (0.24s)
=== RUN   TestInspectAnnotations
--- PASS: TestInspectAnnotations (0.03s)
=== RUN   TestIpcModeNone
--- PASS: TestIpcModeNone (0.29s)
=== RUN   TestIpcModePrivate
    ipcmode_linux_test.go:87: [testIpcPrivateShareable] ipcmode: private, ipcdev: 0:163, shared: false, mustBeShared: false
--- PASS: TestIpcModePrivate (0.27s)
=== RUN   TestIpcModeShareable
    ipcmode_linux_test.go:87: [testIpcPrivateShareable] ipcmode: shareable, ipcdev: 0:158, shared: true, mustBeShared: true
--- PASS: TestIpcModeShareable (0.30s)
=== RUN   TestAPIIpcModeShareableAndContainer
--- PASS: TestAPIIpcModeShareableAndContainer (0.72s)
=== RUN   TestAPIIpcModeHost
--- PASS: TestAPIIpcModeHost (0.23s)
=== RUN   TestDaemonIpcModeShareable
    ipcmode_linux_test.go:255: [testDaemonIpcPrivateShareable] ipcdev: 0:175, shared: true, mustBeShared: true
--- PASS: TestDaemonIpcModeShareable (3.73s)
=== RUN   TestDaemonIpcModePrivate
    ipcmode_linux_test.go:255: [testDaemonIpcPrivateShareable] ipcdev: 0:180, shared: false, mustBeShared: false
--- PASS: TestDaemonIpcModePrivate (3.68s)
=== RUN   TestDaemonIpcModePrivateFromConfig
    ipcmode_linux_test.go:255: [testDaemonIpcPrivateShareable] ipcdev: 0:180, shared: false, mustBeShared: false
--- PASS: TestDaemonIpcModePrivateFromConfig (3.75s)
=== RUN   TestDaemonIpcModeShareableFromConfig
    ipcmode_linux_test.go:255: [testDaemonIpcPrivateShareable] ipcdev: 0:175, shared: true, mustBeShared: true
--- PASS: TestDaemonIpcModeShareableFromConfig (3.74s)
=== RUN   TestIpcModeOlderClient
=== PAUSE TestIpcModeOlderClient
=== RUN   TestKillContainerInvalidSignal
--- PASS: TestKillContainerInvalidSignal (0.25s)
=== RUN   TestKillContainer
=== RUN   TestKillContainer/no_signal
=== RUN   TestKillContainer/non_killing_signal
=== RUN   TestKillContainer/killing_signal
--- PASS: TestKillContainer (0.78s)
    --- PASS: TestKillContainer/no_signal (0.24s)
    --- PASS: TestKillContainer/non_killing_signal (0.18s)
    --- PASS: TestKillContainer/killing_signal (0.23s)
=== RUN   TestKillWithStopSignalAndRestartPolicies
=== RUN   TestKillWithStopSignalAndRestartPolicies/same-signal-disables-restart-policy
=== RUN   TestKillWithStopSignalAndRestartPolicies/different-signal-keep-restart-policy
--- PASS: TestKillWithStopSignalAndRestartPolicies (0.49s)
    --- PASS: TestKillWithStopSignalAndRestartPolicies/same-signal-disables-restart-policy (0.25s)
    --- PASS: TestKillWithStopSignalAndRestartPolicies/different-signal-keep-restart-policy (0.17s)
=== RUN   TestKillStoppedContainer
--- PASS: TestKillStoppedContainer (0.03s)
=== RUN   TestKillStoppedContainerAPIPre120
--- PASS: TestKillStoppedContainerAPIPre120 (0.03s)
=== RUN   TestKillDifferentUserContainer
--- PASS: TestKillDifferentUserContainer (0.26s)
=== RUN   TestInspectOomKilledTrue
    kill_test.go:165: testEnv.DaemonInfo.CgroupVersion == "2": FIXME: flaky on cgroup v2 (https://github.com/moby/moby/issues/41929)
--- SKIP: TestInspectOomKilledTrue (0.00s)
=== RUN   TestInspectOomKilledFalse
--- PASS: TestInspectOomKilledFalse (0.25s)
=== RUN   TestLinksEtcHostsContentMatch
--- PASS: TestLinksEtcHostsContentMatch (0.11s)
=== RUN   TestLinksContainerNames
--- PASS: TestLinksContainerNames (0.51s)
=== RUN   TestLogsFollowTailEmpty
--- PASS: TestLogsFollowTailEmpty (0.24s)
=== RUN   TestLogs
=== RUN   TestLogs/driver_local
=== RUN   TestLogs/driver_local/tty/stdout_and_stderr
=== PAUSE TestLogs/driver_local/tty/stdout_and_stderr
=== RUN   TestLogs/driver_local/tty/only_stdout
=== PAUSE TestLogs/driver_local/tty/only_stdout
=== RUN   TestLogs/driver_local/tty/only_stderr
=== PAUSE TestLogs/driver_local/tty/only_stderr
=== RUN   TestLogs/driver_local/without_tty/stdout_and_stderr
=== PAUSE TestLogs/driver_local/without_tty/stdout_and_stderr
=== RUN   TestLogs/driver_local/without_tty/only_stdout
=== PAUSE TestLogs/driver_local/without_tty/only_stdout
=== RUN   TestLogs/driver_local/without_tty/only_stderr
=== PAUSE TestLogs/driver_local/without_tty/only_stderr
=== CONT  TestLogs/driver_local/tty/stdout_and_stderr
=== CONT  TestLogs/driver_local/without_tty/only_stdout
=== CONT  TestLogs/driver_local/without_tty/stdout_and_stderr
=== CONT  TestLogs/driver_local/tty/only_stderr
=== CONT  TestLogs/driver_local/tty/only_stdout
=== CONT  TestLogs/driver_local/without_tty/only_stderr
=== RUN   TestLogs/driver_json-file
=== RUN   TestLogs/driver_json-file/tty/stdout_and_stderr
=== PAUSE TestLogs/driver_json-file/tty/stdout_and_stderr
=== RUN   TestLogs/driver_json-file/tty/only_stdout
=== PAUSE TestLogs/driver_json-file/tty/only_stdout
=== RUN   TestLogs/driver_json-file/tty/only_stderr
=== PAUSE TestLogs/driver_json-file/tty/only_stderr
=== RUN   TestLogs/driver_json-file/without_tty/stdout_and_stderr
=== PAUSE TestLogs/driver_json-file/without_tty/stdout_and_stderr
=== RUN   TestLogs/driver_json-file/without_tty/only_stdout
=== PAUSE TestLogs/driver_json-file/without_tty/only_stdout
=== RUN   TestLogs/driver_json-file/without_tty/only_stderr
=== PAUSE TestLogs/driver_json-file/without_tty/only_stderr
=== CONT  TestLogs/driver_json-file/tty/stdout_and_stderr
=== CONT  TestLogs/driver_json-file/without_tty/only_stdout
=== CONT  TestLogs/driver_json-file/without_tty/stdout_and_stderr
=== CONT  TestLogs/driver_json-file/tty/only_stderr
=== CONT  TestLogs/driver_json-file/tty/only_stdout
=== CONT  TestLogs/driver_json-file/without_tty/only_stderr
--- PASS: TestLogs (1.58s)
    --- PASS: TestLogs/driver_local (0.01s)
        --- PASS: TestLogs/driver_local/tty/stdout_and_stderr (0.47s)
        --- PASS: TestLogs/driver_local/without_tty/only_stderr (0.53s)
        --- PASS: TestLogs/driver_local/tty/only_stdout (0.54s)
        --- PASS: TestLogs/driver_local/without_tty/only_stdout (0.76s)
        --- PASS: TestLogs/driver_local/without_tty/stdout_and_stderr (0.78s)
        --- PASS: TestLogs/driver_local/tty/only_stderr (0.81s)
    --- PASS: TestLogs/driver_json-file (0.01s)
        --- PASS: TestLogs/driver_json-file/without_tty/stdout_and_stderr (0.45s)
        --- PASS: TestLogs/driver_json-file/without_tty/only_stdout (0.52s)
        --- PASS: TestLogs/driver_json-file/tty/only_stderr (0.58s)
        --- PASS: TestLogs/driver_json-file/without_tty/only_stderr (0.67s)
        --- PASS: TestLogs/driver_json-file/tty/only_stdout (0.72s)
        --- PASS: TestLogs/driver_json-file/tty/stdout_and_stderr (0.76s)
=== RUN   TestContainerNetworkMountsNoChown
--- PASS: TestContainerNetworkMountsNoChown (0.25s)
=== RUN   TestMountDaemonRoot
=== RUN   TestMountDaemonRoot/default
=== PAUSE TestMountDaemonRoot/default
=== RUN   TestMountDaemonRoot/private
=== PAUSE TestMountDaemonRoot/private
=== RUN   TestMountDaemonRoot/rprivate
=== PAUSE TestMountDaemonRoot/rprivate
=== RUN   TestMountDaemonRoot/slave
=== PAUSE TestMountDaemonRoot/slave
=== RUN   TestMountDaemonRoot/rslave
=== PAUSE TestMountDaemonRoot/rslave
=== RUN   TestMountDaemonRoot/shared
=== PAUSE TestMountDaemonRoot/shared
=== RUN   TestMountDaemonRoot/rshared
=== PAUSE TestMountDaemonRoot/rshared
=== CONT  TestMountDaemonRoot/default
=== CONT  TestMountDaemonRoot/rslave
=== RUN   TestMountDaemonRoot/default/bind_root
=== PAUSE TestMountDaemonRoot/default/bind_root
=== RUN   TestMountDaemonRoot/default/bind_subpath
=== RUN   TestMountDaemonRoot/rslave/bind_root
=== PAUSE TestMountDaemonRoot/default/bind_subpath
=== RUN   TestMountDaemonRoot/default/mount_root
=== PAUSE TestMountDaemonRoot/rslave/bind_root
=== CONT  TestMountDaemonRoot/slave
=== RUN   TestMountDaemonRoot/slave/mount_subpath
=== PAUSE TestMountDaemonRoot/slave/mount_subpath
=== RUN   TestMountDaemonRoot/slave/bind_root
=== PAUSE TestMountDaemonRoot/slave/bind_root
=== RUN   TestMountDaemonRoot/slave/bind_subpath
=== PAUSE TestMountDaemonRoot/slave/bind_subpath
=== RUN   TestMountDaemonRoot/slave/mount_root
=== PAUSE TestMountDaemonRoot/slave/mount_root
=== CONT  TestMountDaemonRoot/slave/mount_subpath
=== CONT  TestMountDaemonRoot/slave/mount_root
=== CONT  TestMountDaemonRoot/slave/bind_subpath
=== CONT  TestMountDaemonRoot/slave/bind_root
=== PAUSE TestMountDaemonRoot/default/mount_root
=== RUN   TestMountDaemonRoot/default/mount_subpath
=== PAUSE TestMountDaemonRoot/default/mount_subpath
=== CONT  TestMountDaemonRoot/default/bind_root
=== CONT  TestMountDaemonRoot/private
=== CONT  TestMountDaemonRoot/default/mount_subpath
=== RUN   TestMountDaemonRoot/private/bind_root
=== PAUSE TestMountDaemonRoot/private/bind_root
=== RUN   TestMountDaemonRoot/private/bind_subpath
=== PAUSE TestMountDaemonRoot/private/bind_subpath
=== RUN   TestMountDaemonRoot/private/mount_root
=== PAUSE TestMountDaemonRoot/private/mount_root
=== RUN   TestMountDaemonRoot/private/mount_subpath
=== RUN   TestMountDaemonRoot/rslave/bind_subpath
=== PAUSE TestMountDaemonRoot/rslave/bind_subpath
=== CONT  TestMountDaemonRoot/rshared
=== RUN   TestMountDaemonRoot/rslave/mount_root
=== PAUSE TestMountDaemonRoot/rslave/mount_root
=== RUN   TestMountDaemonRoot/rslave/mount_subpath
=== PAUSE TestMountDaemonRoot/rslave/mount_subpath
=== CONT  TestMountDaemonRoot/default/bind_subpath
=== RUN   TestMountDaemonRoot/rshared/bind_root
=== PAUSE TestMountDaemonRoot/rshared/bind_root
=== RUN   TestMountDaemonRoot/rshared/bind_subpath
=== PAUSE TestMountDaemonRoot/rshared/bind_subpath
=== RUN   TestMountDaemonRoot/rshared/mount_root
=== PAUSE TestMountDaemonRoot/rshared/mount_root
=== RUN   TestMountDaemonRoot/rshared/mount_subpath
=== PAUSE TestMountDaemonRoot/rshared/mount_subpath
=== CONT  TestMountDaemonRoot/rprivate
=== RUN   TestMountDaemonRoot/rprivate/mount_subpath
=== PAUSE TestMountDaemonRoot/rprivate/mount_subpath
=== RUN   TestMountDaemonRoot/rprivate/bind_root
=== PAUSE TestMountDaemonRoot/rprivate/bind_root
=== RUN   TestMountDaemonRoot/rprivate/bind_subpath
=== PAUSE TestMountDaemonRoot/rprivate/bind_subpath
=== RUN   TestMountDaemonRoot/rprivate/mount_root
=== PAUSE TestMountDaemonRoot/rprivate/mount_root
=== CONT  TestMountDaemonRoot/shared
=== RUN   TestMountDaemonRoot/shared/bind_root
=== PAUSE TestMountDaemonRoot/shared/bind_root
=== RUN   TestMountDaemonRoot/shared/bind_subpath
=== CONT  TestMountDaemonRoot/rslave/bind_root
=== PAUSE TestMountDaemonRoot/shared/bind_subpath
=== RUN   TestMountDaemonRoot/shared/mount_root
=== PAUSE TestMountDaemonRoot/shared/mount_root
=== RUN   TestMountDaemonRoot/shared/mount_subpath
=== CONT  TestMountDaemonRoot/rshared/bind_root
=== PAUSE TestMountDaemonRoot/shared/mount_subpath
=== PAUSE TestMountDaemonRoot/private/mount_subpath
=== CONT  TestMountDaemonRoot/default/mount_root
=== CONT  TestMountDaemonRoot/rprivate/mount_subpath
=== CONT  TestMountDaemonRoot/rslave/mount_root
=== CONT  TestMountDaemonRoot/rslave/mount_subpath
=== CONT  TestMountDaemonRoot/rslave/bind_subpath
=== CONT  TestMountDaemonRoot/rprivate/bind_subpath
=== CONT  TestMountDaemonRoot/shared/bind_root
=== CONT  TestMountDaemonRoot/rprivate/bind_root
=== CONT  TestMountDaemonRoot/private/bind_root
=== CONT  TestMountDaemonRoot/rprivate/mount_root
=== CONT  TestMountDaemonRoot/rshared/mount_subpath
=== CONT  TestMountDaemonRoot/rshared/mount_root
=== CONT  TestMountDaemonRoot/rshared/bind_subpath
=== CONT  TestMountDaemonRoot/shared/bind_subpath
=== CONT  TestMountDaemonRoot/private/mount_subpath
=== CONT  TestMountDaemonRoot/private/mount_root
=== CONT  TestMountDaemonRoot/private/bind_subpath
=== CONT  TestMountDaemonRoot/shared/mount_subpath
=== CONT  TestMountDaemonRoot/shared/mount_root
--- PASS: TestMountDaemonRoot (0.01s)
    --- PASS: TestMountDaemonRoot/slave (0.00s)
        --- PASS: TestMountDaemonRoot/slave/bind_subpath (0.04s)
        --- PASS: TestMountDaemonRoot/slave/bind_root (0.04s)
        --- PASS: TestMountDaemonRoot/slave/mount_root (0.04s)
        --- PASS: TestMountDaemonRoot/slave/mount_subpath (0.05s)
    --- PASS: TestMountDaemonRoot/default (0.00s)
        --- PASS: TestMountDaemonRoot/default/mount_root (0.04s)
        --- PASS: TestMountDaemonRoot/default/mount_subpath (0.06s)
        --- PASS: TestMountDaemonRoot/default/bind_root (0.06s)
        --- PASS: TestMountDaemonRoot/default/bind_subpath (0.08s)
    --- PASS: TestMountDaemonRoot/rslave (0.00s)
        --- PASS: TestMountDaemonRoot/rslave/mount_root (0.06s)
        --- PASS: TestMountDaemonRoot/rslave/bind_root (0.07s)
        --- PASS: TestMountDaemonRoot/rslave/bind_subpath (0.05s)
        --- PASS: TestMountDaemonRoot/rslave/mount_subpath (0.05s)
    --- PASS: TestMountDaemonRoot/rprivate (0.00s)
        --- PASS: TestMountDaemonRoot/rprivate/mount_subpath (0.05s)
        --- PASS: TestMountDaemonRoot/rprivate/bind_subpath (0.04s)
        --- PASS: TestMountDaemonRoot/rprivate/bind_root (0.04s)
        --- PASS: TestMountDaemonRoot/rprivate/mount_root (0.05s)
    --- PASS: TestMountDaemonRoot/rshared (0.00s)
        --- PASS: TestMountDaemonRoot/rshared/bind_root (0.06s)
        --- PASS: TestMountDaemonRoot/rshared/mount_root (0.05s)
        --- PASS: TestMountDaemonRoot/rshared/mount_subpath (0.05s)
        --- PASS: TestMountDaemonRoot/rshared/bind_subpath (0.05s)
    --- PASS: TestMountDaemonRoot/private (0.00s)
        --- PASS: TestMountDaemonRoot/private/bind_root (0.05s)
        --- PASS: TestMountDaemonRoot/private/mount_subpath (0.03s)
        --- PASS: TestMountDaemonRoot/private/bind_subpath (0.03s)
        --- PASS: TestMountDaemonRoot/private/mount_root (0.03s)
    --- PASS: TestMountDaemonRoot/shared (0.00s)
        --- PASS: TestMountDaemonRoot/shared/bind_root (0.04s)
        --- PASS: TestMountDaemonRoot/shared/bind_subpath (0.03s)
        --- PASS: TestMountDaemonRoot/shared/mount_subpath (0.03s)
        --- PASS: TestMountDaemonRoot/shared/mount_root (0.03s)
=== RUN   TestContainerBindMountNonRecursive
--- PASS: TestContainerBindMountNonRecursive (0.84s)
=== RUN   TestContainerVolumesMountedAsShared
--- PASS: TestContainerVolumesMountedAsShared (0.26s)
=== RUN   TestContainerVolumesMountedAsSlave
--- PASS: TestContainerVolumesMountedAsSlave (0.20s)
=== RUN   TestContainerCopyLeaksMounts
--- PASS: TestContainerCopyLeaksMounts (0.32s)
=== RUN   TestContainerBindMountRecursivelyReadOnly
--- PASS: TestContainerBindMountRecursivelyReadOnly (1.00s)
=== RUN   TestNetworkNat
--- PASS: TestNetworkNat (0.29s)
=== RUN   TestNetworkLocalhostTCPNat
--- PASS: TestNetworkLocalhostTCPNat (0.25s)
=== RUN   TestNetworkLoopbackNat
--- PASS: TestNetworkLoopbackNat (2.39s)
=== RUN   TestNoOverlayfsWarningsAboutUndefinedBehaviors
=== RUN   TestNoOverlayfsWarningsAboutUndefinedBehaviors/diff
=== RUN   TestNoOverlayfsWarningsAboutUndefinedBehaviors/export
=== RUN   TestNoOverlayfsWarningsAboutUndefinedBehaviors/cp_to_container
=== RUN   TestNoOverlayfsWarningsAboutUndefinedBehaviors/cp_from_container
--- PASS: TestNoOverlayfsWarningsAboutUndefinedBehaviors (0.30s)
    --- PASS: TestNoOverlayfsWarningsAboutUndefinedBehaviors/diff (0.01s)
    --- PASS: TestNoOverlayfsWarningsAboutUndefinedBehaviors/export (0.01s)
    --- PASS: TestNoOverlayfsWarningsAboutUndefinedBehaviors/cp_to_container (0.00s)
    --- PASS: TestNoOverlayfsWarningsAboutUndefinedBehaviors/cp_from_container (0.00s)
=== RUN   TestPause
--- PASS: TestPause (0.27s)
=== RUN   TestPauseFailsOnWindowsServerContainers
    pause_test.go:54: testEnv.DaemonInfo.OSType != "windows" || testEnv.DaemonInfo.Isolation != "process"
--- SKIP: TestPauseFailsOnWindowsServerContainers (0.00s)
=== RUN   TestPauseStopPausedContainer
--- PASS: TestPauseStopPausedContainer (0.26s)
=== RUN   TestPIDModeHost
--- PASS: TestPIDModeHost (0.57s)
=== RUN   TestPIDModeContainer
=== RUN   TestPIDModeContainer/non-existing_container
=== RUN   TestPIDModeContainer/non-running_container
=== RUN   TestPIDModeContainer/running_container
--- PASS: TestPIDModeContainer (0.62s)
    --- PASS: TestPIDModeContainer/non-existing_container (0.00s)
    --- PASS: TestPIDModeContainer/non-running_container (0.08s)
    --- PASS: TestPIDModeContainer/running_container (0.34s)
=== RUN   TestPsFilter
=== RUN   TestPsFilter/since
=== RUN   TestPsFilter/before
--- PASS: TestPsFilter (0.07s)
    --- PASS: TestPsFilter/since (0.00s)
    --- PASS: TestPsFilter/before (0.00s)
=== RUN   TestRemoveContainerWithRemovedVolume
--- PASS: TestRemoveContainerWithRemovedVolume (0.25s)
=== RUN   TestRemoveContainerWithVolume
--- PASS: TestRemoveContainerWithVolume (0.26s)
=== RUN   TestRemoveContainerRunning
--- PASS: TestRemoveContainerRunning (0.26s)
=== RUN   TestRemoveContainerForceRemoveRunning
--- PASS: TestRemoveContainerForceRemoveRunning (0.26s)
=== RUN   TestRemoveInvalidContainer
--- PASS: TestRemoveInvalidContainer (0.01s)
=== RUN   TestRenameLinkedContainer
--- PASS: TestRenameLinkedContainer (1.02s)
=== RUN   TestRenameStoppedContainer
--- PASS: TestRenameStoppedContainer (0.26s)
=== RUN   TestRenameRunningContainerAndReuse
--- PASS: TestRenameRunningContainerAndReuse (0.52s)
=== RUN   TestRenameInvalidName
--- PASS: TestRenameInvalidName (0.27s)
=== RUN   TestRenameAnonymousContainer
--- PASS: TestRenameAnonymousContainer (0.88s)
=== RUN   TestRenameContainerWithSameName
--- PASS: TestRenameContainerWithSameName (0.27s)
=== RUN   TestRenameContainerWithLinkedContainer
--- PASS: TestRenameContainerWithLinkedContainer (0.48s)
=== RUN   TestResize
=== RUN   TestResize/success
=== RUN   TestResize/invalid_size
=== RUN   TestResize/invalid_state
--- PASS: TestResize (0.56s)
    --- PASS: TestResize/success (0.17s)
    --- PASS: TestResize/invalid_size (0.17s)
    --- PASS: TestResize/invalid_state (0.01s)
=== RUN   TestDaemonRestartKillContainers
=== RUN   TestDaemonRestartKillContainers/live-restore=false/container_without_restart_policy/kill-daemon
=== PAUSE TestDaemonRestartKillContainers/live-restore=false/container_without_restart_policy/kill-daemon
=== RUN   TestDaemonRestartKillContainers/live-restore=false/container_without_restart_policy/stop-daemon
=== PAUSE TestDaemonRestartKillContainers/live-restore=false/container_without_restart_policy/stop-daemon
=== RUN   TestDaemonRestartKillContainers/live-restore=true/container_without_restart_policy/kill-daemon
=== PAUSE TestDaemonRestartKillContainers/live-restore=true/container_without_restart_policy/kill-daemon
=== RUN   TestDaemonRestartKillContainers/live-restore=true/container_without_restart_policy/stop-daemon
=== PAUSE TestDaemonRestartKillContainers/live-restore=true/container_without_restart_policy/stop-daemon
=== RUN   TestDaemonRestartKillContainers/live-restore=false/container_with_restart=always/kill-daemon
=== PAUSE TestDaemonRestartKillContainers/live-restore=false/container_with_restart=always/kill-daemon
=== RUN   TestDaemonRestartKillContainers/live-restore=false/container_with_restart=always/stop-daemon
=== PAUSE TestDaemonRestartKillContainers/live-restore=false/container_with_restart=always/stop-daemon
=== RUN   TestDaemonRestartKillContainers/live-restore=true/container_with_restart=always/kill-daemon
=== PAUSE TestDaemonRestartKillContainers/live-restore=true/container_with_restart=always/kill-daemon
=== RUN   TestDaemonRestartKillContainers/live-restore=true/container_with_restart=always/stop-daemon
=== PAUSE TestDaemonRestartKillContainers/live-restore=true/container_with_restart=always/stop-daemon
=== RUN   TestDaemonRestartKillContainers/live-restore=false/container_with_restart=always_and_with_healthcheck/kill-daemon
=== PAUSE TestDaemonRestartKillContainers/live-restore=false/container_with_restart=always_and_with_healthcheck/kill-daemon
=== RUN   TestDaemonRestartKillContainers/live-restore=false/container_with_restart=always_and_with_healthcheck/stop-daemon
=== PAUSE TestDaemonRestartKillContainers/live-restore=false/container_with_restart=always_and_with_healthcheck/stop-daemon
=== RUN   TestDaemonRestartKillContainers/live-restore=true/container_with_restart=always_and_with_healthcheck/kill-daemon
=== PAUSE TestDaemonRestartKillContainers/live-restore=true/container_with_restart=always_and_with_healthcheck/kill-daemon
=== RUN   TestDaemonRestartKillContainers/live-restore=true/container_with_restart=always_and_with_healthcheck/stop-daemon
=== PAUSE TestDaemonRestartKillContainers/live-restore=true/container_with_restart=always_and_with_healthcheck/stop-daemon
=== RUN   TestDaemonRestartKillContainers/live-restore=false/container_created_should_not_be_restarted/kill-daemon
=== PAUSE TestDaemonRestartKillContainers/live-restore=false/container_created_should_not_be_restarted/kill-daemon
=== RUN   TestDaemonRestartKillContainers/live-restore=false/container_created_should_not_be_restarted/stop-daemon
=== PAUSE TestDaemonRestartKillContainers/live-restore=false/container_created_should_not_be_restarted/stop-daemon
=== RUN   TestDaemonRestartKillContainers/live-restore=true/container_created_should_not_be_restarted/kill-daemon
=== PAUSE TestDaemonRestartKillContainers/live-restore=true/container_created_should_not_be_restarted/kill-daemon
=== RUN   TestDaemonRestartKillContainers/live-restore=true/container_created_should_not_be_restarted/stop-daemon
=== PAUSE TestDaemonRestartKillContainers/live-restore=true/container_created_should_not_be_restarted/stop-daemon
=== CONT  TestDaemonRestartKillContainers/live-restore=false/container_without_restart_policy/kill-daemon
=== CONT  TestDaemonRestartKillContainers/live-restore=false/container_with_restart=always_and_with_healthcheck/kill-daemon
=== CONT  TestDaemonRestartKillContainers/live-restore=false/container_with_restart=always/kill-daemon
=== CONT  TestDaemonRestartKillContainers/live-restore=true/container_without_restart_policy/kill-daemon
=== CONT  TestDaemonRestartKillContainers/live-restore=true/container_with_restart=always/kill-daemon
=== CONT  TestDaemonRestartKillContainers/live-restore=true/container_with_restart=always/stop-daemon
=== CONT  TestDaemonRestartKillContainers/live-restore=false/container_with_restart=always/stop-daemon
=== CONT  TestDaemonRestartKillContainers/live-restore=false/container_without_restart_policy/stop-daemon
=== CONT  TestDaemonRestartKillContainers/live-restore=false/container_created_should_not_be_restarted/kill-daemon
=== CONT  TestDaemonRestartKillContainers/live-restore=true/container_without_restart_policy/stop-daemon
=== CONT  TestDaemonRestartKillContainers/live-restore=true/container_with_restart=always_and_with_healthcheck/stop-daemon
=== CONT  TestDaemonRestartKillContainers/live-restore=true/container_created_should_not_be_restarted/kill-daemon
=== CONT  TestDaemonRestartKillContainers/live-restore=true/container_with_restart=always_and_with_healthcheck/kill-daemon
=== CONT  TestDaemonRestartKillContainers/live-restore=false/container_created_should_not_be_restarted/stop-daemon
=== CONT  TestDaemonRestartKillContainers/live-restore=true/container_created_should_not_be_restarted/stop-daemon
=== CONT  TestDaemonRestartKillContainers/live-restore=false/container_with_restart=always_and_with_healthcheck/stop-daemon
--- PASS: TestDaemonRestartKillContainers (0.00s)
    --- PASS: TestDaemonRestartKillContainers/live-restore=false/container_created_should_not_be_restarted/kill-daemon (51.30s)
    --- PASS: TestDaemonRestartKillContainers/live-restore=true/container_created_should_not_be_restarted/kill-daemon (51.30s)
    --- PASS: TestDaemonRestartKillContainers/live-restore=false/container_without_restart_policy/stop-daemon (52.08s)
    --- PASS: TestDaemonRestartKillContainers/live-restore=false/container_without_restart_policy/kill-daemon (52.20s)
    --- PASS: TestDaemonRestartKillContainers/live-restore=true/container_without_restart_policy/stop-daemon (52.24s)
    --- PASS: TestDaemonRestartKillContainers/live-restore=true/container_without_restart_policy/kill-daemon (52.24s)
    --- PASS: TestDaemonRestartKillContainers/live-restore=true/container_with_restart=always/kill-daemon (52.24s)
    --- PASS: TestDaemonRestartKillContainers/live-restore=true/container_with_restart=always/stop-daemon (52.31s)
    --- PASS: TestDaemonRestartKillContainers/live-restore=false/container_with_restart=always/stop-daemon (52.93s)
    --- PASS: TestDaemonRestartKillContainers/live-restore=false/container_with_restart=always/kill-daemon (52.98s)
    --- PASS: TestDaemonRestartKillContainers/live-restore=true/container_with_restart=always_and_with_healthcheck/stop-daemon (56.38s)
    --- PASS: TestDaemonRestartKillContainers/live-restore=false/container_with_restart=always_and_with_healthcheck/kill-daemon (59.66s)
    --- PASS: TestDaemonRestartKillContainers/live-restore=false/container_created_should_not_be_restarted/stop-daemon (18.56s)
    --- PASS: TestDaemonRestartKillContainers/live-restore=true/container_created_should_not_be_restarted/stop-daemon (18.00s)
    --- PASS: TestDaemonRestartKillContainers/live-restore=true/container_with_restart=always_and_with_healthcheck/kill-daemon (20.67s)
    --- PASS: TestDaemonRestartKillContainers/live-restore=false/container_with_restart=always_and_with_healthcheck/stop-daemon (20.44s)
=== RUN   TestContainerWithAutoRemoveCanBeRestarted
=== RUN   TestContainerWithAutoRemoveCanBeRestarted/kill
=== RUN   TestContainerWithAutoRemoveCanBeRestarted/stop
--- PASS: TestContainerWithAutoRemoveCanBeRestarted (1.24s)
    --- PASS: TestContainerWithAutoRemoveCanBeRestarted/kill (0.63s)
    --- PASS: TestContainerWithAutoRemoveCanBeRestarted/stop (0.60s)
=== RUN   TestContainerRestartWithCancelledRequest
--- PASS: TestContainerRestartWithCancelledRequest (1.54s)
=== RUN   TestCgroupNamespacesRun
--- PASS: TestCgroupNamespacesRun (3.67s)
=== RUN   TestCgroupNamespacesRunPrivileged
    run_cgroupns_linux_test.go:60: testEnv.DaemonInfo.CgroupVersion == "2": on cgroup v2, privileged containers use private cgroupns
--- SKIP: TestCgroupNamespacesRunPrivileged (0.00s)
=== RUN   TestCgroupNamespacesRunDaemonHostMode
--- PASS: TestCgroupNamespacesRunDaemonHostMode (3.81s)
=== RUN   TestCgroupNamespacesRunHostMode
--- PASS: TestCgroupNamespacesRunHostMode (3.71s)
=== RUN   TestCgroupNamespacesRunPrivateMode
--- PASS: TestCgroupNamespacesRunPrivateMode (3.73s)
=== RUN   TestCgroupNamespacesRunPrivilegedAndPrivate
--- PASS: TestCgroupNamespacesRunPrivilegedAndPrivate (3.77s)
=== RUN   TestCgroupNamespacesRunInvalidMode
--- PASS: TestCgroupNamespacesRunInvalidMode (3.00s)
=== RUN   TestCgroupNamespacesRunOlderClient
--- PASS: TestCgroupNamespacesRunOlderClient (3.74s)
=== RUN   TestNISDomainname
--- PASS: TestNISDomainname (0.34s)
=== RUN   TestHostnameDnsResolution
--- PASS: TestHostnameDnsResolution (0.38s)
=== RUN   TestUnprivilegedPortsAndPing
--- PASS: TestUnprivilegedPortsAndPing (0.30s)
=== RUN   TestPrivilegedHostDevices
--- PASS: TestPrivilegedHostDevices (0.30s)
=== RUN   TestRunConsoleSize
--- PASS: TestRunConsoleSize (0.27s)
=== RUN   TestRunWithAlternativeContainerdShim
--- PASS: TestRunWithAlternativeContainerdShim (8.50s)
=== RUN   TestMacAddressIsAppliedToMainNetworkWithShortID
--- PASS: TestMacAddressIsAppliedToMainNetworkWithShortID (3.34s)
=== RUN   TestStats
--- PASS: TestStats (1.31s)
=== RUN   TestStopContainerWithTimeout
=== RUN   TestStopContainerWithTimeout/0
=== PAUSE TestStopContainerWithTimeout/0
=== RUN   TestStopContainerWithTimeout/1
=== PAUSE TestStopContainerWithTimeout/1
=== RUN   TestStopContainerWithTimeout/3
=== PAUSE TestStopContainerWithTimeout/3
=== RUN   TestStopContainerWithTimeout/-1
=== PAUSE TestStopContainerWithTimeout/-1
=== CONT  TestStopContainerWithTimeout/0
=== CONT  TestStopContainerWithTimeout/-1
=== CONT  TestStopContainerWithTimeout/3
=== CONT  TestStopContainerWithTimeout/1
--- PASS: TestStopContainerWithTimeout (0.04s)
    --- PASS: TestStopContainerWithTimeout/0 (0.37s)
    --- PASS: TestStopContainerWithTimeout/1 (1.47s)
    --- PASS: TestStopContainerWithTimeout/-1 (2.46s)
    --- PASS: TestStopContainerWithTimeout/3 (2.48s)
=== RUN   TestStopContainerWithTimeoutCancel
=== PAUSE TestStopContainerWithTimeoutCancel
=== RUN   TestStopContainerWithRestartPolicyAlways
--- PASS: TestStopContainerWithRestartPolicyAlways (0.92s)
=== RUN   TestUpdateMemory
--- PASS: TestUpdateMemory (0.35s)
=== RUN   TestUpdateCPUQuota
--- PASS: TestUpdateCPUQuota (0.49s)
=== RUN   TestUpdatePidsLimit
=== RUN   TestUpdatePidsLimit/update_from_none
=== RUN   TestUpdatePidsLimit/no_change
=== RUN   TestUpdatePidsLimit/update_lower
=== RUN   TestUpdatePidsLimit/update_on_old_api_ignores_value
=== RUN   TestUpdatePidsLimit/unset_limit_with_zero
=== RUN   TestUpdatePidsLimit/unset_limit_with_minus_one
=== RUN   TestUpdatePidsLimit/unset_limit_with_minus_two
--- PASS: TestUpdatePidsLimit (0.83s)
    --- PASS: TestUpdatePidsLimit/update_from_none (0.10s)
    --- PASS: TestUpdatePidsLimit/no_change (0.10s)
    --- PASS: TestUpdatePidsLimit/update_lower (0.09s)
    --- PASS: TestUpdatePidsLimit/update_on_old_api_ignores_value (0.09s)
    --- PASS: TestUpdatePidsLimit/unset_limit_with_zero (0.09s)
    --- PASS: TestUpdatePidsLimit/unset_limit_with_minus_one (0.09s)
    --- PASS: TestUpdatePidsLimit/unset_limit_with_minus_two (0.09s)
=== RUN   TestUpdateRestartPolicy
--- PASS: TestUpdateRestartPolicy (10.57s)
=== RUN   TestUpdateRestartWithAutoRemove
--- PASS: TestUpdateRestartWithAutoRemove (0.27s)
=== RUN   TestWaitNonBlocked
=== RUN   TestWaitNonBlocked/wait-nonblocking-exit-0
=== PAUSE TestWaitNonBlocked/wait-nonblocking-exit-0
=== RUN   TestWaitNonBlocked/wait-nonblocking-exit-random
=== PAUSE TestWaitNonBlocked/wait-nonblocking-exit-random
=== CONT  TestWaitNonBlocked/wait-nonblocking-exit-0
=== CONT  TestWaitNonBlocked/wait-nonblocking-exit-random
--- PASS: TestWaitNonBlocked (0.02s)
    --- PASS: TestWaitNonBlocked/wait-nonblocking-exit-0 (0.36s)
    --- PASS: TestWaitNonBlocked/wait-nonblocking-exit-random (0.38s)
=== RUN   TestWaitBlocked
=== RUN   TestWaitBlocked/test-wait-blocked-exit-zero
=== PAUSE TestWaitBlocked/test-wait-blocked-exit-zero
=== RUN   TestWaitBlocked/test-wait-blocked-exit-random
=== PAUSE TestWaitBlocked/test-wait-blocked-exit-random
=== CONT  TestWaitBlocked/test-wait-blocked-exit-zero
=== CONT  TestWaitBlocked/test-wait-blocked-exit-random
--- PASS: TestWaitBlocked (0.02s)
    --- PASS: TestWaitBlocked/test-wait-blocked-exit-zero (0.39s)
    --- PASS: TestWaitBlocked/test-wait-blocked-exit-random (0.41s)
=== RUN   TestWaitConditions
=== RUN   TestWaitConditions/default
=== PAUSE TestWaitConditions/default
=== RUN   TestWaitConditions/not-running
=== PAUSE TestWaitConditions/not-running
=== RUN   TestWaitConditions/next-exit
=== PAUSE TestWaitConditions/next-exit
=== RUN   TestWaitConditions/removed
=== PAUSE TestWaitConditions/removed
=== CONT  TestWaitConditions/default
=== CONT  TestWaitConditions/removed
=== CONT  TestWaitConditions/next-exit
=== CONT  TestWaitConditions/not-running
    wait_test.go:145: ContainerID = 418a5cf4b5362f8754140b68f562c5aa72aa939a683b0cc4ad04631f7640adaa
    wait_test.go:145: ContainerID = 4d7619ff328daf8ffd53da085c88c4a7b0650789b0c664b61d54fdfb2b982840
    wait_test.go:145: ContainerID = e8f384512b13f59dcc798256315e9302803a3038984399d8954620406768260b
    wait_test.go:145: ContainerID = bb295faaf96e61c622edf0f5c9f6c3e7cfe4adfffd1d8e02d4cea2d5ac337612
--- PASS: TestWaitConditions (0.03s)
    --- PASS: TestWaitConditions/default (0.38s)
    --- PASS: TestWaitConditions/next-exit (0.48s)
    --- PASS: TestWaitConditions/not-running (0.52s)
    --- PASS: TestWaitConditions/removed (0.55s)
=== RUN   TestWaitRestartedContainer
=== RUN   TestWaitRestartedContainer/default
=== PAUSE TestWaitRestartedContainer/default
=== RUN   TestWaitRestartedContainer/not-running
=== PAUSE TestWaitRestartedContainer/not-running
=== RUN   TestWaitRestartedContainer/next-exit
=== PAUSE TestWaitRestartedContainer/next-exit
=== CONT  TestWaitRestartedContainer/default
=== CONT  TestWaitRestartedContainer/next-exit
=== CONT  TestWaitRestartedContainer/not-running
--- PASS: TestWaitRestartedContainer (0.01s)
    --- PASS: TestWaitRestartedContainer/not-running (1.07s)
    --- PASS: TestWaitRestartedContainer/next-exit (1.10s)
    --- PASS: TestWaitRestartedContainer/default (1.12s)
=== CONT  TestContainerStartOnDaemonRestart
=== CONT  TestDaemonHostGatewayIP
=== CONT  TestHardRestartWhenContainerIsRunning
=== CONT  TestContainerKillOnDaemonStart
=== CONT  TestStopContainerWithTimeoutCancel
=== CONT  TestIpcModeOlderClient
=== CONT  TestRestartDaemonWithRestartingContainer
=== CONT  TestDaemonRestartIpcMode
--- PASS: TestIpcModeOlderClient (0.07s)
--- PASS: TestStopContainerWithTimeoutCancel (3.75s)
=== RUN   TestHardRestartWhenContainerIsRunning/RestartPolicy=none
=== RUN   TestHardRestartWhenContainerIsRunning/RestartPolicy=on-failure
--- PASS: TestContainerStartOnDaemonRestart (26.82s)
--- PASS: TestRestartDaemonWithRestartingContainer (27.51s)
--- PASS: TestHardRestartWhenContainerIsRunning (27.85s)
    --- PASS: TestHardRestartWhenContainerIsRunning/RestartPolicy=none (0.02s)
    --- PASS: TestHardRestartWhenContainerIsRunning/RestartPolicy=on-failure (0.16s)
--- PASS: TestDaemonHostGatewayIP (28.29s)
--- PASS: TestDaemonRestartIpcMode (28.37s)
--- PASS: TestContainerKillOnDaemonStart (35.74s)
PASS

=== Skipped
=== SKIP: arm64.integration.container TestCheckpoint (0.00s)
    checkpoint_test.go:33: TestCheckpoint is broken; see https://github.com/moby/moby/issues/38963

=== SKIP: arm64.integration.container TestInspectOomKilledTrue (0.00s)
    kill_test.go:165: testEnv.DaemonInfo.CgroupVersion == "2": FIXME: flaky on cgroup v2 (https://github.com/moby/moby/issues/41929)

=== SKIP: arm64.integration.container TestPauseFailsOnWindowsServerContainers (0.00s)
    pause_test.go:54: testEnv.DaemonInfo.OSType != "windows" || testEnv.DaemonInfo.Isolation != "process"

=== SKIP: arm64.integration.container TestCgroupNamespacesRunPrivileged (0.00s)
    run_cgroupns_linux_test.go:60: testEnv.DaemonInfo.CgroupVersion == "2": on cgroup v2, privileged containers use private cgroupns

DONE 320 tests, 4 skipped in 273.005s
Running /go/src/github.com/docker/docker/integration/daemon (arm64.integration.daemon) flags=-test.v -test.timeout=5m  
INFO: Testing against a local daemon
=== RUN   TestConfigDaemonID
    daemon_test.go:60: [d9a9c6c319af2] daemon is not started
--- PASS: TestConfigDaemonID (1.13s)
=== RUN   TestDaemonConfigValidation
=== RUN   TestDaemonConfigValidation/config_with_no_content
=== PAUSE TestDaemonConfigValidation/config_with_no_content
=== RUN   TestDaemonConfigValidation/config_with_{}
=== PAUSE TestDaemonConfigValidation/config_with_{}
=== RUN   TestDaemonConfigValidation/invalid_config
=== PAUSE TestDaemonConfigValidation/invalid_config
=== RUN   TestDaemonConfigValidation/malformed_config
=== PAUSE TestDaemonConfigValidation/malformed_config
=== RUN   TestDaemonConfigValidation/valid_config
=== PAUSE TestDaemonConfigValidation/valid_config
=== CONT  TestDaemonConfigValidation/config_with_no_content
=== CONT  TestDaemonConfigValidation/malformed_config
=== CONT  TestDaemonConfigValidation/invalid_config
=== CONT  TestDaemonConfigValidation/valid_config
=== CONT  TestDaemonConfigValidation/config_with_{}
--- PASS: TestDaemonConfigValidation (0.00s)
    --- PASS: TestDaemonConfigValidation/invalid_config (0.10s)
    --- PASS: TestDaemonConfigValidation/config_with_{} (0.11s)
    --- PASS: TestDaemonConfigValidation/config_with_no_content (0.11s)
    --- PASS: TestDaemonConfigValidation/valid_config (0.11s)
    --- PASS: TestDaemonConfigValidation/malformed_config (0.11s)
=== RUN   TestConfigDaemonSeccompProfiles
=== RUN   TestConfigDaemonSeccompProfiles/empty_profile_set
=== RUN   TestConfigDaemonSeccompProfiles/default_profile
=== RUN   TestConfigDaemonSeccompProfiles/unconfined_profile
    daemon_test.go:179: [dd9e77c50e2d0] daemon is not started
--- PASS: TestConfigDaemonSeccompProfiles (3.35s)
    --- PASS: TestConfigDaemonSeccompProfiles/empty_profile_set (1.10s)
    --- PASS: TestConfigDaemonSeccompProfiles/default_profile (1.12s)
    --- PASS: TestConfigDaemonSeccompProfiles/unconfined_profile (1.12s)
=== RUN   TestDaemonProxy
=== RUN   TestDaemonProxy/environment_variables
=== PAUSE TestDaemonProxy/environment_variables
=== RUN   TestDaemonProxy/command-line_options
=== PAUSE TestDaemonProxy/command-line_options
=== RUN   TestDaemonProxy/configuration_file
=== PAUSE TestDaemonProxy/configuration_file
=== RUN   TestDaemonProxy/conflicting_options
=== RUN   TestDaemonProxy/reload_sanitized
=== PAUSE TestDaemonProxy/reload_sanitized
=== CONT  TestDaemonProxy/environment_variables
=== CONT  TestDaemonProxy/reload_sanitized
=== CONT  TestDaemonProxy/command-line_options
=== CONT  TestDaemonProxy/configuration_file
--- PASS: TestDaemonProxy (0.52s)
    --- PASS: TestDaemonProxy/conflicting_options (0.52s)
    --- PASS: TestDaemonProxy/reload_sanitized (0.95s)
    --- PASS: TestDaemonProxy/configuration_file (1.71s)
    --- PASS: TestDaemonProxy/command-line_options (1.72s)
    --- PASS: TestDaemonProxy/environment_variables (1.91s)
=== RUN   TestLiveRestore
=== RUN   TestLiveRestore/volume_references
=== PAUSE TestLiveRestore/volume_references
=== CONT  TestLiveRestore/volume_references
=== RUN   TestLiveRestore/volume_references/restartPolicy
=== RUN   TestLiveRestore/volume_references/restartPolicy/always
=== RUN   TestLiveRestore/volume_references/restartPolicy/unless-stopped
=== RUN   TestLiveRestore/volume_references/restartPolicy/on-failure
=== RUN   TestLiveRestore/volume_references/restartPolicy/no
=== RUN   TestLiveRestore/volume_references/local_volume_with_mount_options
=== RUN   TestLiveRestore/volume_references/local_volume_with_mount_options/volume_still_mounted
=== RUN   TestLiveRestore/volume_references/container_with_bind-mounts
--- PASS: TestLiveRestore (0.00s)
    --- PASS: TestLiveRestore/volume_references (13.43s)
        --- PASS: TestLiveRestore/volume_references/restartPolicy (6.18s)
            --- PASS: TestLiveRestore/volume_references/restartPolicy/always (1.52s)
            --- PASS: TestLiveRestore/volume_references/restartPolicy/unless-stopped (1.57s)
            --- PASS: TestLiveRestore/volume_references/restartPolicy/on-failure (1.50s)
            --- PASS: TestLiveRestore/volume_references/restartPolicy/no (1.58s)
        --- PASS: TestLiveRestore/volume_references/local_volume_with_mount_options (2.50s)
            --- PASS: TestLiveRestore/volume_references/local_volume_with_mount_options/volume_still_mounted (0.96s)
        --- PASS: TestLiveRestore/volume_references/container_with_bind-mounts (1.54s)
=== RUN   TestDaemonDefaultBridgeWithFixedCidrButNoBip
--- PASS: TestDaemonDefaultBridgeWithFixedCidrButNoBip (3.24s)
PASS

DONE 28 tests in 23.771s
Running /go/src/github.com/docker/docker/integration/image (arm64.integration.image) flags=-test.v -test.timeout=5m  
INFO: Testing against a local daemon
=== RUN   TestCommitInheritsEnv
--- PASS: TestCommitInheritsEnv (1.63s)
=== RUN   TestImportExtremelyLargeImageWorks
    import_test.go:23: runtime.GOARCH == "arm64": effective test will be time out
--- SKIP: TestImportExtremelyLargeImageWorks (0.00s)
=== RUN   TestImportWithCustomPlatform
=== RUN   TestImportWithCustomPlatform/#00
=== RUN   TestImportWithCustomPlatform/linux
=== RUN   TestImportWithCustomPlatform/LINUX
=== RUN   TestImportWithCustomPlatform/linux/sparc64
--- PASS: TestImportWithCustomPlatform (0.04s)
    --- PASS: TestImportWithCustomPlatform/#00 (0.01s)
    --- PASS: TestImportWithCustomPlatform/linux (0.00s)
    --- PASS: TestImportWithCustomPlatform/LINUX (0.01s)
    --- PASS: TestImportWithCustomPlatform/linux/sparc64 (0.00s)
=== RUN   TestImportWithCustomPlatformReject
=== RUN   TestImportWithCustomPlatformReject/_______
=== RUN   TestImportWithCustomPlatformReject//
=== RUN   TestImportWithCustomPlatformReject/macos
=== RUN   TestImportWithCustomPlatformReject/macos/arm64
=== RUN   TestImportWithCustomPlatformReject/nintendo64
--- PASS: TestImportWithCustomPlatformReject (0.01s)
    --- PASS: TestImportWithCustomPlatformReject/_______ (0.00s)
    --- PASS: TestImportWithCustomPlatformReject// (0.00s)
    --- PASS: TestImportWithCustomPlatformReject/macos (0.00s)
    --- PASS: TestImportWithCustomPlatformReject/macos/arm64 (0.00s)
    --- PASS: TestImportWithCustomPlatformReject/nintendo64 (0.00s)
=== RUN   TestImageInspectEmptyTagsAndDigests
--- PASS: TestImageInspectEmptyTagsAndDigests (0.01s)
=== RUN   TestImagesFilterMultiReference
--- PASS: TestImagesFilterMultiReference (0.02s)
=== RUN   TestImagesFilterUntil
    list_test.go:98: ImageList: ID=sha256:34c1ef2e6c9b284b7c5c0b553632b48f9e79d04ed03410f403d7164f43ecccf5 RepoTags=[testimagesfilteruntil:v1]
--- PASS: TestImagesFilterUntil (4.93s)
=== RUN   TestImagesFilterBeforeSince
    list_test.go:132: ImageList: ID=sha256:11e765eaa6be0fcd82314df88e8ff179e29f4f34e90e1ca0323f29617fe91b95 RepoTags=[testimagesfilterbeforesince:v3]
    list_test.go:132: ImageList: ID=sha256:ae1f92e8948b7cd6c8e886e6ca4cc41c8b7c7ac8f6a81f778436cf2f00f9cc65 RepoTags=[testimagesfilterbeforesince:v2]
    list_test.go:132: ImageList: ID=sha256:22b00eb308a25abe7609dbb80491504e6b619602ca1da0d9d18f6d2cacbf0b65 RepoTags=[testimagesfilterbeforesince:v1]
--- PASS: TestImagesFilterBeforeSince (5.00s)
=== RUN   TestAPIImagesFilters
=== RUN   TestAPIImagesFilters/repository_regex
=== PAUSE TestAPIImagesFilters/repository_regex
=== RUN   TestAPIImagesFilters/image_name_regex
=== PAUSE TestAPIImagesFilters/image_name_regex
=== RUN   TestAPIImagesFilters/image_name_without_a_tag
=== PAUSE TestAPIImagesFilters/image_name_without_a_tag
=== RUN   TestAPIImagesFilters/registry_port_regex
=== PAUSE TestAPIImagesFilters/registry_port_regex
=== CONT  TestAPIImagesFilters/repository_regex
=== CONT  TestAPIImagesFilters/registry_port_regex
=== CONT  TestAPIImagesFilters/image_name_without_a_tag
=== CONT  TestAPIImagesFilters/image_name_regex
--- PASS: TestAPIImagesFilters (0.02s)
    --- PASS: TestAPIImagesFilters/repository_regex (0.00s)
    --- PASS: TestAPIImagesFilters/image_name_without_a_tag (0.00s)
    --- PASS: TestAPIImagesFilters/image_name_regex (0.00s)
    --- PASS: TestAPIImagesFilters/registry_port_regex (0.00s)
=== RUN   TestPruneDontDeleteUsedDangling
--- PASS: TestPruneDontDeleteUsedDangling (0.01s)
=== RUN   TestImagePullPlatformInvalid
--- PASS: TestImagePullPlatformInvalid (0.01s)
=== RUN   TestImagePullStoredfDigestForOtherRepo
time="2023-11-11T01:41:03.124848791Z" level=warning msg="No HTTP secret provided - generated random secret. This may cause problems with uploads if multiple registries are behind a load-balancer. To provide a shared secret, fill in http.secret in the configuration file or set the REGISTRY_HTTP_SECRET environment variable." go.version=go1.20.8 instance.id=691a55a9-611f-4e57-8dd9-13a0143bbd0e version=2.8.3 
time="2023-11-11T01:41:03.1248965Z" level=info msg="Starting upload purge in 12m0s" go.version=go1.20.8 instance.id=691a55a9-611f-4e57-8dd9-13a0143bbd0e version=2.8.3 
time="2023-11-11T01:41:03.124911625Z" level=info msg="redis not configured" go.version=go1.20.8 instance.id=691a55a9-611f-4e57-8dd9-13a0143bbd0e version=2.8.3 
time="2023-11-11T01:41:03.125032125Z" level=info msg="listening on 127.0.0.1:5000" go.version=go1.20.8 instance.id=691a55a9-611f-4e57-8dd9-13a0143bbd0e version=2.8.3 
time="2023-11-11T01:41:03.223387708Z" level=debug msg="authorizing request" go.version=go1.20.8 http.request.host="127.0.0.1:5000" http.request.id=f7834cd4-253e-4538-b33f-a49be3e9bede http.request.method=GET http.request.remoteaddr="127.0.0.1:34538" http.request.uri="/v2/" http.request.useragent="Go-http-client/1.1" 
time="2023-11-11T01:41:03.223965916Z" level=info msg="response completed" go.version=go1.20.8 http.request.host="127.0.0.1:5000" http.request.id=f7834cd4-253e-4538-b33f-a49be3e9bede http.request.method=GET http.request.remoteaddr="127.0.0.1:34538" http.request.uri="/v2/" http.request.useragent="Go-http-client/1.1" http.response.contenttype="application/json; charset=utf-8" http.response.duration=2.147917ms http.response.status=200 http.response.written=2 
127.0.0.1 - - [11/Nov/2023:01:41:03 +0000] "GET /v2/ HTTP/1.1" 200 2 "" "Go-http-client/1.1"
time="2023-11-11T01:41:03.226948666Z" level=debug msg="authorizing request" go.version=go1.20.8 http.request.host="127.0.0.1:5000" http.request.id=02cb7b21-7bc3-47cc-a861-866e55f33f3e http.request.method=HEAD http.request.remoteaddr="127.0.0.1:34542" http.request.uri="/v2/test/blobs/sha256:5d6b514d5023c9b87d5f9688fb5812d6fbe2c27d90d935a4cd95b7a9b589e923" http.request.useragent="containerd/1.7.8+unknown" vars.digest="sha256:5d6b514d5023c9b87d5f9688fb5812d6fbe2c27d90d935a4cd95b7a9b589e923" vars.name=test 
time="2023-11-11T01:41:03.226976958Z" level=debug msg=GetBlob go.version=go1.20.8 http.request.host="127.0.0.1:5000" http.request.id=02cb7b21-7bc3-47cc-a861-866e55f33f3e http.request.method=HEAD http.request.remoteaddr="127.0.0.1:34542" http.request.uri="/v2/test/blobs/sha256:5d6b514d5023c9b87d5f9688fb5812d6fbe2c27d90d935a4cd95b7a9b589e923" http.request.useragent="containerd/1.7.8+unknown" vars.digest="sha256:5d6b514d5023c9b87d5f9688fb5812d6fbe2c27d90d935a4cd95b7a9b589e923" vars.name=test 
time="2023-11-11T01:41:03.227037208Z" level=debug msg="filesystem.GetContent("/docker/registry/v2/repositories/test/_layers/sha256/5d6b514d5023c9b87d5f9688fb5812d6fbe2c27d90d935a4cd95b7a9b589e923/link")" go.version=go1.20.8 http.request.host="127.0.0.1:5000" http.request.id=02cb7b21-7bc3-47cc-a861-866e55f33f3e http.request.method=HEAD http.request.remoteaddr="127.0.0.1:34542" http.request.uri="/v2/test/blobs/sha256:5d6b514d5023c9b87d5f9688fb5812d6fbe2c27d90d935a4cd95b7a9b589e923" http.request.useragent="containerd/1.7.8+unknown" trace.duration=30.584s trace.file="github.com/docker/distribution/registry/storage/driver/base/base.go" trace.func="github.com/docker/distribution/registry/storage/driver/base.(*Base).GetContent" trace.id=ccfe9483-9bbd-4186-b7b1-36c45dfa6acb trace.line=95 vars.digest="sha256:5d6b514d5023c9b87d5f9688fb5812d6fbe2c27d90d935a4cd95b7a9b589e923" vars.name=test 
time="2023-11-11T01:41:03.227103125Z" level=error msg="response completed with error" err.code="blob unknown" err.detail=sha256:5d6b514d5023c9b87d5f9688fb5812d6fbe2c27d90d935a4cd95b7a9b589e923 err.message="blob unknown to registry" go.version=go1.20.8 http.request.host="127.0.0.1:5000" http.request.id=02cb7b21-7bc3-47cc-a861-866e55f33f3e http.request.method=HEAD http.request.remoteaddr="127.0.0.1:34542" http.request.uri="/v2/test/blobs/sha256:5d6b514d5023c9b87d5f9688fb5812d6fbe2c27d90d935a4cd95b7a9b589e923" http.request.useragent="containerd/1.7.8+unknown" http.response.contenttype="application/json; charset=utf-8" http.response.duration="608.833s" http.response.status=404 http.response.written=157 vars.digest="sha256:5d6b514d5023c9b87d5f9688fb5812d6fbe2c27d90d935a4cd95b7a9b589e923" vars.name=test 
127.0.0.1 - - [11/Nov/2023:01:41:03 +0000] "HEAD /v2/test/blobs/sha256:5d6b514d5023c9b87d5f9688fb5812d6fbe2c27d90d935a4cd95b7a9b589e923 HTTP/1.1" 404 157 "" "containerd/1.7.8+unknown"
time="2023-11-11T01:41:03.227134041Z" level=debug msg="authorizing request" go.version=go1.20.8 http.request.host="127.0.0.1:5000" http.request.id=be346821-5054-478d-8e7a-7530a28ace1e http.request.method=HEAD http.request.remoteaddr="127.0.0.1:34540" http.request.uri="/v2/test/blobs/sha256:cf7f382020339d0028918c3868135c3f04f625f684b264b6a63a549bd84ee80b" http.request.useragent="containerd/1.7.8+unknown" vars.digest="sha256:cf7f382020339d0028918c3868135c3f04f625f684b264b6a63a549bd84ee80b" vars.name=test 
time="2023-11-11T01:41:03.227151083Z" level=debug msg=GetBlob go.version=go1.20.8 http.request.host="127.0.0.1:5000" http.request.id=be346821-5054-478d-8e7a-7530a28ace1e http.request.method=HEAD http.request.remoteaddr="127.0.0.1:34540" http.request.uri="/v2/test/blobs/sha256:cf7f382020339d0028918c3868135c3f04f625f684b264b6a63a549bd84ee80b" http.request.useragent="containerd/1.7.8+unknown" vars.digest="sha256:cf7f382020339d0028918c3868135c3f04f625f684b264b6a63a549bd84ee80b" vars.name=test 
time="2023-11-11T01:41:03.227179625Z" level=debug msg="filesystem.GetContent("/docker/registry/v2/repositories/test/_layers/sha256/cf7f382020339d0028918c3868135c3f04f625f684b264b6a63a549bd84ee80b/link")" go.version=go1.20.8 http.request.host="127.0.0.1:5000" http.request.id=be346821-5054-478d-8e7a-7530a28ace1e http.request.method=HEAD http.request.remoteaddr="127.0.0.1:34540" http.request.uri="/v2/test/blobs/sha256:cf7f382020339d0028918c3868135c3f04f625f684b264b6a63a549bd84ee80b" http.request.useragent="containerd/1.7.8+unknown" trace.duration=12.375s trace.file="github.com/docker/distribution/registry/storage/driver/base/base.go" trace.func="github.com/docker/distribution/registry/storage/driver/base.(*Base).GetContent" trace.id=0d0274af-7a09-4991-9264-f41c44b90bf0 trace.line=95 vars.digest="sha256:cf7f382020339d0028918c3868135c3f04f625f684b264b6a63a549bd84ee80b" vars.name=test 
time="2023-11-11T01:41:03.227207416Z" level=error msg="response completed with error" err.code="blob unknown" err.detail=sha256:cf7f382020339d0028918c3868135c3f04f625f684b264b6a63a549bd84ee80b err.message="blob unknown to registry" go.version=go1.20.8 http.request.host="127.0.0.1:5000" http.request.id=be346821-5054-478d-8e7a-7530a28ace1e http.request.method=HEAD http.request.remoteaddr="127.0.0.1:34540" http.request.uri="/v2/test/blobs/sha256:cf7f382020339d0028918c3868135c3f04f625f684b264b6a63a549bd84ee80b" http.request.useragent="containerd/1.7.8+unknown" http.response.contenttype="application/json; charset=utf-8" http.response.duration="693.125s" http.response.status=404 http.response.written=157 vars.digest="sha256:cf7f382020339d0028918c3868135c3f04f625f684b264b6a63a549bd84ee80b" vars.name=test 
127.0.0.1 - - [11/Nov/2023:01:41:03 +0000] "HEAD /v2/test/blobs/sha256:cf7f382020339d0028918c3868135c3f04f625f684b264b6a63a549bd84ee80b HTTP/1.1" 404 157 "" "containerd/1.7.8+unknown"
time="2023-11-11T01:41:03.2285595Z" level=debug msg="authorizing request" go.version=go1.20.8 http.request.host="127.0.0.1:5000" http.request.id=f105992c-328e-46a2-bc56-22e497119a74 http.request.method=POST http.request.remoteaddr="127.0.0.1:34540" http.request.uri="/v2/test/blobs/uploads/" http.request.useragent="containerd/1.7.8+unknown" vars.name=test 
time="2023-11-11T01:41:03.228589666Z" level=debug msg="(*linkedBlobStore).Writer" go.version=go1.20.8 http.request.host="127.0.0.1:5000" http.request.id=f105992c-328e-46a2-bc56-22e497119a74 http.request.method=POST http.request.remoteaddr="127.0.0.1:34540" http.request.uri="/v2/test/blobs/uploads/" http.request.useragent="containerd/1.7.8+unknown" vars.name=test 
time="2023-11-11T01:41:03.228623666Z" level=debug msg="authorizing request" go.version=go1.20.8 http.request.host="127.0.0.1:5000" http.request.id=7529a2b8-6ca6-4b8f-aabf-55015e714539 http.request.method=POST http.request.remoteaddr="127.0.0.1:34542" http.request.uri="/v2/test/blobs/uploads/" http.request.useragent="containerd/1.7.8+unknown" vars.name=test 
time="2023-11-11T01:41:03.228643166Z" level=debug msg="(*linkedBlobStore).Writer" go.version=go1.20.8 http.request.host="127.0.0.1:5000" http.request.id=7529a2b8-6ca6-4b8f-aabf-55015e714539 http.request.method=POST http.request.remoteaddr="127.0.0.1:34542" http.request.uri="/v2/test/blobs/uploads/" http.request.useragent="containerd/1.7.8+unknown" vars.name=test 
time="2023-11-11T01:41:03.228675375Z" level=debug msg="filesystem.PutContent("/docker/registry/v2/repositories/test/_uploads/3991fb1c-6c85-45da-b96f-a34885617424/startedat")" go.version=go1.20.8 http.request.host="127.0.0.1:5000" http.request.id=f105992c-328e-46a2-bc56-22e497119a74 http.request.method=POST http.request.remoteaddr="127.0.0.1:34540" http.request.uri="/v2/test/blobs/uploads/" http.request.useragent="containerd/1.7.8+unknown" trace.duration=69.625s trace.file="github.com/docker/distribution/registry/storage/driver/base/base.go" trace.func="github.com/docker/distribution/registry/storage/driver/base.(*Base).PutContent" trace.id=4f92ed4d-1fb4-4cb9-9c8d-a9804e923c9b trace.line=110 vars.name=test 
time="2023-11-11T01:41:03.2287Z" level=debug msg="filesystem.PutContent("/docker/registry/v2/repositories/test/_uploads/ed12b330-9d11-4f3e-80e4-029f61834497/startedat")" go.version=go1.20.8 http.request.host="127.0.0.1:5000" http.request.id=7529a2b8-6ca6-4b8f-aabf-55015e714539 http.request.method=POST http.request.remoteaddr="127.0.0.1:34542" http.request.uri="/v2/test/blobs/uploads/" http.request.useragent="containerd/1.7.8+unknown" trace.duration=40.333s trace.file="github.com/docker/distribution/registry/storage/driver/base/base.go" trace.func="github.com/docker/distribution/registry/storage/driver/base.(*Base).PutContent" trace.id=54e40bc1-6b21-4ac4-b5a0-70cbe03f4708 trace.line=110 vars.name=test 
time="2023-11-11T01:41:03.228704458Z" level=debug msg="filesystem.Writer("/docker/registry/v2/repositories/test/_uploads/3991fb1c-6c85-45da-b96f-a34885617424/data", false)" go.version=go1.20.8 http.request.host="127.0.0.1:5000" http.request.id=f105992c-328e-46a2-bc56-22e497119a74 http.request.method=POST http.request.remoteaddr="127.0.0.1:34540" http.request.uri="/v2/test/blobs/uploads/" http.request.useragent="containerd/1.7.8+unknown" trace.duration=14.708s trace.file="github.com/docker/distribution/registry/storage/driver/base/base.go" trace.func="github.com/docker/distribution/registry/storage/driver/base.(*Base).Writer" trace.id=7b2fc031-4765-49ac-b9b2-2ab9ba80dd8c trace.line=142 vars.name=test 
time="2023-11-11T01:41:03.2287445Z" level=debug msg="filesystem.Writer("/docker/registry/v2/repositories/test/_uploads/ed12b330-9d11-4f3e-80e4-029f61834497/data", false)" go.version=go1.20.8 http.request.host="127.0.0.1:5000" http.request.id=7529a2b8-6ca6-4b8f-aabf-55015e714539 http.request.method=POST http.request.remoteaddr="127.0.0.1:34542" http.request.uri="/v2/test/blobs/uploads/" http.request.useragent="containerd/1.7.8+unknown" trace.duration=14.167s trace.file="github.com/docker/distribution/registry/storage/driver/base/base.go" trace.func="github.com/docker/distribution/registry/storage/driver/base.(*Base).Writer" trace.id=15e5b900-e785-470e-9ed8-b929fa60f4b4 trace.line=142 vars.name=test 
time="2023-11-11T01:41:03.228816375Z" level=debug msg="filesystem.PutContent("/docker/registry/v2/repositories/test/_uploads/3991fb1c-6c85-45da-b96f-a34885617424/hashstates/sha256/0")" go.version=go1.20.8 http.request.host="127.0.0.1:5000" http.request.id=f105992c-328e-46a2-bc56-22e497119a74 http.request.method=POST http.request.remoteaddr="127.0.0.1:34540" http.request.uri="/v2/test/blobs/uploads/" http.request.useragent="containerd/1.7.8+unknown" trace.duration=38.875s trace.file="github.com/docker/distribution/registry/storage/driver/base/base.go" trace.func="github.com/docker/distribution/registry/storage/driver/base.(*Base).PutContent" trace.id=a2d023a8-f603-42b0-b7e5-7f2d07fabc99 trace.line=110 vars.name=test 
time="2023-11-11T01:41:03.229014166Z" level=info msg="response completed" go.version=go1.20.8 http.request.host="127.0.0.1:5000" http.request.id=f105992c-328e-46a2-bc56-22e497119a74 http.request.method=POST http.request.remoteaddr="127.0.0.1:34540" http.request.uri="/v2/test/blobs/uploads/" http.request.useragent="containerd/1.7.8+unknown" http.response.duration=1.586959ms http.response.status=202 http.response.written=0 
127.0.0.1 - - [11/Nov/2023:01:41:03 +0000] "POST /v2/test/blobs/uploads/ HTTP/1.1" 202 0 "" "containerd/1.7.8+unknown"
time="2023-11-11T01:41:03.228935333Z" level=debug msg="filesystem.PutContent("/docker/registry/v2/repositories/test/_uploads/ed12b330-9d11-4f3e-80e4-029f61834497/hashstates/sha256/0")" go.version=go1.20.8 http.request.host="127.0.0.1:5000" http.request.id=7529a2b8-6ca6-4b8f-aabf-55015e714539 http.request.method=POST http.request.remoteaddr="127.0.0.1:34542" http.request.uri="/v2/test/blobs/uploads/" http.request.useragent="containerd/1.7.8+unknown" trace.duration=71.292s trace.file="github.com/docker/distribution/registry/storage/driver/base/base.go" trace.func="github.com/docker/distribution/registry/storage/driver/base.(*Base).PutContent" trace.id=38be3e9a-ea2e-4b0a-b844-dc06f166004b trace.line=110 vars.name=test 
time="2023-11-11T01:41:03.229139875Z" level=info msg="response completed" go.version=go1.20.8 http.request.host="127.0.0.1:5000" http.request.id=7529a2b8-6ca6-4b8f-aabf-55015e714539 http.request.method=POST http.request.remoteaddr="127.0.0.1:34542" http.request.uri="/v2/test/blobs/uploads/" http.request.useragent="containerd/1.7.8+unknown" http.response.duration=1.744667ms http.response.status=202 http.response.written=0 
127.0.0.1 - - [11/Nov/2023:01:41:03 +0000] "POST /v2/test/blobs/uploads/ HTTP/1.1" 202 0 "" "containerd/1.7.8+unknown"
time="2023-11-11T01:41:03.231915458Z" level=debug msg="authorizing request" go.version=go1.20.8 http.request.contenttype="application/octet-stream" http.request.host="127.0.0.1:5000" http.request.id=4d555b59-6e79-41eb-a951-69852cd0fb98 http.request.method=PUT http.request.remoteaddr="127.0.0.1:34540" http.request.uri="/v2/test/blobs/uploads/3991fb1c-6c85-45da-b96f-a34885617424?_state=IViOmau_dk9aw9V2alN9wp1GDvUZJdTPatyWj1ncIoN7Ik5hbWUiOiJ0ZXN0IiwiVVVJRCI6IjM5OTFmYjFjLTZjODUtNDVkYS1iOTZmLWEzNDg4NTYxNzQyNCIsIk9mZnNldCI6MCwiU3RhcnRlZEF0IjoiMjAyMy0xMS0xMVQwMTo0MTowMy4yMjg1OTU3MDhaIn0%3D&digest=sha256%3Acf7f382020339d0028918c3868135c3f04f625f684b264b6a63a549bd84ee80b" http.request.useragent="containerd/1.7.8+unknown" vars.name=test vars.uuid=3991fb1c-6c85-45da-b96f-a34885617424 
time="2023-11-11T01:41:03.231962875Z" level=debug msg="(*linkedBlobStore).Resume" go.version=go1.20.8 http.request.contenttype="application/octet-stream" http.request.host="127.0.0.1:5000" http.request.id=4d555b59-6e79-41eb-a951-69852cd0fb98 http.request.method=PUT http.request.remoteaddr="127.0.0.1:34540" http.request.uri="/v2/test/blobs/uploads/3991fb1c-6c85-45da-b96f-a34885617424?_state=IViOmau_dk9aw9V2alN9wp1GDvUZJdTPatyWj1ncIoN7Ik5hbWUiOiJ0ZXN0IiwiVVVJRCI6IjM5OTFmYjFjLTZjODUtNDVkYS1iOTZmLWEzNDg4NTYxNzQyNCIsIk9mZnNldCI6MCwiU3RhcnRlZEF0IjoiMjAyMy0xMS0xMVQwMTo0MTowMy4yMjg1OTU3MDhaIn0%3D&digest=sha256%3Acf7f382020339d0028918c3868135c3f04f625f684b264b6a63a549bd84ee80b" http.request.useragent="containerd/1.7.8+unknown" vars.name=test vars.uuid=3991fb1c-6c85-45da-b96f-a34885617424 
time="2023-11-11T01:41:03.231919291Z" level=debug msg="authorizing request" go.version=go1.20.8 http.request.contenttype="application/octet-stream" http.request.host="127.0.0.1:5000" http.request.id=9104093f-39d9-4ae0-9f08-cc120dad20b1 http.request.method=PUT http.request.remoteaddr="127.0.0.1:34542" http.request.uri="/v2/test/blobs/uploads/ed12b330-9d11-4f3e-80e4-029f61834497?_state=e9cDDIW4RgbnXutSjoGOyt9HL44yMn4tN7kwH3eZokd7Ik5hbWUiOiJ0ZXN0IiwiVVVJRCI6ImVkMTJiMzMwLTlkMTEtNGYzZS04MGU0LTAyOWY2MTgzNDQ5NyIsIk9mZnNldCI6MCwiU3RhcnRlZEF0IjoiMjAyMy0xMS0xMVQwMTo0MTowMy4yMjg2NDk1WiJ9&digest=sha256%3A5d6b514d5023c9b87d5f9688fb5812d6fbe2c27d90d935a4cd95b7a9b589e923" http.request.useragent="containerd/1.7.8+unknown" vars.name=test vars.uuid=ed12b330-9d11-4f3e-80e4-029f61834497 
time="2023-11-11T01:41:03.232003916Z" level=debug msg="filesystem.GetContent("/docker/registry/v2/repositories/test/_uploads/3991fb1c-6c85-45da-b96f-a34885617424/startedat")" go.version=go1.20.8 http.request.contenttype="application/octet-stream" http.request.host="127.0.0.1:5000" http.request.id=4d555b59-6e79-41eb-a951-69852cd0fb98 http.request.method=PUT http.request.remoteaddr="127.0.0.1:34540" http.request.uri="/v2/test/blobs/uploads/3991fb1c-6c85-45da-b96f-a34885617424?_state=IViOmau_dk9aw9V2alN9wp1GDvUZJdTPatyWj1ncIoN7Ik5hbWUiOiJ0ZXN0IiwiVVVJRCI6IjM5OTFmYjFjLTZjODUtNDVkYS1iOTZmLWEzNDg4NTYxNzQyNCIsIk9mZnNldCI6MCwiU3RhcnRlZEF0IjoiMjAyMy0xMS0xMVQwMTo0MTowMy4yMjg1OTU3MDhaIn0%3D&digest=sha256%3Acf7f382020339d0028918c3868135c3f04f625f684b264b6a63a549bd84ee80b" http.request.useragent="containerd/1.7.8+unknown" trace.duration=20.708s trace.file="github.com/docker/distribution/registry/storage/driver/base/base.go" trace.func="github.com/docker/distribution/registry/storage/driver/base.(*Base).GetContent" trace.id=6da9d49b-da1d-492b-9be9-494f467e4a8e trace.line=95 vars.name=test vars.uuid=3991fb1c-6c85-45da-b96f-a34885617424 
time="2023-11-11T01:41:03.232033541Z" level=debug msg="filesystem.Writer("/docker/registry/v2/repositories/test/_uploads/3991fb1c-6c85-45da-b96f-a34885617424/data", true)" go.version=go1.20.8 http.request.contenttype="application/octet-stream" http.request.host="127.0.0.1:5000" http.request.id=4d555b59-6e79-41eb-a951-69852cd0fb98 http.request.method=PUT http.request.remoteaddr="127.0.0.1:34540" http.request.uri="/v2/test/blobs/uploads/3991fb1c-6c85-45da-b96f-a34885617424?_state=IViOmau_dk9aw9V2alN9wp1GDvUZJdTPatyWj1ncIoN7Ik5hbWUiOiJ0ZXN0IiwiVVVJRCI6IjM5OTFmYjFjLTZjODUtNDVkYS1iOTZmLWEzNDg4NTYxNzQyNCIsIk9mZnNldCI6MCwiU3RhcnRlZEF0IjoiMjAyMy0xMS0xMVQwMTo0MTowMy4yMjg1OTU3MDhaIn0%3D&digest=sha256%3Acf7f382020339d0028918c3868135c3f04f625f684b264b6a63a549bd84ee80b" http.request.useragent="containerd/1.7.8+unknown" trace.duration=15.083s trace.file="github.com/docker/distribution/registry/storage/driver/base/base.go" trace.func="github.com/docker/distribution/registry/storage/driver/base.(*Base).Writer" trace.id=2a98bae8-89cc-4f8d-9b86-69f5ec065a20 trace.line=142 vars.name=test vars.uuid=3991fb1c-6c85-45da-b96f-a34885617424 
time="2023-11-11T01:41:03.232054083Z" level=debug msg="(*blobWriter).Commit" go.version=go1.20.8 http.request.contenttype="application/octet-stream" http.request.host="127.0.0.1:5000" http.request.id=4d555b59-6e79-41eb-a951-69852cd0fb98 http.request.method=PUT http.request.remoteaddr="127.0.0.1:34540" http.request.uri="/v2/test/blobs/uploads/3991fb1c-6c85-45da-b96f-a34885617424?_state=IViOmau_dk9aw9V2alN9wp1GDvUZJdTPatyWj1ncIoN7Ik5hbWUiOiJ0ZXN0IiwiVVVJRCI6IjM5OTFmYjFjLTZjODUtNDVkYS1iOTZmLWEzNDg4NTYxNzQyNCIsIk9mZnNldCI6MCwiU3RhcnRlZEF0IjoiMjAyMy0xMS0xMVQwMTo0MTowMy4yMjg1OTU3MDhaIn0%3D&digest=sha256%3Acf7f382020339d0028918c3868135c3f04f625f684b264b6a63a549bd84ee80b" http.request.useragent="containerd/1.7.8+unknown" vars.name=test vars.uuid=3991fb1c-6c85-45da-b96f-a34885617424 
time="2023-11-11T01:41:03.232055958Z" level=debug msg="(*linkedBlobStore).Resume" go.version=go1.20.8 http.request.contenttype="application/octet-stream" http.request.host="127.0.0.1:5000" http.request.id=9104093f-39d9-4ae0-9f08-cc120dad20b1 http.request.method=PUT http.request.remoteaddr="127.0.0.1:34542" http.request.uri="/v2/test/blobs/uploads/ed12b330-9d11-4f3e-80e4-029f61834497?_state=e9cDDIW4RgbnXutSjoGOyt9HL44yMn4tN7kwH3eZokd7Ik5hbWUiOiJ0ZXN0IiwiVVVJRCI6ImVkMTJiMzMwLTlkMTEtNGYzZS04MGU0LTAyOWY2MTgzNDQ5NyIsIk9mZnNldCI6MCwiU3RhcnRlZEF0IjoiMjAyMy0xMS0xMVQwMTo0MTowMy4yMjg2NDk1WiJ9&digest=sha256%3A5d6b514d5023c9b87d5f9688fb5812d6fbe2c27d90d935a4cd95b7a9b589e923" http.request.useragent="containerd/1.7.8+unknown" vars.name=test vars.uuid=ed12b330-9d11-4f3e-80e4-029f61834497 
time="2023-11-11T01:41:03.23209225Z" level=debug msg="filesystem.PutContent("/docker/registry/v2/repositories/test/_uploads/3991fb1c-6c85-45da-b96f-a34885617424/hashstates/sha256/194")" go.version=go1.20.8 http.request.contenttype="application/octet-stream" http.request.host="127.0.0.1:5000" http.request.id=4d555b59-6e79-41eb-a951-69852cd0fb98 http.request.method=PUT http.request.remoteaddr="127.0.0.1:34540" http.request.uri="/v2/test/blobs/uploads/3991fb1c-6c85-45da-b96f-a34885617424?_state=IViOmau_dk9aw9V2alN9wp1GDvUZJdTPatyWj1ncIoN7Ik5hbWUiOiJ0ZXN0IiwiVVVJRCI6IjM5OTFmYjFjLTZjODUtNDVkYS1iOTZmLWEzNDg4NTYxNzQyNCIsIk9mZnNldCI6MCwiU3RhcnRlZEF0IjoiMjAyMy0xMS0xMVQwMTo0MTowMy4yMjg1OTU3MDhaIn0%3D&digest=sha256%3Acf7f382020339d0028918c3868135c3f04f625f684b264b6a63a549bd84ee80b" http.request.useragent="containerd/1.7.8+unknown" trace.duration=21.167s trace.file="github.com/docker/distribution/registry/storage/driver/base/base.go" trace.func="github.com/docker/distribution/registry/storage/driver/base.(*Base).PutContent" trace.id=00f49349-8d9c-4905-974f-7ec3526ba18c trace.line=110 vars.name=test vars.uuid=3991fb1c-6c85-45da-b96f-a34885617424 
time="2023-11-11T01:41:03.232120958Z" level=debug msg="filesystem.Stat("/docker/registry/v2/repositories/test/_uploads/3991fb1c-6c85-45da-b96f-a34885617424/data")" go.version=go1.20.8 http.request.contenttype="application/octet-stream" http.request.host="127.0.0.1:5000" http.request.id=4d555b59-6e79-41eb-a951-69852cd0fb98 http.request.method=PUT http.request.remoteaddr="127.0.0.1:34540" http.request.uri="/v2/test/blobs/uploads/3991fb1c-6c85-45da-b96f-a34885617424?_state=IViOmau_dk9aw9V2alN9wp1GDvUZJdTPatyWj1ncIoN7Ik5hbWUiOiJ0ZXN0IiwiVVVJRCI6IjM5OTFmYjFjLTZjODUtNDVkYS1iOTZmLWEzNDg4NTYxNzQyNCIsIk9mZnNldCI6MCwiU3RhcnRlZEF0IjoiMjAyMy0xMS0xMVQwMTo0MTowMy4yMjg1OTU3MDhaIn0%3D&digest=sha256%3Acf7f382020339d0028918c3868135c3f04f625f684b264b6a63a549bd84ee80b" http.request.useragent="containerd/1.7.8+unknown" trace.duration=7.083s trace.file="github.com/docker/distribution/registry/storage/driver/base/base.go" trace.func="github.com/docker/distribution/registry/storage/driver/base.(*Base).Stat" trace.id=a8be92ea-9f0c-49bc-b6fd-5275f51ff134 trace.line=155 vars.name=test vars.uuid=3991fb1c-6c85-45da-b96f-a34885617424 
time="2023-11-11T01:41:03.23215025Z" level=debug msg="filesystem.Stat("/docker/registry/v2/blobs/sha256/cf/cf7f382020339d0028918c3868135c3f04f625f684b264b6a63a549bd84ee80b/data")" go.version=go1.20.8 http.request.contenttype="application/octet-stream" http.request.host="127.0.0.1:5000" http.request.id=4d555b59-6e79-41eb-a951-69852cd0fb98 http.request.method=PUT http.request.remoteaddr="127.0.0.1:34540" http.request.uri="/v2/test/blobs/uploads/3991fb1c-6c85-45da-b96f-a34885617424?_state=IViOmau_dk9aw9V2alN9wp1GDvUZJdTPatyWj1ncIoN7Ik5hbWUiOiJ0ZXN0IiwiVVVJRCI6IjM5OTFmYjFjLTZjODUtNDVkYS1iOTZmLWEzNDg4NTYxNzQyNCIsIk9mZnNldCI6MCwiU3RhcnRlZEF0IjoiMjAyMy0xMS0xMVQwMTo0MTowMy4yMjg1OTU3MDhaIn0%3D&digest=sha256%3Acf7f382020339d0028918c3868135c3f04f625f684b264b6a63a549bd84ee80b" http.request.useragent="containerd/1.7.8+unknown" trace.duration=8.958s trace.file="github.com/docker/distribution/registry/storage/driver/base/base.go" trace.func="github.com/docker/distribution/registry/storage/driver/base.(*Base).Stat" trace.id=016ab1a6-c87a-4066-82ec-562f90cbc904 trace.line=155 vars.name=test vars.uuid=3991fb1c-6c85-45da-b96f-a34885617424 
time="2023-11-11T01:41:03.232173708Z" level=debug msg="filesystem.Stat("/docker/registry/v2/repositories/test/_uploads/3991fb1c-6c85-45da-b96f-a34885617424/data")" go.version=go1.20.8 http.request.contenttype="application/octet-stream" http.request.host="127.0.0.1:5000" http.request.id=4d555b59-6e79-41eb-a951-69852cd0fb98 http.request.method=PUT http.request.remoteaddr="127.0.0.1:34540" http.request.uri="/v2/test/blobs/uploads/3991fb1c-6c85-45da-b96f-a34885617424?_state=IViOmau_dk9aw9V2alN9wp1GDvUZJdTPatyWj1ncIoN7Ik5hbWUiOiJ0ZXN0IiwiVVVJRCI6IjM5OTFmYjFjLTZjODUtNDVkYS1iOTZmLWEzNDg4NTYxNzQyNCIsIk9mZnNldCI6MCwiU3RhcnRlZEF0IjoiMjAyMy0xMS0xMVQwMTo0MTowMy4yMjg1OTU3MDhaIn0%3D&digest=sha256%3Acf7f382020339d0028918c3868135c3f04f625f684b264b6a63a549bd84ee80b" http.request.useragent="containerd/1.7.8+unknown" trace.duration=7.625s trace.file="github.com/docker/distribution/registry/storage/driver/base/base.go" trace.func="github.com/docker/distribution/registry/storage/driver/base.(*Base).Stat" trace.id=69e18495-44b8-4be6-8900-1b09e329e601 trace.line=155 vars.name=test vars.uuid=3991fb1c-6c85-45da-b96f-a34885617424 
time="2023-11-11T01:41:03.232096083Z" level=debug msg="filesystem.GetContent("/docker/registry/v2/repositories/test/_uploads/ed12b330-9d11-4f3e-80e4-029f61834497/startedat")" go.version=go1.20.8 http.request.contenttype="application/octet-stream" http.request.host="127.0.0.1:5000" http.request.id=9104093f-39d9-4ae0-9f08-cc120dad20b1 http.request.method=PUT http.request.remoteaddr="127.0.0.1:34542" http.request.uri="/v2/test/blobs/uploads/ed12b330-9d11-4f3e-80e4-029f61834497?_state=e9cDDIW4RgbnXutSjoGOyt9HL44yMn4tN7kwH3eZokd7Ik5hbWUiOiJ0ZXN0IiwiVVVJRCI6ImVkMTJiMzMwLTlkMTEtNGYzZS04MGU0LTAyOWY2MTgzNDQ5NyIsIk9mZnNldCI6MCwiU3RhcnRlZEF0IjoiMjAyMy0xMS0xMVQwMTo0MTowMy4yMjg2NDk1WiJ9&digest=sha256%3A5d6b514d5023c9b87d5f9688fb5812d6fbe2c27d90d935a4cd95b7a9b589e923" http.request.useragent="containerd/1.7.8+unknown" trace.duration=19.75s trace.file="github.com/docker/distribution/registry/storage/driver/base/base.go" trace.func="github.com/docker/distribution/registry/storage/driver/base.(*Base).GetContent" trace.id=a13837e5-3f1f-4961-8966-e6ad19c11065 trace.line=95 vars.name=test vars.uuid=ed12b330-9d11-4f3e-80e4-029f61834497 
time="2023-11-11T01:41:03.232218833Z" level=debug msg="filesystem.Move("/docker/registry/v2/repositories/test/_uploads/3991fb1c-6c85-45da-b96f-a34885617424/data", "/docker/registry/v2/blobs/sha256/cf/cf7f382020339d0028918c3868135c3f04f625f684b264b6a63a549bd84ee80b/data"" go.version=go1.20.8 http.request.contenttype="application/octet-stream" http.request.host="127.0.0.1:5000" http.request.id=4d555b59-6e79-41eb-a951-69852cd0fb98 http.request.method=PUT http.request.remoteaddr="127.0.0.1:34540" http.request.uri="/v2/test/blobs/uploads/3991fb1c-6c85-45da-b96f-a34885617424?_state=IViOmau_dk9aw9V2alN9wp1GDvUZJdTPatyWj1ncIoN7Ik5hbWUiOiJ0ZXN0IiwiVVVJRCI6IjM5OTFmYjFjLTZjODUtNDVkYS1iOTZmLWEzNDg4NTYxNzQyNCIsIk9mZnNldCI6MCwiU3RhcnRlZEF0IjoiMjAyMy0xMS0xMVQwMTo0MTowMy4yMjg1OTU3MDhaIn0%3D&digest=sha256%3Acf7f382020339d0028918c3868135c3f04f625f684b264b6a63a549bd84ee80b" http.request.useragent="containerd/1.7.8+unknown" trace.duration=32.875s trace.file="github.com/docker/distribution/registry/storage/driver/base/base.go" trace.func="github.com/docker/distribution/registry/storage/driver/base.(*Base).Move" trace.id=8251835b-669c-41a1-a147-28e1810923fa trace.line=185 vars.name=test vars.uuid=3991fb1c-6c85-45da-b96f-a34885617424 
time="2023-11-11T01:41:03.232255333Z" level=debug msg="filesystem.Writer("/docker/registry/v2/repositories/test/_uploads/ed12b330-9d11-4f3e-80e4-029f61834497/data", true)" go.version=go1.20.8 http.request.contenttype="application/octet-stream" http.request.host="127.0.0.1:5000" http.request.id=9104093f-39d9-4ae0-9f08-cc120dad20b1 http.request.method=PUT http.request.remoteaddr="127.0.0.1:34542" http.request.uri="/v2/test/blobs/uploads/ed12b330-9d11-4f3e-80e4-029f61834497?_state=e9cDDIW4RgbnXutSjoGOyt9HL44yMn4tN7kwH3eZokd7Ik5hbWUiOiJ0ZXN0IiwiVVVJRCI6ImVkMTJiMzMwLTlkMTEtNGYzZS04MGU0LTAyOWY2MTgzNDQ5NyIsIk9mZnNldCI6MCwiU3RhcnRlZEF0IjoiMjAyMy0xMS0xMVQwMTo0MTowMy4yMjg2NDk1WiJ9&digest=sha256%3A5d6b514d5023c9b87d5f9688fb5812d6fbe2c27d90d935a4cd95b7a9b589e923" http.request.useragent="containerd/1.7.8+unknown" trace.duration=29.25s trace.file="github.com/docker/distribution/registry/storage/driver/base/base.go" trace.func="github.com/docker/distribution/registry/storage/driver/base.(*Base).Writer" trace.id=d5d0a3b9-44c8-4e1f-a75b-913d6b5d7147 trace.line=142 vars.name=test vars.uuid=ed12b330-9d11-4f3e-80e4-029f61834497 
time="2023-11-11T01:41:03.23229Z" level=debug msg="filesystem.PutContent("/docker/registry/v2/repositories/test/_layers/sha256/cf7f382020339d0028918c3868135c3f04f625f684b264b6a63a549bd84ee80b/link")" go.version=go1.20.8 http.request.contenttype="application/octet-stream" http.request.host="127.0.0.1:5000" http.request.id=4d555b59-6e79-41eb-a951-69852cd0fb98 http.request.method=PUT http.request.remoteaddr="127.0.0.1:34540" http.request.uri="/v2/test/blobs/uploads/3991fb1c-6c85-45da-b96f-a34885617424?_state=IViOmau_dk9aw9V2alN9wp1GDvUZJdTPatyWj1ncIoN7Ik5hbWUiOiJ0ZXN0IiwiVVVJRCI6IjM5OTFmYjFjLTZjODUtNDVkYS1iOTZmLWEzNDg4NTYxNzQyNCIsIk9mZnNldCI6MCwiU3RhcnRlZEF0IjoiMjAyMy0xMS0xMVQwMTo0MTowMy4yMjg1OTU3MDhaIn0%3D&digest=sha256%3Acf7f382020339d0028918c3868135c3f04f625f684b264b6a63a549bd84ee80b" http.request.useragent="containerd/1.7.8+unknown" trace.duration=55.417s trace.file="github.com/docker/distribution/registry/storage/driver/base/base.go" trace.func="github.com/docker/distribution/registry/storage/driver/base.(*Base).PutContent" trace.id=6dc33389-5cc9-44e2-adff-008b750dd72a trace.line=110 vars.name=test vars.uuid=3991fb1c-6c85-45da-b96f-a34885617424 
time="2023-11-11T01:41:03.232303583Z" level=debug msg="(*blobWriter).Commit" go.version=go1.20.8 http.request.contenttype="application/octet-stream" http.request.host="127.0.0.1:5000" http.request.id=9104093f-39d9-4ae0-9f08-cc120dad20b1 http.request.method=PUT http.request.remoteaddr="127.0.0.1:34542" http.request.uri="/v2/test/blobs/uploads/ed12b330-9d11-4f3e-80e4-029f61834497?_state=e9cDDIW4RgbnXutSjoGOyt9HL44yMn4tN7kwH3eZokd7Ik5hbWUiOiJ0ZXN0IiwiVVVJRCI6ImVkMTJiMzMwLTlkMTEtNGYzZS04MGU0LTAyOWY2MTgzNDQ5NyIsIk9mZnNldCI6MCwiU3RhcnRlZEF0IjoiMjAyMy0xMS0xMVQwMTo0MTowMy4yMjg2NDk1WiJ9&digest=sha256%3A5d6b514d5023c9b87d5f9688fb5812d6fbe2c27d90d935a4cd95b7a9b589e923" http.request.useragent="containerd/1.7.8+unknown" vars.name=test vars.uuid=ed12b330-9d11-4f3e-80e4-029f61834497 
time="2023-11-11T01:41:03.232355333Z" level=debug msg="filesystem.PutContent("/docker/registry/v2/repositories/test/_uploads/ed12b330-9d11-4f3e-80e4-029f61834497/hashstates/sha256/68")" go.version=go1.20.8 http.request.contenttype="application/octet-stream" http.request.host="127.0.0.1:5000" http.request.id=9104093f-39d9-4ae0-9f08-cc120dad20b1 http.request.method=PUT http.request.remoteaddr="127.0.0.1:34542" http.request.uri="/v2/test/blobs/uploads/ed12b330-9d11-4f3e-80e4-029f61834497?_state=e9cDDIW4RgbnXutSjoGOyt9HL44yMn4tN7kwH3eZokd7Ik5hbWUiOiJ0ZXN0IiwiVVVJRCI6ImVkMTJiMzMwLTlkMTEtNGYzZS04MGU0LTAyOWY2MTgzNDQ5NyIsIk9mZnNldCI6MCwiU3RhcnRlZEF0IjoiMjAyMy0xMS0xMVQwMTo0MTowMy4yMjg2NDk1WiJ9&digest=sha256%3A5d6b514d5023c9b87d5f9688fb5812d6fbe2c27d90d935a4cd95b7a9b589e923" http.request.useragent="containerd/1.7.8+unknown" trace.duration=30.291s trace.file="github.com/docker/distribution/registry/storage/driver/base/base.go" trace.func="github.com/docker/distribution/registry/storage/driver/base.(*Base).PutContent" trace.id=5c9cf453-b3cb-45ae-8e7b-eab36da5af92 trace.line=110 vars.name=test vars.uuid=ed12b330-9d11-4f3e-80e4-029f61834497 
time="2023-11-11T01:41:03.232375875Z" level=debug msg="filesystem.Delete("/docker/registry/v2/repositories/test/_uploads/3991fb1c-6c85-45da-b96f-a34885617424")" go.version=go1.20.8 http.request.contenttype="application/octet-stream" http.request.host="127.0.0.1:5000" http.request.id=4d555b59-6e79-41eb-a951-69852cd0fb98 http.request.method=PUT http.request.remoteaddr="127.0.0.1:34540" http.request.uri="/v2/test/blobs/uploads/3991fb1c-6c85-45da-b96f-a34885617424?_state=IViOmau_dk9aw9V2alN9wp1GDvUZJdTPatyWj1ncIoN7Ik5hbWUiOiJ0ZXN0IiwiVVVJRCI6IjM5OTFmYjFjLTZjODUtNDVkYS1iOTZmLWEzNDg4NTYxNzQyNCIsIk9mZnNldCI6MCwiU3RhcnRlZEF0IjoiMjAyMy0xMS0xMVQwMTo0MTowMy4yMjg1OTU3MDhaIn0%3D&digest=sha256%3Acf7f382020339d0028918c3868135c3f04f625f684b264b6a63a549bd84ee80b" http.request.useragent="containerd/1.7.8+unknown" trace.duration=72.584s trace.file="github.com/docker/distribution/registry/storage/driver/base/base.go" trace.func="github.com/docker/distribution/registry/storage/driver/base.(*Base).Delete" trace.id=5abe9e31-fa90-40be-811b-3bb8ec1f5d69 trace.line=202 vars.name=test vars.uuid=3991fb1c-6c85-45da-b96f-a34885617424 
time="2023-11-11T01:41:03.23238975Z" level=debug msg="filesystem.Stat("/docker/registry/v2/repositories/test/_uploads/ed12b330-9d11-4f3e-80e4-029f61834497/data")" go.version=go1.20.8 http.request.contenttype="application/octet-stream" http.request.host="127.0.0.1:5000" http.request.id=9104093f-39d9-4ae0-9f08-cc120dad20b1 http.request.method=PUT http.request.remoteaddr="127.0.0.1:34542" http.request.uri="/v2/test/blobs/uploads/ed12b330-9d11-4f3e-80e4-029f61834497?_state=e9cDDIW4RgbnXutSjoGOyt9HL44yMn4tN7kwH3eZokd7Ik5hbWUiOiJ0ZXN0IiwiVVVJRCI6ImVkMTJiMzMwLTlkMTEtNGYzZS04MGU0LTAyOWY2MTgzNDQ5NyIsIk9mZnNldCI6MCwiU3RhcnRlZEF0IjoiMjAyMy0xMS0xMVQwMTo0MTowMy4yMjg2NDk1WiJ9&digest=sha256%3A5d6b514d5023c9b87d5f9688fb5812d6fbe2c27d90d935a4cd95b7a9b589e923" http.request.useragent="containerd/1.7.8+unknown" trace.duration=7.125s trace.file="github.com/docker/distribution/registry/storage/driver/base/base.go" trace.func="github.com/docker/distribution/registry/storage/driver/base.(*Base).Stat" trace.id=31648dfd-c6f5-4d57-90cb-28a793f520dc trace.line=155 vars.name=test vars.uuid=ed12b330-9d11-4f3e-80e4-029f61834497 
time="2023-11-11T01:41:03.2324155Z" level=debug msg="filesystem.Stat("/docker/registry/v2/blobs/sha256/5d/5d6b514d5023c9b87d5f9688fb5812d6fbe2c27d90d935a4cd95b7a9b589e923/data")" go.version=go1.20.8 http.request.contenttype="application/octet-stream" http.request.host="127.0.0.1:5000" http.request.id=9104093f-39d9-4ae0-9f08-cc120dad20b1 http.request.method=PUT http.request.remoteaddr="127.0.0.1:34542" http.request.uri="/v2/test/blobs/uploads/ed12b330-9d11-4f3e-80e4-029f61834497?_state=e9cDDIW4RgbnXutSjoGOyt9HL44yMn4tN7kwH3eZokd7Ik5hbWUiOiJ0ZXN0IiwiVVVJRCI6ImVkMTJiMzMwLTlkMTEtNGYzZS04MGU0LTAyOWY2MTgzNDQ5NyIsIk9mZnNldCI6MCwiU3RhcnRlZEF0IjoiMjAyMy0xMS0xMVQwMTo0MTowMy4yMjg2NDk1WiJ9&digest=sha256%3A5d6b514d5023c9b87d5f9688fb5812d6fbe2c27d90d935a4cd95b7a9b589e923" http.request.useragent="containerd/1.7.8+unknown" trace.duration=7.959s trace.file="github.com/docker/distribution/registry/storage/driver/base/base.go" trace.func="github.com/docker/distribution/registry/storage/driver/base.(*Base).Stat" trace.id=5ac3988d-7447-4c36-8fa5-2f3e357639e7 trace.line=155 vars.name=test vars.uuid=ed12b330-9d11-4f3e-80e4-029f61834497 
time="2023-11-11T01:41:03.232422291Z" level=info msg="response completed" go.version=go1.20.8 http.request.contenttype="application/octet-stream" http.request.host="127.0.0.1:5000" http.request.id=4d555b59-6e79-41eb-a951-69852cd0fb98 http.request.method=PUT http.request.remoteaddr="127.0.0.1:34540" http.request.uri="/v2/test/blobs/uploads/3991fb1c-6c85-45da-b96f-a34885617424?_state=IViOmau_dk9aw9V2alN9wp1GDvUZJdTPatyWj1ncIoN7Ik5hbWUiOiJ0ZXN0IiwiVVVJRCI6IjM5OTFmYjFjLTZjODUtNDVkYS1iOTZmLWEzNDg4NTYxNzQyNCIsIk9mZnNldCI6MCwiU3RhcnRlZEF0IjoiMjAyMy0xMS0xMVQwMTo0MTowMy4yMjg1OTU3MDhaIn0%3D&digest=sha256%3Acf7f382020339d0028918c3868135c3f04f625f684b264b6a63a549bd84ee80b" http.request.useragent="containerd/1.7.8+unknown" http.response.duration=1.746208ms http.response.status=201 http.response.written=0 
127.0.0.1 - - [11/Nov/2023:01:41:03 +0000] "PUT /v2/test/blobs/uploads/3991fb1c-6c85-45da-b96f-a34885617424?_state=IViOmau_dk9aw9V2alN9wp1GDvUZJdTPatyWj1ncIoN7Ik5hbWUiOiJ0ZXN0IiwiVVVJRCI6IjM5OTFmYjFjLTZjODUtNDVkYS1iOTZmLWEzNDg4NTYxNzQyNCIsIk9mZnNldCI6MCwiU3RhcnRlZEF0IjoiMjAyMy0xMS0xMVQwMTo0MTowMy4yMjg1OTU3MDhaIn0%3D&digest=sha256%3Acf7f382020339d0028918c3868135c3f04f625f684b264b6a63a549bd84ee80b HTTP/1.1" 201 0 "" "containerd/1.7.8+unknown"
time="2023-11-11T01:41:03.232435166Z" level=debug msg="filesystem.Stat("/docker/registry/v2/repositories/test/_uploads/ed12b330-9d11-4f3e-80e4-029f61834497/data")" go.version=go1.20.8 http.request.contenttype="application/octet-stream" http.request.host="127.0.0.1:5000" http.request.id=9104093f-39d9-4ae0-9f08-cc120dad20b1 http.request.method=PUT http.request.remoteaddr="127.0.0.1:34542" http.request.uri="/v2/test/blobs/uploads/ed12b330-9d11-4f3e-80e4-029f61834497?_state=e9cDDIW4RgbnXutSjoGOyt9HL44yMn4tN7kwH3eZokd7Ik5hbWUiOiJ0ZXN0IiwiVVVJRCI6ImVkMTJiMzMwLTlkMTEtNGYzZS04MGU0LTAyOWY2MTgzNDQ5NyIsIk9mZnNldCI6MCwiU3RhcnRlZEF0IjoiMjAyMy0xMS0xMVQwMTo0MTowMy4yMjg2NDk1WiJ9&digest=sha256%3A5d6b514d5023c9b87d5f9688fb5812d6fbe2c27d90d935a4cd95b7a9b589e923" http.request.useragent="containerd/1.7.8+unknown" trace.duration=5s trace.file="github.com/docker/distribution/registry/storage/driver/base/base.go" trace.func="github.com/docker/distribution/registry/storage/driver/base.(*Base).Stat" trace.id=45c499ff-3f60-4df6-a3e0-01e57ae7b16f trace.line=155 vars.name=test vars.uuid=ed12b330-9d11-4f3e-80e4-029f61834497 
time="2023-11-11T01:41:03.232476541Z" level=debug msg="filesystem.Move("/docker/registry/v2/repositories/test/_uploads/ed12b330-9d11-4f3e-80e4-029f61834497/data", "/docker/registry/v2/blobs/sha256/5d/5d6b514d5023c9b87d5f9688fb5812d6fbe2c27d90d935a4cd95b7a9b589e923/data"" go.version=go1.20.8 http.request.contenttype="application/octet-stream" http.request.host="127.0.0.1:5000" http.request.id=9104093f-39d9-4ae0-9f08-cc120dad20b1 http.request.method=PUT http.request.remoteaddr="127.0.0.1:34542" http.request.uri="/v2/test/blobs/uploads/ed12b330-9d11-4f3e-80e4-029f61834497?_state=e9cDDIW4RgbnXutSjoGOyt9HL44yMn4tN7kwH3eZokd7Ik5hbWUiOiJ0ZXN0IiwiVVVJRCI6ImVkMTJiMzMwLTlkMTEtNGYzZS04MGU0LTAyOWY2MTgzNDQ5NyIsIk9mZnNldCI6MCwiU3RhcnRlZEF0IjoiMjAyMy0xMS0xMVQwMTo0MTowMy4yMjg2NDk1WiJ9&digest=sha256%3A5d6b514d5023c9b87d5f9688fb5812d6fbe2c27d90d935a4cd95b7a9b589e923" http.request.useragent="containerd/1.7.8+unknown" trace.duration=27.583s trace.file="github.com/docker/distribution/registry/storage/driver/base/base.go" trace.func="github.com/docker/distribution/registry/storage/driver/base.(*Base).Move" trace.id=aa1345ba-eb11-4110-a0b7-40d8e0d3d1e9 trace.line=185 vars.name=test vars.uuid=ed12b330-9d11-4f3e-80e4-029f61834497 
time="2023-11-11T01:41:03.232526375Z" level=debug msg="filesystem.PutContent("/docker/registry/v2/repositories/test/_layers/sha256/5d6b514d5023c9b87d5f9688fb5812d6fbe2c27d90d935a4cd95b7a9b589e923/link")" go.version=go1.20.8 http.request.contenttype="application/octet-stream" http.request.host="127.0.0.1:5000" http.request.id=9104093f-39d9-4ae0-9f08-cc120dad20b1 http.request.method=PUT http.request.remoteaddr="127.0.0.1:34542" http.request.uri="/v2/test/blobs/uploads/ed12b330-9d11-4f3e-80e4-029f61834497?_state=e9cDDIW4RgbnXutSjoGOyt9HL44yMn4tN7kwH3eZokd7Ik5hbWUiOiJ0ZXN0IiwiVVVJRCI6ImVkMTJiMzMwLTlkMTEtNGYzZS04MGU0LTAyOWY2MTgzNDQ5NyIsIk9mZnNldCI6MCwiU3RhcnRlZEF0IjoiMjAyMy0xMS0xMVQwMTo0MTowMy4yMjg2NDk1WiJ9&digest=sha256%3A5d6b514d5023c9b87d5f9688fb5812d6fbe2c27d90d935a4cd95b7a9b589e923" http.request.useragent="containerd/1.7.8+unknown" trace.duration=25.75s trace.file="github.com/docker/distribution/registry/storage/driver/base/base.go" trace.func="github.com/docker/distribution/registry/storage/driver/base.(*Base).PutContent" trace.id=b4337510-7e46-455f-b8df-008599cee574 trace.line=110 vars.name=test vars.uuid=ed12b330-9d11-4f3e-80e4-029f61834497 
time="2023-11-11T01:41:03.232601583Z" level=debug msg="filesystem.Delete("/docker/registry/v2/repositories/test/_uploads/ed12b330-9d11-4f3e-80e4-029f61834497")" go.version=go1.20.8 http.request.contenttype="application/octet-stream" http.request.host="127.0.0.1:5000" http.request.id=9104093f-39d9-4ae0-9f08-cc120dad20b1 http.request.method=PUT http.request.remoteaddr="127.0.0.1:34542" http.request.uri="/v2/test/blobs/uploads/ed12b330-9d11-4f3e-80e4-029f61834497?_state=e9cDDIW4RgbnXutSjoGOyt9HL44yMn4tN7kwH3eZokd7Ik5hbWUiOiJ0ZXN0IiwiVVVJRCI6ImVkMTJiMzMwLTlkMTEtNGYzZS04MGU0LTAyOWY2MTgzNDQ5NyIsIk9mZnNldCI6MCwiU3RhcnRlZEF0IjoiMjAyMy0xMS0xMVQwMTo0MTowMy4yMjg2NDk1WiJ9&digest=sha256%3A5d6b514d5023c9b87d5f9688fb5812d6fbe2c27d90d935a4cd95b7a9b589e923" http.request.useragent="containerd/1.7.8+unknown" trace.duration=63.375s trace.file="github.com/docker/distribution/registry/storage/driver/base/base.go" trace.func="github.com/docker/distribution/registry/storage/driver/base.(*Base).Delete" trace.id=b7350f57-78f0-4b65-a187-53e568cd2cbc trace.line=202 vars.name=test vars.uuid=ed12b330-9d11-4f3e-80e4-029f61834497 
time="2023-11-11T01:41:03.232655166Z" level=info msg="response completed" go.version=go1.20.8 http.request.contenttype="application/octet-stream" http.request.host="127.0.0.1:5000" http.request.id=9104093f-39d9-4ae0-9f08-cc120dad20b1 http.request.method=PUT http.request.remoteaddr="127.0.0.1:34542" http.request.uri="/v2/test/blobs/uploads/ed12b330-9d11-4f3e-80e4-029f61834497?_state=e9cDDIW4RgbnXutSjoGOyt9HL44yMn4tN7kwH3eZokd7Ik5hbWUiOiJ0ZXN0IiwiVVVJRCI6ImVkMTJiMzMwLTlkMTEtNGYzZS04MGU0LTAyOWY2MTgzNDQ5NyIsIk9mZnNldCI6MCwiU3RhcnRlZEF0IjoiMjAyMy0xMS0xMVQwMTo0MTowMy4yMjg2NDk1WiJ9&digest=sha256%3A5d6b514d5023c9b87d5f9688fb5812d6fbe2c27d90d935a4cd95b7a9b589e923" http.request.useragent="containerd/1.7.8+unknown" http.response.duration=1.954958ms http.response.status=201 http.response.written=0 
127.0.0.1 - - [11/Nov/2023:01:41:03 +0000] "PUT /v2/test/blobs/uploads/ed12b330-9d11-4f3e-80e4-029f61834497?_state=e9cDDIW4RgbnXutSjoGOyt9HL44yMn4tN7kwH3eZokd7Ik5hbWUiOiJ0ZXN0IiwiVVVJRCI6ImVkMTJiMzMwLTlkMTEtNGYzZS04MGU0LTAyOWY2MTgzNDQ5NyIsIk9mZnNldCI6MCwiU3RhcnRlZEF0IjoiMjAyMy0xMS0xMVQwMTo0MTowMy4yMjg2NDk1WiJ9&digest=sha256%3A5d6b514d5023c9b87d5f9688fb5812d6fbe2c27d90d935a4cd95b7a9b589e923 HTTP/1.1" 201 0 "" "containerd/1.7.8+unknown"
time="2023-11-11T01:41:03.234037Z" level=debug msg="authorizing request" go.version=go1.20.8 http.request.host="127.0.0.1:5000" http.request.id=672f5930-0c54-48e9-9c6e-3e5ce74683cb http.request.method=HEAD http.request.remoteaddr="127.0.0.1:34542" http.request.uri="/v2/test/manifests/latest" http.request.useragent="containerd/1.7.8+unknown" vars.name=test vars.reference=latest 
time="2023-11-11T01:41:03.234071791Z" level=debug msg=GetImageManifest go.version=go1.20.8 http.request.host="127.0.0.1:5000" http.request.id=672f5930-0c54-48e9-9c6e-3e5ce74683cb http.request.method=HEAD http.request.remoteaddr="127.0.0.1:34542" http.request.uri="/v2/test/manifests/latest" http.request.useragent="containerd/1.7.8+unknown" vars.name=test vars.reference=latest 
time="2023-11-11T01:41:03.234101708Z" level=debug msg="filesystem.GetContent("/docker/registry/v2/repositories/test/_manifests/tags/latest/current/link")" go.version=go1.20.8 http.request.host="127.0.0.1:5000" http.request.id=672f5930-0c54-48e9-9c6e-3e5ce74683cb http.request.method=HEAD http.request.remoteaddr="127.0.0.1:34542" http.request.uri="/v2/test/manifests/latest" http.request.useragent="containerd/1.7.8+unknown" trace.duration=13.458s trace.file="github.com/docker/distribution/registry/storage/driver/base/base.go" trace.func="github.com/docker/distribution/registry/storage/driver/base.(*Base).GetContent" trace.id=a85b8c65-5bdf-465a-a6a6-f7e161756c8b trace.line=95 vars.name=test vars.reference=latest 
time="2023-11-11T01:41:03.234130583Z" level=error msg="response completed with error" err.code="manifest unknown" err.detail="unknown tag=latest" err.message="manifest unknown" go.version=go1.20.8 http.request.host="127.0.0.1:5000" http.request.id=672f5930-0c54-48e9-9c6e-3e5ce74683cb http.request.method=HEAD http.request.remoteaddr="127.0.0.1:34542" http.request.uri="/v2/test/manifests/latest" http.request.useragent="containerd/1.7.8+unknown" http.response.contenttype="application/json; charset=utf-8" http.response.duration=1.154792ms http.response.status=404 http.response.written=96 vars.name=test vars.reference=latest 
127.0.0.1 - - [11/Nov/2023:01:41:03 +0000] "HEAD /v2/test/manifests/latest HTTP/1.1" 404 96 "" "containerd/1.7.8+unknown"
time="2023-11-11T01:41:03.23478325Z" level=debug msg="authorizing request" go.version=go1.20.8 http.request.contenttype="application/vnd.docker.distribution.manifest.v2+json" http.request.host="127.0.0.1:5000" http.request.id=99bb65dc-00f7-4254-a9d5-6fb0cea0d592 http.request.method=PUT http.request.remoteaddr="127.0.0.1:34542" http.request.uri="/v2/test/manifests/latest" http.request.useragent="containerd/1.7.8+unknown" vars.name=test vars.reference=latest 
time="2023-11-11T01:41:03.234801916Z" level=debug msg=PutImageManifest go.version=go1.20.8 http.request.contenttype="application/vnd.docker.distribution.manifest.v2+json" http.request.host="127.0.0.1:5000" http.request.id=99bb65dc-00f7-4254-a9d5-6fb0cea0d592 http.request.method=PUT http.request.remoteaddr="127.0.0.1:34542" http.request.uri="/v2/test/manifests/latest" http.request.useragent="containerd/1.7.8+unknown" vars.name=test vars.reference=latest 
time="2023-11-11T01:41:03.234865083Z" level=debug msg="Putting a Docker Manifest!" go.version=go1.20.8 http.request.contenttype="application/vnd.docker.distribution.manifest.v2+json" http.request.host="127.0.0.1:5000" http.request.id=99bb65dc-00f7-4254-a9d5-6fb0cea0d592 http.request.method=PUT http.request.remoteaddr="127.0.0.1:34542" http.request.uri="/v2/test/manifests/latest" http.request.useragent="containerd/1.7.8+unknown" vars.name=test vars.reference=latest 
time="2023-11-11T01:41:03.234876875Z" level=debug msg="(*manifestStore).Put" go.version=go1.20.8 http.request.contenttype="application/vnd.docker.distribution.manifest.v2+json" http.request.host="127.0.0.1:5000" http.request.id=99bb65dc-00f7-4254-a9d5-6fb0cea0d592 http.request.method=PUT http.request.remoteaddr="127.0.0.1:34542" http.request.uri="/v2/test/manifests/latest" http.request.useragent="containerd/1.7.8+unknown" vars.name=test vars.reference=latest 
time="2023-11-11T01:41:03.234897166Z" level=debug msg="(*schema2ManifestHandler).Put" go.version=go1.20.8 http.request.contenttype="application/vnd.docker.distribution.manifest.v2+json" http.request.host="127.0.0.1:5000" http.request.id=99bb65dc-00f7-4254-a9d5-6fb0cea0d592 http.request.method=PUT http.request.remoteaddr="127.0.0.1:34542" http.request.uri="/v2/test/manifests/latest" http.request.useragent="containerd/1.7.8+unknown" vars.name=test vars.reference=latest 
time="2023-11-11T01:41:03.234931458Z" level=debug msg="filesystem.GetContent("/docker/registry/v2/repositories/test/_layers/sha256/cf7f382020339d0028918c3868135c3f04f625f684b264b6a63a549bd84ee80b/link")" go.version=go1.20.8 http.request.contenttype="application/vnd.docker.distribution.manifest.v2+json" http.request.host="127.0.0.1:5000" http.request.id=99bb65dc-00f7-4254-a9d5-6fb0cea0d592 http.request.method=PUT http.request.remoteaddr="127.0.0.1:34542" http.request.uri="/v2/test/manifests/latest" http.request.useragent="containerd/1.7.8+unknown" trace.duration=19.375s trace.file="github.com/docker/distribution/registry/storage/driver/base/base.go" trace.func="github.com/docker/distribution/registry/storage/driver/base.(*Base).GetContent" trace.id=76cdf446-b0c3-46df-9aa3-1ba5ac6c5a60 trace.line=95 vars.name=test vars.reference=latest 
time="2023-11-11T01:41:03.234964916Z" level=debug msg="filesystem.Stat("/docker/registry/v2/blobs/sha256/cf/cf7f382020339d0028918c3868135c3f04f625f684b264b6a63a549bd84ee80b/data")" go.version=go1.20.8 http.request.contenttype="application/vnd.docker.distribution.manifest.v2+json" http.request.host="127.0.0.1:5000" http.request.id=99bb65dc-00f7-4254-a9d5-6fb0cea0d592 http.request.method=PUT http.request.remoteaddr="127.0.0.1:34542" http.request.uri="/v2/test/manifests/latest" http.request.useragent="containerd/1.7.8+unknown" trace.duration=7.958s trace.file="github.com/docker/distribution/registry/storage/driver/base/base.go" trace.func="github.com/docker/distribution/registry/storage/driver/base.(*Base).Stat" trace.id=94093bba-7c89-4a54-af20-112dc34c893e trace.line=155 vars.name=test vars.reference=latest 
time="2023-11-11T01:41:03.234992333Z" level=debug msg="filesystem.GetContent("/docker/registry/v2/repositories/test/_layers/sha256/5d6b514d5023c9b87d5f9688fb5812d6fbe2c27d90d935a4cd95b7a9b589e923/link")" go.version=go1.20.8 http.request.contenttype="application/vnd.docker.distribution.manifest.v2+json" http.request.host="127.0.0.1:5000" http.request.id=99bb65dc-00f7-4254-a9d5-6fb0cea0d592 http.request.method=PUT http.request.remoteaddr="127.0.0.1:34542" http.request.uri="/v2/test/manifests/latest" http.request.useragent="containerd/1.7.8+unknown" trace.duration=13.583s trace.file="github.com/docker/distribution/registry/storage/driver/base/base.go" trace.func="github.com/docker/distribution/registry/storage/driver/base.(*Base).GetContent" trace.id=d96e5cfa-89ba-4fc2-829a-982bad4be735 trace.line=95 vars.name=test vars.reference=latest 
time="2023-11-11T01:41:03.235020416Z" level=debug msg="filesystem.Stat("/docker/registry/v2/blobs/sha256/5d/5d6b514d5023c9b87d5f9688fb5812d6fbe2c27d90d935a4cd95b7a9b589e923/data")" go.version=go1.20.8 http.request.contenttype="application/vnd.docker.distribution.manifest.v2+json" http.request.host="127.0.0.1:5000" http.request.id=99bb65dc-00f7-4254-a9d5-6fb0cea0d592 http.request.method=PUT http.request.remoteaddr="127.0.0.1:34542" http.request.uri="/v2/test/manifests/latest" http.request.useragent="containerd/1.7.8+unknown" trace.duration=6.334s trace.file="github.com/docker/distribution/registry/storage/driver/base/base.go" trace.func="github.com/docker/distribution/registry/storage/driver/base.(*Base).Stat" trace.id=63c77691-d535-480a-9bec-57b3685cb0e1 trace.line=155 vars.name=test vars.reference=latest 
time="2023-11-11T01:41:03.23504125Z" level=debug msg="filesystem.Stat("/docker/registry/v2/blobs/sha256/a2/a250d50e44c6366699e845175235d1c4be154b0c4359b3d7ef5590bf2dcf8eda/data")" go.version=go1.20.8 http.request.contenttype="application/vnd.docker.distribution.manifest.v2+json" http.request.host="127.0.0.1:5000" http.request.id=99bb65dc-00f7-4254-a9d5-6fb0cea0d592 http.request.method=PUT http.request.remoteaddr="127.0.0.1:34542" http.request.uri="/v2/test/manifests/latest" http.request.useragent="containerd/1.7.8+unknown" trace.duration=6.75s trace.file="github.com/docker/distribution/registry/storage/driver/base/base.go" trace.func="github.com/docker/distribution/registry/storage/driver/base.(*Base).Stat" trace.id=a4395b98-9a47-43bd-b524-23faad7d3d0f trace.line=155 vars.name=test vars.reference=latest 
time="2023-11-11T01:41:03.235088291Z" level=debug msg="filesystem.PutContent("/docker/registry/v2/blobs/sha256/a2/a250d50e44c6366699e845175235d1c4be154b0c4359b3d7ef5590bf2dcf8eda/data")" go.version=go1.20.8 http.request.contenttype="application/vnd.docker.distribution.manifest.v2+json" http.request.host="127.0.0.1:5000" http.request.id=99bb65dc-00f7-4254-a9d5-6fb0cea0d592 http.request.method=PUT http.request.remoteaddr="127.0.0.1:34542" http.request.uri="/v2/test/manifests/latest" http.request.useragent="containerd/1.7.8+unknown" trace.duration=28s trace.file="github.com/docker/distribution/registry/storage/driver/base/base.go" trace.func="github.com/docker/distribution/registry/storage/driver/base.(*Base).PutContent" trace.id=50fed8c5-273d-4a46-ae55-bf114db11e46 trace.line=110 vars.name=test vars.reference=latest 
time="2023-11-11T01:41:03.235143833Z" level=debug msg="filesystem.PutContent("/docker/registry/v2/repositories/test/_manifests/revisions/sha256/a250d50e44c6366699e845175235d1c4be154b0c4359b3d7ef5590bf2dcf8eda/link")" go.version=go1.20.8 http.request.contenttype="application/vnd.docker.distribution.manifest.v2+json" http.request.host="127.0.0.1:5000" http.request.id=99bb65dc-00f7-4254-a9d5-6fb0cea0d592 http.request.method=PUT http.request.remoteaddr="127.0.0.1:34542" http.request.uri="/v2/test/manifests/latest" http.request.useragent="containerd/1.7.8+unknown" trace.duration=35.792s trace.file="github.com/docker/distribution/registry/storage/driver/base/base.go" trace.func="github.com/docker/distribution/registry/storage/driver/base.(*Base).PutContent" trace.id=314ea2b7-8d23-4b26-96ca-8c21c31cf9b1 trace.line=110 vars.name=test vars.reference=latest 
time="2023-11-11T01:41:03.235240083Z" level=debug msg="filesystem.PutContent("/docker/registry/v2/repositories/test/_manifests/tags/latest/index/sha256/a250d50e44c6366699e845175235d1c4be154b0c4359b3d7ef5590bf2dcf8eda/link")" go.version=go1.20.8 http.request.contenttype="application/vnd.docker.distribution.manifest.v2+json" http.request.host="127.0.0.1:5000" http.request.id=99bb65dc-00f7-4254-a9d5-6fb0cea0d592 http.request.method=PUT http.request.remoteaddr="127.0.0.1:34542" http.request.uri="/v2/test/manifests/latest" http.request.useragent="containerd/1.7.8+unknown" trace.duration=39.125s trace.file="github.com/docker/distribution/registry/storage/driver/base/base.go" trace.func="github.com/docker/distribution/registry/storage/driver/base.(*Base).PutContent" trace.id=778eabf5-4843-4552-bd3d-68702487f8b5 trace.line=110 vars.name=test vars.reference=latest 
time="2023-11-11T01:41:03.235276083Z" level=debug msg="filesystem.PutContent("/docker/registry/v2/repositories/test/_manifests/tags/latest/current/link")" go.version=go1.20.8 http.request.contenttype="application/vnd.docker.distribution.manifest.v2+json" http.request.host="127.0.0.1:5000" http.request.id=99bb65dc-00f7-4254-a9d5-6fb0cea0d592 http.request.method=PUT http.request.remoteaddr="127.0.0.1:34542" http.request.uri="/v2/test/manifests/latest" http.request.useragent="containerd/1.7.8+unknown" trace.duration=20.042s trace.file="github.com/docker/distribution/registry/storage/driver/base/base.go" trace.func="github.com/docker/distribution/registry/storage/driver/base.(*Base).PutContent" trace.id=6cd069e2-e317-4886-beda-01b11475d23d trace.line=110 vars.name=test vars.reference=latest 
time="2023-11-11T01:41:03.235302041Z" level=debug msg="Succeeded in putting manifest!" go.version=go1.20.8 http.request.contenttype="application/vnd.docker.distribution.manifest.v2+json" http.request.host="127.0.0.1:5000" http.request.id=99bb65dc-00f7-4254-a9d5-6fb0cea0d592 http.request.method=PUT http.request.remoteaddr="127.0.0.1:34542" http.request.uri="/v2/test/manifests/latest" http.request.useragent="containerd/1.7.8+unknown" vars.name=test vars.reference=latest 
time="2023-11-11T01:41:03.235309541Z" level=info msg="response completed" go.version=go1.20.8 http.request.contenttype="application/vnd.docker.distribution.manifest.v2+json" http.request.host="127.0.0.1:5000" http.request.id=99bb65dc-00f7-4254-a9d5-6fb0cea0d592 http.request.method=PUT http.request.remoteaddr="127.0.0.1:34542" http.request.uri="/v2/test/manifests/latest" http.request.useragent="containerd/1.7.8+unknown" http.response.duration="887.209s" http.response.status=201 http.response.written=0 
127.0.0.1 - - [11/Nov/2023:01:41:03 +0000] "PUT /v2/test/manifests/latest HTTP/1.1" 201 0 "" "containerd/1.7.8+unknown"
time="2023-11-11T01:41:03.241407916Z" level=debug msg="authorizing request" go.version=go1.20.8 http.request.host="127.0.0.1:5000" http.request.id=966702d6-c516-408b-9e25-2fae9d0e673d http.request.method=GET http.request.remoteaddr="127.0.0.1:34556" http.request.uri="/v2/" http.request.useragent="docker/dev go/go1.21.3 git-commit/3b423ea778906c6fa696ec1916dc7dc00ac492ff kernel/6.5.10-linuxkit os/linux arch/arm64 UpstreamClient(Go-http-client/1.1)" 
time="2023-11-11T01:41:03.24142825Z" level=info msg="response completed" go.version=go1.20.8 http.request.host="127.0.0.1:5000" http.request.id=966702d6-c516-408b-9e25-2fae9d0e673d http.request.method=GET http.request.remoteaddr="127.0.0.1:34556" http.request.uri="/v2/" http.request.useragent="docker/dev go/go1.21.3 git-commit/3b423ea778906c6fa696ec1916dc7dc00ac492ff kernel/6.5.10-linuxkit os/linux arch/arm64 UpstreamClient(Go-http-client/1.1)" http.response.contenttype="application/json; charset=utf-8" http.response.duration="873.292s" http.response.status=200 http.response.written=2 
127.0.0.1 - - [11/Nov/2023:01:41:03 +0000] "GET /v2/ HTTP/1.1" 200 2 "" "docker/dev go/go1.21.3 git-commit/3b423ea778906c6fa696ec1916dc7dc00ac492ff kernel/6.5.10-linuxkit os/linux arch/arm64 UpstreamClient(Go-http-client/1.1)"
time="2023-11-11T01:41:03.242772458Z" level=debug msg="authorizing request" go.version=go1.20.8 http.request.host="127.0.0.1:5000" http.request.id=bc2d90d3-7ca8-4e14-ba5e-e349a5e60a6a http.request.method=HEAD http.request.remoteaddr="127.0.0.1:34570" http.request.uri="/v2/test/manifests/latest" http.request.useragent="docker/dev go/go1.21.3 git-commit/3b423ea778906c6fa696ec1916dc7dc00ac492ff kernel/6.5.10-linuxkit os/linux arch/arm64 UpstreamClient(Go-http-client/1.1)" vars.name=test vars.reference=latest 
time="2023-11-11T01:41:03.242795125Z" level=debug msg=GetImageManifest go.version=go1.20.8 http.request.host="127.0.0.1:5000" http.request.id=bc2d90d3-7ca8-4e14-ba5e-e349a5e60a6a http.request.method=HEAD http.request.remoteaddr="127.0.0.1:34570" http.request.uri="/v2/test/manifests/latest" http.request.useragent="docker/dev go/go1.21.3 git-commit/3b423ea778906c6fa696ec1916dc7dc00ac492ff kernel/6.5.10-linuxkit os/linux arch/arm64 UpstreamClient(Go-http-client/1.1)" vars.name=test vars.reference=latest 
time="2023-11-11T01:41:03.24282825Z" level=debug msg="filesystem.GetContent("/docker/registry/v2/repositories/test/_manifests/tags/latest/current/link")" go.version=go1.20.8 http.request.host="127.0.0.1:5000" http.request.id=bc2d90d3-7ca8-4e14-ba5e-e349a5e60a6a http.request.method=HEAD http.request.remoteaddr="127.0.0.1:34570" http.request.uri="/v2/test/manifests/latest" http.request.useragent="docker/dev go/go1.21.3 git-commit/3b423ea778906c6fa696ec1916dc7dc00ac492ff kernel/6.5.10-linuxkit os/linux arch/arm64 UpstreamClient(Go-http-client/1.1)" trace.duration=18.167s trace.file="github.com/docker/distribution/registry/storage/driver/base/base.go" trace.func="github.com/docker/distribution/registry/storage/driver/base.(*Base).GetContent" trace.id=5faa4676-9384-4ca4-90b8-101d097d5943 trace.line=95 vars.name=test vars.reference=latest 
time="2023-11-11T01:41:03.242842708Z" level=debug msg="(*manifestStore).Get" go.version=go1.20.8 http.request.host="127.0.0.1:5000" http.request.id=bc2d90d3-7ca8-4e14-ba5e-e349a5e60a6a http.request.method=HEAD http.request.remoteaddr="127.0.0.1:34570" http.request.uri="/v2/test/manifests/latest" http.request.useragent="docker/dev go/go1.21.3 git-commit/3b423ea778906c6fa696ec1916dc7dc00ac492ff kernel/6.5.10-linuxkit os/linux arch/arm64 UpstreamClient(Go-http-client/1.1)" vars.name=test vars.reference=latest 
time="2023-11-11T01:41:03.242865166Z" level=debug msg="filesystem.GetContent("/docker/registry/v2/repositories/test/_manifests/revisions/sha256/a250d50e44c6366699e845175235d1c4be154b0c4359b3d7ef5590bf2dcf8eda/link")" go.version=go1.20.8 http.request.host="127.0.0.1:5000" http.request.id=bc2d90d3-7ca8-4e14-ba5e-e349a5e60a6a http.request.method=HEAD http.request.remoteaddr="127.0.0.1:34570" http.request.uri="/v2/test/manifests/latest" http.request.useragent="docker/dev go/go1.21.3 git-commit/3b423ea778906c6fa696ec1916dc7dc00ac492ff kernel/6.5.10-linuxkit os/linux arch/arm64 UpstreamClient(Go-http-client/1.1)" trace.duration=11.417s trace.file="github.com/docker/distribution/registry/storage/driver/base/base.go" trace.func="github.com/docker/distribution/registry/storage/driver/base.(*Base).GetContent" trace.id=3300c42e-d5fa-48f4-b3ee-dfa715e73f65 trace.line=95 vars.name=test vars.reference=latest 
time="2023-11-11T01:41:03.242899041Z" level=debug msg="filesystem.Stat("/docker/registry/v2/blobs/sha256/a2/a250d50e44c6366699e845175235d1c4be154b0c4359b3d7ef5590bf2dcf8eda/data")" go.version=go1.20.8 http.request.host="127.0.0.1:5000" http.request.id=bc2d90d3-7ca8-4e14-ba5e-e349a5e60a6a http.request.method=HEAD http.request.remoteaddr="127.0.0.1:34570" http.request.uri="/v2/test/manifests/latest" http.request.useragent="docker/dev go/go1.21.3 git-commit/3b423ea778906c6fa696ec1916dc7dc00ac492ff kernel/6.5.10-linuxkit os/linux arch/arm64 UpstreamClient(Go-http-client/1.1)" trace.duration=7s trace.file="github.com/docker/distribution/registry/storage/driver/base/base.go" trace.func="github.com/docker/distribution/registry/storage/driver/base.(*Base).Stat" trace.id=553c179e-a7bd-4620-a8ed-554100322169 trace.line=155 vars.name=test vars.reference=latest 
time="2023-11-11T01:41:03.242927083Z" level=debug msg="filesystem.Reader("/docker/registry/v2/blobs/sha256/a2/a250d50e44c6366699e845175235d1c4be154b0c4359b3d7ef5590bf2dcf8eda/data", 0)" go.version=go1.20.8 http.request.host="127.0.0.1:5000" http.request.id=bc2d90d3-7ca8-4e14-ba5e-e349a5e60a6a http.request.method=HEAD http.request.remoteaddr="127.0.0.1:34570" http.request.uri="/v2/test/manifests/latest" http.request.useragent="docker/dev go/go1.21.3 git-commit/3b423ea778906c6fa696ec1916dc7dc00ac492ff kernel/6.5.10-linuxkit os/linux arch/arm64 UpstreamClient(Go-http-client/1.1)" trace.duration=6.416s trace.file="github.com/docker/distribution/registry/storage/driver/base/base.go" trace.func="github.com/docker/distribution/registry/storage/driver/base.(*Base).Reader" trace.id=515ec207-587f-4b96-a391-6e9622feed7e trace.line=125 vars.name=test vars.reference=latest 
time="2023-11-11T01:41:03.242949666Z" level=debug msg="(*schema2ManifestHandler).Unmarshal" go.version=go1.20.8 http.request.host="127.0.0.1:5000" http.request.id=bc2d90d3-7ca8-4e14-ba5e-e349a5e60a6a http.request.method=HEAD http.request.remoteaddr="127.0.0.1:34570" http.request.uri="/v2/test/manifests/latest" http.request.useragent="docker/dev go/go1.21.3 git-commit/3b423ea778906c6fa696ec1916dc7dc00ac492ff kernel/6.5.10-linuxkit os/linux arch/arm64 UpstreamClient(Go-http-client/1.1)" vars.name=test vars.reference=latest 
time="2023-11-11T01:41:03.242998125Z" level=info msg="response completed" go.version=go1.20.8 http.request.host="127.0.0.1:5000" http.request.id=bc2d90d3-7ca8-4e14-ba5e-e349a5e60a6a http.request.method=HEAD http.request.remoteaddr="127.0.0.1:34570" http.request.uri="/v2/test/manifests/latest" http.request.useragent="docker/dev go/go1.21.3 git-commit/3b423ea778906c6fa696ec1916dc7dc00ac492ff kernel/6.5.10-linuxkit os/linux arch/arm64 UpstreamClient(Go-http-client/1.1)" http.response.contenttype="application/vnd.docker.distribution.manifest.v2+json" http.response.duration="599.667s" http.response.status=200 http.response.written=417 
127.0.0.1 - - [11/Nov/2023:01:41:03 +0000] "HEAD /v2/test/manifests/latest HTTP/1.1" 200 417 "" "docker/dev go/go1.21.3 git-commit/3b423ea778906c6fa696ec1916dc7dc00ac492ff kernel/6.5.10-linuxkit os/linux arch/arm64 UpstreamClient(Go-http-client/1.1)"
time="2023-11-11T01:41:03.246791583Z" level=debug msg="authorizing request" go.version=go1.20.8 http.request.host="127.0.0.1:5000" http.request.id=4725cd48-16af-43ae-90cd-ffa5000fe762 http.request.method=GET http.request.remoteaddr="127.0.0.1:34576" http.request.uri="/v2/test/manifests/sha256:a250d50e44c6366699e845175235d1c4be154b0c4359b3d7ef5590bf2dcf8eda" http.request.useragent="docker/dev go/go1.21.3 git-commit/3b423ea778906c6fa696ec1916dc7dc00ac492ff kernel/6.5.10-linuxkit os/linux arch/arm64 UpstreamClient(Go-http-client/1.1)" vars.name=test vars.reference="sha256:a250d50e44c6366699e845175235d1c4be154b0c4359b3d7ef5590bf2dcf8eda" 
time="2023-11-11T01:41:03.2468095Z" level=debug msg=GetImageManifest go.version=go1.20.8 http.request.host="127.0.0.1:5000" http.request.id=4725cd48-16af-43ae-90cd-ffa5000fe762 http.request.method=GET http.request.remoteaddr="127.0.0.1:34576" http.request.uri="/v2/test/manifests/sha256:a250d50e44c6366699e845175235d1c4be154b0c4359b3d7ef5590bf2dcf8eda" http.request.useragent="docker/dev go/go1.21.3 git-commit/3b423ea778906c6fa696ec1916dc7dc00ac492ff kernel/6.5.10-linuxkit os/linux arch/arm64 UpstreamClient(Go-http-client/1.1)" vars.name=test vars.reference="sha256:a250d50e44c6366699e845175235d1c4be154b0c4359b3d7ef5590bf2dcf8eda" 
time="2023-11-11T01:41:03.246815666Z" level=debug msg="(*manifestStore).Get" go.version=go1.20.8 http.request.host="127.0.0.1:5000" http.request.id=4725cd48-16af-43ae-90cd-ffa5000fe762 http.request.method=GET http.request.remoteaddr="127.0.0.1:34576" http.request.uri="/v2/test/manifests/sha256:a250d50e44c6366699e845175235d1c4be154b0c4359b3d7ef5590bf2dcf8eda" http.request.useragent="docker/dev go/go1.21.3 git-commit/3b423ea778906c6fa696ec1916dc7dc00ac492ff kernel/6.5.10-linuxkit os/linux arch/arm64 UpstreamClient(Go-http-client/1.1)" vars.name=test vars.reference="sha256:a250d50e44c6366699e845175235d1c4be154b0c4359b3d7ef5590bf2dcf8eda" 
time="2023-11-11T01:41:03.246845666Z" level=debug msg="filesystem.GetContent("/docker/registry/v2/repositories/test/_manifests/revisions/sha256/a250d50e44c6366699e845175235d1c4be154b0c4359b3d7ef5590bf2dcf8eda/link")" go.version=go1.20.8 http.request.host="127.0.0.1:5000" http.request.id=4725cd48-16af-43ae-90cd-ffa5000fe762 http.request.method=GET http.request.remoteaddr="127.0.0.1:34576" http.request.uri="/v2/test/manifests/sha256:a250d50e44c6366699e845175235d1c4be154b0c4359b3d7ef5590bf2dcf8eda" http.request.useragent="docker/dev go/go1.21.3 git-commit/3b423ea778906c6fa696ec1916dc7dc00ac492ff kernel/6.5.10-linuxkit os/linux arch/arm64 UpstreamClient(Go-http-client/1.1)" trace.duration=17.833s trace.file="github.com/docker/distribution/registry/storage/driver/base/base.go" trace.func="github.com/docker/distribution/registry/storage/driver/base.(*Base).GetContent" trace.id=56d06b08-4afe-4828-8427-4023144591fe trace.line=95 vars.name=test vars.reference="sha256:a250d50e44c6366699e845175235d1c4be154b0c4359b3d7ef5590bf2dcf8eda" 
time="2023-11-11T01:41:03.246873083Z" level=debug msg="filesystem.Stat("/docker/registry/v2/blobs/sha256/a2/a250d50e44c6366699e845175235d1c4be154b0c4359b3d7ef5590bf2dcf8eda/data")" go.version=go1.20.8 http.request.host="127.0.0.1:5000" http.request.id=4725cd48-16af-43ae-90cd-ffa5000fe762 http.request.method=GET http.request.remoteaddr="127.0.0.1:34576" http.request.uri="/v2/test/manifests/sha256:a250d50e44c6366699e845175235d1c4be154b0c4359b3d7ef5590bf2dcf8eda" http.request.useragent="docker/dev go/go1.21.3 git-commit/3b423ea778906c6fa696ec1916dc7dc00ac492ff kernel/6.5.10-linuxkit os/linux arch/arm64 UpstreamClient(Go-http-client/1.1)" trace.duration=6.333s trace.file="github.com/docker/distribution/registry/storage/driver/base/base.go" trace.func="github.com/docker/distribution/registry/storage/driver/base.(*Base).Stat" trace.id=e75714ea-14b2-4087-a2e4-17a7414ae683 trace.line=155 vars.name=test vars.reference="sha256:a250d50e44c6366699e845175235d1c4be154b0c4359b3d7ef5590bf2dcf8eda" 
time="2023-11-11T01:41:03.246911458Z" level=debug msg="filesystem.Reader("/docker/registry/v2/blobs/sha256/a2/a250d50e44c6366699e845175235d1c4be154b0c4359b3d7ef5590bf2dcf8eda/data", 0)" go.version=go1.20.8 http.request.host="127.0.0.1:5000" http.request.id=4725cd48-16af-43ae-90cd-ffa5000fe762 http.request.method=GET http.request.remoteaddr="127.0.0.1:34576" http.request.uri="/v2/test/manifests/sha256:a250d50e44c6366699e845175235d1c4be154b0c4359b3d7ef5590bf2dcf8eda" http.request.useragent="docker/dev go/go1.21.3 git-commit/3b423ea778906c6fa696ec1916dc7dc00ac492ff kernel/6.5.10-linuxkit os/linux arch/arm64 UpstreamClient(Go-http-client/1.1)" trace.duration=8.458s trace.file="github.com/docker/distribution/registry/storage/driver/base/base.go" trace.func="github.com/docker/distribution/registry/storage/driver/base.(*Base).Reader" trace.id=32d0895b-cf18-4283-b140-89f6d555c12b trace.line=125 vars.name=test vars.reference="sha256:a250d50e44c6366699e845175235d1c4be154b0c4359b3d7ef5590bf2dcf8eda" 
time="2023-11-11T01:41:03.24692575Z" level=debug msg="(*schema2ManifestHandler).Unmarshal" go.version=go1.20.8 http.request.host="127.0.0.1:5000" http.request.id=4725cd48-16af-43ae-90cd-ffa5000fe762 http.request.method=GET http.request.remoteaddr="127.0.0.1:34576" http.request.uri="/v2/test/manifests/sha256:a250d50e44c6366699e845175235d1c4be154b0c4359b3d7ef5590bf2dcf8eda" http.request.useragent="docker/dev go/go1.21.3 git-commit/3b423ea778906c6fa696ec1916dc7dc00ac492ff kernel/6.5.10-linuxkit os/linux arch/arm64 UpstreamClient(Go-http-client/1.1)" vars.name=test vars.reference="sha256:a250d50e44c6366699e845175235d1c4be154b0c4359b3d7ef5590bf2dcf8eda" 
time="2023-11-11T01:41:03.246979458Z" level=info msg="response completed" go.version=go1.20.8 http.request.host="127.0.0.1:5000" http.request.id=4725cd48-16af-43ae-90cd-ffa5000fe762 http.request.method=GET http.request.remoteaddr="127.0.0.1:34576" http.request.uri="/v2/test/manifests/sha256:a250d50e44c6366699e845175235d1c4be154b0c4359b3d7ef5590bf2dcf8eda" http.request.useragent="docker/dev go/go1.21.3 git-commit/3b423ea778906c6fa696ec1916dc7dc00ac492ff kernel/6.5.10-linuxkit os/linux arch/arm64 UpstreamClient(Go-http-client/1.1)" http.response.contenttype="application/vnd.docker.distribution.manifest.v2+json" http.response.duration="503.208s" http.response.status=200 http.response.written=417 
127.0.0.1 - - [11/Nov/2023:01:41:03 +0000] "GET /v2/test/manifests/sha256:a250d50e44c6366699e845175235d1c4be154b0c4359b3d7ef5590bf2dcf8eda HTTP/1.1" 200 417 "" "docker/dev go/go1.21.3 git-commit/3b423ea778906c6fa696ec1916dc7dc00ac492ff kernel/6.5.10-linuxkit os/linux arch/arm64 UpstreamClient(Go-http-client/1.1)"
time="2023-11-11T01:41:03.250780916Z" level=debug msg="authorizing request" go.version=go1.20.8 http.request.host="127.0.0.1:5000" http.request.id=c074d7f9-917b-4e43-97dd-051b5346192f http.request.method=GET http.request.remoteaddr="127.0.0.1:34588" http.request.uri="/v2/test/blobs/sha256:5d6b514d5023c9b87d5f9688fb5812d6fbe2c27d90d935a4cd95b7a9b589e923" http.request.useragent="docker/dev go/go1.21.3 git-commit/3b423ea778906c6fa696ec1916dc7dc00ac492ff kernel/6.5.10-linuxkit os/linux arch/arm64 UpstreamClient(Go-http-client/1.1)" vars.digest="sha256:5d6b514d5023c9b87d5f9688fb5812d6fbe2c27d90d935a4cd95b7a9b589e923" vars.name=test 
time="2023-11-11T01:41:03.250805625Z" level=debug msg=GetBlob go.version=go1.20.8 http.request.host="127.0.0.1:5000" http.request.id=c074d7f9-917b-4e43-97dd-051b5346192f http.request.method=GET http.request.remoteaddr="127.0.0.1:34588" http.request.uri="/v2/test/blobs/sha256:5d6b514d5023c9b87d5f9688fb5812d6fbe2c27d90d935a4cd95b7a9b589e923" http.request.useragent="docker/dev go/go1.21.3 git-commit/3b423ea778906c6fa696ec1916dc7dc00ac492ff kernel/6.5.10-linuxkit os/linux arch/arm64 UpstreamClient(Go-http-client/1.1)" vars.digest="sha256:5d6b514d5023c9b87d5f9688fb5812d6fbe2c27d90d935a4cd95b7a9b589e923" vars.name=test 
time="2023-11-11T01:41:03.250835875Z" level=debug msg="filesystem.GetContent("/docker/registry/v2/repositories/test/_layers/sha256/5d6b514d5023c9b87d5f9688fb5812d6fbe2c27d90d935a4cd95b7a9b589e923/link")" go.version=go1.20.8 http.request.host="127.0.0.1:5000" http.request.id=c074d7f9-917b-4e43-97dd-051b5346192f http.request.method=GET http.request.remoteaddr="127.0.0.1:34588" http.request.uri="/v2/test/blobs/sha256:5d6b514d5023c9b87d5f9688fb5812d6fbe2c27d90d935a4cd95b7a9b589e923" http.request.useragent="docker/dev go/go1.21.3 git-commit/3b423ea778906c6fa696ec1916dc7dc00ac492ff kernel/6.5.10-linuxkit os/linux arch/arm64 UpstreamClient(Go-http-client/1.1)" trace.duration=16.083s trace.file="github.com/docker/distribution/registry/storage/driver/base/base.go" trace.func="github.com/docker/distribution/registry/storage/driver/base.(*Base).GetContent" trace.id=8b6b437f-d338-4c4b-b164-d57cd88e20ba trace.line=95 vars.digest="sha256:5d6b514d5023c9b87d5f9688fb5812d6fbe2c27d90d935a4cd95b7a9b589e923" vars.name=test 
time="2023-11-11T01:41:03.250851375Z" level=debug msg="authorizing request" go.version=go1.20.8 http.request.host="127.0.0.1:5000" http.request.id=17cd094e-0ac1-4916-958b-24a32b150292 http.request.method=GET http.request.remoteaddr="127.0.0.1:34578" http.request.uri="/v2/test/blobs/sha256:cf7f382020339d0028918c3868135c3f04f625f684b264b6a63a549bd84ee80b" http.request.useragent="docker/dev go/go1.21.3 git-commit/3b423ea778906c6fa696ec1916dc7dc00ac492ff kernel/6.5.10-linuxkit os/linux arch/arm64 UpstreamClient(Go-http-client/1.1)" vars.digest="sha256:cf7f382020339d0028918c3868135c3f04f625f684b264b6a63a549bd84ee80b" vars.name=test 
time="2023-11-11T01:41:03.250862833Z" level=debug msg="filesystem.Stat("/docker/registry/v2/blobs/sha256/5d/5d6b514d5023c9b87d5f9688fb5812d6fbe2c27d90d935a4cd95b7a9b589e923/data")" go.version=go1.20.8 http.request.host="127.0.0.1:5000" http.request.id=c074d7f9-917b-4e43-97dd-051b5346192f http.request.method=GET http.request.remoteaddr="127.0.0.1:34588" http.request.uri="/v2/test/blobs/sha256:5d6b514d5023c9b87d5f9688fb5812d6fbe2c27d90d935a4cd95b7a9b589e923" http.request.useragent="docker/dev go/go1.21.3 git-commit/3b423ea778906c6fa696ec1916dc7dc00ac492ff kernel/6.5.10-linuxkit os/linux arch/arm64 UpstreamClient(Go-http-client/1.1)" trace.duration=7.75s trace.file="github.com/docker/distribution/registry/storage/driver/base/base.go" trace.func="github.com/docker/distribution/registry/storage/driver/base.(*Base).Stat" trace.id=a61ccad3-ead4-4c17-a6af-9e361885816c trace.line=155 vars.digest="sha256:5d6b514d5023c9b87d5f9688fb5812d6fbe2c27d90d935a4cd95b7a9b589e923" vars.name=test 
time="2023-11-11T01:41:03.250943416Z" level=debug msg="filesystem.GetContent("/docker/registry/v2/repositories/test/_layers/sha256/5d6b514d5023c9b87d5f9688fb5812d6fbe2c27d90d935a4cd95b7a9b589e923/link")" go.version=go1.20.8 http.request.host="127.0.0.1:5000" http.request.id=c074d7f9-917b-4e43-97dd-051b5346192f http.request.method=GET http.request.remoteaddr="127.0.0.1:34588" http.request.uri="/v2/test/blobs/sha256:5d6b514d5023c9b87d5f9688fb5812d6fbe2c27d90d935a4cd95b7a9b589e923" http.request.useragent="docker/dev go/go1.21.3 git-commit/3b423ea778906c6fa696ec1916dc7dc00ac492ff kernel/6.5.10-linuxkit os/linux arch/arm64 UpstreamClient(Go-http-client/1.1)" trace.duration=16.416s trace.file="github.com/docker/distribution/registry/storage/driver/base/base.go" trace.func="github.com/docker/distribution/registry/storage/driver/base.(*Base).GetContent" trace.id=af5bd169-a294-46c0-8b6c-d9f9694224bc trace.line=95 vars.digest="sha256:5d6b514d5023c9b87d5f9688fb5812d6fbe2c27d90d935a4cd95b7a9b589e923" vars.name=test 
time="2023-11-11T01:41:03.250969041Z" level=debug msg="filesystem.Stat("/docker/registry/v2/blobs/sha256/5d/5d6b514d5023c9b87d5f9688fb5812d6fbe2c27d90d935a4cd95b7a9b589e923/data")" go.version=go1.20.8 http.request.host="127.0.0.1:5000" http.request.id=c074d7f9-917b-4e43-97dd-051b5346192f http.request.method=GET http.request.remoteaddr="127.0.0.1:34588" http.request.uri="/v2/test/blobs/sha256:5d6b514d5023c9b87d5f9688fb5812d6fbe2c27d90d935a4cd95b7a9b589e923" http.request.useragent="docker/dev go/go1.21.3 git-commit/3b423ea778906c6fa696ec1916dc7dc00ac492ff kernel/6.5.10-linuxkit os/linux arch/arm64 UpstreamClient(Go-http-client/1.1)" trace.duration=5.875s trace.file="github.com/docker/distribution/registry/storage/driver/base/base.go" trace.func="github.com/docker/distribution/registry/storage/driver/base.(*Base).Stat" trace.id=d8c921ac-bf97-469a-9010-8d5cf4860593 trace.line=155 vars.digest="sha256:5d6b514d5023c9b87d5f9688fb5812d6fbe2c27d90d935a4cd95b7a9b589e923" vars.name=test 
time="2023-11-11T01:41:03.250984625Z" level=debug msg="filesystem.Stat("/docker/registry/v2/blobs/sha256/5d/5d6b514d5023c9b87d5f9688fb5812d6fbe2c27d90d935a4cd95b7a9b589e923/data")" go.version=go1.20.8 http.request.host="127.0.0.1:5000" http.request.id=c074d7f9-917b-4e43-97dd-051b5346192f http.request.method=GET http.request.remoteaddr="127.0.0.1:34588" http.request.uri="/v2/test/blobs/sha256:5d6b514d5023c9b87d5f9688fb5812d6fbe2c27d90d935a4cd95b7a9b589e923" http.request.useragent="docker/dev go/go1.21.3 git-commit/3b423ea778906c6fa696ec1916dc7dc00ac492ff kernel/6.5.10-linuxkit os/linux arch/arm64 UpstreamClient(Go-http-client/1.1)" trace.duration=4.25s trace.file="github.com/docker/distribution/registry/storage/driver/base/base.go" trace.func="github.com/docker/distribution/registry/storage/driver/base.(*Base).Stat" trace.id=1d8137ea-4a62-4299-812f-35c85fe98b43 trace.line=155 vars.digest="sha256:5d6b514d5023c9b87d5f9688fb5812d6fbe2c27d90d935a4cd95b7a9b589e923" vars.name=test 
time="2023-11-11T01:41:03.250999708Z" level=debug msg="filesystem.URLFor("/docker/registry/v2/blobs/sha256/5d/5d6b514d5023c9b87d5f9688fb5812d6fbe2c27d90d935a4cd95b7a9b589e923/data")" go.version=go1.20.8 http.request.host="127.0.0.1:5000" http.request.id=c074d7f9-917b-4e43-97dd-051b5346192f http.request.method=GET http.request.remoteaddr="127.0.0.1:34588" http.request.uri="/v2/test/blobs/sha256:5d6b514d5023c9b87d5f9688fb5812d6fbe2c27d90d935a4cd95b7a9b589e923" http.request.useragent="docker/dev go/go1.21.3 git-commit/3b423ea778906c6fa696ec1916dc7dc00ac492ff kernel/6.5.10-linuxkit os/linux arch/arm64 UpstreamClient(Go-http-client/1.1)" trace.duration=4.75s trace.file="github.com/docker/distribution/registry/storage/driver/base/base.go" trace.func="github.com/docker/distribution/registry/storage/driver/base.(*Base).URLFor" trace.id=4a72e533-af8a-4607-97f3-072dd5d32c9a trace.line=217 vars.digest="sha256:5d6b514d5023c9b87d5f9688fb5812d6fbe2c27d90d935a4cd95b7a9b589e923" vars.name=test 
time="2023-11-11T01:41:03.250870458Z" level=debug msg=GetBlob go.version=go1.20.8 http.request.host="127.0.0.1:5000" http.request.id=17cd094e-0ac1-4916-958b-24a32b150292 http.request.method=GET http.request.remoteaddr="127.0.0.1:34578" http.request.uri="/v2/test/blobs/sha256:cf7f382020339d0028918c3868135c3f04f625f684b264b6a63a549bd84ee80b" http.request.useragent="docker/dev go/go1.21.3 git-commit/3b423ea778906c6fa696ec1916dc7dc00ac492ff kernel/6.5.10-linuxkit os/linux arch/arm64 UpstreamClient(Go-http-client/1.1)" vars.digest="sha256:cf7f382020339d0028918c3868135c3f04f625f684b264b6a63a549bd84ee80b" vars.name=test 
time="2023-11-11T01:41:03.2510335Z" level=debug msg="filesystem.Reader("/docker/registry/v2/blobs/sha256/5d/5d6b514d5023c9b87d5f9688fb5812d6fbe2c27d90d935a4cd95b7a9b589e923/data", 0)" go.version=go1.20.8 http.request.host="127.0.0.1:5000" http.request.id=c074d7f9-917b-4e43-97dd-051b5346192f http.request.method=GET http.request.remoteaddr="127.0.0.1:34588" http.request.uri="/v2/test/blobs/sha256:5d6b514d5023c9b87d5f9688fb5812d6fbe2c27d90d935a4cd95b7a9b589e923" http.request.useragent="docker/dev go/go1.21.3 git-commit/3b423ea778906c6fa696ec1916dc7dc00ac492ff kernel/6.5.10-linuxkit os/linux arch/arm64 UpstreamClient(Go-http-client/1.1)" trace.duration=7.833s trace.file="github.com/docker/distribution/registry/storage/driver/base/base.go" trace.func="github.com/docker/distribution/registry/storage/driver/base.(*Base).Reader" trace.id=98cab2ef-af21-4045-bc5a-64201b0f88d9 trace.line=125 vars.digest="sha256:5d6b514d5023c9b87d5f9688fb5812d6fbe2c27d90d935a4cd95b7a9b589e923" vars.name=test 
time="2023-11-11T01:41:03.251045Z" level=debug msg="filesystem.GetContent("/docker/registry/v2/repositories/test/_layers/sha256/cf7f382020339d0028918c3868135c3f04f625f684b264b6a63a549bd84ee80b/link")" go.version=go1.20.8 http.request.host="127.0.0.1:5000" http.request.id=17cd094e-0ac1-4916-958b-24a32b150292 http.request.method=GET http.request.remoteaddr="127.0.0.1:34578" http.request.uri="/v2/test/blobs/sha256:cf7f382020339d0028918c3868135c3f04f625f684b264b6a63a549bd84ee80b" http.request.useragent="docker/dev go/go1.21.3 git-commit/3b423ea778906c6fa696ec1916dc7dc00ac492ff kernel/6.5.10-linuxkit os/linux arch/arm64 UpstreamClient(Go-http-client/1.1)" trace.duration=17.875s trace.file="github.com/docker/distribution/registry/storage/driver/base/base.go" trace.func="github.com/docker/distribution/registry/storage/driver/base.(*Base).GetContent" trace.id=1faa73b7-6b6d-4f02-88b6-dcebad2cab97 trace.line=95 vars.digest="sha256:cf7f382020339d0028918c3868135c3f04f625f684b264b6a63a549bd84ee80b" vars.name=test 
time="2023-11-11T01:41:03.251063458Z" level=debug msg="filesystem.Stat("/docker/registry/v2/blobs/sha256/cf/cf7f382020339d0028918c3868135c3f04f625f684b264b6a63a549bd84ee80b/data")" go.version=go1.20.8 http.request.host="127.0.0.1:5000" http.request.id=17cd094e-0ac1-4916-958b-24a32b150292 http.request.method=GET http.request.remoteaddr="127.0.0.1:34578" http.request.uri="/v2/test/blobs/sha256:cf7f382020339d0028918c3868135c3f04f625f684b264b6a63a549bd84ee80b" http.request.useragent="docker/dev go/go1.21.3 git-commit/3b423ea778906c6fa696ec1916dc7dc00ac492ff kernel/6.5.10-linuxkit os/linux arch/arm64 UpstreamClient(Go-http-client/1.1)" trace.duration=6s trace.file="github.com/docker/distribution/registry/storage/driver/base/base.go" trace.func="github.com/docker/distribution/registry/storage/driver/base.(*Base).Stat" trace.id=3caac0d2-3414-4768-8595-5686652a15ca trace.line=155 vars.digest="sha256:cf7f382020339d0028918c3868135c3f04f625f684b264b6a63a549bd84ee80b" vars.name=test 
time="2023-11-11T01:41:03.251088291Z" level=debug msg="filesystem.GetContent("/docker/registry/v2/repositories/test/_layers/sha256/cf7f382020339d0028918c3868135c3f04f625f684b264b6a63a549bd84ee80b/link")" go.version=go1.20.8 http.request.host="127.0.0.1:5000" http.request.id=17cd094e-0ac1-4916-958b-24a32b150292 http.request.method=GET http.request.remoteaddr="127.0.0.1:34578" http.request.uri="/v2/test/blobs/sha256:cf7f382020339d0028918c3868135c3f04f625f684b264b6a63a549bd84ee80b" http.request.useragent="docker/dev go/go1.21.3 git-commit/3b423ea778906c6fa696ec1916dc7dc00ac492ff kernel/6.5.10-linuxkit os/linux arch/arm64 UpstreamClient(Go-http-client/1.1)" trace.duration=9.333s trace.file="github.com/docker/distribution/registry/storage/driver/base/base.go" trace.func="github.com/docker/distribution/registry/storage/driver/base.(*Base).GetContent" trace.id=34a72376-c6f1-4aa1-a19e-6b2cbc5b408d trace.line=95 vars.digest="sha256:cf7f382020339d0028918c3868135c3f04f625f684b264b6a63a549bd84ee80b" vars.name=test 
time="2023-11-11T01:41:03.251110041Z" level=debug msg="filesystem.Stat("/docker/registry/v2/blobs/sha256/cf/cf7f382020339d0028918c3868135c3f04f625f684b264b6a63a549bd84ee80b/data")" go.version=go1.20.8 http.request.host="127.0.0.1:5000" http.request.id=17cd094e-0ac1-4916-958b-24a32b150292 http.request.method=GET http.request.remoteaddr="127.0.0.1:34578" http.request.uri="/v2/test/blobs/sha256:cf7f382020339d0028918c3868135c3f04f625f684b264b6a63a549bd84ee80b" http.request.useragent="docker/dev go/go1.21.3 git-commit/3b423ea778906c6fa696ec1916dc7dc00ac492ff kernel/6.5.10-linuxkit os/linux arch/arm64 UpstreamClient(Go-http-client/1.1)" trace.duration=4s trace.file="github.com/docker/distribution/registry/storage/driver/base/base.go" trace.func="github.com/docker/distribution/registry/storage/driver/base.(*Base).Stat" trace.id=5b653ef8-3a5d-4bbe-b178-b0755e1d1343 trace.line=155 vars.digest="sha256:cf7f382020339d0028918c3868135c3f04f625f684b264b6a63a549bd84ee80b" vars.name=test 
time="2023-11-11T01:41:03.2513035Z" level=debug msg="filesystem.Stat("/docker/registry/v2/blobs/sha256/cf/cf7f382020339d0028918c3868135c3f04f625f684b264b6a63a549bd84ee80b/data")" go.version=go1.20.8 http.request.host="127.0.0.1:5000" http.request.id=17cd094e-0ac1-4916-958b-24a32b150292 http.request.method=GET http.request.remoteaddr="127.0.0.1:34578" http.request.uri="/v2/test/blobs/sha256:cf7f382020339d0028918c3868135c3f04f625f684b264b6a63a549bd84ee80b" http.request.useragent="docker/dev go/go1.21.3 git-commit/3b423ea778906c6fa696ec1916dc7dc00ac492ff kernel/6.5.10-linuxkit os/linux arch/arm64 UpstreamClient(Go-http-client/1.1)" trace.duration=180.458s trace.file="github.com/docker/distribution/registry/storage/driver/base/base.go" trace.func="github.com/docker/distribution/registry/storage/driver/base.(*Base).Stat" trace.id=2cfb0081-9580-4cbc-860e-69eb5fbfebe2 trace.line=155 vars.digest="sha256:cf7f382020339d0028918c3868135c3f04f625f684b264b6a63a549bd84ee80b" vars.name=test 
time="2023-11-11T01:41:03.251341708Z" level=debug msg="filesystem.URLFor("/docker/registry/v2/blobs/sha256/cf/cf7f382020339d0028918c3868135c3f04f625f684b264b6a63a549bd84ee80b/data")" go.version=go1.20.8 http.request.host="127.0.0.1:5000" http.request.id=17cd094e-0ac1-4916-958b-24a32b150292 http.request.method=GET http.request.remoteaddr="127.0.0.1:34578" http.request.uri="/v2/test/blobs/sha256:cf7f382020339d0028918c3868135c3f04f625f684b264b6a63a549bd84ee80b" http.request.useragent="docker/dev go/go1.21.3 git-commit/3b423ea778906c6fa696ec1916dc7dc00ac492ff kernel/6.5.10-linuxkit os/linux arch/arm64 UpstreamClient(Go-http-client/1.1)" trace.duration=3.917s trace.file="github.com/docker/distribution/registry/storage/driver/base/base.go" trace.func="github.com/docker/distribution/registry/storage/driver/base.(*Base).URLFor" trace.id=1b510182-483e-4bae-85d3-f53fb9590a81 trace.line=217 vars.digest="sha256:cf7f382020339d0028918c3868135c3f04f625f684b264b6a63a549bd84ee80b" vars.name=test 
time="2023-11-11T01:41:03.251374666Z" level=debug msg="filesystem.Reader("/docker/registry/v2/blobs/sha256/cf/cf7f382020339d0028918c3868135c3f04f625f684b264b6a63a549bd84ee80b/data", 0)" go.version=go1.20.8 http.request.host="127.0.0.1:5000" http.request.id=17cd094e-0ac1-4916-958b-24a32b150292 http.request.method=GET http.request.remoteaddr="127.0.0.1:34578" http.request.uri="/v2/test/blobs/sha256:cf7f382020339d0028918c3868135c3f04f625f684b264b6a63a549bd84ee80b" http.request.useragent="docker/dev go/go1.21.3 git-commit/3b423ea778906c6fa696ec1916dc7dc00ac492ff kernel/6.5.10-linuxkit os/linux arch/arm64 UpstreamClient(Go-http-client/1.1)" trace.duration=10.958s trace.file="github.com/docker/distribution/registry/storage/driver/base/base.go" trace.func="github.com/docker/distribution/registry/storage/driver/base.(*Base).Reader" trace.id=e226a2d1-8ee7-4922-9f74-93ccd8d261aa trace.line=125 vars.digest="sha256:cf7f382020339d0028918c3868135c3f04f625f684b264b6a63a549bd84ee80b" vars.name=test 
time="2023-11-11T01:41:03.251461833Z" level=debug msg="filesystem.GetContent("/docker/registry/v2/repositories/test/_layers/sha256/5d6b514d5023c9b87d5f9688fb5812d6fbe2c27d90d935a4cd95b7a9b589e923/link")" go.version=go1.20.8 http.request.host="127.0.0.1:5000" http.request.id=c074d7f9-917b-4e43-97dd-051b5346192f http.request.method=GET http.request.remoteaddr="127.0.0.1:34588" http.request.uri="/v2/test/blobs/sha256:5d6b514d5023c9b87d5f9688fb5812d6fbe2c27d90d935a4cd95b7a9b589e923" http.request.useragent="docker/dev go/go1.21.3 git-commit/3b423ea778906c6fa696ec1916dc7dc00ac492ff kernel/6.5.10-linuxkit os/linux arch/arm64 UpstreamClient(Go-http-client/1.1)" trace.duration=13.958s trace.file="github.com/docker/distribution/registry/storage/driver/base/base.go" trace.func="github.com/docker/distribution/registry/storage/driver/base.(*Base).GetContent" trace.id=e3c99e93-49ec-4f22-95fb-5befacf10971 trace.line=95 vars.digest="sha256:5d6b514d5023c9b87d5f9688fb5812d6fbe2c27d90d935a4cd95b7a9b589e923" vars.name=test 
time="2023-11-11T01:41:03.25161875Z" level=debug msg="filesystem.Stat("/docker/registry/v2/blobs/sha256/5d/5d6b514d5023c9b87d5f9688fb5812d6fbe2c27d90d935a4cd95b7a9b589e923/data")" go.version=go1.20.8 http.request.host="127.0.0.1:5000" http.request.id=c074d7f9-917b-4e43-97dd-051b5346192f http.request.method=GET http.request.remoteaddr="127.0.0.1:34588" http.request.uri="/v2/test/blobs/sha256:5d6b514d5023c9b87d5f9688fb5812d6fbe2c27d90d935a4cd95b7a9b589e923" http.request.useragent="docker/dev go/go1.21.3 git-commit/3b423ea778906c6fa696ec1916dc7dc00ac492ff kernel/6.5.10-linuxkit os/linux arch/arm64 UpstreamClient(Go-http-client/1.1)" trace.duration=11.291s trace.file="github.com/docker/distribution/registry/storage/driver/base/base.go" trace.func="github.com/docker/distribution/registry/storage/driver/base.(*Base).Stat" trace.id=153fc9c0-29ec-43e5-907a-f5b5fab7acce trace.line=155 vars.digest="sha256:5d6b514d5023c9b87d5f9688fb5812d6fbe2c27d90d935a4cd95b7a9b589e923" vars.name=test 
time="2023-11-11T01:41:03.251650791Z" level=info msg="response completed" go.version=go1.20.8 http.request.host="127.0.0.1:5000" http.request.id=c074d7f9-917b-4e43-97dd-051b5346192f http.request.method=GET http.request.remoteaddr="127.0.0.1:34588" http.request.uri="/v2/test/blobs/sha256:5d6b514d5023c9b87d5f9688fb5812d6fbe2c27d90d935a4cd95b7a9b589e923" http.request.useragent="docker/dev go/go1.21.3 git-commit/3b423ea778906c6fa696ec1916dc7dc00ac492ff kernel/6.5.10-linuxkit os/linux arch/arm64 UpstreamClient(Go-http-client/1.1)" http.response.contenttype="application/octet-stream" http.response.duration=1.718667ms http.response.status=200 http.response.written=68 
127.0.0.1 - - [11/Nov/2023:01:41:03 +0000] "GET /v2/test/blobs/sha256:5d6b514d5023c9b87d5f9688fb5812d6fbe2c27d90d935a4cd95b7a9b589e923 HTTP/1.1" 200 68 "" "docker/dev go/go1.21.3 git-commit/3b423ea778906c6fa696ec1916dc7dc00ac492ff kernel/6.5.10-linuxkit os/linux arch/arm64 UpstreamClient(Go-http-client/1.1)"
time="2023-11-11T01:41:03.251735291Z" level=debug msg="filesystem.GetContent("/docker/registry/v2/repositories/test/_layers/sha256/cf7f382020339d0028918c3868135c3f04f625f684b264b6a63a549bd84ee80b/link")" go.version=go1.20.8 http.request.host="127.0.0.1:5000" http.request.id=17cd094e-0ac1-4916-958b-24a32b150292 http.request.method=GET http.request.remoteaddr="127.0.0.1:34578" http.request.uri="/v2/test/blobs/sha256:cf7f382020339d0028918c3868135c3f04f625f684b264b6a63a549bd84ee80b" http.request.useragent="docker/dev go/go1.21.3 git-commit/3b423ea778906c6fa696ec1916dc7dc00ac492ff kernel/6.5.10-linuxkit os/linux arch/arm64 UpstreamClient(Go-http-client/1.1)" trace.duration=15.041s trace.file="github.com/docker/distribution/registry/storage/driver/base/base.go" trace.func="github.com/docker/distribution/registry/storage/driver/base.(*Base).GetContent" trace.id=7b6b3989-0e99-4ca9-93eb-f0acf00d5512 trace.line=95 vars.digest="sha256:cf7f382020339d0028918c3868135c3f04f625f684b264b6a63a549bd84ee80b" vars.name=test 
time="2023-11-11T01:41:03.251761708Z" level=debug msg="filesystem.Stat("/docker/registry/v2/blobs/sha256/cf/cf7f382020339d0028918c3868135c3f04f625f684b264b6a63a549bd84ee80b/data")" go.version=go1.20.8 http.request.host="127.0.0.1:5000" http.request.id=17cd094e-0ac1-4916-958b-24a32b150292 http.request.method=GET http.request.remoteaddr="127.0.0.1:34578" http.request.uri="/v2/test/blobs/sha256:cf7f382020339d0028918c3868135c3f04f625f684b264b6a63a549bd84ee80b" http.request.useragent="docker/dev go/go1.21.3 git-commit/3b423ea778906c6fa696ec1916dc7dc00ac492ff kernel/6.5.10-linuxkit os/linux arch/arm64 UpstreamClient(Go-http-client/1.1)" trace.duration=5.959s trace.file="github.com/docker/distribution/registry/storage/driver/base/base.go" trace.func="github.com/docker/distribution/registry/storage/driver/base.(*Base).Stat" trace.id=c9619f51-8cbe-4ee6-8d05-018fab5255a9 trace.line=155 vars.digest="sha256:cf7f382020339d0028918c3868135c3f04f625f684b264b6a63a549bd84ee80b" vars.name=test 
time="2023-11-11T01:41:03.251793333Z" level=info msg="response completed" go.version=go1.20.8 http.request.host="127.0.0.1:5000" http.request.id=17cd094e-0ac1-4916-958b-24a32b150292 http.request.method=GET http.request.remoteaddr="127.0.0.1:34578" http.request.uri="/v2/test/blobs/sha256:cf7f382020339d0028918c3868135c3f04f625f684b264b6a63a549bd84ee80b" http.request.useragent="docker/dev go/go1.21.3 git-commit/3b423ea778906c6fa696ec1916dc7dc00ac492ff kernel/6.5.10-linuxkit os/linux arch/arm64 UpstreamClient(Go-http-client/1.1)" http.response.contenttype="application/octet-stream" http.response.duration=2.252917ms http.response.status=200 http.response.written=194 
127.0.0.1 - - [11/Nov/2023:01:41:03 +0000] "GET /v2/test/blobs/sha256:cf7f382020339d0028918c3868135c3f04f625f684b264b6a63a549bd84ee80b HTTP/1.1" 200 194 "" "docker/dev go/go1.21.3 git-commit/3b423ea778906c6fa696ec1916dc7dc00ac492ff kernel/6.5.10-linuxkit os/linux arch/arm64 UpstreamClient(Go-http-client/1.1)"
time="2023-11-11T01:41:03.258697083Z" level=debug msg="authorizing request" go.version=go1.20.8 http.request.host="127.0.0.1:5000" http.request.id=f7016e9f-6912-4033-8ad7-c58043174cc4 http.request.method=GET http.request.remoteaddr="127.0.0.1:34604" http.request.uri="/v2/" http.request.useragent="docker/dev go/go1.21.3 git-commit/3b423ea778906c6fa696ec1916dc7dc00ac492ff kernel/6.5.10-linuxkit os/linux arch/arm64 UpstreamClient(Go-http-client/1.1)" 
time="2023-11-11T01:41:03.258713416Z" level=info msg="response completed" go.version=go1.20.8 http.request.host="127.0.0.1:5000" http.request.id=f7016e9f-6912-4033-8ad7-c58043174cc4 http.request.method=GET http.request.remoteaddr="127.0.0.1:34604" http.request.uri="/v2/" http.request.useragent="docker/dev go/go1.21.3 git-commit/3b423ea778906c6fa696ec1916dc7dc00ac492ff kernel/6.5.10-linuxkit os/linux arch/arm64 UpstreamClient(Go-http-client/1.1)" http.response.contenttype="application/json; charset=utf-8" http.response.duration="332.709s" http.response.status=200 http.response.written=2 
127.0.0.1 - - [11/Nov/2023:01:41:03 +0000] "GET /v2/ HTTP/1.1" 200 2 "" "docker/dev go/go1.21.3 git-commit/3b423ea778906c6fa696ec1916dc7dc00ac492ff kernel/6.5.10-linuxkit os/linux arch/arm64 UpstreamClient(Go-http-client/1.1)"
time="2023-11-11T01:41:03.262395666Z" level=debug msg="authorizing request" go.version=go1.20.8 http.request.host="127.0.0.1:5000" http.request.id=f98c1b03-b5f1-45fb-86a2-bf2f71cedd3a http.request.method=HEAD http.request.remoteaddr="127.0.0.1:34606" http.request.uri="/v2/other/manifests/sha256:a250d50e44c6366699e845175235d1c4be154b0c4359b3d7ef5590bf2dcf8eda" http.request.useragent="docker/dev go/go1.21.3 git-commit/3b423ea778906c6fa696ec1916dc7dc00ac492ff kernel/6.5.10-linuxkit os/linux arch/arm64 UpstreamClient(Go-http-client/1.1)" vars.name=other vars.reference="sha256:a250d50e44c6366699e845175235d1c4be154b0c4359b3d7ef5590bf2dcf8eda" 
time="2023-11-11T01:41:03.26241575Z" level=debug msg=GetImageManifest go.version=go1.20.8 http.request.host="127.0.0.1:5000" http.request.id=f98c1b03-b5f1-45fb-86a2-bf2f71cedd3a http.request.method=HEAD http.request.remoteaddr="127.0.0.1:34606" http.request.uri="/v2/other/manifests/sha256:a250d50e44c6366699e845175235d1c4be154b0c4359b3d7ef5590bf2dcf8eda" http.request.useragent="docker/dev go/go1.21.3 git-commit/3b423ea778906c6fa696ec1916dc7dc00ac492ff kernel/6.5.10-linuxkit os/linux arch/arm64 UpstreamClient(Go-http-client/1.1)" vars.name=other vars.reference="sha256:a250d50e44c6366699e845175235d1c4be154b0c4359b3d7ef5590bf2dcf8eda" 
time="2023-11-11T01:41:03.262421666Z" level=debug msg="(*manifestStore).Get" go.version=go1.20.8 http.request.host="127.0.0.1:5000" http.request.id=f98c1b03-b5f1-45fb-86a2-bf2f71cedd3a http.request.method=HEAD http.request.remoteaddr="127.0.0.1:34606" http.request.uri="/v2/other/manifests/sha256:a250d50e44c6366699e845175235d1c4be154b0c4359b3d7ef5590bf2dcf8eda" http.request.useragent="docker/dev go/go1.21.3 git-commit/3b423ea778906c6fa696ec1916dc7dc00ac492ff kernel/6.5.10-linuxkit os/linux arch/arm64 UpstreamClient(Go-http-client/1.1)" vars.name=other vars.reference="sha256:a250d50e44c6366699e845175235d1c4be154b0c4359b3d7ef5590bf2dcf8eda" 
time="2023-11-11T01:41:03.26244825Z" level=debug msg="filesystem.GetContent("/docker/registry/v2/repositories/other/_manifests/revisions/sha256/a250d50e44c6366699e845175235d1c4be154b0c4359b3d7ef5590bf2dcf8eda/link")" go.version=go1.20.8 http.request.host="127.0.0.1:5000" http.request.id=f98c1b03-b5f1-45fb-86a2-bf2f71cedd3a http.request.method=HEAD http.request.remoteaddr="127.0.0.1:34606" http.request.uri="/v2/other/manifests/sha256:a250d50e44c6366699e845175235d1c4be154b0c4359b3d7ef5590bf2dcf8eda" http.request.useragent="docker/dev go/go1.21.3 git-commit/3b423ea778906c6fa696ec1916dc7dc00ac492ff kernel/6.5.10-linuxkit os/linux arch/arm64 UpstreamClient(Go-http-client/1.1)" trace.duration=13.583s trace.file="github.com/docker/distribution/registry/storage/driver/base/base.go" trace.func="github.com/docker/distribution/registry/storage/driver/base.(*Base).GetContent" trace.id=d1040ff8-3e1b-4245-a9c5-bb311a2836d3 trace.line=95 vars.name=other vars.reference="sha256:a250d50e44c6366699e845175235d1c4be154b0c4359b3d7ef5590bf2dcf8eda" 
time="2023-11-11T01:41:03.262470916Z" level=debug msg="filesystem.GetContent("/docker/registry/v2/repositories/other/_layers/sha256/a250d50e44c6366699e845175235d1c4be154b0c4359b3d7ef5590bf2dcf8eda/link")" go.version=go1.20.8 http.request.host="127.0.0.1:5000" http.request.id=f98c1b03-b5f1-45fb-86a2-bf2f71cedd3a http.request.method=HEAD http.request.remoteaddr="127.0.0.1:34606" http.request.uri="/v2/other/manifests/sha256:a250d50e44c6366699e845175235d1c4be154b0c4359b3d7ef5590bf2dcf8eda" http.request.useragent="docker/dev go/go1.21.3 git-commit/3b423ea778906c6fa696ec1916dc7dc00ac492ff kernel/6.5.10-linuxkit os/linux arch/arm64 UpstreamClient(Go-http-client/1.1)" trace.duration=6.292s trace.file="github.com/docker/distribution/registry/storage/driver/base/base.go" trace.func="github.com/docker/distribution/registry/storage/driver/base.(*Base).GetContent" trace.id=b50bb048-6a8c-4f74-b669-1faa2aedc88e trace.line=95 vars.name=other vars.reference="sha256:a250d50e44c6366699e845175235d1c4be154b0c4359b3d7ef5590bf2dcf8eda" 
time="2023-11-11T01:41:03.262507291Z" level=error msg="response completed with error" err.code="manifest unknown" err.detail="unknown manifest name=other revision=sha256:a250d50e44c6366699e845175235d1c4be154b0c4359b3d7ef5590bf2dcf8eda" err.message="manifest unknown" go.version=go1.20.8 http.request.host="127.0.0.1:5000" http.request.id=f98c1b03-b5f1-45fb-86a2-bf2f71cedd3a http.request.method=HEAD http.request.remoteaddr="127.0.0.1:34606" http.request.uri="/v2/other/manifests/sha256:a250d50e44c6366699e845175235d1c4be154b0c4359b3d7ef5590bf2dcf8eda" http.request.useragent="docker/dev go/go1.21.3 git-commit/3b423ea778906c6fa696ec1916dc7dc00ac492ff kernel/6.5.10-linuxkit os/linux arch/arm64 UpstreamClient(Go-http-client/1.1)" http.response.contenttype="application/json; charset=utf-8" http.response.duration="813.542s" http.response.status=404 http.response.written=181 vars.name=other vars.reference="sha256:a250d50e44c6366699e845175235d1c4be154b0c4359b3d7ef5590bf2dcf8eda" 
127.0.0.1 - - [11/Nov/2023:01:41:03 +0000] "HEAD /v2/other/manifests/sha256:a250d50e44c6366699e845175235d1c4be154b0c4359b3d7ef5590bf2dcf8eda HTTP/1.1" 404 181 "" "docker/dev go/go1.21.3 git-commit/3b423ea778906c6fa696ec1916dc7dc00ac492ff kernel/6.5.10-linuxkit os/linux arch/arm64 UpstreamClient(Go-http-client/1.1)"
time="2023-11-11T01:41:03.263509666Z" level=debug msg="authorizing request" go.version=go1.20.8 http.request.host="127.0.0.1:5000" http.request.id=686351d6-071f-457d-b940-fb5aa660468a http.request.method=GET http.request.remoteaddr="127.0.0.1:34616" http.request.uri="/v2/other/manifests/sha256:a250d50e44c6366699e845175235d1c4be154b0c4359b3d7ef5590bf2dcf8eda" http.request.useragent="docker/dev go/go1.21.3 git-commit/3b423ea778906c6fa696ec1916dc7dc00ac492ff kernel/6.5.10-linuxkit os/linux arch/arm64 UpstreamClient(Go-http-client/1.1)" vars.name=other vars.reference="sha256:a250d50e44c6366699e845175235d1c4be154b0c4359b3d7ef5590bf2dcf8eda" 
time="2023-11-11T01:41:03.263532125Z" level=debug msg=GetImageManifest go.version=go1.20.8 http.request.host="127.0.0.1:5000" http.request.id=686351d6-071f-457d-b940-fb5aa660468a http.request.method=GET http.request.remoteaddr="127.0.0.1:34616" http.request.uri="/v2/other/manifests/sha256:a250d50e44c6366699e845175235d1c4be154b0c4359b3d7ef5590bf2dcf8eda" http.request.useragent="docker/dev go/go1.21.3 git-commit/3b423ea778906c6fa696ec1916dc7dc00ac492ff kernel/6.5.10-linuxkit os/linux arch/arm64 UpstreamClient(Go-http-client/1.1)" vars.name=other vars.reference="sha256:a250d50e44c6366699e845175235d1c4be154b0c4359b3d7ef5590bf2dcf8eda" 
time="2023-11-11T01:41:03.26354Z" level=debug msg="(*manifestStore).Get" go.version=go1.20.8 http.request.host="127.0.0.1:5000" http.request.id=686351d6-071f-457d-b940-fb5aa660468a http.request.method=GET http.request.remoteaddr="127.0.0.1:34616" http.request.uri="/v2/other/manifests/sha256:a250d50e44c6366699e845175235d1c4be154b0c4359b3d7ef5590bf2dcf8eda" http.request.useragent="docker/dev go/go1.21.3 git-commit/3b423ea778906c6fa696ec1916dc7dc00ac492ff kernel/6.5.10-linuxkit os/linux arch/arm64 UpstreamClient(Go-http-client/1.1)" vars.name=other vars.reference="sha256:a250d50e44c6366699e845175235d1c4be154b0c4359b3d7ef5590bf2dcf8eda" 
time="2023-11-11T01:41:03.263565Z" level=debug msg="filesystem.GetContent("/docker/registry/v2/repositories/other/_manifests/revisions/sha256/a250d50e44c6366699e845175235d1c4be154b0c4359b3d7ef5590bf2dcf8eda/link")" go.version=go1.20.8 http.request.host="127.0.0.1:5000" http.request.id=686351d6-071f-457d-b940-fb5aa660468a http.request.method=GET http.request.remoteaddr="127.0.0.1:34616" http.request.uri="/v2/other/manifests/sha256:a250d50e44c6366699e845175235d1c4be154b0c4359b3d7ef5590bf2dcf8eda" http.request.useragent="docker/dev go/go1.21.3 git-commit/3b423ea778906c6fa696ec1916dc7dc00ac492ff kernel/6.5.10-linuxkit os/linux arch/arm64 UpstreamClient(Go-http-client/1.1)" trace.duration=13.333s trace.file="github.com/docker/distribution/registry/storage/driver/base/base.go" trace.func="github.com/docker/distribution/registry/storage/driver/base.(*Base).GetContent" trace.id=e5c0e462-cc47-4a21-81ad-2e67a937bd24 trace.line=95 vars.name=other vars.reference="sha256:a250d50e44c6366699e845175235d1c4be154b0c4359b3d7ef5590bf2dcf8eda" 
time="2023-11-11T01:41:03.263583333Z" level=debug msg="filesystem.GetContent("/docker/registry/v2/repositories/other/_layers/sha256/a250d50e44c6366699e845175235d1c4be154b0c4359b3d7ef5590bf2dcf8eda/link")" go.version=go1.20.8 http.request.host="127.0.0.1:5000" http.request.id=686351d6-071f-457d-b940-fb5aa660468a http.request.method=GET http.request.remoteaddr="127.0.0.1:34616" http.request.uri="/v2/other/manifests/sha256:a250d50e44c6366699e845175235d1c4be154b0c4359b3d7ef5590bf2dcf8eda" http.request.useragent="docker/dev go/go1.21.3 git-commit/3b423ea778906c6fa696ec1916dc7dc00ac492ff kernel/6.5.10-linuxkit os/linux arch/arm64 UpstreamClient(Go-http-client/1.1)" trace.duration=5.541s trace.file="github.com/docker/distribution/registry/storage/driver/base/base.go" trace.func="github.com/docker/distribution/registry/storage/driver/base.(*Base).GetContent" trace.id=d054d097-4b5a-4b75-a310-bd09742460b2 trace.line=95 vars.name=other vars.reference="sha256:a250d50e44c6366699e845175235d1c4be154b0c4359b3d7ef5590bf2dcf8eda" 
time="2023-11-11T01:41:03.263609208Z" level=error msg="response completed with error" err.code="manifest unknown" err.detail="unknown manifest name=other revision=sha256:a250d50e44c6366699e845175235d1c4be154b0c4359b3d7ef5590bf2dcf8eda" err.message="manifest unknown" go.version=go1.20.8 http.request.host="127.0.0.1:5000" http.request.id=686351d6-071f-457d-b940-fb5aa660468a http.request.method=GET http.request.remoteaddr="127.0.0.1:34616" http.request.uri="/v2/other/manifests/sha256:a250d50e44c6366699e845175235d1c4be154b0c4359b3d7ef5590bf2dcf8eda" http.request.useragent="docker/dev go/go1.21.3 git-commit/3b423ea778906c6fa696ec1916dc7dc00ac492ff kernel/6.5.10-linuxkit os/linux arch/arm64 UpstreamClient(Go-http-client/1.1)" http.response.contenttype="application/json; charset=utf-8" http.response.duration="475.291s" http.response.status=404 http.response.written=181 vars.name=other vars.reference="sha256:a250d50e44c6366699e845175235d1c4be154b0c4359b3d7ef5590bf2dcf8eda" 
127.0.0.1 - - [11/Nov/2023:01:41:03 +0000] "GET /v2/other/manifests/sha256:a250d50e44c6366699e845175235d1c4be154b0c4359b3d7ef5590bf2dcf8eda HTTP/1.1" 404 181 "" "docker/dev go/go1.21.3 git-commit/3b423ea778906c6fa696ec1916dc7dc00ac492ff kernel/6.5.10-linuxkit os/linux arch/arm64 UpstreamClient(Go-http-client/1.1)"
--- PASS: TestImagePullStoredfDigestForOtherRepo (0.16s)
=== RUN   TestImagePullNonExisting
=== RUN   TestImagePullNonExisting/asdfasdf:foobar
=== PAUSE TestImagePullNonExisting/asdfasdf:foobar
=== RUN   TestImagePullNonExisting/library/asdfasdf:foobar
=== PAUSE TestImagePullNonExisting/library/asdfasdf:foobar
=== RUN   TestImagePullNonExisting/asdfasdf
=== PAUSE TestImagePullNonExisting/asdfasdf
=== RUN   TestImagePullNonExisting/asdfasdf:latest
=== PAUSE TestImagePullNonExisting/asdfasdf:latest
=== RUN   TestImagePullNonExisting/library/asdfasdf
=== PAUSE TestImagePullNonExisting/library/asdfasdf
=== RUN   TestImagePullNonExisting/library/asdfasdf:latest
=== PAUSE TestImagePullNonExisting/library/asdfasdf:latest
=== CONT  TestImagePullNonExisting/asdfasdf:foobar
=== CONT  TestImagePullNonExisting/library/asdfasdf
=== CONT  TestImagePullNonExisting/asdfasdf:latest
=== CONT  TestImagePullNonExisting/asdfasdf
=== CONT  TestImagePullNonExisting/library/asdfasdf:foobar
=== CONT  TestImagePullNonExisting/library/asdfasdf:latest
--- PASS: TestImagePullNonExisting (0.02s)
    --- PASS: TestImagePullNonExisting/asdfasdf:latest (0.99s)
    --- PASS: TestImagePullNonExisting/library/asdfasdf:foobar (0.99s)
    --- PASS: TestImagePullNonExisting/asdfasdf:foobar (0.99s)
    --- PASS: TestImagePullNonExisting/library/asdfasdf:latest (0.99s)
    --- PASS: TestImagePullNonExisting/asdfasdf (1.26s)
    --- PASS: TestImagePullNonExisting/library/asdfasdf (1.26s)
=== RUN   TestRemoveImageOrphaning
--- PASS: TestRemoveImageOrphaning (1.51s)
=== RUN   TestRemoveByDigest
    remove_test.go:64: !testEnv.UsingSnapshotter(): RepoDigests doesn't include tags when using graphdrivers
--- SKIP: TestRemoveByDigest (0.00s)
=== RUN   TestRemoveImageGarbageCollector
    remove_unix_test.go:34: (*Execution).NotAmd64-fm
--- SKIP: TestRemoveImageGarbageCollector (0.00s)
=== RUN   TestSaveCheckTimes
=== PAUSE TestSaveCheckTimes
=== RUN   TestSaveRepoWithMultipleImages
--- PASS: TestSaveRepoWithMultipleImages (2.00s)
=== RUN   TestSaveDirectoryPermissions
--- PASS: TestSaveDirectoryPermissions (2.01s)
=== RUN   TestTagUnprefixedRepoByNameOrName
--- PASS: TestTagUnprefixedRepoByNameOrName (0.01s)
=== RUN   TestTagUsingDigestAlgorithmAsName
--- PASS: TestTagUsingDigestAlgorithmAsName (0.01s)
=== RUN   TestTagValidPrefixedRepo
=== RUN   TestTagValidPrefixedRepo/fooo/bar
=== PAUSE TestTagValidPrefixedRepo/fooo/bar
=== RUN   TestTagValidPrefixedRepo/fooaa/test
=== PAUSE TestTagValidPrefixedRepo/fooaa/test
=== RUN   TestTagValidPrefixedRepo/foooo:t
=== PAUSE TestTagValidPrefixedRepo/foooo:t
=== RUN   TestTagValidPrefixedRepo/HOSTNAME.DOMAIN.COM:443/foo/bar
=== PAUSE TestTagValidPrefixedRepo/HOSTNAME.DOMAIN.COM:443/foo/bar
=== CONT  TestTagValidPrefixedRepo/fooo/bar
=== CONT  TestTagValidPrefixedRepo/HOSTNAME.DOMAIN.COM:443/foo/bar
=== CONT  TestTagValidPrefixedRepo/foooo:t
=== CONT  TestTagValidPrefixedRepo/fooaa/test
--- PASS: TestTagValidPrefixedRepo (0.01s)
    --- PASS: TestTagValidPrefixedRepo/fooo/bar (0.00s)
    --- PASS: TestTagValidPrefixedRepo/foooo:t (0.00s)
    --- PASS: TestTagValidPrefixedRepo/fooaa/test (0.00s)
    --- PASS: TestTagValidPrefixedRepo/HOSTNAME.DOMAIN.COM:443/foo/bar (0.01s)
=== RUN   TestTagExistedNameWithoutForce
--- PASS: TestTagExistedNameWithoutForce (0.01s)
=== RUN   TestTagOfficialNames
=== RUN   TestTagOfficialNames/tag_from_busybox_to_docker.io/busybox
=== RUN   TestTagOfficialNames/tag_from_busybox_to_index.docker.io/busybox
=== RUN   TestTagOfficialNames/tag_from_busybox_to_library/busybox
=== RUN   TestTagOfficialNames/tag_from_busybox_to_docker.io/library/busybox
=== RUN   TestTagOfficialNames/tag_from_busybox_to_index.docker.io/library/busybox
--- PASS: TestTagOfficialNames (0.03s)
    --- PASS: TestTagOfficialNames/tag_from_busybox_to_docker.io/busybox (0.00s)
    --- PASS: TestTagOfficialNames/tag_from_busybox_to_index.docker.io/busybox (0.01s)
    --- PASS: TestTagOfficialNames/tag_from_busybox_to_library/busybox (0.00s)
    --- PASS: TestTagOfficialNames/tag_from_busybox_to_docker.io/library/busybox (0.00s)
    --- PASS: TestTagOfficialNames/tag_from_busybox_to_index.docker.io/library/busybox (0.00s)
=== RUN   TestTagMatchesDigest
--- PASS: TestTagMatchesDigest (0.01s)
=== CONT  TestSaveCheckTimes
--- PASS: TestSaveCheckTimes (0.02s)
PASS

=== Skipped
=== SKIP: arm64.integration.image TestImportExtremelyLargeImageWorks (0.00s)
    import_test.go:23: runtime.GOARCH == "arm64": effective test will be time out

=== SKIP: arm64.integration.image TestRemoveByDigest (0.00s)
    remove_test.go:64: !testEnv.UsingSnapshotter(): RepoDigests doesn't include tags when using graphdrivers

=== SKIP: arm64.integration.image TestRemoveImageGarbageCollector (0.00s)
    remove_unix_test.go:34: (*Execution).NotAmd64-fm

DONE 53 tests, 3 skipped in 18.844s
Running /go/src/github.com/docker/docker/integration/internal/termtest (arm64.integration.internal.termtest) flags=-test.v -test.timeout=5m  
=== RUN   TestStripANSICommands
=== RUN   TestStripANSICommands/#00
=== RUN   TestStripANSICommands/#01
--- PASS: TestStripANSICommands (0.00s)
    --- PASS: TestStripANSICommands/#00 (0.00s)
    --- PASS: TestStripANSICommands/#01 (0.00s)
PASS

DONE 3 tests in 0.016s
Running /go/src/github.com/docker/docker/integration/network (arm64.integration.network) flags=-test.v -test.timeout=5m  
INFO: Testing against a local daemon
=== RUN   TestCreateWithMultiNetworks
--- PASS: TestCreateWithMultiNetworks (0.50s)
=== RUN   TestNetworkCreateDelete
--- PASS: TestNetworkCreateDelete (0.09s)
=== RUN   TestDockerNetworkDeletePreferID
--- PASS: TestDockerNetworkDeletePreferID (0.22s)
=== RUN   TestDaemonDNSFallback
--- PASS: TestDaemonDNSFallback (9.13s)
=== RUN   TestInspectNetwork
=== RUN   TestInspectNetwork/full_network_id
=== RUN   TestInspectNetwork/partial_network_id
=== RUN   TestInspectNetwork/network_name
=== RUN   TestInspectNetwork/network_name_and_swarm_scope
--- PASS: TestInspectNetwork (9.16s)
    --- PASS: TestInspectNetwork/full_network_id (0.00s)
    --- PASS: TestInspectNetwork/partial_network_id (0.00s)
    --- PASS: TestInspectNetwork/network_name (0.00s)
    --- PASS: TestInspectNetwork/network_name_and_swarm_scope (0.00s)
=== RUN   TestRunContainerWithBridgeNone
--- PASS: TestRunContainerWithBridgeNone (5.28s)
=== RUN   TestNetworkInvalidJSON
=== RUN   TestNetworkInvalidJSON/networks/create
=== PAUSE TestNetworkInvalidJSON/networks/create
=== RUN   TestNetworkInvalidJSON/networks/bridge/connect
=== PAUSE TestNetworkInvalidJSON/networks/bridge/connect
=== RUN   TestNetworkInvalidJSON/networks/bridge/disconnect
=== PAUSE TestNetworkInvalidJSON/networks/bridge/disconnect
=== CONT  TestNetworkInvalidJSON/networks/create
=== RUN   TestNetworkInvalidJSON/networks/create/invalid_content_type
=== CONT  TestNetworkInvalidJSON/networks/bridge/disconnect
=== RUN   TestNetworkInvalidJSON/networks/bridge/disconnect/invalid_content_type
=== CONT  TestNetworkInvalidJSON/networks/bridge/connect
=== RUN   TestNetworkInvalidJSON/networks/bridge/connect/invalid_content_type
=== RUN   TestNetworkInvalidJSON/networks/bridge/disconnect/invalid_JSON
=== RUN   TestNetworkInvalidJSON/networks/bridge/connect/invalid_JSON
=== RUN   TestNetworkInvalidJSON/networks/create/invalid_JSON
=== RUN   TestNetworkInvalidJSON/networks/bridge/disconnect/extra_content_after_JSON
=== RUN   TestNetworkInvalidJSON/networks/bridge/connect/extra_content_after_JSON
=== RUN   TestNetworkInvalidJSON/networks/bridge/disconnect/empty_body
=== RUN   TestNetworkInvalidJSON/networks/create/extra_content_after_JSON
=== RUN   TestNetworkInvalidJSON/networks/bridge/connect/empty_body
=== RUN   TestNetworkInvalidJSON/networks/create/empty_body
--- PASS: TestNetworkInvalidJSON (0.01s)
    --- PASS: TestNetworkInvalidJSON/networks/bridge/disconnect (0.00s)
        --- PASS: TestNetworkInvalidJSON/networks/bridge/disconnect/invalid_content_type (0.00s)
        --- PASS: TestNetworkInvalidJSON/networks/bridge/disconnect/invalid_JSON (0.00s)
        --- PASS: TestNetworkInvalidJSON/networks/bridge/disconnect/extra_content_after_JSON (0.00s)
        --- PASS: TestNetworkInvalidJSON/networks/bridge/disconnect/empty_body (0.00s)
    --- PASS: TestNetworkInvalidJSON/networks/bridge/connect (0.00s)
        --- PASS: TestNetworkInvalidJSON/networks/bridge/connect/invalid_content_type (0.00s)
        --- PASS: TestNetworkInvalidJSON/networks/bridge/connect/invalid_JSON (0.00s)
        --- PASS: TestNetworkInvalidJSON/networks/bridge/connect/extra_content_after_JSON (0.00s)
        --- PASS: TestNetworkInvalidJSON/networks/bridge/connect/empty_body (0.00s)
    --- PASS: TestNetworkInvalidJSON/networks/create (0.00s)
        --- PASS: TestNetworkInvalidJSON/networks/create/invalid_content_type (0.00s)
        --- PASS: TestNetworkInvalidJSON/networks/create/invalid_JSON (0.00s)
        --- PASS: TestNetworkInvalidJSON/networks/create/extra_content_after_JSON (0.00s)
        --- PASS: TestNetworkInvalidJSON/networks/create/empty_body (0.00s)
=== RUN   TestNetworkList
=== RUN   TestNetworkList//networks
=== PAUSE TestNetworkList//networks
=== RUN   TestNetworkList//networks/
=== PAUSE TestNetworkList//networks/
=== CONT  TestNetworkList//networks
=== CONT  TestNetworkList//networks/
--- PASS: TestNetworkList (0.01s)
    --- PASS: TestNetworkList//networks/ (0.00s)
    --- PASS: TestNetworkList//networks (0.00s)
=== RUN   TestHostIPv4BridgeLabel
--- PASS: TestHostIPv4BridgeLabel (0.60s)
=== RUN   TestDefaultNetworkOpts
=== RUN   TestDefaultNetworkOpts/default_value
=== RUN   TestDefaultNetworkOpts/cmdline_value
=== RUN   TestDefaultNetworkOpts/config-from_value
--- PASS: TestDefaultNetworkOpts (12.41s)
    --- PASS: TestDefaultNetworkOpts/default_value (4.15s)
    --- PASS: TestDefaultNetworkOpts/cmdline_value (4.17s)
    --- PASS: TestDefaultNetworkOpts/config-from_value (4.09s)
=== RUN   TestForbidDuplicateNetworkNames
--- PASS: TestForbidDuplicateNetworkNames (3.05s)
=== RUN   TestDaemonRestartWithLiveRestore
--- PASS: TestDaemonRestartWithLiveRestore (1.12s)
=== RUN   TestDaemonDefaultNetworkPools
    service_test.go:93: assertion failed: 175.33.2.0/24 (out.IPAM.Config[0].Subnet string) != 175.33.0.0/24 (string)
--- FAIL: TestDaemonDefaultNetworkPools (0.65s)
=== RUN   TestDaemonRestartWithExistingNetwork
--- PASS: TestDaemonRestartWithExistingNetwork (1.20s)
=== RUN   TestDaemonRestartWithExistingNetworkWithDefaultPoolRange
--- PASS: TestDaemonRestartWithExistingNetworkWithDefaultPoolRange (1.26s)
=== RUN   TestDaemonWithBipAndDefaultNetworkPool
--- PASS: TestDaemonWithBipAndDefaultNetworkPool (0.61s)
=== RUN   TestServiceWithPredefinedNetwork
--- PASS: TestServiceWithPredefinedNetwork (4.92s)
=== RUN   TestServiceRemoveKeepsIngressNetwork
    service_test.go:256: FLAKY_TEST
--- SKIP: TestServiceRemoveKeepsIngressNetwork (0.00s)
=== RUN   TestServiceWithDataPathPortInit
--- PASS: TestServiceWithDataPathPortInit (17.97s)
=== RUN   TestServiceWithDefaultAddressPoolInit
    service_test.go:447: TestServiceWithDefaultAddressPoolInit: NetworkInspect: {Name:sthiraTestServiceWithDefaultAddressPoolInit ID:o7wxfljlwjp3xnnwhbft49reg Created:2023-11-11 01:42:22.305468592 +0000 UTC Scope:swarm Driver:overlay EnableIPv6:false IPAM:{Driver:default Options:map[] Config:[{Subnet:20.20.1.0/24 IPRange: Gateway:20.20.1.1 AuxAddress:map[]}]} Internal:false Attachable:false Ingress:false ConfigFrom:{Network:} ConfigOnly:false Containers:map[32d8d201b0d91dd532bbd2404e241ff82359c0e8c88030b52586586507feb263:{Name:TestServiceTestServiceWithDefaultAddressPoolInit.1.u44nkl1pvh2pfmxrq2ut6hpth EndpointID:b6e32074f6a1e0ad887e28467e578a3a2a812618a835c83cc39a28609ef9c5a2 MacAddress:02:42:14:14:01:03 IPv4Address:20.20.1.3/24 IPv6Address:} lb-sthiraTestServiceWithDefaultAddressPoolInit:{Name:sthiraTestServiceWithDefaultAddressPoolInit-endpoint EndpointID:6924b49f783a7e14498a473b5a3cb84addf9a0b71d537cfe09b0f44a20051f89 MacAddress:02:42:14:14:01:04 IPv4Address:20.20.1.4/24 IPv6Address:}] Options:map[com.docker.network.driver.overlay.vxlanid_list:4097] Labels:map[] Peers:[{Name:87a5ab6854de IP:127.0.0.1}] Services:map[TestServiceTestServiceWithDefaultAddressPoolInit:{VIP:20.20.1.2 Ports:[] LocalLBIndex:256 Tasks:[{Name:TestServiceTestServiceWithDefaultAddressPoolInit.1.u44nkl1pvh2pfmxrq2ut6hpth EndpointID:b6e32074f6a1e0ad887e28467e578a3a2a812618a835c83cc39a28609ef9c5a2 EndpointIP:20.20.1.3 Info:map[Host IP:127.0.0.1]}]}]}
--- PASS: TestServiceWithDefaultAddressPoolInit (9.03s)
FAIL

=== Skipped
=== SKIP: arm64.integration.network TestServiceRemoveKeepsIngressNetwork (0.00s)
    service_test.go:256: FLAKY_TEST

=== Failed
=== FAIL: arm64.integration.network TestDaemonDefaultNetworkPools (0.65s)
    service_test.go:93: assertion failed: 175.33.2.0/24 (out.IPAM.Config[0].Subnet string) != 175.33.0.0/24 (string)

DONE 44 tests, 1 skipped, 1 failure in 77.298s
Running /go/src/github.com/docker/docker/integration/network/ipvlan (arm64.integration.network.ipvlan) flags=-test.v -test.timeout=5m  
INFO: Testing against a local daemon
=== RUN   TestDockerNetworkIpvlanPersistance
    ipvlan_test.go:26: !ipvlanKernelSupport(t): Kernel doesn't support ipvlan
--- SKIP: TestDockerNetworkIpvlanPersistance (0.00s)
=== RUN   TestDockerNetworkIpvlan
    ipvlan_test.go:55: !ipvlanKernelSupport(t): Kernel doesn't support ipvlan
--- SKIP: TestDockerNetworkIpvlan (0.00s)
PASS

=== Skipped
=== SKIP: arm64.integration.network.ipvlan TestDockerNetworkIpvlanPersistance (0.00s)
    ipvlan_test.go:26: !ipvlanKernelSupport(t): Kernel doesn't support ipvlan

=== SKIP: arm64.integration.network.ipvlan TestDockerNetworkIpvlan (0.00s)
    ipvlan_test.go:55: !ipvlanKernelSupport(t): Kernel doesn't support ipvlan

DONE 2 tests, 2 skipped in 0.073s
Running /go/src/github.com/docker/docker/integration/network/macvlan (arm64.integration.network.macvlan) flags=-test.v -test.timeout=5m  
INFO: Testing against a local daemon
=== RUN   TestDockerNetworkMacvlanPersistance
--- PASS: TestDockerNetworkMacvlanPersistance (3.59s)
=== RUN   TestDockerNetworkMacvlan
=== RUN   TestDockerNetworkMacvlan/Subinterface
=== RUN   TestDockerNetworkMacvlan/OverlapParent
=== RUN   TestDockerNetworkMacvlan/NilParent
=== RUN   TestDockerNetworkMacvlan/InternalMode
=== RUN   TestDockerNetworkMacvlan/MultiSubnet
=== RUN   TestDockerNetworkMacvlan/Addressing
--- PASS: TestDockerNetworkMacvlan (18.48s)
    --- PASS: TestDockerNetworkMacvlan/Subinterface (3.12s)
    --- PASS: TestDockerNetworkMacvlan/OverlapParent (3.07s)
    --- PASS: TestDockerNetworkMacvlan/NilParent (3.04s)
    --- PASS: TestDockerNetworkMacvlan/InternalMode (3.10s)
    --- PASS: TestDockerNetworkMacvlan/MultiSubnet (3.01s)
    --- PASS: TestDockerNetworkMacvlan/Addressing (3.14s)
PASS

DONE 8 tests in 22.140s
Running /go/src/github.com/docker/docker/integration/networking (arm64.integration.networking) flags=-test.v -test.timeout=5m  
INFO: Testing against a local daemon
=== RUN   TestBridgeICC
=== RUN   TestBridgeICC/IPv4_non-internal_network
=== RUN   TestBridgeICC/IPv4_internal_network
=== RUN   TestBridgeICC/IPv6_ULA_on_non-internal_network
=== RUN   TestBridgeICC/IPv6_ULA_on_internal_network
=== RUN   TestBridgeICC/IPv6_link-local_address_on_non-internal_network
=== RUN   TestBridgeICC/IPv6_link-local_address_on_internal_network
=== RUN   TestBridgeICC/IPv6_non-internal_network_with_SLAAC_LL_address
=== RUN   TestBridgeICC/IPv6_internal_network_with_SLAAC_LL_address
--- PASS: TestBridgeICC (21.22s)
    --- PASS: TestBridgeICC/IPv4_non-internal_network (1.96s)
    --- PASS: TestBridgeICC/IPv4_internal_network (1.91s)
    --- PASS: TestBridgeICC/IPv6_ULA_on_non-internal_network (2.05s)
    --- PASS: TestBridgeICC/IPv6_ULA_on_internal_network (1.99s)
    --- PASS: TestBridgeICC/IPv6_link-local_address_on_non-internal_network (2.05s)
    --- PASS: TestBridgeICC/IPv6_link-local_address_on_internal_network (1.93s)
    --- PASS: TestBridgeICC/IPv6_non-internal_network_with_SLAAC_LL_address (3.15s)
    --- PASS: TestBridgeICC/IPv6_internal_network_with_SLAAC_LL_address (3.19s)
=== RUN   TestBridgeINC
=== RUN   TestBridgeINC/IPv4_non-internal_network
=== RUN   TestBridgeINC/IPv4_internal_network
=== RUN   TestBridgeINC/IPv6_ULA_on_non-internal_network
=== RUN   TestBridgeINC/IPv6_ULA_on_internal_network
--- PASS: TestBridgeINC (17.53s)
    --- PASS: TestBridgeINC/IPv4_non-internal_network (5.16s)
    --- PASS: TestBridgeINC/IPv4_internal_network (2.00s)
    --- PASS: TestBridgeINC/IPv6_ULA_on_non-internal_network (5.30s)
    --- PASS: TestBridgeINC/IPv6_ULA_on_internal_network (2.06s)
PASS

DONE 14 tests in 38.820s
Running /go/src/github.com/docker/docker/integration/plugin (arm64.integration.plugin) flags=-test.v -test.timeout=5m  
testing: warning: no tests to run
PASS

DONE 0 tests in 0.010s
Running /go/src/github.com/docker/docker/integration/plugin/authz (arm64.integration.plugin.authz) flags=-test.v -test.timeout=5m  
INFO: Testing against a local daemon
=== RUN   TestAuthZPluginAllowRequest
--- PASS: TestAuthZPluginAllowRequest (3.79s)
=== RUN   TestAuthZPluginTLS
--- PASS: TestAuthZPluginTLS (0.58s)
=== RUN   TestAuthZPluginDenyRequest
--- PASS: TestAuthZPluginDenyRequest (0.57s)
=== RUN   TestAuthZPluginAPIDenyResponse
--- PASS: TestAuthZPluginAPIDenyResponse (0.57s)
=== RUN   TestAuthZPluginDenyResponse
--- PASS: TestAuthZPluginDenyResponse (0.58s)
=== RUN   TestAuthZPluginAllowEventStream
2023/11/11 01:43:38 http: panic serving 127.0.0.1:35696: runtime error: invalid memory address or nil pointer dereference
goroutine 171 [running]:
net/http.(*conn).serve.func1()
	/usr/local/go/src/net/http/server.go:1868 +0xb0
panic({0xa717e0?, 0x1579960?})
	/usr/local/go/src/runtime/panic.go:920 +0x26c
github.com/docker/docker/vendor/go.opentelemetry.io/otel/sdk/trace.(*recordingSpan).End.func1()
	/go/src/github.com/docker/docker/vendor/go.opentelemetry.io/otel/sdk/trace/span.go:383 +0x2c
github.com/docker/docker/vendor/go.opentelemetry.io/otel/sdk/trace.(*recordingSpan).End(0x4000265380, {0x0, 0x0, 0x0?})
	/go/src/github.com/docker/docker/vendor/go.opentelemetry.io/otel/sdk/trace/span.go:421 +0x8a0
panic({0xa717e0?, 0x1579960?})
	/usr/local/go/src/runtime/panic.go:914 +0x218
github.com/docker/docker/integration/plugin/authz.setupSuite.func3({0xd69088, 0x400004efc0}, 0xffff45a79ea0?)
	/go/src/github.com/docker/docker/integration/plugin/authz/main_test.go:159 +0x14c
net/http.HandlerFunc.ServeHTTP(0x4000497400?, {0xd69088?, 0x400004efc0?}, 0x402b98?)
	/usr/local/go/src/net/http/server.go:2136 +0x38
net/http.(*ServeMux).ServeHTTP(0xd6f158?, {0xd69088, 0x400004efc0}, 0x4000497400)
	/usr/local/go/src/net/http/server.go:2514 +0x144
github.com/docker/docker/vendor/go.opentelemetry.io/contrib/instrumentation/net/http/otelhttp.(*Handler).ServeHTTP(0x40001e6240, {0xd67c78?, 0x40001ce700}, 0x4000497200)
	/go/src/github.com/docker/docker/vendor/go.opentelemetry.io/contrib/instrumentation/net/http/otelhttp/handler.go:213 +0xf40
net/http.serverHandler.ServeHTTP({0xd64808?}, {0xd67c78?, 0x40001ce700?}, 0x6?)
	/usr/local/go/src/net/http/server.go:2938 +0xbc
net/http.(*conn).serve(0x4000504d80, {0xd6f158, 0x40004e1c80})
	/usr/local/go/src/net/http/server.go:2009 +0x518
created by net/http.(*Server).Serve in goroutine 37
	/usr/local/go/src/net/http/server.go:3086 +0x4cc
2023/11/11 01:43:39 http: panic serving 127.0.0.1:35702: could not unmarshal json for /AuthZPlugin.AuthZRes: unexpected end of JSON input
goroutine 160 [running]:
net/http.(*conn).serve.func1()
	/usr/local/go/src/net/http/server.go:1868 +0xb0
panic({0xa09180?, 0x40006aa1d0?})
	/usr/local/go/src/runtime/panic.go:920 +0x26c
github.com/docker/docker/vendor/go.opentelemetry.io/otel/sdk/trace.(*recordingSpan).End.func1()
	/go/src/github.com/docker/docker/vendor/go.opentelemetry.io/otel/sdk/trace/span.go:383 +0x2c
github.com/docker/docker/vendor/go.opentelemetry.io/otel/sdk/trace.(*recordingSpan).End(0x4000265680, {0x0, 0x0, 0xffff8c60c5b8?})
	/go/src/github.com/docker/docker/vendor/go.opentelemetry.io/otel/sdk/trace/span.go:421 +0x8a0
panic({0xa09180?, 0x40006aa1d0?})
	/usr/local/go/src/runtime/panic.go:914 +0x218
github.com/docker/docker/integration/plugin/authz.setupSuite.func3({0xd69088, 0x40003ca120}, 0xffff45a79ea0?)
	/go/src/github.com/docker/docker/integration/plugin/authz/main_test.go:149 +0x360
net/http.HandlerFunc.ServeHTTP(0x4000497b00?, {0xd69088?, 0x40003ca120?}, 0x402b98?)
	/usr/local/go/src/net/http/server.go:2136 +0x38
net/http.(*ServeMux).ServeHTTP(0xd6f158?, {0xd69088, 0x40003ca120}, 0x4000497b00)
	/usr/local/go/src/net/http/server.go:2514 +0x144
github.com/docker/docker/vendor/go.opentelemetry.io/contrib/instrumentation/net/http/otelhttp.(*Handler).ServeHTTP(0x40001e6240, {0xd67c78?, 0x40001ce7e0}, 0x40006d9a00)
	/go/src/github.com/docker/docker/vendor/go.opentelemetry.io/contrib/instrumentation/net/http/otelhttp/handler.go:213 +0xf40
net/http.serverHandler.ServeHTTP({0x40002853e0?}, {0xd67c78?, 0x40001ce7e0?}, 0x6?)
	/usr/local/go/src/net/http/server.go:2938 +0xbc
net/http.(*conn).serve(0x4000019050, {0xd6f158, 0x40004e1c80})
	/usr/local/go/src/net/http/server.go:2009 +0x518
created by net/http.(*Server).Serve in goroutine 37
	/usr/local/go/src/net/http/server.go:3086 +0x4cc
2023/11/11 01:43:41 http: panic serving 127.0.0.1:35706: could not unmarshal json for /AuthZPlugin.AuthZRes: unexpected end of JSON input
goroutine 189 [running]:
net/http.(*conn).serve.func1()
	/usr/local/go/src/net/http/server.go:1868 +0xb0
panic({0xa09180?, 0x400030e990?})
	/usr/local/go/src/runtime/panic.go:920 +0x26c
github.com/docker/docker/vendor/go.opentelemetry.io/otel/sdk/trace.(*recordingSpan).End.func1()
	/go/src/github.com/docker/docker/vendor/go.opentelemetry.io/otel/sdk/trace/span.go:383 +0x2c
github.com/docker/docker/vendor/go.opentelemetry.io/otel/sdk/trace.(*recordingSpan).End(0x4000499c80, {0x0, 0x0, 0xffff8c60d3c8?})
	/go/src/github.com/docker/docker/vendor/go.opentelemetry.io/otel/sdk/trace/span.go:421 +0x8a0
panic({0xa09180?, 0x400030e990?})
	/usr/local/go/src/runtime/panic.go:914 +0x218
github.com/docker/docker/integration/plugin/authz.setupSuite.func3({0xd69088, 0x4000697140}, 0xffff4585a098?)
	/go/src/github.com/docker/docker/integration/plugin/authz/main_test.go:149 +0x360
net/http.HandlerFunc.ServeHTTP(0x40006d9c00?, {0xd69088?, 0x4000697140?}, 0x402b98?)
	/usr/local/go/src/net/http/server.go:2136 +0x38
net/http.(*ServeMux).ServeHTTP(0xd6f158?, {0xd69088, 0x4000697140}, 0x40006d9c00)
	/usr/local/go/src/net/http/server.go:2514 +0x144
github.com/docker/docker/vendor/go.opentelemetry.io/contrib/instrumentation/net/http/otelhttp.(*Handler).ServeHTTP(0x40001e6240, {0xd67c78?, 0x40000f2460}, 0x4000497c00)
	/go/src/github.com/docker/docker/vendor/go.opentelemetry.io/contrib/instrumentation/net/http/otelhttp/handler.go:213 +0xf40
net/http.serverHandler.ServeHTTP({0x400059f800?}, {0xd67c78?, 0x40000f2460?}, 0x6?)
	/usr/local/go/src/net/http/server.go:2938 +0xbc
net/http.(*conn).serve(0x40004d1170, {0xd6f158, 0x40004e1c80})
	/usr/local/go/src/net/http/server.go:2009 +0x518
created by net/http.(*Server).Serve in goroutine 37
	/usr/local/go/src/net/http/server.go:3086 +0x4cc
--- PASS: TestAuthZPluginAllowEventStream (8.82s)
=== RUN   TestAuthZPluginErrorResponse
--- PASS: TestAuthZPluginErrorResponse (0.59s)
=== RUN   TestAuthZPluginErrorRequest
--- PASS: TestAuthZPluginErrorRequest (0.58s)
=== RUN   TestAuthZPluginEnsureNoDuplicatePluginRegistration
--- PASS: TestAuthZPluginEnsureNoDuplicatePluginRegistration (0.58s)
=== RUN   TestAuthZPluginEnsureLoadImportWorking
--- PASS: TestAuthZPluginEnsureLoadImportWorking (6.43s)
=== RUN   TestAuthzPluginEnsureContainerCopyToFrom
--- PASS: TestAuthzPluginEnsureContainerCopyToFrom (4.11s)
=== RUN   TestAuthZPluginHeader
--- PASS: TestAuthZPluginHeader (3.05s)
=== RUN   TestAuthZPluginV2AllowNonVolumeRequest
    authz_plugin_v2_test.go:40: (*Execution).NotAmd64-fm
--- SKIP: TestAuthZPluginV2AllowNonVolumeRequest (0.00s)
=== RUN   TestAuthZPluginV2Disable
    authz_plugin_v2_test.go:61: (*Execution).NotAmd64-fm
--- SKIP: TestAuthZPluginV2Disable (0.00s)
=== RUN   TestAuthZPluginV2RejectVolumeRequests
    authz_plugin_v2_test.go:87: (*Execution).NotAmd64-fm
--- SKIP: TestAuthZPluginV2RejectVolumeRequests (0.00s)
=== RUN   TestAuthZPluginV2BadManifestFailsDaemonStart
    authz_plugin_v2_test.go:122: (*Execution).NotAmd64-fm
--- SKIP: TestAuthZPluginV2BadManifestFailsDaemonStart (0.00s)
=== RUN   TestAuthZPluginV2NonexistentFailsDaemonStart
--- PASS: TestAuthZPluginV2NonexistentFailsDaemonStart (17.02s)
PASS

=== Skipped
=== SKIP: arm64.integration.plugin.authz TestAuthZPluginV2AllowNonVolumeRequest (0.00s)
    authz_plugin_v2_test.go:40: (*Execution).NotAmd64-fm

=== SKIP: arm64.integration.plugin.authz TestAuthZPluginV2Disable (0.00s)
    authz_plugin_v2_test.go:61: (*Execution).NotAmd64-fm

=== SKIP: arm64.integration.plugin.authz TestAuthZPluginV2RejectVolumeRequests (0.00s)
    authz_plugin_v2_test.go:87: (*Execution).NotAmd64-fm

=== SKIP: arm64.integration.plugin.authz TestAuthZPluginV2BadManifestFailsDaemonStart (0.00s)
    authz_plugin_v2_test.go:122: (*Execution).NotAmd64-fm

DONE 17 tests, 4 skipped in 47.341s
Running /go/src/github.com/docker/docker/integration/plugin/common (arm64.integration.plugin.common) flags=-test.v -test.timeout=5m  
INFO: Testing against a local daemon
=== RUN   TestPluginInvalidJSON
=== RUN   TestPluginInvalidJSON/plugins/foobar/set
=== PAUSE TestPluginInvalidJSON/plugins/foobar/set
=== RUN   TestPluginInvalidJSON/plugins/foobar/upgrade
=== PAUSE TestPluginInvalidJSON/plugins/foobar/upgrade
=== RUN   TestPluginInvalidJSON/plugins/pull
=== PAUSE TestPluginInvalidJSON/plugins/pull
=== CONT  TestPluginInvalidJSON/plugins/foobar/set
=== RUN   TestPluginInvalidJSON/plugins/foobar/set/invalid_content_type
=== CONT  TestPluginInvalidJSON/plugins/pull
=== RUN   TestPluginInvalidJSON/plugins/pull/invalid_content_type
=== CONT  TestPluginInvalidJSON/plugins/foobar/upgrade
=== RUN   TestPluginInvalidJSON/plugins/foobar/upgrade/invalid_content_type
=== RUN   TestPluginInvalidJSON/plugins/foobar/set/invalid_JSON
=== RUN   TestPluginInvalidJSON/plugins/foobar/upgrade/invalid_JSON
=== RUN   TestPluginInvalidJSON/plugins/pull/invalid_JSON
=== RUN   TestPluginInvalidJSON/plugins/foobar/set/extra_content_after_JSON
=== RUN   TestPluginInvalidJSON/plugins/foobar/upgrade/extra_content_after_JSON
=== RUN   TestPluginInvalidJSON/plugins/pull/extra_content_after_JSON
=== RUN   TestPluginInvalidJSON/plugins/foobar/set/empty_body
=== RUN   TestPluginInvalidJSON/plugins/foobar/upgrade/empty_body
=== RUN   TestPluginInvalidJSON/plugins/pull/empty_body
--- PASS: TestPluginInvalidJSON (0.01s)
    --- PASS: TestPluginInvalidJSON/plugins/foobar/set (0.00s)
        --- PASS: TestPluginInvalidJSON/plugins/foobar/set/invalid_content_type (0.00s)
        --- PASS: TestPluginInvalidJSON/plugins/foobar/set/invalid_JSON (0.00s)
        --- PASS: TestPluginInvalidJSON/plugins/foobar/set/extra_content_after_JSON (0.00s)
        --- PASS: TestPluginInvalidJSON/plugins/foobar/set/empty_body (0.00s)
    --- PASS: TestPluginInvalidJSON/plugins/foobar/upgrade (0.00s)
        --- PASS: TestPluginInvalidJSON/plugins/foobar/upgrade/invalid_content_type (0.00s)
        --- PASS: TestPluginInvalidJSON/plugins/foobar/upgrade/invalid_JSON (0.00s)
        --- PASS: TestPluginInvalidJSON/plugins/foobar/upgrade/extra_content_after_JSON (0.00s)
        --- PASS: TestPluginInvalidJSON/plugins/foobar/upgrade/empty_body (0.00s)
    --- PASS: TestPluginInvalidJSON/plugins/pull (0.00s)
        --- PASS: TestPluginInvalidJSON/plugins/pull/invalid_content_type (0.00s)
        --- PASS: TestPluginInvalidJSON/plugins/pull/invalid_JSON (0.00s)
        --- PASS: TestPluginInvalidJSON/plugins/pull/extra_content_after_JSON (0.00s)
        --- PASS: TestPluginInvalidJSON/plugins/pull/empty_body (0.00s)
=== RUN   TestPluginInstall
=== RUN   TestPluginInstall/no_auth
time="2023-11-11T01:44:16Z" level=warning msg="reference for unknown type: application/vnd.docker.plugin.v1+json"
time="2023-11-11T01:44:16Z" level=warning msg="reference for unknown type: application/vnd.docker.plugin.v1+json" digest="sha256:481a7d370ddfe56b5689b67713ad3bc8bc5958724e571be3df68ca0d3c320980" mediatype=application/vnd.docker.plugin.v1+json size=522
time="2023-11-11T01:44:16Z" level=warning msg="reference for unknown type: application/vnd.docker.plugin.v1+json"
time="2023-11-11T01:44:16Z" level=warning msg="reference for unknown type: application/vnd.docker.plugin.v1+json" digest="sha256:481a7d370ddfe56b5689b67713ad3bc8bc5958724e571be3df68ca0d3c320980" mediatype=application/vnd.docker.plugin.v1+json size=522
=== RUN   TestPluginInstall/with_htpasswd
time="2023-11-11T01:44:16Z" level=warning msg="reference for unknown type: application/vnd.docker.plugin.v1+json"
time="2023-11-11T01:44:16Z" level=warning msg="reference for unknown type: application/vnd.docker.plugin.v1+json" digest="sha256:481a7d370ddfe56b5689b67713ad3bc8bc5958724e571be3df68ca0d3c320980" mediatype=application/vnd.docker.plugin.v1+json size=522
time="2023-11-11T01:44:16Z" level=warning msg="reference for unknown type: application/vnd.docker.plugin.v1+json"
time="2023-11-11T01:44:16Z" level=warning msg="reference for unknown type: application/vnd.docker.plugin.v1+json" digest="sha256:481a7d370ddfe56b5689b67713ad3bc8bc5958724e571be3df68ca0d3c320980" mediatype=application/vnd.docker.plugin.v1+json size=522
=== RUN   TestPluginInstall/with_insecure
time="2023-11-11T01:44:17Z" level=warning msg="reference for unknown type: application/vnd.docker.plugin.v1+json"
time="2023-11-11T01:44:17Z" level=warning msg="reference for unknown type: application/vnd.docker.plugin.v1+json" digest="sha256:d55f25f36e9e67e85bdf25b411d208444256b9b155226ebf3da94685e345ae0f" mediatype=application/vnd.docker.plugin.v1+json size=522
time="2023-11-11T01:44:17Z" level=warning msg="reference for unknown type: application/vnd.docker.plugin.v1+json"
time="2023-11-11T01:44:17Z" level=warning msg="reference for unknown type: application/vnd.docker.plugin.v1+json" digest="sha256:d55f25f36e9e67e85bdf25b411d208444256b9b155226ebf3da94685e345ae0f" mediatype=application/vnd.docker.plugin.v1+json size=522
    plugin_test.go:204: [d7e0ad1dd6f19] daemon is not started
--- PASS: TestPluginInstall (1.32s)
    --- PASS: TestPluginInstall/no_auth (0.23s)
    --- PASS: TestPluginInstall/with_htpasswd (0.25s)
    --- PASS: TestPluginInstall/with_insecure (0.83s)
=== RUN   TestPluginsWithRuntimes
=== RUN   TestPluginsWithRuntimes/No_Args
=== RUN   TestPluginsWithRuntimes/With_Args
--- PASS: TestPluginsWithRuntimes (4.12s)
    --- PASS: TestPluginsWithRuntimes/No_Args (0.88s)
    --- PASS: TestPluginsWithRuntimes/With_Args (0.88s)
=== RUN   TestPluginBackCompatMediaTypes
--- PASS: TestPluginBackCompatMediaTypes (0.48s)
PASS

DONE 24 tests in 6.000s
Running /go/src/github.com/docker/docker/integration/plugin/graphdriver (arm64.integration.plugin.graphdriver) flags=-test.v -test.timeout=5m  
INFO: Testing against a local daemon
=== RUN   TestExternalGraphDriver
=== RUN   TestExternalGraphDriver/json
=== RUN   TestExternalGraphDriver/spec
=== RUN   TestExternalGraphDriver/pull
--- PASS: TestExternalGraphDriver (0.30s)
    --- PASS: TestExternalGraphDriver/json (0.00s)
    --- PASS: TestExternalGraphDriver/spec (0.00s)
    --- PASS: TestExternalGraphDriver/pull (0.00s)
=== RUN   TestGraphdriverPluginV2
    external_test.go:415: (*Execution).NotAmd64-fm
--- SKIP: TestGraphdriverPluginV2 (0.29s)
PASS

=== Skipped
=== SKIP: arm64.integration.plugin.graphdriver TestGraphdriverPluginV2 (0.29s)
    external_test.go:415: (*Execution).NotAmd64-fm

DONE 5 tests, 1 skipped in 0.673s
Running /go/src/github.com/docker/docker/integration/plugin/logging (arm64.integration.plugin.logging) flags=-test.v -test.timeout=5m  
INFO: Testing against a local daemon
=== RUN   TestContinueAfterPluginCrash
=== PAUSE TestContinueAfterPluginCrash
=== RUN   TestReadPluginNoRead
=== PAUSE TestReadPluginNoRead
=== RUN   TestDaemonStartWithLogOpt
=== PAUSE TestDaemonStartWithLogOpt
=== CONT  TestDaemonStartWithLogOpt
=== CONT  TestContinueAfterPluginCrash
=== CONT  TestReadPluginNoRead
=== RUN   TestReadPluginNoRead/default
--- PASS: TestDaemonStartWithLogOpt (9.69s)
=== RUN   TestReadPluginNoRead/disabled_caching
=== RUN   TestReadPluginNoRead/explicitly_enabled_caching
    read_test.go:93: [dc2c120f18998] daemon is not started
--- PASS: TestReadPluginNoRead (14.55s)
    --- PASS: TestReadPluginNoRead/default (1.80s)
    --- PASS: TestReadPluginNoRead/disabled_caching (1.73s)
    --- PASS: TestReadPluginNoRead/explicitly_enabled_caching (1.74s)
--- PASS: TestContinueAfterPluginCrash (15.41s)
PASS

DONE 6 tests in 15.490s
Running /go/src/github.com/docker/docker/integration/plugin/logging/cmd/discard (arm64.integration.plugin.logging.cmd.discard) flags=-test.v -test.timeout=5m  
testing: warning: no tests to run
PASS

DONE 0 tests in 0.013s
Running /go/src/github.com/docker/docker/integration/plugin/volumes (arm64.integration.plugin.volumes) flags=-test.v -test.timeout=5m  
INFO: Testing against a local daemon
=== RUN   TestPluginWithDevMounts
=== PAUSE TestPluginWithDevMounts
=== CONT  TestPluginWithDevMounts
--- PASS: TestPluginWithDevMounts (2.39s)
PASS

DONE 1 tests in 2.462s
Running /go/src/github.com/docker/docker/integration/secret (arm64.integration.secret) flags=-test.v -test.timeout=5m  
INFO: Testing against a local daemon
=== RUN   TestSecretInspect
--- PASS: TestSecretInspect (3.99s)
=== RUN   TestSecretList
--- PASS: TestSecretList (4.00s)
=== RUN   TestSecretsCreateAndDelete
--- PASS: TestSecretsCreateAndDelete (3.97s)
=== RUN   TestSecretsUpdate
--- PASS: TestSecretsUpdate (4.10s)
=== RUN   TestTemplatedSecret
--- PASS: TestTemplatedSecret (4.95s)
=== RUN   TestSecretCreateResolve
--- PASS: TestSecretCreateResolve (4.01s)
PASS

DONE 6 tests in 25.098s
Running /go/src/github.com/docker/docker/integration/service (arm64.integration.service) flags=-test.v -test.timeout=5m  
INFO: Testing against a local daemon
=== RUN   TestServiceCreateInit
=== RUN   TestServiceCreateInit/daemonInitDisabled
=== RUN   TestServiceCreateInit/daemonInitEnabled
--- PASS: TestServiceCreateInit (14.02s)
    --- PASS: TestServiceCreateInit/daemonInitDisabled (6.92s)
    --- PASS: TestServiceCreateInit/daemonInitEnabled (7.09s)
=== RUN   TestCreateServiceMultipleTimes
--- PASS: TestCreateServiceMultipleTimes (18.72s)
=== RUN   TestCreateServiceConflict
--- PASS: TestCreateServiceConflict (4.00s)
=== RUN   TestCreateServiceMaxReplicas
--- PASS: TestCreateServiceMaxReplicas (5.60s)
=== RUN   TestCreateServiceSecretFileMode
--- PASS: TestCreateServiceSecretFileMode (14.90s)
=== RUN   TestCreateServiceConfigFileMode
--- PASS: TestCreateServiceConfigFileMode (14.88s)
=== RUN   TestCreateServiceSysctls
--- PASS: TestCreateServiceSysctls (5.85s)
=== RUN   TestCreateServiceCapabilities
--- PASS: TestCreateServiceCapabilities (5.05s)
=== RUN   TestInspect
--- PASS: TestInspect (5.47s)
=== RUN   TestCreateJob
--- PASS: TestCreateJob (5.71s)
=== RUN   TestReplicatedJob
--- PASS: TestReplicatedJob (8.80s)
=== RUN   TestUpdateReplicatedJob
--- PASS: TestUpdateReplicatedJob (5.91s)
=== RUN   TestServiceListWithStatuses
    list_test.go:33: versions.LessThan(testEnv.DaemonInfo.ServerVersion, "1.41")
--- SKIP: TestServiceListWithStatuses (0.00s)
=== RUN   TestDockerNetworkConnectAlias
--- PASS: TestDockerNetworkConnectAlias (6.12s)
=== RUN   TestDockerNetworkReConnect
--- PASS: TestDockerNetworkReConnect (5.17s)
=== RUN   TestServicePlugin
    plugin_test.go:25: (*Execution).NotAmd64-fm
--- SKIP: TestServicePlugin (0.00s)
=== RUN   TestServiceUpdateLabel
--- PASS: TestServiceUpdateLabel (3.97s)
=== RUN   TestServiceUpdateSecrets
--- PASS: TestServiceUpdateSecrets (16.86s)
=== RUN   TestServiceUpdateConfigs
--- PASS: TestServiceUpdateConfigs (16.74s)
=== RUN   TestServiceUpdateNetwork
--- PASS: TestServiceUpdateNetwork (14.38s)
=== RUN   TestServiceUpdatePidsLimit
=== RUN   TestServiceUpdatePidsLimit/create_service_with_PidsLimit_300
=== RUN   TestServiceUpdatePidsLimit/unset_PidsLimit_to_0
=== RUN   TestServiceUpdatePidsLimit/update_PidsLimit_to_100
--- PASS: TestServiceUpdatePidsLimit (18.76s)
    --- PASS: TestServiceUpdatePidsLimit/create_service_with_PidsLimit_300 (0.82s)
    --- PASS: TestServiceUpdatePidsLimit/unset_PidsLimit_to_0 (6.86s)
    --- PASS: TestServiceUpdatePidsLimit/update_PidsLimit_to_100 (6.89s)
PASS

=== Skipped
=== SKIP: arm64.integration.service TestServiceListWithStatuses (0.00s)
    list_test.go:33: versions.LessThan(testEnv.DaemonInfo.ServerVersion, "1.41")

=== SKIP: arm64.integration.service TestServicePlugin (0.00s)
    plugin_test.go:25: (*Execution).NotAmd64-fm

DONE 26 tests, 2 skipped in 191.001s
Running /go/src/github.com/docker/docker/integration/session (arm64.integration.session) flags=-test.v -test.timeout=5m  
INFO: Testing against a local daemon
=== RUN   TestSessionCreate
--- PASS: TestSessionCreate (0.01s)
=== RUN   TestSessionCreateWithBadUpgrade
--- PASS: TestSessionCreateWithBadUpgrade (0.01s)
PASS

DONE 2 tests in 0.087s
Running /go/src/github.com/docker/docker/integration/system (arm64.integration.system) flags=-test.v -test.timeout=5m  
INFO: Testing against a local daemon
=== RUN   TestCgroupDriverSystemdMemoryLimit
    cgroupdriver_systemd_test.go:32: !hasSystemd()
--- SKIP: TestCgroupDriverSystemdMemoryLimit (0.00s)
=== RUN   TestDiskUsage
=== PAUSE TestDiskUsage
=== RUN   TestEventsExecDie
--- PASS: TestEventsExecDie (0.28s)
=== RUN   TestEventsBackwardsCompatible
--- PASS: TestEventsBackwardsCompatible (0.04s)
=== RUN   TestEventsVolumeCreate
--- PASS: TestEventsVolumeCreate (0.03s)
=== RUN   TestInfoBinaryCommits
--- PASS: TestInfoBinaryCommits (0.01s)
=== RUN   TestInfoAPIVersioned
--- PASS: TestInfoAPIVersioned (0.00s)
=== RUN   TestInfoAPI
--- PASS: TestInfoAPI (0.01s)
=== RUN   TestInfoAPIWarnings
--- PASS: TestInfoAPIWarnings (16.63s)
=== RUN   TestInfoDebug
--- PASS: TestInfoDebug (0.56s)
=== RUN   TestInfoInsecureRegistries
--- PASS: TestInfoInsecureRegistries (0.56s)
=== RUN   TestInfoRegistryMirrors
--- PASS: TestInfoRegistryMirrors (0.56s)
=== RUN   TestLoginFailsWithBadCredentials
--- PASS: TestLoginFailsWithBadCredentials (1.02s)
=== RUN   TestPingCacheHeaders
--- PASS: TestPingCacheHeaders (0.03s)
=== RUN   TestPingGet
--- PASS: TestPingGet (0.01s)
=== RUN   TestPingHead
--- PASS: TestPingHead (0.02s)
=== RUN   TestPingSwarmHeader
=== RUN   TestPingSwarmHeader/before_swarm_init
=== RUN   TestPingSwarmHeader/after_swarm_init
=== RUN   TestPingSwarmHeader/after_swarm_leave
--- PASS: TestPingSwarmHeader (1.72s)
    --- PASS: TestPingSwarmHeader/before_swarm_init (0.00s)
    --- PASS: TestPingSwarmHeader/after_swarm_init (0.00s)
    --- PASS: TestPingSwarmHeader/after_swarm_leave (0.00s)
=== RUN   TestPingBuilderHeader
=== RUN   TestPingBuilderHeader/default_config
=== RUN   TestPingBuilderHeader/buildkit_disabled
--- PASS: TestPingBuilderHeader (1.13s)
    --- PASS: TestPingBuilderHeader/default_config (0.55s)
    --- PASS: TestPingBuilderHeader/buildkit_disabled (0.56s)
=== RUN   TestVersion
--- PASS: TestVersion (0.02s)
=== CONT  TestDiskUsage
=== RUN   TestDiskUsage/empty
=== RUN   TestDiskUsage/empty/container_types
=== RUN   TestDiskUsage/empty/image_types
=== RUN   TestDiskUsage/empty/volume_types
=== RUN   TestDiskUsage/empty/build-cache_types
=== RUN   TestDiskUsage/empty/container,_volume_types
=== RUN   TestDiskUsage/empty/image,_build-cache_types
=== RUN   TestDiskUsage/empty/container,_volume,_build-cache_types
=== RUN   TestDiskUsage/empty/image,_volume,_build-cache_types
=== RUN   TestDiskUsage/empty/container,_image,_volume_types
=== RUN   TestDiskUsage/empty/container,_image,_volume,_build-cache_types
=== RUN   TestDiskUsage/after_LoadBusybox
=== RUN   TestDiskUsage/after_LoadBusybox/container_types
=== RUN   TestDiskUsage/after_LoadBusybox/image_types
=== RUN   TestDiskUsage/after_LoadBusybox/volume_types
=== RUN   TestDiskUsage/after_LoadBusybox/build-cache_types
=== RUN   TestDiskUsage/after_LoadBusybox/container,_volume_types
=== RUN   TestDiskUsage/after_LoadBusybox/image,_build-cache_types
=== RUN   TestDiskUsage/after_LoadBusybox/container,_volume,_build-cache_types
=== RUN   TestDiskUsage/after_LoadBusybox/image,_volume,_build-cache_types
=== RUN   TestDiskUsage/after_LoadBusybox/container,_image,_volume_types
=== RUN   TestDiskUsage/after_LoadBusybox/container,_image,_volume,_build-cache_types
=== RUN   TestDiskUsage/after_container.Run
=== RUN   TestDiskUsage/after_container.Run/container_types
=== RUN   TestDiskUsage/after_container.Run/image_types
=== RUN   TestDiskUsage/after_container.Run/volume_types
=== RUN   TestDiskUsage/after_container.Run/build-cache_types
=== RUN   TestDiskUsage/after_container.Run/container,_volume_types
=== RUN   TestDiskUsage/after_container.Run/image,_build-cache_types
=== RUN   TestDiskUsage/after_container.Run/container,_volume,_build-cache_types
=== RUN   TestDiskUsage/after_container.Run/image,_volume,_build-cache_types
=== RUN   TestDiskUsage/after_container.Run/container,_image,_volume_types
=== RUN   TestDiskUsage/after_container.Run/container,_image,_volume,_build-cache_types
--- PASS: TestDiskUsage (4.80s)
    --- PASS: TestDiskUsage/empty (0.02s)
        --- PASS: TestDiskUsage/empty/container_types (0.00s)
        --- PASS: TestDiskUsage/empty/image_types (0.00s)
        --- PASS: TestDiskUsage/empty/volume_types (0.00s)
        --- PASS: TestDiskUsage/empty/build-cache_types (0.00s)
        --- PASS: TestDiskUsage/empty/container,_volume_types (0.00s)
        --- PASS: TestDiskUsage/empty/image,_build-cache_types (0.00s)
        --- PASS: TestDiskUsage/empty/container,_volume,_build-cache_types (0.00s)
        --- PASS: TestDiskUsage/empty/image,_volume,_build-cache_types (0.00s)
        --- PASS: TestDiskUsage/empty/container,_image,_volume_types (0.00s)
        --- PASS: TestDiskUsage/empty/container,_image,_volume,_build-cache_types (0.00s)
    --- PASS: TestDiskUsage/after_LoadBusybox (2.70s)
        --- PASS: TestDiskUsage/after_LoadBusybox/container_types (0.00s)
        --- PASS: TestDiskUsage/after_LoadBusybox/image_types (0.00s)
        --- PASS: TestDiskUsage/after_LoadBusybox/volume_types (0.00s)
        --- PASS: TestDiskUsage/after_LoadBusybox/build-cache_types (0.00s)
        --- PASS: TestDiskUsage/after_LoadBusybox/container,_volume_types (0.00s)
        --- PASS: TestDiskUsage/after_LoadBusybox/image,_build-cache_types (0.00s)
        --- PASS: TestDiskUsage/after_LoadBusybox/container,_volume,_build-cache_types (0.00s)
        --- PASS: TestDiskUsage/after_LoadBusybox/image,_volume,_build-cache_types (0.00s)
        --- PASS: TestDiskUsage/after_LoadBusybox/container,_image,_volume_types (0.00s)
        --- PASS: TestDiskUsage/after_LoadBusybox/container,_image,_volume,_build-cache_types (0.00s)
    --- PASS: TestDiskUsage/after_container.Run (1.05s)
        --- PASS: TestDiskUsage/after_container.Run/container_types (0.07s)
        --- PASS: TestDiskUsage/after_container.Run/image_types (0.00s)
        --- PASS: TestDiskUsage/after_container.Run/volume_types (0.00s)
        --- PASS: TestDiskUsage/after_container.Run/build-cache_types (0.00s)
        --- PASS: TestDiskUsage/after_container.Run/container,_volume_types (0.07s)
        --- PASS: TestDiskUsage/after_container.Run/image,_build-cache_types (0.00s)
        --- PASS: TestDiskUsage/after_container.Run/container,_volume,_build-cache_types (0.07s)
        --- PASS: TestDiskUsage/after_container.Run/image,_volume,_build-cache_types (0.00s)
        --- PASS: TestDiskUsage/after_container.Run/container,_image,_volume_types (0.07s)
        --- PASS: TestDiskUsage/after_container.Run/container,_image,_volume,_build-cache_types (0.07s)
PASS

=== Skipped
=== SKIP: arm64.integration.system TestCgroupDriverSystemdMemoryLimit (0.00s)
    cgroupdriver_systemd_test.go:32: !hasSystemd()

DONE 57 tests, 1 skipped in 27.523s
Running /go/src/github.com/docker/docker/integration/volume (arm64.integration.volume) flags=-test.v -test.timeout=5m  
INFO: Testing against a local daemon
=== RUN   TestVolumesCreateAndList
--- PASS: TestVolumesCreateAndList (0.01s)
=== RUN   TestVolumesRemove
=== RUN   TestVolumesRemove/volume_in_use
=== RUN   TestVolumesRemove/volume_not_in_use
=== RUN   TestVolumesRemove/non-existing_volume
=== RUN   TestVolumesRemove/non-existing_volume_force
--- PASS: TestVolumesRemove (0.03s)
    --- PASS: TestVolumesRemove/volume_in_use (0.00s)
    --- PASS: TestVolumesRemove/volume_not_in_use (0.01s)
    --- PASS: TestVolumesRemove/non-existing_volume (0.00s)
    --- PASS: TestVolumesRemove/non-existing_volume_force (0.00s)
=== RUN   TestVolumesRemoveSwarmEnabled
=== PAUSE TestVolumesRemoveSwarmEnabled
=== RUN   TestVolumesInspect
--- PASS: TestVolumesInspect (0.01s)
=== RUN   TestVolumesInvalidJSON
=== RUN   TestVolumesInvalidJSON/volumes/create
=== PAUSE TestVolumesInvalidJSON/volumes/create
=== CONT  TestVolumesInvalidJSON/volumes/create
=== RUN   TestVolumesInvalidJSON/volumes/create/invalid_content_type
=== RUN   TestVolumesInvalidJSON/volumes/create/invalid_JSON
=== RUN   TestVolumesInvalidJSON/volumes/create/extra_content_after_JSON
=== RUN   TestVolumesInvalidJSON/volumes/create/empty_body
--- PASS: TestVolumesInvalidJSON (0.01s)
    --- PASS: TestVolumesInvalidJSON/volumes/create (0.00s)
        --- PASS: TestVolumesInvalidJSON/volumes/create/invalid_content_type (0.00s)
        --- PASS: TestVolumesInvalidJSON/volumes/create/invalid_JSON (0.00s)
        --- PASS: TestVolumesInvalidJSON/volumes/create/extra_content_after_JSON (0.00s)
        --- PASS: TestVolumesInvalidJSON/volumes/create/empty_body (0.00s)
=== RUN   TestVolumePruneAnonymous
--- PASS: TestVolumePruneAnonymous (0.02s)
=== RUN   TestVolumePruneAnonFromImage
--- PASS: TestVolumePruneAnonFromImage (0.52s)
=== CONT  TestVolumesRemoveSwarmEnabled
=== RUN   TestVolumesRemoveSwarmEnabled/volume_in_use
=== RUN   TestVolumesRemoveSwarmEnabled/volume_not_in_use
=== RUN   TestVolumesRemoveSwarmEnabled/non-existing_volume
=== RUN   TestVolumesRemoveSwarmEnabled/non-existing_volume_force
--- PASS: TestVolumesRemoveSwarmEnabled (4.56s)
    --- PASS: TestVolumesRemoveSwarmEnabled/volume_in_use (0.00s)
    --- PASS: TestVolumesRemoveSwarmEnabled/volume_not_in_use (0.23s)
    --- PASS: TestVolumesRemoveSwarmEnabled/non-existing_volume (0.00s)
    --- PASS: TestVolumesRemoveSwarmEnabled/non-existing_volume_force (0.00s)
PASS

DONE 20 tests in 5.229s
---> Making bundle: .integration-daemon-stop (in bundles/test-integration)
Removing test suite binaries
exiting test-integration
++ exit 1
