
Removing bundles/

---> Making bundle: test-integration (in bundles/test-integration)
SCRIPTDIR=/go/src/github.com/docker/docker/hack
HOSTNAME=e10417f16c7c
VALIDATE_ORIGIN_BRANCH=
DEST=bundles/test-integration
DOCKER_DEBUG=1
PWD=/go/src/github.com/docker/docker
CONTAINERD_ADDRESS=/run/docker/containerd/containerd.sock
DOCKER_GITCOMMIT=3b423ea778906c6fa696ec1916dc7dc00ac492ff
HOME=/root
CONTAINERD_NAMESPACE=moby
GOLANG_VERSION=1.21.3
VALIDATE_REPO=
VALIDATE_BRANCH=
TERM=xterm
DOCKER_PKG=github.com/docker/docker
TEST_CLIENT_BINARY=/usr/local/cli-integration/docker
SHLVL=1
GOTOOLCHAIN=local
DOCKER_GRAPHDRIVER=
GO111MODULE=off
TEST_SKIP_INTEGRATION_CLI=yes
PATH=/usr/local/cli:/go/bin:/usr/local/go/bin:/usr/local/sbin:/usr/local/bin:/usr/sbin:/usr/bin:/sbin:/bin
MAKEDIR=/go/src/github.com/docker/docker/hack/make
OLDPWD=/go/src/github.com/docker/docker/a
GOPATH=/go
PKG_CONFIG=pkg-config
_=/usr/bin/env
Building test suite binary /go/src/github.com/docker/docker/integration/build/test.main
Building test suite binary /go/src/github.com/docker/docker/integration/capabilities/test.main
Building test suite binary /go/src/github.com/docker/docker/integration/config/test.main
Building test suite binary /go/src/github.com/docker/docker/integration/container/test.main
Building test suite binary /go/src/github.com/docker/docker/integration/daemon/test.main
Building test suite binary /go/src/github.com/docker/docker/integration/image/test.main
Building test suite binary /go/src/github.com/docker/docker/integration/internal/termtest/test.main
Building test suite binary /go/src/github.com/docker/docker/integration/network/test.main
Building test suite binary /go/src/github.com/docker/docker/integration/network/ipvlan/test.main
Building test suite binary /go/src/github.com/docker/docker/integration/network/macvlan/test.main
Building test suite binary /go/src/github.com/docker/docker/integration/networking/test.main
Building test suite binary /go/src/github.com/docker/docker/integration/plugin/test.main
Building test suite binary /go/src/github.com/docker/docker/integration/plugin/authz/test.main
Building test suite binary /go/src/github.com/docker/docker/integration/plugin/common/test.main
Building test suite binary /go/src/github.com/docker/docker/integration/plugin/graphdriver/test.main
Building test suite binary /go/src/github.com/docker/docker/integration/plugin/logging/test.main
Building test suite binary /go/src/github.com/docker/docker/integration/plugin/logging/cmd/discard/test.main
Building test suite binary /go/src/github.com/docker/docker/integration/plugin/volumes/test.main
Building test suite binary /go/src/github.com/docker/docker/integration/secret/test.main
Building test suite binary /go/src/github.com/docker/docker/integration/service/test.main
Building test suite binary /go/src/github.com/docker/docker/integration/session/test.main
Building test suite binary /go/src/github.com/docker/docker/integration/system/test.main
Building test suite binary /go/src/github.com/docker/docker/integration/volume/test.main
---> Making bundle: .integration-daemon-start (in bundles/test-integration)
Using test binary /usr/local/cli-integration/docker
INFO: Waiting for daemon to start...
Starting dockerd
.
---> Making bundle: .build-empty-images (in bundles/test-integration)
Loaded image: emptyfs:latest
Loaded image ID: sha256:0df1207206e5288f4a989a2f13d1f5b3c4e70467702c1d5d21dfc9f002b7bd43
Running integration-test (iteration 1)
Running /go/src/github.com/docker/docker/integration/build (arm64.integration.build) flags=-test.v -test.timeout=5m  
INFO: Testing against a local daemon
=== RUN   TestCgroupNamespacesBuild
--- PASS: TestCgroupNamespacesBuild (3.82s)
=== RUN   TestCgroupNamespacesBuildDaemonHostMode
--- PASS: TestCgroupNamespacesBuildDaemonHostMode (4.17s)
=== RUN   TestBuildWithSession
    build_session_test.go:26: TODO: BuildKit
--- SKIP: TestBuildWithSession (0.00s)
=== RUN   TestBuildSquashParent
--- PASS: TestBuildSquashParent (11.93s)
=== RUN   TestBuildWithRemoveAndForceRemove
=== RUN   TestBuildWithRemoveAndForceRemove/successful_build_with_no_removal
=== PAUSE TestBuildWithRemoveAndForceRemove/successful_build_with_no_removal
=== RUN   TestBuildWithRemoveAndForceRemove/successful_build_with_remove
=== PAUSE TestBuildWithRemoveAndForceRemove/successful_build_with_remove
=== RUN   TestBuildWithRemoveAndForceRemove/successful_build_with_remove_and_force_remove
=== PAUSE TestBuildWithRemoveAndForceRemove/successful_build_with_remove_and_force_remove
=== RUN   TestBuildWithRemoveAndForceRemove/failed_build_with_no_removal
=== PAUSE TestBuildWithRemoveAndForceRemove/failed_build_with_no_removal
=== RUN   TestBuildWithRemoveAndForceRemove/failed_build_with_remove
=== PAUSE TestBuildWithRemoveAndForceRemove/failed_build_with_remove
=== RUN   TestBuildWithRemoveAndForceRemove/failed_build_with_remove_and_force_remove
=== PAUSE TestBuildWithRemoveAndForceRemove/failed_build_with_remove_and_force_remove
=== CONT  TestBuildWithRemoveAndForceRemove/successful_build_with_no_removal
=== CONT  TestBuildWithRemoveAndForceRemove/failed_build_with_no_removal
=== CONT  TestBuildWithRemoveAndForceRemove/failed_build_with_remove_and_force_remove
=== CONT  TestBuildWithRemoveAndForceRemove/failed_build_with_remove
=== CONT  TestBuildWithRemoveAndForceRemove/successful_build_with_remove
=== CONT  TestBuildWithRemoveAndForceRemove/successful_build_with_remove_and_force_remove
--- PASS: TestBuildWithRemoveAndForceRemove (0.07s)
    --- PASS: TestBuildWithRemoveAndForceRemove/failed_build_with_no_removal (1.62s)
    --- PASS: TestBuildWithRemoveAndForceRemove/failed_build_with_remove_and_force_remove (1.79s)
    --- PASS: TestBuildWithRemoveAndForceRemove/failed_build_with_remove (1.88s)
    --- PASS: TestBuildWithRemoveAndForceRemove/successful_build_with_no_removal (2.19s)
    --- PASS: TestBuildWithRemoveAndForceRemove/successful_build_with_remove_and_force_remove (2.21s)
    --- PASS: TestBuildWithRemoveAndForceRemove/successful_build_with_remove (2.21s)
=== RUN   TestBuildMultiStageCopy
=== RUN   TestBuildMultiStageCopy/copy_to_root
=== RUN   TestBuildMultiStageCopy/copy_to_newdir
=== RUN   TestBuildMultiStageCopy/copy_to_newdir_nested
=== RUN   TestBuildMultiStageCopy/copy_to_existingdir
=== RUN   TestBuildMultiStageCopy/copy_to_newsubdir
--- PASS: TestBuildMultiStageCopy (6.94s)
    --- PASS: TestBuildMultiStageCopy/copy_to_root (2.94s)
    --- PASS: TestBuildMultiStageCopy/copy_to_newdir (1.00s)
    --- PASS: TestBuildMultiStageCopy/copy_to_newdir_nested (1.00s)
    --- PASS: TestBuildMultiStageCopy/copy_to_existingdir (1.01s)
    --- PASS: TestBuildMultiStageCopy/copy_to_newsubdir (0.99s)
=== RUN   TestBuildMultiStageParentConfig
--- PASS: TestBuildMultiStageParentConfig (5.00s)
=== RUN   TestBuildLabelWithTargets
--- PASS: TestBuildLabelWithTargets (8.00s)
=== RUN   TestBuildWithEmptyLayers
--- PASS: TestBuildWithEmptyLayers (3.00s)
=== RUN   TestBuildMultiStageOnBuild
--- PASS: TestBuildMultiStageOnBuild (5.04s)
=== RUN   TestBuildUncleanTarFilenames
--- PASS: TestBuildUncleanTarFilenames (0.06s)
=== RUN   TestBuildMultiStageLayerLeak
--- PASS: TestBuildMultiStageLayerLeak (4.93s)
=== RUN   TestBuildWithHugeFile
--- PASS: TestBuildWithHugeFile (28.26s)
=== RUN   TestBuildWCOWSandboxSize
    build_test.go:526: FLAKY_TEST that needs to be fixed; see https://github.com/moby/moby/issues/42743
--- SKIP: TestBuildWCOWSandboxSize (0.00s)
=== RUN   TestBuildWithEmptyDockerfile
=== RUN   TestBuildWithEmptyDockerfile/empty-dockerfile
=== PAUSE TestBuildWithEmptyDockerfile/empty-dockerfile
=== RUN   TestBuildWithEmptyDockerfile/empty-lines-dockerfile
=== PAUSE TestBuildWithEmptyDockerfile/empty-lines-dockerfile
=== RUN   TestBuildWithEmptyDockerfile/comment-only-dockerfile
=== PAUSE TestBuildWithEmptyDockerfile/comment-only-dockerfile
=== CONT  TestBuildWithEmptyDockerfile/empty-dockerfile
=== CONT  TestBuildWithEmptyDockerfile/comment-only-dockerfile
=== CONT  TestBuildWithEmptyDockerfile/empty-lines-dockerfile
--- PASS: TestBuildWithEmptyDockerfile (0.04s)
    --- PASS: TestBuildWithEmptyDockerfile/empty-lines-dockerfile (0.00s)
    --- PASS: TestBuildWithEmptyDockerfile/empty-dockerfile (0.00s)
    --- PASS: TestBuildWithEmptyDockerfile/comment-only-dockerfile (0.00s)
=== RUN   TestBuildPreserveOwnership
=== RUN   TestBuildPreserveOwnership/copy_from
=== RUN   TestBuildPreserveOwnership/copy_from_chowned
--- PASS: TestBuildPreserveOwnership (9.66s)
    --- PASS: TestBuildPreserveOwnership/copy_from (5.65s)
    --- PASS: TestBuildPreserveOwnership/copy_from_chowned (4.01s)
=== RUN   TestBuildPlatformInvalid
--- PASS: TestBuildPlatformInvalid (0.04s)
=== RUN   TestBuildkitHistoryTracePropagation
time="2023-11-13T10:55:05Z" level=info msg="[core] [Channel #1] Channel created" module=grpc
time="2023-11-13T10:55:05Z" level=info msg="[core] [Channel #1] original dial target is: \"unix:///run/buildkit/buildkitd.sock\"" module=grpc
time="2023-11-13T10:55:05Z" level=info msg="[core] [Channel #1] parsed dial target is: {URL:{Scheme:unix Opaque: User: Host: Path:/run/buildkit/buildkitd.sock RawPath: OmitHost:false ForceQuery:false RawQuery: Fragment: RawFragment:}}" module=grpc
time="2023-11-13T10:55:05Z" level=info msg="[core] [Channel #1] Channel authority set to \"localhost\"" module=grpc
time="2023-11-13T10:55:05Z" level=info msg="[core] [Channel #1] Resolver state updated: {\n  \"Addresses\": [\n    {\n      \"Addr\": \"/run/buildkit/buildkitd.sock\",\n      \"ServerName\": \"\",\n      \"Attributes\": {\n        \"\\u003c%!p(networktype.keyType=grpc.internal.transport.networktype)\\u003e\": \"unix\"\n      },\n      \"BalancerAttributes\": null,\n      \"Metadata\": null\n    }\n  ],\n  \"Endpoints\": [\n    {\n      \"Addresses\": [\n        {\n          \"Addr\": \"/run/buildkit/buildkitd.sock\",\n          \"ServerName\": \"\",\n          \"Attributes\": {\n            \"\\u003c%!p(networktype.keyType=grpc.internal.transport.networktype)\\u003e\": \"unix\"\n          },\n          \"BalancerAttributes\": null,\n          \"Metadata\": null\n        }\n      ],\n      \"Attributes\": null\n    }\n  ],\n  \"ServiceConfig\": null,\n  \"Attributes\": null\n} (resolver returned new addresses)" module=grpc
time="2023-11-13T10:55:05Z" level=info msg="[core] [Channel #1] Channel switches to new LB policy \"pick_first\"" module=grpc
time="2023-11-13T10:55:05Z" level=info msg="[core] [Channel #1 SubChannel #2] Subchannel created" module=grpc
time="2023-11-13T10:55:05Z" level=info msg="[core] [Channel #1] Channel Connectivity change to CONNECTING" module=grpc
time="2023-11-13T10:55:05Z" level=info msg="[core] [Channel #1 SubChannel #2] Subchannel Connectivity change to CONNECTING" module=grpc
time="2023-11-13T10:55:05Z" level=info msg="[core] [Channel #1 SubChannel #2] Subchannel picks a new address \"/run/buildkit/buildkitd.sock\" to connect" module=grpc
time="2023-11-13T10:55:05Z" level=info msg="[core] [Channel #1 SubChannel #2] Subchannel Connectivity change to READY" module=grpc
time="2023-11-13T10:55:05Z" level=info msg="[core] [Channel #1] Channel Connectivity change to READY" module=grpc
time="2023-11-13T10:55:05Z" level=info msg="[core] [Server #4] Server created" module=grpc
    build_traces_test.go:84: Waiting for trace to be available
time="2023-11-13T10:55:09Z" level=info msg="[core] [Channel #1] Channel Connectivity change to SHUTDOWN" module=grpc
time="2023-11-13T10:55:09Z" level=info msg="[core] [Channel #1] ccBalancerWrapper: closing" module=grpc
time="2023-11-13T10:55:09Z" level=info msg="[core] [Channel #1] Closing the name resolver" module=grpc
time="2023-11-13T10:55:09Z" level=info msg="[core] [Channel #1 SubChannel #2] Subchannel Connectivity change to SHUTDOWN" module=grpc
time="2023-11-13T10:55:09Z" level=info msg="[core] [Channel #1 SubChannel #2] Subchannel deleted" module=grpc
time="2023-11-13T10:55:09Z" level=info msg="[core] [Channel #1] Channel deleted" module=grpc
--- PASS: TestBuildkitHistoryTracePropagation (4.04s)
=== RUN   TestBuildUserNamespaceValidateCapabilitiesAreV2
Loaded image: busybox:latest
Loaded image: busybox:glibc
Loaded image: debian:bullseye-slim
Loaded image: hello-world:latest
Loaded image: arm32v7/hello-world:latest
OUTPUT: {"stream":"Step 1/3 : FROM debian:bullseye-slim"}
{"stream":"\n"}
{"stream":" ---\u003e 0b4cf09e50a3\n"}
{"stream":"Step 2/3 : RUN apt-get update \u0026\u0026 apt-get install -y libcap2-bin --no-install-recommends"}
{"stream":"\n"}
{"stream":" ---\u003e Running in 923868730fb2\n"}
{"stream":"Get:1 http://deb.debian.org/debian bullseye InRelease [116 kB]\n"}
{"stream":"Get:2 http://security.debian.org/debian-security bullseye-security InRelease [48.4 kB]\n"}
{"stream":"Get:3 http://deb.debian.org/debian bullseye-updates InRelease [44.1 kB]\n"}
{"stream":"Get:4 http://deb.debian.org/debian bullseye/main arm64 Packages [7951 kB]\n"}
{"stream":"Get:5 http://security.debian.org/debian-security bullseye-security/main arm64 Packages [253 kB]\n"}
{"stream":"Get:6 http://deb.debian.org/debian bullseye-updates/main arm64 Packages [14.9 kB]\n"}
{"stream":"Fetched 8428 kB in 2s (3494 kB/s)\nReading package lists..."}
{"stream":"\n"}
{"stream":"Reading package lists..."}
{"stream":"\n"}
{"stream":"Building dependency tree..."}
{"stream":"\nReading state information..."}
{"stream":"\n"}
{"stream":"The following additional packages will be installed:\n"}
{"stream":"  libcap2\n"}
{"stream":"Recommended packages:\n  libpam-cap\n"}
{"stream":"The following NEW packages will be installed:\n"}
{"stream":"  libcap2 libcap2-bin\n"}
{"stream":"0 upgraded, 2 newly installed, 0 to remove and 43 not upgraded.\nNeed to get 55.1 kB of archives.\nAfter this operation, 165 kB of additional disk space will be used.\nGet:1 http://deb.debian.org/debian bullseye/main arm64 libcap2 arm64 1:2.44-1 [23.2 kB]\n"}
{"stream":"Get:2 http://deb.debian.org/debian bullseye/main arm64 libcap2-bin arm64 1:2.44-1 [32.0 kB]\n"}
{"stream":"\u001b[91mdebconf: delaying package configuration, since apt-utils is not installed\n\u001b[0m"}
{"stream":"Fetched 55.1 kB in 0s (636 kB/s)\n"}
{"stream":"Selecting previously unselected package libcap2:arm64.\r\n(Reading database ... \r"}
{"stream":"(Reading database ... 5%\r"}
{"stream":"(Reading database ... 10%\r"}
{"stream":"(Reading database ... 15%\r"}
{"stream":"(Reading database ... 20%\r"}
{"stream":"(Reading database ... 25%\r"}
{"stream":"(Reading database ... 30%\r"}
{"stream":"(Reading database ... 35%\r(Reading database ... 40%\r(Reading database ... 45%\r(Reading database ... 50%\r(Reading database ... 55%\r(Reading database ... 60%\r(Reading database ... 65%\r(Reading database ... 70%\r(Reading database ... 75%\r(Reading database ... 80%\r(Reading database ... 85%\r(Reading database ... 90%\r(Reading database ... 95%\r(Reading database ... 100%\r(Reading database ... 6645 files and directories currently installed.)\r\n"}
{"stream":"Preparing to unpack .../libcap2_1%3a2.44-1_arm64.deb ...\r\n"}
{"stream":"Unpacking libcap2:arm64 (1:2.44-1) ...\r\n"}
{"stream":"dpkg: error processing archive /var/cache/apt/archives/libcap2_1%3a2.44-1_arm64.deb (--unpack):\r\n unable to create '/lib/aarch64-linux-gnu/libcap.so.2.44.dpkg-new' (while processing './lib/aarch64-linux-gnu/libcap.so.2.44'): Permission denied\r\n"}
{"stream":"dpkg: error while cleaning up:\r\n unable to remove newly-extracted version of '/lib/aarch64-linux-gnu/libcap.so.2.44': Permission denied\r\n"}
{"stream":"Selecting previously unselected package libcap2-bin.\r\n"}
{"stream":"Preparing to unpack .../libcap2-bin_1%3a2.44-1_arm64.deb ...\r\n"}
{"stream":"Unpacking libcap2-bin (1:2.44-1) ...\r\n"}
{"stream":"dpkg: error processing archive /var/cache/apt/archives/libcap2-bin_1%3a2.44-1_arm64.deb (--unpack):\r\n unable to create '/sbin/capsh.dpkg-new' (while processing './sbin/capsh'): Permission denied\r\n"}
{"stream":"dpkg: error while cleaning up:\r\n unable to remove newly-extracted version of '/sbin/capsh': Permission denied\r\n"}
{"stream":"Errors were encountered while processing:\r\n /var/cache/apt/archives/libcap2_1%3a2.44-1_arm64.deb\r\n /var/cache/apt/archives/libcap2-bin_1%3a2.44-1_arm64.deb\r\n"}
{"stream":"\u001b[91mE: Sub-process /usr/bin/dpkg returned an error code (1)\n\u001b[0m"}
{"errorDetail":{"code":100,"message":"The command '/bin/sh -c apt-get update \u0026\u0026 apt-get install -y libcap2-bin --no-install-recommends' returned a non-zero code: 100"},"error":"The command '/bin/sh -c apt-get update \u0026\u0026 apt-get install -y libcap2-bin --no-install-recommends' returned a non-zero code: 100"}

    build_userns_linux_test.go:86: assertion failed: error is not nil: Error response from daemon: reference does not exist: failed to download capabilities image
    build_userns_linux_test.go:55: [d61e3061022ac] error removing /go/src/github.com/docker/docker/bundles/test-integration/TestBuildUserNamespaceValidateCapabilitiesAreV2/d61e3061022ac/root/165536.165536/vfs: fstatat /go/src/github.com/docker/docker/bundles/test-integration/TestBuildUserNamespaceValidateCapabilitiesAreV2/d61e3061022ac/root/165536.165536/vfs/dir/fb10b47a113ad99a43922c2390985f604e360fbdfd1cc33702107d9402503075/sbin/capsh.dpkg-new: permission denied
--- FAIL: TestBuildUserNamespaceValidateCapabilitiesAreV2 (30.49s)
FAIL

=== Skipped
=== SKIP: arm64.integration.build TestBuildWithSession (0.00s)
    build_session_test.go:26: TODO: BuildKit

=== SKIP: arm64.integration.build TestBuildWCOWSandboxSize (0.00s)
    build_test.go:526: FLAKY_TEST that needs to be fixed; see https://github.com/moby/moby/issues/42743

=== Failed
=== FAIL: arm64.integration.build TestBuildUserNamespaceValidateCapabilitiesAreV2 (30.49s)
Loaded image: busybox:latest
Loaded image: busybox:glibc
Loaded image: debian:bullseye-slim
Loaded image: hello-world:latest
Loaded image: arm32v7/hello-world:latest
OUTPUT: {"stream":"Step 1/3 : FROM debian:bullseye-slim"}
{"stream":"\n"}
{"stream":" ---\u003e 0b4cf09e50a3\n"}
{"stream":"Step 2/3 : RUN apt-get update \u0026\u0026 apt-get install -y libcap2-bin --no-install-recommends"}
{"stream":"\n"}
{"stream":" ---\u003e Running in 923868730fb2\n"}
{"stream":"Get:1 http://deb.debian.org/debian bullseye InRelease [116 kB]\n"}
{"stream":"Get:2 http://security.debian.org/debian-security bullseye-security InRelease [48.4 kB]\n"}
{"stream":"Get:3 http://deb.debian.org/debian bullseye-updates InRelease [44.1 kB]\n"}
{"stream":"Get:4 http://deb.debian.org/debian bullseye/main arm64 Packages [7951 kB]\n"}
{"stream":"Get:5 http://security.debian.org/debian-security bullseye-security/main arm64 Packages [253 kB]\n"}
{"stream":"Get:6 http://deb.debian.org/debian bullseye-updates/main arm64 Packages [14.9 kB]\n"}
{"stream":"Fetched 8428 kB in 2s (3494 kB/s)\nReading package lists..."}
{"stream":"\n"}
{"stream":"Reading package lists..."}
{"stream":"\n"}
{"stream":"Building dependency tree..."}
{"stream":"\nReading state information..."}
{"stream":"\n"}
{"stream":"The following additional packages will be installed:\n"}
{"stream":"  libcap2\n"}
{"stream":"Recommended packages:\n  libpam-cap\n"}
{"stream":"The following NEW packages will be installed:\n"}
{"stream":"  libcap2 libcap2-bin\n"}
{"stream":"0 upgraded, 2 newly installed, 0 to remove and 43 not upgraded.\nNeed to get 55.1 kB of archives.\nAfter this operation, 165 kB of additional disk space will be used.\nGet:1 http://deb.debian.org/debian bullseye/main arm64 libcap2 arm64 1:2.44-1 [23.2 kB]\n"}
{"stream":"Get:2 http://deb.debian.org/debian bullseye/main arm64 libcap2-bin arm64 1:2.44-1 [32.0 kB]\n"}
{"stream":"\u001b[91mdebconf: delaying package configuration, since apt-utils is not installed\n\u001b[0m"}
{"stream":"Fetched 55.1 kB in 0s (636 kB/s)\n"}
{"stream":"Selecting previously unselected package libcap2:arm64.\r\n(Reading database ... \r"}
{"stream":"(Reading database ... 5%\r"}
{"stream":"(Reading database ... 10%\r"}
{"stream":"(Reading database ... 15%\r"}
{"stream":"(Reading database ... 20%\r"}
{"stream":"(Reading database ... 25%\r"}
{"stream":"(Reading database ... 30%\r"}
{"stream":"(Reading database ... 35%\r(Reading database ... 40%\r(Reading database ... 45%\r(Reading database ... 50%\r(Reading database ... 55%\r(Reading database ... 60%\r(Reading database ... 65%\r(Reading database ... 70%\r(Reading database ... 75%\r(Reading database ... 80%\r(Reading database ... 85%\r(Reading database ... 90%\r(Reading database ... 95%\r(Reading database ... 100%\r(Reading database ... 6645 files and directories currently installed.)\r\n"}
{"stream":"Preparing to unpack .../libcap2_1%3a2.44-1_arm64.deb ...\r\n"}
{"stream":"Unpacking libcap2:arm64 (1:2.44-1) ...\r\n"}
{"stream":"dpkg: error processing archive /var/cache/apt/archives/libcap2_1%3a2.44-1_arm64.deb (--unpack):\r\n unable to create '/lib/aarch64-linux-gnu/libcap.so.2.44.dpkg-new' (while processing './lib/aarch64-linux-gnu/libcap.so.2.44'): Permission denied\r\n"}
{"stream":"dpkg: error while cleaning up:\r\n unable to remove newly-extracted version of '/lib/aarch64-linux-gnu/libcap.so.2.44': Permission denied\r\n"}
{"stream":"Selecting previously unselected package libcap2-bin.\r\n"}
{"stream":"Preparing to unpack .../libcap2-bin_1%3a2.44-1_arm64.deb ...\r\n"}
{"stream":"Unpacking libcap2-bin (1:2.44-1) ...\r\n"}
{"stream":"dpkg: error processing archive /var/cache/apt/archives/libcap2-bin_1%3a2.44-1_arm64.deb (--unpack):\r\n unable to create '/sbin/capsh.dpkg-new' (while processing './sbin/capsh'): Permission denied\r\n"}
{"stream":"dpkg: error while cleaning up:\r\n unable to remove newly-extracted version of '/sbin/capsh': Permission denied\r\n"}
{"stream":"Errors were encountered while processing:\r\n /var/cache/apt/archives/libcap2_1%3a2.44-1_arm64.deb\r\n /var/cache/apt/archives/libcap2-bin_1%3a2.44-1_arm64.deb\r\n"}
{"stream":"\u001b[91mE: Sub-process /usr/bin/dpkg returned an error code (1)\n\u001b[0m"}
{"errorDetail":{"code":100,"message":"The command '/bin/sh -c apt-get update \u0026\u0026 apt-get install -y libcap2-bin --no-install-recommends' returned a non-zero code: 100"},"error":"The command '/bin/sh -c apt-get update \u0026\u0026 apt-get install -y libcap2-bin --no-install-recommends' returned a non-zero code: 100"}

    build_userns_linux_test.go:86: assertion failed: error is not nil: Error response from daemon: reference does not exist: failed to download capabilities image
    build_userns_linux_test.go:55: [d61e3061022ac] error removing /go/src/github.com/docker/docker/bundles/test-integration/TestBuildUserNamespaceValidateCapabilitiesAreV2/d61e3061022ac/root/165536.165536/vfs: fstatat /go/src/github.com/docker/docker/bundles/test-integration/TestBuildUserNamespaceValidateCapabilitiesAreV2/d61e3061022ac/root/165536.165536/vfs/dir/fb10b47a113ad99a43922c2390985f604e360fbdfd1cc33702107d9402503075/sbin/capsh.dpkg-new: permission denied

DONE 35 tests, 2 skipped, 1 failure in 127.780s
Running /go/src/github.com/docker/docker/integration/capabilities (arm64.integration.capabilities) flags=-test.v -test.timeout=5m  
INFO: Testing against a local daemon
=== RUN   TestNoNewPrivileges
=== RUN   TestNoNewPrivileges/CapabilityRequested=true
=== RUN   TestNoNewPrivileges/CapabilityRequested=false
--- PASS: TestNoNewPrivileges (8.07s)
    --- PASS: TestNoNewPrivileges/CapabilityRequested=true (0.68s)
    --- PASS: TestNoNewPrivileges/CapabilityRequested=false (0.46s)
PASS

DONE 3 tests in 8.124s
Running /go/src/github.com/docker/docker/integration/config (arm64.integration.config) flags=-test.v -test.timeout=5m  
INFO: Testing against a local daemon
=== RUN   TestConfigInspect
--- PASS: TestConfigInspect (4.04s)
=== RUN   TestConfigList
=== RUN   TestConfigList/test_filter_by_name
=== RUN   TestConfigList/test_filter_by_id
=== RUN   TestConfigList/test_filter_by_label_key_only
=== RUN   TestConfigList/test_filter_by_label_key=value_test0-TestConfigList
=== RUN   TestConfigList/test_filter_by_label_key=value_test1-TestConfigList
--- PASS: TestConfigList (4.10s)
    --- PASS: TestConfigList/test_filter_by_name (0.00s)
    --- PASS: TestConfigList/test_filter_by_id (0.00s)
    --- PASS: TestConfigList/test_filter_by_label_key_only (0.00s)
    --- PASS: TestConfigList/test_filter_by_label_key=value_test0-TestConfigList (0.00s)
    --- PASS: TestConfigList/test_filter_by_label_key=value_test1-TestConfigList (0.00s)
=== RUN   TestConfigsCreateAndDelete
--- PASS: TestConfigsCreateAndDelete (4.09s)
=== RUN   TestConfigsUpdate
--- PASS: TestConfigsUpdate (4.22s)
=== RUN   TestTemplatedConfig
--- PASS: TestTemplatedConfig (4.96s)
=== RUN   TestConfigCreateResolve
--- PASS: TestConfigCreateResolve (4.12s)
PASS

DONE 11 tests in 25.600s
Running /go/src/github.com/docker/docker/integration/container (arm64.integration.container) flags=-test.v -test.timeout=5m  
INFO: Testing against a local daemon
=== RUN   TestAttach
=== RUN   TestAttach/without_TTY
=== PAUSE TestAttach/without_TTY
=== RUN   TestAttach/with_TTY
=== PAUSE TestAttach/with_TTY
=== CONT  TestAttach/without_TTY
=== CONT  TestAttach/with_TTY
--- PASS: TestAttach (0.02s)
    --- PASS: TestAttach/without_TTY (0.02s)
    --- PASS: TestAttach/with_TTY (0.02s)
=== RUN   TestCreateWithCDIDevices
--- PASS: TestCreateWithCDIDevices (3.79s)
=== RUN   TestCDISpecDirsAreInSystemInfo
=== RUN   TestCDISpecDirsAreInSystemInfo/experimental_no_spec_dirs_specified_returns_default
=== RUN   TestCDISpecDirsAreInSystemInfo/experimental_specified_spec_dirs_are_returned
=== RUN   TestCDISpecDirsAreInSystemInfo/experimental_empty_string_as_spec_dir_returns_empty_slice
=== RUN   TestCDISpecDirsAreInSystemInfo/experimental_empty_config_option_returns_empty_slice
=== RUN   TestCDISpecDirsAreInSystemInfo/non-experimental_no_spec_dirs_specified_returns_empty_slice
=== RUN   TestCDISpecDirsAreInSystemInfo/non-experimental_specified_spec_dirs_returns_empty_slice
=== RUN   TestCDISpecDirsAreInSystemInfo/non-experimental_empty_string_as_spec_dir_returns_empty_slice
=== RUN   TestCDISpecDirsAreInSystemInfo/non-experimental_empty_config_option_returns_empty_slice
--- PASS: TestCDISpecDirsAreInSystemInfo (4.40s)
    --- PASS: TestCDISpecDirsAreInSystemInfo/experimental_no_spec_dirs_specified_returns_default (0.54s)
    --- PASS: TestCDISpecDirsAreInSystemInfo/experimental_specified_spec_dirs_are_returned (0.55s)
    --- PASS: TestCDISpecDirsAreInSystemInfo/experimental_empty_string_as_spec_dir_returns_empty_slice (0.54s)
    --- PASS: TestCDISpecDirsAreInSystemInfo/experimental_empty_config_option_returns_empty_slice (0.55s)
    --- PASS: TestCDISpecDirsAreInSystemInfo/non-experimental_no_spec_dirs_specified_returns_empty_slice (0.56s)
    --- PASS: TestCDISpecDirsAreInSystemInfo/non-experimental_specified_spec_dirs_returns_empty_slice (0.55s)
    --- PASS: TestCDISpecDirsAreInSystemInfo/non-experimental_empty_string_as_spec_dir_returns_empty_slice (0.55s)
    --- PASS: TestCDISpecDirsAreInSystemInfo/non-experimental_empty_config_option_returns_empty_slice (0.55s)
=== RUN   TestCheckpoint
    checkpoint_test.go:33: TestCheckpoint is broken; see https://github.com/moby/moby/issues/38963
--- SKIP: TestCheckpoint (0.00s)
=== RUN   TestContainerInvalidJSON
=== RUN   TestContainerInvalidJSON/commit
=== PAUSE TestContainerInvalidJSON/commit
=== RUN   TestContainerInvalidJSON/containers/create
=== PAUSE TestContainerInvalidJSON/containers/create
=== RUN   TestContainerInvalidJSON/containers/foobar/exec
=== PAUSE TestContainerInvalidJSON/containers/foobar/exec
=== RUN   TestContainerInvalidJSON/containers/foobar/update
=== PAUSE TestContainerInvalidJSON/containers/foobar/update
=== RUN   TestContainerInvalidJSON/exec/foobar/start
=== PAUSE TestContainerInvalidJSON/exec/foobar/start
=== RUN   TestContainerInvalidJSON/v1.23/containers/foobar/copy
=== PAUSE TestContainerInvalidJSON/v1.23/containers/foobar/copy
=== RUN   TestContainerInvalidJSON/v1.23/containers/foobar/start
=== PAUSE TestContainerInvalidJSON/v1.23/containers/foobar/start
=== CONT  TestContainerInvalidJSON/commit
=== RUN   TestContainerInvalidJSON/commit/invalid_content_type
=== CONT  TestContainerInvalidJSON/exec/foobar/start
=== RUN   TestContainerInvalidJSON/exec/foobar/start/invalid_content_type
=== CONT  TestContainerInvalidJSON/v1.23/containers/foobar/start
=== RUN   TestContainerInvalidJSON/v1.23/containers/foobar/start/invalid_content_type
=== CONT  TestContainerInvalidJSON/containers/foobar/exec
=== CONT  TestContainerInvalidJSON/containers/foobar/update
=== RUN   TestContainerInvalidJSON/containers/foobar/exec/invalid_content_type
=== CONT  TestContainerInvalidJSON/containers/create
=== CONT  TestContainerInvalidJSON/v1.23/containers/foobar/copy
=== RUN   TestContainerInvalidJSON/containers/foobar/update/invalid_content_type
=== RUN   TestContainerInvalidJSON/containers/create/invalid_content_type
=== RUN   TestContainerInvalidJSON/v1.23/containers/foobar/copy/invalid_content_type
=== RUN   TestContainerInvalidJSON/commit/invalid_JSON
=== RUN   TestContainerInvalidJSON/v1.23/containers/foobar/start/invalid_JSON
=== RUN   TestContainerInvalidJSON/containers/create/invalid_JSON
=== RUN   TestContainerInvalidJSON/exec/foobar/start/invalid_JSON
=== RUN   TestContainerInvalidJSON/containers/foobar/exec/invalid_JSON
=== RUN   TestContainerInvalidJSON/exec/foobar/start/extra_content_after_JSON
=== RUN   TestContainerInvalidJSON/containers/foobar/update/invalid_JSON
=== RUN   TestContainerInvalidJSON/containers/create/extra_content_after_JSON
=== RUN   TestContainerInvalidJSON/exec/foobar/start/empty_body
=== RUN   TestContainerInvalidJSON/containers/foobar/update/extra_content_after_JSON
=== RUN   TestContainerInvalidJSON/containers/create/empty_body
=== RUN   TestContainerInvalidJSON/containers/foobar/update/empty_body
=== RUN   TestContainerInvalidJSON/containers/foobar/exec/extra_content_after_JSON
=== RUN   TestContainerInvalidJSON/v1.23/containers/foobar/copy/invalid_JSON
=== RUN   TestContainerInvalidJSON/v1.23/containers/foobar/start/extra_content_after_JSON
=== RUN   TestContainerInvalidJSON/v1.23/containers/foobar/copy/extra_content_after_JSON
=== RUN   TestContainerInvalidJSON/commit/extra_content_after_JSON
=== RUN   TestContainerInvalidJSON/containers/foobar/exec/empty_body
=== RUN   TestContainerInvalidJSON/v1.23/containers/foobar/start/empty_body
=== RUN   TestContainerInvalidJSON/commit/empty_body
=== RUN   TestContainerInvalidJSON/v1.23/containers/foobar/copy/empty_body
--- PASS: TestContainerInvalidJSON (0.01s)
    --- PASS: TestContainerInvalidJSON/exec/foobar/start (0.00s)
        --- PASS: TestContainerInvalidJSON/exec/foobar/start/invalid_content_type (0.00s)
        --- PASS: TestContainerInvalidJSON/exec/foobar/start/invalid_JSON (0.00s)
        --- PASS: TestContainerInvalidJSON/exec/foobar/start/extra_content_after_JSON (0.00s)
        --- PASS: TestContainerInvalidJSON/exec/foobar/start/empty_body (0.00s)
    --- PASS: TestContainerInvalidJSON/containers/create (0.01s)
        --- PASS: TestContainerInvalidJSON/containers/create/invalid_content_type (0.00s)
        --- PASS: TestContainerInvalidJSON/containers/create/invalid_JSON (0.00s)
        --- PASS: TestContainerInvalidJSON/containers/create/extra_content_after_JSON (0.00s)
        --- PASS: TestContainerInvalidJSON/containers/create/empty_body (0.00s)
    --- PASS: TestContainerInvalidJSON/containers/foobar/update (0.01s)
        --- PASS: TestContainerInvalidJSON/containers/foobar/update/invalid_content_type (0.00s)
        --- PASS: TestContainerInvalidJSON/containers/foobar/update/invalid_JSON (0.00s)
        --- PASS: TestContainerInvalidJSON/containers/foobar/update/extra_content_after_JSON (0.00s)
        --- PASS: TestContainerInvalidJSON/containers/foobar/update/empty_body (0.00s)
    --- PASS: TestContainerInvalidJSON/v1.23/containers/foobar/start (0.01s)
        --- PASS: TestContainerInvalidJSON/v1.23/containers/foobar/start/invalid_content_type (0.00s)
        --- PASS: TestContainerInvalidJSON/v1.23/containers/foobar/start/invalid_JSON (0.00s)
        --- PASS: TestContainerInvalidJSON/v1.23/containers/foobar/start/extra_content_after_JSON (0.00s)
        --- PASS: TestContainerInvalidJSON/v1.23/containers/foobar/start/empty_body (0.00s)
    --- PASS: TestContainerInvalidJSON/commit (0.01s)
        --- PASS: TestContainerInvalidJSON/commit/invalid_content_type (0.00s)
        --- PASS: TestContainerInvalidJSON/commit/invalid_JSON (0.01s)
        --- PASS: TestContainerInvalidJSON/commit/extra_content_after_JSON (0.00s)
        --- PASS: TestContainerInvalidJSON/commit/empty_body (0.00s)
    --- PASS: TestContainerInvalidJSON/containers/foobar/exec (0.01s)
        --- PASS: TestContainerInvalidJSON/containers/foobar/exec/invalid_content_type (0.00s)
        --- PASS: TestContainerInvalidJSON/containers/foobar/exec/invalid_JSON (0.00s)
        --- PASS: TestContainerInvalidJSON/containers/foobar/exec/extra_content_after_JSON (0.00s)
        --- PASS: TestContainerInvalidJSON/containers/foobar/exec/empty_body (0.00s)
    --- PASS: TestContainerInvalidJSON/v1.23/containers/foobar/copy (0.01s)
        --- PASS: TestContainerInvalidJSON/v1.23/containers/foobar/copy/invalid_content_type (0.01s)
        --- PASS: TestContainerInvalidJSON/v1.23/containers/foobar/copy/invalid_JSON (0.00s)
        --- PASS: TestContainerInvalidJSON/v1.23/containers/foobar/copy/extra_content_after_JSON (0.00s)
        --- PASS: TestContainerInvalidJSON/v1.23/containers/foobar/copy/empty_body (0.00s)
=== RUN   TestCopyFromContainerPathDoesNotExist
--- PASS: TestCopyFromContainerPathDoesNotExist (0.03s)
=== RUN   TestCopyFromContainerPathIsNotDir
--- PASS: TestCopyFromContainerPathIsNotDir (0.03s)
=== RUN   TestCopyToContainerPathDoesNotExist
--- PASS: TestCopyToContainerPathDoesNotExist (0.03s)
=== RUN   TestCopyEmptyFile
--- PASS: TestCopyEmptyFile (0.03s)
=== RUN   TestCopyToContainerPathIsNotDir
--- PASS: TestCopyToContainerPathIsNotDir (0.03s)
=== RUN   TestCopyFromContainer
=== RUN   TestCopyFromContainer//
=== RUN   TestCopyFromContainer/.
=== RUN   TestCopyFromContainer//.
=== RUN   TestCopyFromContainer/./
=== RUN   TestCopyFromContainer//./
=== RUN   TestCopyFromContainer//bar/root
=== RUN   TestCopyFromContainer//bar/root/
=== RUN   TestCopyFromContainer//bar/root/.
=== RUN   TestCopyFromContainer/bar/quux
=== RUN   TestCopyFromContainer/bar/quux/
=== RUN   TestCopyFromContainer/bar/quux/.
=== RUN   TestCopyFromContainer/bar/quux/baz
=== RUN   TestCopyFromContainer/bar/filesymlink
=== RUN   TestCopyFromContainer/bar/dirsymlink
=== RUN   TestCopyFromContainer/bar/dirsymlink/
=== RUN   TestCopyFromContainer/bar/dirsymlink/.
=== RUN   TestCopyFromContainer/bar/notarget
--- PASS: TestCopyFromContainer (3.32s)
    --- PASS: TestCopyFromContainer// (0.01s)
    --- PASS: TestCopyFromContainer/. (0.01s)
    --- PASS: TestCopyFromContainer//. (0.01s)
    --- PASS: TestCopyFromContainer/./ (0.01s)
    --- PASS: TestCopyFromContainer//./ (0.01s)
    --- PASS: TestCopyFromContainer//bar/root (0.00s)
    --- PASS: TestCopyFromContainer//bar/root/ (0.01s)
    --- PASS: TestCopyFromContainer//bar/root/. (0.01s)
    --- PASS: TestCopyFromContainer/bar/quux (0.00s)
    --- PASS: TestCopyFromContainer/bar/quux/ (0.00s)
    --- PASS: TestCopyFromContainer/bar/quux/. (0.00s)
    --- PASS: TestCopyFromContainer/bar/quux/baz (0.00s)
    --- PASS: TestCopyFromContainer/bar/filesymlink (0.00s)
    --- PASS: TestCopyFromContainer/bar/dirsymlink (0.00s)
    --- PASS: TestCopyFromContainer/bar/dirsymlink/ (0.00s)
    --- PASS: TestCopyFromContainer/bar/dirsymlink/. (0.00s)
    --- PASS: TestCopyFromContainer/bar/notarget (0.00s)
=== RUN   TestCreateFailsWhenIdentifierDoesNotExist
=== RUN   TestCreateFailsWhenIdentifierDoesNotExist/image_and_tag
=== PAUSE TestCreateFailsWhenIdentifierDoesNotExist/image_and_tag
=== RUN   TestCreateFailsWhenIdentifierDoesNotExist/image_no_tag
=== PAUSE TestCreateFailsWhenIdentifierDoesNotExist/image_no_tag
=== RUN   TestCreateFailsWhenIdentifierDoesNotExist/digest
=== PAUSE TestCreateFailsWhenIdentifierDoesNotExist/digest
=== CONT  TestCreateFailsWhenIdentifierDoesNotExist/image_and_tag
=== CONT  TestCreateFailsWhenIdentifierDoesNotExist/digest
=== CONT  TestCreateFailsWhenIdentifierDoesNotExist/image_no_tag
--- PASS: TestCreateFailsWhenIdentifierDoesNotExist (0.01s)
    --- PASS: TestCreateFailsWhenIdentifierDoesNotExist/image_and_tag (0.00s)
    --- PASS: TestCreateFailsWhenIdentifierDoesNotExist/image_no_tag (0.00s)
    --- PASS: TestCreateFailsWhenIdentifierDoesNotExist/digest (0.00s)
=== RUN   TestCreateLinkToNonExistingContainer
--- PASS: TestCreateLinkToNonExistingContainer (0.03s)
=== RUN   TestCreateWithInvalidEnv
=== RUN   TestCreateWithInvalidEnv/0
=== PAUSE TestCreateWithInvalidEnv/0
=== RUN   TestCreateWithInvalidEnv/1
=== PAUSE TestCreateWithInvalidEnv/1
=== RUN   TestCreateWithInvalidEnv/2
=== PAUSE TestCreateWithInvalidEnv/2
=== CONT  TestCreateWithInvalidEnv/0
=== CONT  TestCreateWithInvalidEnv/2
=== CONT  TestCreateWithInvalidEnv/1
--- PASS: TestCreateWithInvalidEnv (0.01s)
    --- PASS: TestCreateWithInvalidEnv/0 (0.00s)
    --- PASS: TestCreateWithInvalidEnv/2 (0.00s)
    --- PASS: TestCreateWithInvalidEnv/1 (0.00s)
=== RUN   TestCreateTmpfsMountsTarget
--- PASS: TestCreateTmpfsMountsTarget (0.01s)
=== RUN   TestCreateWithCustomMaskedPaths
--- PASS: TestCreateWithCustomMaskedPaths (0.58s)
=== RUN   TestCreateWithCustomReadonlyPaths
--- PASS: TestCreateWithCustomReadonlyPaths (0.57s)
=== RUN   TestCreateWithInvalidHealthcheckParams
=== RUN   TestCreateWithInvalidHealthcheckParams/test_invalid_Interval_in_Healthcheck:_less_than_0s
=== PAUSE TestCreateWithInvalidHealthcheckParams/test_invalid_Interval_in_Healthcheck:_less_than_0s
=== RUN   TestCreateWithInvalidHealthcheckParams/test_invalid_Interval_in_Healthcheck:_larger_than_0s_but_less_than_1ms
=== PAUSE TestCreateWithInvalidHealthcheckParams/test_invalid_Interval_in_Healthcheck:_larger_than_0s_but_less_than_1ms
=== RUN   TestCreateWithInvalidHealthcheckParams/test_invalid_Timeout_in_Healthcheck:_less_than_1ms
=== PAUSE TestCreateWithInvalidHealthcheckParams/test_invalid_Timeout_in_Healthcheck:_less_than_1ms
=== RUN   TestCreateWithInvalidHealthcheckParams/test_invalid_Retries_in_Healthcheck:_less_than_0
=== PAUSE TestCreateWithInvalidHealthcheckParams/test_invalid_Retries_in_Healthcheck:_less_than_0
=== RUN   TestCreateWithInvalidHealthcheckParams/test_invalid_StartPeriod_in_Healthcheck:_not_0_and_less_than_1ms
=== PAUSE TestCreateWithInvalidHealthcheckParams/test_invalid_StartPeriod_in_Healthcheck:_not_0_and_less_than_1ms
=== RUN   TestCreateWithInvalidHealthcheckParams/test_invalid_StartInterval_in_Healthcheck:_not_0_and_less_than_1ms
=== PAUSE TestCreateWithInvalidHealthcheckParams/test_invalid_StartInterval_in_Healthcheck:_not_0_and_less_than_1ms
=== CONT  TestCreateWithInvalidHealthcheckParams/test_invalid_Interval_in_Healthcheck:_less_than_0s
=== CONT  TestCreateWithInvalidHealthcheckParams/test_invalid_Retries_in_Healthcheck:_less_than_0
=== CONT  TestCreateWithInvalidHealthcheckParams/test_invalid_Timeout_in_Healthcheck:_less_than_1ms
=== CONT  TestCreateWithInvalidHealthcheckParams/test_invalid_StartInterval_in_Healthcheck:_not_0_and_less_than_1ms
=== CONT  TestCreateWithInvalidHealthcheckParams/test_invalid_Interval_in_Healthcheck:_larger_than_0s_but_less_than_1ms
=== CONT  TestCreateWithInvalidHealthcheckParams/test_invalid_StartPeriod_in_Healthcheck:_not_0_and_less_than_1ms
--- PASS: TestCreateWithInvalidHealthcheckParams (0.01s)
    --- PASS: TestCreateWithInvalidHealthcheckParams/test_invalid_Interval_in_Healthcheck:_less_than_0s (0.01s)
    --- PASS: TestCreateWithInvalidHealthcheckParams/test_invalid_Timeout_in_Healthcheck:_less_than_1ms (0.01s)
    --- PASS: TestCreateWithInvalidHealthcheckParams/test_invalid_Retries_in_Healthcheck:_less_than_0 (0.01s)
    --- PASS: TestCreateWithInvalidHealthcheckParams/test_invalid_Interval_in_Healthcheck:_larger_than_0s_but_less_than_1ms (0.01s)
    --- PASS: TestCreateWithInvalidHealthcheckParams/test_invalid_StartInterval_in_Healthcheck:_not_0_and_less_than_1ms (0.01s)
    --- PASS: TestCreateWithInvalidHealthcheckParams/test_invalid_StartPeriod_in_Healthcheck:_not_0_and_less_than_1ms (0.01s)
=== RUN   TestCreateTmpfsOverrideAnonymousVolume
--- PASS: TestCreateTmpfsOverrideAnonymousVolume (0.20s)
=== RUN   TestCreateDifferentPlatform
=== RUN   TestCreateDifferentPlatform/different_os
=== RUN   TestCreateDifferentPlatform/different_cpu_arch
--- PASS: TestCreateDifferentPlatform (0.01s)
    --- PASS: TestCreateDifferentPlatform/different_os (0.00s)
    --- PASS: TestCreateDifferentPlatform/different_cpu_arch (0.00s)
=== RUN   TestCreateVolumesFromNonExistingContainer
--- PASS: TestCreateVolumesFromNonExistingContainer (0.02s)
=== RUN   TestCreatePlatformSpecificImageNoPlatform
--- PASS: TestCreatePlatformSpecificImageNoPlatform (0.01s)
=== RUN   TestCreateInvalidHostConfig
=== RUN   TestCreateInvalidHostConfig/invalid_IpcMode
=== PAUSE TestCreateInvalidHostConfig/invalid_IpcMode
=== RUN   TestCreateInvalidHostConfig/invalid_PidMode
=== PAUSE TestCreateInvalidHostConfig/invalid_PidMode
=== RUN   TestCreateInvalidHostConfig/invalid_PidMode_without_container_ID
=== PAUSE TestCreateInvalidHostConfig/invalid_PidMode_without_container_ID
=== RUN   TestCreateInvalidHostConfig/invalid_UTSMode
=== PAUSE TestCreateInvalidHostConfig/invalid_UTSMode
=== RUN   TestCreateInvalidHostConfig/invalid_Annotations
=== PAUSE TestCreateInvalidHostConfig/invalid_Annotations
=== CONT  TestCreateInvalidHostConfig/invalid_IpcMode
=== CONT  TestCreateInvalidHostConfig/invalid_UTSMode
=== CONT  TestCreateInvalidHostConfig/invalid_Annotations
=== CONT  TestCreateInvalidHostConfig/invalid_PidMode_without_container_ID
=== CONT  TestCreateInvalidHostConfig/invalid_PidMode
--- PASS: TestCreateInvalidHostConfig (0.01s)
    --- PASS: TestCreateInvalidHostConfig/invalid_IpcMode (0.00s)
    --- PASS: TestCreateInvalidHostConfig/invalid_PidMode (0.00s)
    --- PASS: TestCreateInvalidHostConfig/invalid_Annotations (0.00s)
    --- PASS: TestCreateInvalidHostConfig/invalid_PidMode_without_container_ID (0.00s)
    --- PASS: TestCreateInvalidHostConfig/invalid_UTSMode (0.00s)
=== RUN   TestCreateWithMultipleEndpointSettings
=== RUN   TestCreateWithMultipleEndpointSettings/with_API_v1.44
=== RUN   TestCreateWithMultipleEndpointSettings/with_API_v1.43
--- PASS: TestCreateWithMultipleEndpointSettings (0.03s)
    --- PASS: TestCreateWithMultipleEndpointSettings/with_API_v1.44 (0.01s)
    --- PASS: TestCreateWithMultipleEndpointSettings/with_API_v1.43 (0.00s)
=== RUN   TestCreateWithCustomMACs
--- PASS: TestCreateWithCustomMACs (0.26s)
=== RUN   TestContainerStartOnDaemonRestart
=== PAUSE TestContainerStartOnDaemonRestart
=== RUN   TestDaemonRestartIpcMode
=== PAUSE TestDaemonRestartIpcMode
=== RUN   TestDaemonHostGatewayIP
=== PAUSE TestDaemonHostGatewayIP
=== RUN   TestRestartDaemonWithRestartingContainer
=== PAUSE TestRestartDaemonWithRestartingContainer
=== RUN   TestHardRestartWhenContainerIsRunning
=== PAUSE TestHardRestartWhenContainerIsRunning
=== RUN   TestContainerKillOnDaemonStart
=== PAUSE TestContainerKillOnDaemonStart
=== RUN   TestDiff
--- PASS: TestDiff (0.19s)
=== RUN   TestDiffStoppedContainer
--- PASS: TestDiffStoppedContainer (0.20s)
=== RUN   TestExecConsoleSize
--- PASS: TestExecConsoleSize (0.22s)
=== RUN   TestExecWithCloseStdin
--- PASS: TestExecWithCloseStdin (0.21s)
=== RUN   TestExec
--- PASS: TestExec (0.23s)
=== RUN   TestExecUser
--- PASS: TestExecUser (0.23s)
=== RUN   TestExecWithGroupAdd
--- PASS: TestExecWithGroupAdd (0.23s)
=== RUN   TestExportContainerAndImportImage
--- PASS: TestExportContainerAndImportImage (0.23s)
=== RUN   TestExportContainerAfterDaemonRestart
--- PASS: TestExportContainerAfterDaemonRestart (9.01s)
=== RUN   TestHealthCheckWorkdir
--- PASS: TestHealthCheckWorkdir (0.34s)
=== RUN   TestHealthKillContainer
--- PASS: TestHealthKillContainer (7.70s)
=== RUN   TestHealthCheckProcessKilled
--- PASS: TestHealthCheckProcessKilled (0.43s)
=== RUN   TestHealthStartInterval
    health_test.go:141: &{2023-11-13 10:56:47.249104134 +0000 UTC 2023-11-13 10:56:47.314569884 +0000 UTC 1 1cat: can't open '/tmp/health': No such file or directory
        }
    health_test.go:141: &{2023-11-13 10:56:47.249104134 +0000 UTC 2023-11-13 10:56:47.314569884 +0000 UTC 1 1cat: can't open '/tmp/health': No such file or directory
        }
    health_test.go:141: &{2023-11-13 10:56:47.249104134 +0000 UTC 2023-11-13 10:56:47.314569884 +0000 UTC 1 1cat: can't open '/tmp/health': No such file or directory
        }
    health_test.go:141: &{2023-11-13 10:56:47.249104134 +0000 UTC 2023-11-13 10:56:47.314569884 +0000 UTC 1 1cat: can't open '/tmp/health': No such file or directory
        }
    health_test.go:141: &{2023-11-13 10:56:47.249104134 +0000 UTC 2023-11-13 10:56:47.314569884 +0000 UTC 1 1cat: can't open '/tmp/health': No such file or directory
        }
    health_test.go:141: &{2023-11-13 10:56:47.249104134 +0000 UTC 2023-11-13 10:56:47.314569884 +0000 UTC 1 1cat: can't open '/tmp/health': No such file or directory
        }
    health_test.go:141: &{2023-11-13 10:56:47.249104134 +0000 UTC 2023-11-13 10:56:47.314569884 +0000 UTC 1 1cat: can't open '/tmp/health': No such file or directory
        }
    health_test.go:141: &{2023-11-13 10:56:47.249104134 +0000 UTC 2023-11-13 10:56:47.314569884 +0000 UTC 1 1cat: can't open '/tmp/health': No such file or directory
        }
    health_test.go:141: &{2023-11-13 10:56:47.249104134 +0000 UTC 2023-11-13 10:56:47.314569884 +0000 UTC 1 1cat: can't open '/tmp/health': No such file or directory
        }
    health_test.go:141: &{2023-11-13 10:56:47.249104134 +0000 UTC 2023-11-13 10:56:47.314569884 +0000 UTC 1 1cat: can't open '/tmp/health': No such file or directory
        }
    health_test.go:141: &{2023-11-13 10:56:48.321554426 +0000 UTC 2023-11-13 10:56:48.387105967 +0000 UTC 1 2}
    health_test.go:141: &{2023-11-13 10:56:48.321554426 +0000 UTC 2023-11-13 10:56:48.387105967 +0000 UTC 1 2}
    health_test.go:141: &{2023-11-13 10:56:48.321554426 +0000 UTC 2023-11-13 10:56:48.387105967 +0000 UTC 1 2}
    health_test.go:141: &{2023-11-13 10:56:48.321554426 +0000 UTC 2023-11-13 10:56:48.387105967 +0000 UTC 1 2}
    health_test.go:141: &{2023-11-13 10:56:48.321554426 +0000 UTC 2023-11-13 10:56:48.387105967 +0000 UTC 1 2}
    health_test.go:141: &{2023-11-13 10:56:48.321554426 +0000 UTC 2023-11-13 10:56:48.387105967 +0000 UTC 1 2}
    health_test.go:141: &{2023-11-13 10:56:48.321554426 +0000 UTC 2023-11-13 10:56:48.387105967 +0000 UTC 1 2}
    health_test.go:141: &{2023-11-13 10:56:48.321554426 +0000 UTC 2023-11-13 10:56:48.387105967 +0000 UTC 1 2}
    health_test.go:141: &{2023-11-13 10:56:48.321554426 +0000 UTC 2023-11-13 10:56:48.387105967 +0000 UTC 1 2}
    health_test.go:141: &{2023-11-13 10:56:48.321554426 +0000 UTC 2023-11-13 10:56:48.387105967 +0000 UTC 1 2}
    health_test.go:169: 1.071472792s
    health_test.go:169: 1.071472792s
    health_test.go:169: 1.071472792s
    health_test.go:169: 1.071472792s
    health_test.go:169: 1.071472792s
    health_test.go:169: 1.071472792s
    health_test.go:169: 1.071472792s
    health_test.go:169: 1.071472792s
    health_test.go:169: 1.071472792s
    health_test.go:169: 1.071472792s
    health_test.go:169: 1.071472792s
    health_test.go:169: 1.071472792s
    health_test.go:169: 1.071472792s
    health_test.go:169: 1.071472792s
    health_test.go:169: 1.071472792s
    health_test.go:169: 1.071472792s
    health_test.go:169: 1.071472792s
    health_test.go:169: 1.071472792s
    health_test.go:169: 1.071472792s
    health_test.go:169: 1.071472792s
    health_test.go:169: 1.071472792s
    health_test.go:169: 1.071472792s
    health_test.go:169: 1.071472792s
    health_test.go:169: 1.071472792s
    health_test.go:169: 1.071472792s
    health_test.go:169: 1.071472792s
    health_test.go:169: 1.071472792s
    health_test.go:169: 1.071472792s
    health_test.go:169: 1.071472792s
    health_test.go:169: 1.071472792s
--- PASS: TestHealthStartInterval (33.71s)
=== RUN   TestInspectCpusetInConfigPre120
--- PASS: TestInspectCpusetInConfigPre120 (0.21s)
=== RUN   TestInspectAnnotations
--- PASS: TestInspectAnnotations (0.03s)
=== RUN   TestIpcModeNone
--- PASS: TestIpcModeNone (0.21s)
=== RUN   TestIpcModePrivate
    ipcmode_linux_test.go:87: [testIpcPrivateShareable] ipcmode: private, ipcdev: 0:154, shared: false, mustBeShared: false
--- PASS: TestIpcModePrivate (0.25s)
=== RUN   TestIpcModeShareable
    ipcmode_linux_test.go:87: [testIpcPrivateShareable] ipcmode: shareable, ipcdev: 0:149, shared: true, mustBeShared: true
--- PASS: TestIpcModeShareable (0.22s)
=== RUN   TestAPIIpcModeShareableAndContainer
--- PASS: TestAPIIpcModeShareableAndContainer (0.54s)
=== RUN   TestAPIIpcModeHost
--- PASS: TestAPIIpcModeHost (0.17s)
=== RUN   TestDaemonIpcModeShareable
    ipcmode_linux_test.go:255: [testDaemonIpcPrivateShareable] ipcdev: 0:175, shared: true, mustBeShared: true
--- PASS: TestDaemonIpcModeShareable (3.67s)
=== RUN   TestDaemonIpcModePrivate
    ipcmode_linux_test.go:255: [testDaemonIpcPrivateShareable] ipcdev: 0:180, shared: false, mustBeShared: false
--- PASS: TestDaemonIpcModePrivate (3.59s)
=== RUN   TestDaemonIpcModePrivateFromConfig
    ipcmode_linux_test.go:255: [testDaemonIpcPrivateShareable] ipcdev: 0:180, shared: false, mustBeShared: false
--- PASS: TestDaemonIpcModePrivateFromConfig (3.63s)
=== RUN   TestDaemonIpcModeShareableFromConfig
    ipcmode_linux_test.go:255: [testDaemonIpcPrivateShareable] ipcdev: 0:175, shared: true, mustBeShared: true
--- PASS: TestDaemonIpcModeShareableFromConfig (3.62s)
=== RUN   TestIpcModeOlderClient
=== PAUSE TestIpcModeOlderClient
=== RUN   TestKillContainerInvalidSignal
--- PASS: TestKillContainerInvalidSignal (0.23s)
=== RUN   TestKillContainer
=== RUN   TestKillContainer/no_signal
=== RUN   TestKillContainer/non_killing_signal
=== RUN   TestKillContainer/killing_signal
--- PASS: TestKillContainer (0.66s)
    --- PASS: TestKillContainer/no_signal (0.19s)
    --- PASS: TestKillContainer/non_killing_signal (0.13s)
    --- PASS: TestKillContainer/killing_signal (0.21s)
=== RUN   TestKillWithStopSignalAndRestartPolicies
=== RUN   TestKillWithStopSignalAndRestartPolicies/same-signal-disables-restart-policy
=== RUN   TestKillWithStopSignalAndRestartPolicies/different-signal-keep-restart-policy
--- PASS: TestKillWithStopSignalAndRestartPolicies (0.63s)
    --- PASS: TestKillWithStopSignalAndRestartPolicies/same-signal-disables-restart-policy (0.19s)
    --- PASS: TestKillWithStopSignalAndRestartPolicies/different-signal-keep-restart-policy (0.35s)
=== RUN   TestKillStoppedContainer
--- PASS: TestKillStoppedContainer (0.03s)
=== RUN   TestKillStoppedContainerAPIPre120
--- PASS: TestKillStoppedContainerAPIPre120 (0.03s)
=== RUN   TestKillDifferentUserContainer
--- PASS: TestKillDifferentUserContainer (0.19s)
=== RUN   TestInspectOomKilledTrue
    kill_test.go:165: testEnv.DaemonInfo.CgroupVersion == "2": FIXME: flaky on cgroup v2 (https://github.com/moby/moby/issues/41929)
--- SKIP: TestInspectOomKilledTrue (0.00s)
=== RUN   TestInspectOomKilledFalse
--- PASS: TestInspectOomKilledFalse (0.20s)
=== RUN   TestLinksEtcHostsContentMatch
--- PASS: TestLinksEtcHostsContentMatch (0.13s)
=== RUN   TestLinksContainerNames
--- PASS: TestLinksContainerNames (0.38s)
=== RUN   TestLogsFollowTailEmpty
--- PASS: TestLogsFollowTailEmpty (0.19s)
=== RUN   TestLogs
=== RUN   TestLogs/driver_local
=== RUN   TestLogs/driver_local/tty/stdout_and_stderr
=== PAUSE TestLogs/driver_local/tty/stdout_and_stderr
=== RUN   TestLogs/driver_local/tty/only_stdout
=== PAUSE TestLogs/driver_local/tty/only_stdout
=== RUN   TestLogs/driver_local/tty/only_stderr
=== PAUSE TestLogs/driver_local/tty/only_stderr
=== RUN   TestLogs/driver_local/without_tty/stdout_and_stderr
=== PAUSE TestLogs/driver_local/without_tty/stdout_and_stderr
=== RUN   TestLogs/driver_local/without_tty/only_stdout
=== PAUSE TestLogs/driver_local/without_tty/only_stdout
=== RUN   TestLogs/driver_local/without_tty/only_stderr
=== PAUSE TestLogs/driver_local/without_tty/only_stderr
=== CONT  TestLogs/driver_local/tty/stdout_and_stderr
=== CONT  TestLogs/driver_local/without_tty/stdout_and_stderr
=== CONT  TestLogs/driver_local/without_tty/only_stderr
=== CONT  TestLogs/driver_local/without_tty/only_stdout
=== CONT  TestLogs/driver_local/tty/only_stderr
=== CONT  TestLogs/driver_local/tty/only_stdout
=== RUN   TestLogs/driver_json-file
=== RUN   TestLogs/driver_json-file/tty/stdout_and_stderr
=== PAUSE TestLogs/driver_json-file/tty/stdout_and_stderr
=== RUN   TestLogs/driver_json-file/tty/only_stdout
=== PAUSE TestLogs/driver_json-file/tty/only_stdout
=== RUN   TestLogs/driver_json-file/tty/only_stderr
=== PAUSE TestLogs/driver_json-file/tty/only_stderr
=== RUN   TestLogs/driver_json-file/without_tty/stdout_and_stderr
=== PAUSE TestLogs/driver_json-file/without_tty/stdout_and_stderr
=== RUN   TestLogs/driver_json-file/without_tty/only_stdout
=== PAUSE TestLogs/driver_json-file/without_tty/only_stdout
=== RUN   TestLogs/driver_json-file/without_tty/only_stderr
=== PAUSE TestLogs/driver_json-file/without_tty/only_stderr
=== CONT  TestLogs/driver_json-file/tty/stdout_and_stderr
=== CONT  TestLogs/driver_json-file/without_tty/stdout_and_stderr
=== CONT  TestLogs/driver_json-file/tty/only_stderr
=== CONT  TestLogs/driver_json-file/without_tty/only_stdout
=== CONT  TestLogs/driver_json-file/without_tty/only_stderr
=== CONT  TestLogs/driver_json-file/tty/only_stdout
--- PASS: TestLogs (1.42s)
    --- PASS: TestLogs/driver_local (0.01s)
        --- PASS: TestLogs/driver_local/without_tty/stdout_and_stderr (0.35s)
        --- PASS: TestLogs/driver_local/without_tty/only_stdout (0.38s)
        --- PASS: TestLogs/driver_local/without_tty/only_stderr (0.40s)
        --- PASS: TestLogs/driver_local/tty/only_stdout (0.62s)
        --- PASS: TestLogs/driver_local/tty/stdout_and_stderr (0.65s)
        --- PASS: TestLogs/driver_local/tty/only_stderr (0.75s)
    --- PASS: TestLogs/driver_json-file (0.01s)
        --- PASS: TestLogs/driver_json-file/without_tty/only_stdout (0.41s)
        --- PASS: TestLogs/driver_json-file/tty/only_stdout (0.43s)
        --- PASS: TestLogs/driver_json-file/tty/only_stderr (0.45s)
        --- PASS: TestLogs/driver_json-file/tty/stdout_and_stderr (0.47s)
        --- PASS: TestLogs/driver_json-file/without_tty/only_stderr (0.62s)
        --- PASS: TestLogs/driver_json-file/without_tty/stdout_and_stderr (0.66s)
=== RUN   TestContainerNetworkMountsNoChown
--- PASS: TestContainerNetworkMountsNoChown (0.19s)
=== RUN   TestMountDaemonRoot
=== RUN   TestMountDaemonRoot/default
=== PAUSE TestMountDaemonRoot/default
=== RUN   TestMountDaemonRoot/private
=== PAUSE TestMountDaemonRoot/private
=== RUN   TestMountDaemonRoot/rprivate
=== PAUSE TestMountDaemonRoot/rprivate
=== RUN   TestMountDaemonRoot/slave
=== PAUSE TestMountDaemonRoot/slave
=== RUN   TestMountDaemonRoot/rslave
=== PAUSE TestMountDaemonRoot/rslave
=== RUN   TestMountDaemonRoot/shared
=== PAUSE TestMountDaemonRoot/shared
=== RUN   TestMountDaemonRoot/rshared
=== PAUSE TestMountDaemonRoot/rshared
=== CONT  TestMountDaemonRoot/default
=== CONT  TestMountDaemonRoot/rslave
=== RUN   TestMountDaemonRoot/default/mount_root
=== PAUSE TestMountDaemonRoot/default/mount_root
=== RUN   TestMountDaemonRoot/default/mount_subpath
=== PAUSE TestMountDaemonRoot/default/mount_subpath
=== RUN   TestMountDaemonRoot/rslave/bind_root
=== RUN   TestMountDaemonRoot/default/bind_root
=== PAUSE TestMountDaemonRoot/default/bind_root
=== PAUSE TestMountDaemonRoot/rslave/bind_root
=== RUN   TestMountDaemonRoot/default/bind_subpath
=== RUN   TestMountDaemonRoot/rslave/bind_subpath
=== PAUSE TestMountDaemonRoot/default/bind_subpath
=== CONT  TestMountDaemonRoot/rshared
=== RUN   TestMountDaemonRoot/rshared/bind_root
=== PAUSE TestMountDaemonRoot/rshared/bind_root
=== RUN   TestMountDaemonRoot/rshared/bind_subpath
=== PAUSE TestMountDaemonRoot/rshared/bind_subpath
=== RUN   TestMountDaemonRoot/rshared/mount_root
=== PAUSE TestMountDaemonRoot/rshared/mount_root
=== RUN   TestMountDaemonRoot/rshared/mount_subpath
=== PAUSE TestMountDaemonRoot/rshared/mount_subpath
=== CONT  TestMountDaemonRoot/rshared/bind_root
=== CONT  TestMountDaemonRoot/rshared/mount_subpath
=== CONT  TestMountDaemonRoot/default/mount_root
=== CONT  TestMountDaemonRoot/rshared/mount_root
=== CONT  TestMountDaemonRoot/slave
=== RUN   TestMountDaemonRoot/slave/bind_root
=== PAUSE TestMountDaemonRoot/slave/bind_root
=== RUN   TestMountDaemonRoot/slave/bind_subpath
=== CONT  TestMountDaemonRoot/rprivate
=== RUN   TestMountDaemonRoot/rprivate/bind_root
=== PAUSE TestMountDaemonRoot/rprivate/bind_root
=== RUN   TestMountDaemonRoot/rprivate/bind_subpath
=== PAUSE TestMountDaemonRoot/rprivate/bind_subpath
=== RUN   TestMountDaemonRoot/rprivate/mount_root
=== PAUSE TestMountDaemonRoot/rprivate/mount_root
=== RUN   TestMountDaemonRoot/rprivate/mount_subpath
=== PAUSE TestMountDaemonRoot/rprivate/mount_subpath
=== CONT  TestMountDaemonRoot/private
=== RUN   TestMountDaemonRoot/private/mount_root
=== CONT  TestMountDaemonRoot/rshared/bind_subpath
=== CONT  TestMountDaemonRoot/default/bind_subpath
=== CONT  TestMountDaemonRoot/default/bind_root
=== CONT  TestMountDaemonRoot/shared
=== RUN   TestMountDaemonRoot/shared/bind_root
=== CONT  TestMountDaemonRoot/default/mount_subpath
=== PAUSE TestMountDaemonRoot/shared/bind_root
=== RUN   TestMountDaemonRoot/shared/bind_subpath
=== PAUSE TestMountDaemonRoot/shared/bind_subpath
=== RUN   TestMountDaemonRoot/shared/mount_root
=== PAUSE TestMountDaemonRoot/shared/mount_root
=== RUN   TestMountDaemonRoot/shared/mount_subpath
=== PAUSE TestMountDaemonRoot/slave/bind_subpath
=== PAUSE TestMountDaemonRoot/shared/mount_subpath
=== PAUSE TestMountDaemonRoot/private/mount_root
=== RUN   TestMountDaemonRoot/slave/mount_root
=== PAUSE TestMountDaemonRoot/slave/mount_root
=== RUN   TestMountDaemonRoot/slave/mount_subpath
=== PAUSE TestMountDaemonRoot/slave/mount_subpath
=== PAUSE TestMountDaemonRoot/rslave/bind_subpath
=== RUN   TestMountDaemonRoot/private/mount_subpath
=== CONT  TestMountDaemonRoot/rprivate/bind_root
=== CONT  TestMountDaemonRoot/rprivate/mount_subpath
=== RUN   TestMountDaemonRoot/rslave/mount_root
=== PAUSE TestMountDaemonRoot/private/mount_subpath
=== RUN   TestMountDaemonRoot/private/bind_root
=== PAUSE TestMountDaemonRoot/private/bind_root
=== RUN   TestMountDaemonRoot/private/bind_subpath
=== PAUSE TestMountDaemonRoot/private/bind_subpath
=== CONT  TestMountDaemonRoot/rprivate/mount_root
=== PAUSE TestMountDaemonRoot/rslave/mount_root
=== RUN   TestMountDaemonRoot/rslave/mount_subpath
=== PAUSE TestMountDaemonRoot/rslave/mount_subpath
=== CONT  TestMountDaemonRoot/rprivate/bind_subpath
=== CONT  TestMountDaemonRoot/shared/bind_root
=== CONT  TestMountDaemonRoot/shared/mount_subpath
=== CONT  TestMountDaemonRoot/shared/mount_root
=== CONT  TestMountDaemonRoot/shared/bind_subpath
=== CONT  TestMountDaemonRoot/slave/mount_subpath
=== CONT  TestMountDaemonRoot/slave/mount_root
=== CONT  TestMountDaemonRoot/slave/bind_subpath
=== CONT  TestMountDaemonRoot/slave/bind_root
=== CONT  TestMountDaemonRoot/private/mount_root
=== CONT  TestMountDaemonRoot/private/bind_root
=== CONT  TestMountDaemonRoot/private/bind_subpath
=== CONT  TestMountDaemonRoot/private/mount_subpath
=== CONT  TestMountDaemonRoot/rslave/bind_root
=== CONT  TestMountDaemonRoot/rslave/mount_root
=== CONT  TestMountDaemonRoot/rslave/mount_subpath
=== CONT  TestMountDaemonRoot/rslave/bind_subpath
--- PASS: TestMountDaemonRoot (0.01s)
    --- PASS: TestMountDaemonRoot/rshared (0.00s)
        --- PASS: TestMountDaemonRoot/rshared/mount_subpath (0.05s)
        --- PASS: TestMountDaemonRoot/rshared/bind_subpath (0.05s)
        --- PASS: TestMountDaemonRoot/rshared/mount_root (0.05s)
        --- PASS: TestMountDaemonRoot/rshared/bind_root (0.05s)
    --- PASS: TestMountDaemonRoot/rprivate (0.00s)
        --- PASS: TestMountDaemonRoot/rprivate/mount_root (0.04s)
        --- PASS: TestMountDaemonRoot/rprivate/bind_subpath (0.04s)
        --- PASS: TestMountDaemonRoot/rprivate/mount_subpath (0.05s)
        --- PASS: TestMountDaemonRoot/rprivate/bind_root (0.05s)
    --- PASS: TestMountDaemonRoot/default (0.00s)
        --- PASS: TestMountDaemonRoot/default/bind_root (0.05s)
        --- PASS: TestMountDaemonRoot/default/mount_root (0.05s)
        --- PASS: TestMountDaemonRoot/default/mount_subpath (0.05s)
        --- PASS: TestMountDaemonRoot/default/bind_subpath (0.05s)
    --- PASS: TestMountDaemonRoot/shared (0.00s)
        --- PASS: TestMountDaemonRoot/shared/mount_subpath (0.03s)
        --- PASS: TestMountDaemonRoot/shared/bind_root (0.05s)
        --- PASS: TestMountDaemonRoot/shared/bind_subpath (0.04s)
        --- PASS: TestMountDaemonRoot/shared/mount_root (0.05s)
    --- PASS: TestMountDaemonRoot/slave (0.00s)
        --- PASS: TestMountDaemonRoot/slave/bind_subpath (0.04s)
        --- PASS: TestMountDaemonRoot/slave/mount_subpath (0.05s)
        --- PASS: TestMountDaemonRoot/slave/bind_root (0.05s)
        --- PASS: TestMountDaemonRoot/slave/mount_root (0.05s)
    --- PASS: TestMountDaemonRoot/private (0.00s)
        --- PASS: TestMountDaemonRoot/private/bind_subpath (0.04s)
        --- PASS: TestMountDaemonRoot/private/mount_subpath (0.04s)
        --- PASS: TestMountDaemonRoot/private/mount_root (0.05s)
        --- PASS: TestMountDaemonRoot/private/bind_root (0.05s)
    --- PASS: TestMountDaemonRoot/rslave (0.00s)
        --- PASS: TestMountDaemonRoot/rslave/bind_root (0.03s)
        --- PASS: TestMountDaemonRoot/rslave/mount_subpath (0.03s)
        --- PASS: TestMountDaemonRoot/rslave/mount_root (0.03s)
        --- PASS: TestMountDaemonRoot/rslave/bind_subpath (0.03s)
=== RUN   TestContainerBindMountNonRecursive
--- PASS: TestContainerBindMountNonRecursive (0.47s)
=== RUN   TestContainerVolumesMountedAsShared
--- PASS: TestContainerVolumesMountedAsShared (0.18s)
=== RUN   TestContainerVolumesMountedAsSlave
--- PASS: TestContainerVolumesMountedAsSlave (0.15s)
=== RUN   TestContainerCopyLeaksMounts
--- PASS: TestContainerCopyLeaksMounts (0.26s)
=== RUN   TestContainerBindMountRecursivelyReadOnly
--- PASS: TestContainerBindMountRecursivelyReadOnly (0.85s)
=== RUN   TestNetworkNat
--- PASS: TestNetworkNat (0.21s)
=== RUN   TestNetworkLocalhostTCPNat
--- PASS: TestNetworkLocalhostTCPNat (0.21s)
=== RUN   TestNetworkLoopbackNat
--- PASS: TestNetworkLoopbackNat (2.31s)
=== RUN   TestNoOverlayfsWarningsAboutUndefinedBehaviors
=== RUN   TestNoOverlayfsWarningsAboutUndefinedBehaviors/diff
=== RUN   TestNoOverlayfsWarningsAboutUndefinedBehaviors/export
=== RUN   TestNoOverlayfsWarningsAboutUndefinedBehaviors/cp_to_container
=== RUN   TestNoOverlayfsWarningsAboutUndefinedBehaviors/cp_from_container
--- PASS: TestNoOverlayfsWarningsAboutUndefinedBehaviors (0.23s)
    --- PASS: TestNoOverlayfsWarningsAboutUndefinedBehaviors/diff (0.01s)
    --- PASS: TestNoOverlayfsWarningsAboutUndefinedBehaviors/export (0.01s)
    --- PASS: TestNoOverlayfsWarningsAboutUndefinedBehaviors/cp_to_container (0.00s)
    --- PASS: TestNoOverlayfsWarningsAboutUndefinedBehaviors/cp_from_container (0.00s)
=== RUN   TestPause
--- PASS: TestPause (0.22s)
=== RUN   TestPauseFailsOnWindowsServerContainers
    pause_test.go:54: testEnv.DaemonInfo.OSType != "windows" || testEnv.DaemonInfo.Isolation != "process"
--- SKIP: TestPauseFailsOnWindowsServerContainers (0.00s)
=== RUN   TestPauseStopPausedContainer
--- PASS: TestPauseStopPausedContainer (0.21s)
=== RUN   TestPIDModeHost
--- PASS: TestPIDModeHost (0.47s)
=== RUN   TestPIDModeContainer
=== RUN   TestPIDModeContainer/non-existing_container
=== RUN   TestPIDModeContainer/non-running_container
=== RUN   TestPIDModeContainer/running_container
--- PASS: TestPIDModeContainer (0.49s)
    --- PASS: TestPIDModeContainer/non-existing_container (0.00s)
    --- PASS: TestPIDModeContainer/non-running_container (0.07s)
    --- PASS: TestPIDModeContainer/running_container (0.22s)
=== RUN   TestPsFilter
=== RUN   TestPsFilter/since
=== RUN   TestPsFilter/before
--- PASS: TestPsFilter (0.07s)
    --- PASS: TestPsFilter/since (0.00s)
    --- PASS: TestPsFilter/before (0.00s)
=== RUN   TestRemoveContainerWithRemovedVolume
--- PASS: TestRemoveContainerWithRemovedVolume (0.19s)
=== RUN   TestRemoveContainerWithVolume
--- PASS: TestRemoveContainerWithVolume (0.21s)
=== RUN   TestRemoveContainerRunning
--- PASS: TestRemoveContainerRunning (0.19s)
=== RUN   TestRemoveContainerForceRemoveRunning
--- PASS: TestRemoveContainerForceRemoveRunning (0.20s)
=== RUN   TestRemoveInvalidContainer
--- PASS: TestRemoveInvalidContainer (0.01s)
=== RUN   TestRenameLinkedContainer
--- PASS: TestRenameLinkedContainer (0.82s)
=== RUN   TestRenameStoppedContainer
--- PASS: TestRenameStoppedContainer (0.19s)
=== RUN   TestRenameRunningContainerAndReuse
--- PASS: TestRenameRunningContainerAndReuse (0.43s)
=== RUN   TestRenameInvalidName
--- PASS: TestRenameInvalidName (0.20s)
=== RUN   TestRenameAnonymousContainer
--- PASS: TestRenameAnonymousContainer (0.72s)
=== RUN   TestRenameContainerWithSameName
--- PASS: TestRenameContainerWithSameName (0.21s)
=== RUN   TestRenameContainerWithLinkedContainer
--- PASS: TestRenameContainerWithLinkedContainer (0.39s)
=== RUN   TestResize
=== RUN   TestResize/success
=== RUN   TestResize/invalid_size
=== RUN   TestResize/invalid_state
--- PASS: TestResize (0.42s)
    --- PASS: TestResize/success (0.12s)
    --- PASS: TestResize/invalid_size (0.13s)
    --- PASS: TestResize/invalid_state (0.01s)
=== RUN   TestDaemonRestartKillContainers
=== RUN   TestDaemonRestartKillContainers/live-restore=false/container_without_restart_policy/kill-daemon
=== PAUSE TestDaemonRestartKillContainers/live-restore=false/container_without_restart_policy/kill-daemon
=== RUN   TestDaemonRestartKillContainers/live-restore=false/container_without_restart_policy/stop-daemon
=== PAUSE TestDaemonRestartKillContainers/live-restore=false/container_without_restart_policy/stop-daemon
=== RUN   TestDaemonRestartKillContainers/live-restore=true/container_without_restart_policy/kill-daemon
=== PAUSE TestDaemonRestartKillContainers/live-restore=true/container_without_restart_policy/kill-daemon
=== RUN   TestDaemonRestartKillContainers/live-restore=true/container_without_restart_policy/stop-daemon
=== PAUSE TestDaemonRestartKillContainers/live-restore=true/container_without_restart_policy/stop-daemon
=== RUN   TestDaemonRestartKillContainers/live-restore=false/container_with_restart=always/kill-daemon
=== PAUSE TestDaemonRestartKillContainers/live-restore=false/container_with_restart=always/kill-daemon
=== RUN   TestDaemonRestartKillContainers/live-restore=false/container_with_restart=always/stop-daemon
=== PAUSE TestDaemonRestartKillContainers/live-restore=false/container_with_restart=always/stop-daemon
=== RUN   TestDaemonRestartKillContainers/live-restore=true/container_with_restart=always/kill-daemon
=== PAUSE TestDaemonRestartKillContainers/live-restore=true/container_with_restart=always/kill-daemon
=== RUN   TestDaemonRestartKillContainers/live-restore=true/container_with_restart=always/stop-daemon
=== PAUSE TestDaemonRestartKillContainers/live-restore=true/container_with_restart=always/stop-daemon
=== RUN   TestDaemonRestartKillContainers/live-restore=false/container_with_restart=always_and_with_healthcheck/kill-daemon
=== PAUSE TestDaemonRestartKillContainers/live-restore=false/container_with_restart=always_and_with_healthcheck/kill-daemon
=== RUN   TestDaemonRestartKillContainers/live-restore=false/container_with_restart=always_and_with_healthcheck/stop-daemon
=== PAUSE TestDaemonRestartKillContainers/live-restore=false/container_with_restart=always_and_with_healthcheck/stop-daemon
=== RUN   TestDaemonRestartKillContainers/live-restore=true/container_with_restart=always_and_with_healthcheck/kill-daemon
=== PAUSE TestDaemonRestartKillContainers/live-restore=true/container_with_restart=always_and_with_healthcheck/kill-daemon
=== RUN   TestDaemonRestartKillContainers/live-restore=true/container_with_restart=always_and_with_healthcheck/stop-daemon
=== PAUSE TestDaemonRestartKillContainers/live-restore=true/container_with_restart=always_and_with_healthcheck/stop-daemon
=== RUN   TestDaemonRestartKillContainers/live-restore=false/container_created_should_not_be_restarted/kill-daemon
=== PAUSE TestDaemonRestartKillContainers/live-restore=false/container_created_should_not_be_restarted/kill-daemon
=== RUN   TestDaemonRestartKillContainers/live-restore=false/container_created_should_not_be_restarted/stop-daemon
=== PAUSE TestDaemonRestartKillContainers/live-restore=false/container_created_should_not_be_restarted/stop-daemon
=== RUN   TestDaemonRestartKillContainers/live-restore=true/container_created_should_not_be_restarted/stop-daemon
=== PAUSE TestDaemonRestartKillContainers/live-restore=true/container_created_should_not_be_restarted/stop-daemon
=== RUN   TestDaemonRestartKillContainers/live-restore=true/container_created_should_not_be_restarted/kill-daemon
=== PAUSE TestDaemonRestartKillContainers/live-restore=true/container_created_should_not_be_restarted/kill-daemon
=== CONT  TestDaemonRestartKillContainers/live-restore=false/container_without_restart_policy/kill-daemon
=== CONT  TestDaemonRestartKillContainers/live-restore=false/container_with_restart=always_and_with_healthcheck/kill-daemon
=== CONT  TestDaemonRestartKillContainers/live-restore=false/container_created_should_not_be_restarted/kill-daemon
=== CONT  TestDaemonRestartKillContainers/live-restore=true/container_created_should_not_be_restarted/kill-daemon
=== CONT  TestDaemonRestartKillContainers/live-restore=true/container_created_should_not_be_restarted/stop-daemon
=== CONT  TestDaemonRestartKillContainers/live-restore=false/container_created_should_not_be_restarted/stop-daemon
=== CONT  TestDaemonRestartKillContainers/live-restore=true/container_with_restart=always_and_with_healthcheck/kill-daemon
=== CONT  TestDaemonRestartKillContainers/live-restore=true/container_with_restart=always_and_with_healthcheck/stop-daemon
=== CONT  TestDaemonRestartKillContainers/live-restore=false/container_with_restart=always/kill-daemon
=== CONT  TestDaemonRestartKillContainers/live-restore=true/container_with_restart=always/stop-daemon
=== CONT  TestDaemonRestartKillContainers/live-restore=true/container_with_restart=always/kill-daemon
=== CONT  TestDaemonRestartKillContainers/live-restore=false/container_with_restart=always/stop-daemon
=== CONT  TestDaemonRestartKillContainers/live-restore=false/container_with_restart=always_and_with_healthcheck/stop-daemon
=== CONT  TestDaemonRestartKillContainers/live-restore=true/container_without_restart_policy/kill-daemon
=== CONT  TestDaemonRestartKillContainers/live-restore=true/container_without_restart_policy/stop-daemon
=== CONT  TestDaemonRestartKillContainers/live-restore=false/container_without_restart_policy/stop-daemon
--- PASS: TestDaemonRestartKillContainers (0.00s)
    --- PASS: TestDaemonRestartKillContainers/live-restore=true/container_created_should_not_be_restarted/kill-daemon (49.49s)
    --- PASS: TestDaemonRestartKillContainers/live-restore=true/container_created_should_not_be_restarted/stop-daemon (49.58s)
    --- PASS: TestDaemonRestartKillContainers/live-restore=false/container_created_should_not_be_restarted/stop-daemon (49.60s)
    --- PASS: TestDaemonRestartKillContainers/live-restore=false/container_created_should_not_be_restarted/kill-daemon (49.60s)
    --- PASS: TestDaemonRestartKillContainers/live-restore=true/container_with_restart=always/stop-daemon (50.09s)
    --- PASS: TestDaemonRestartKillContainers/live-restore=false/container_without_restart_policy/kill-daemon (50.10s)
    --- PASS: TestDaemonRestartKillContainers/live-restore=true/container_with_restart=always/kill-daemon (50.10s)
    --- PASS: TestDaemonRestartKillContainers/live-restore=false/container_with_restart=always/stop-daemon (50.78s)
    --- PASS: TestDaemonRestartKillContainers/live-restore=false/container_with_restart=always/kill-daemon (50.86s)
    --- PASS: TestDaemonRestartKillContainers/live-restore=true/container_with_restart=always_and_with_healthcheck/stop-daemon (56.47s)
    --- PASS: TestDaemonRestartKillContainers/live-restore=true/container_with_restart=always_and_with_healthcheck/kill-daemon (56.82s)
    --- PASS: TestDaemonRestartKillContainers/live-restore=false/container_with_restart=always_and_with_healthcheck/kill-daemon (58.50s)
    --- PASS: TestDaemonRestartKillContainers/live-restore=true/container_without_restart_policy/stop-daemon (18.69s)
    --- PASS: TestDaemonRestartKillContainers/live-restore=false/container_without_restart_policy/stop-daemon (18.80s)
    --- PASS: TestDaemonRestartKillContainers/live-restore=true/container_without_restart_policy/kill-daemon (18.83s)
    --- PASS: TestDaemonRestartKillContainers/live-restore=false/container_with_restart=always_and_with_healthcheck/stop-daemon (20.45s)
=== RUN   TestContainerWithAutoRemoveCanBeRestarted
=== RUN   TestContainerWithAutoRemoveCanBeRestarted/kill
=== RUN   TestContainerWithAutoRemoveCanBeRestarted/stop
--- PASS: TestContainerWithAutoRemoveCanBeRestarted (0.94s)
    --- PASS: TestContainerWithAutoRemoveCanBeRestarted/kill (0.45s)
    --- PASS: TestContainerWithAutoRemoveCanBeRestarted/stop (0.48s)
=== RUN   TestContainerRestartWithCancelledRequest
--- PASS: TestContainerRestartWithCancelledRequest (1.37s)
=== RUN   TestCgroupNamespacesRun
--- PASS: TestCgroupNamespacesRun (3.62s)
=== RUN   TestCgroupNamespacesRunPrivileged
    run_cgroupns_linux_test.go:60: testEnv.DaemonInfo.CgroupVersion == "2": on cgroup v2, privileged containers use private cgroupns
--- SKIP: TestCgroupNamespacesRunPrivileged (0.00s)
=== RUN   TestCgroupNamespacesRunDaemonHostMode
--- PASS: TestCgroupNamespacesRunDaemonHostMode (3.60s)
=== RUN   TestCgroupNamespacesRunHostMode
--- PASS: TestCgroupNamespacesRunHostMode (3.64s)
=== RUN   TestCgroupNamespacesRunPrivateMode
--- PASS: TestCgroupNamespacesRunPrivateMode (3.61s)
=== RUN   TestCgroupNamespacesRunPrivilegedAndPrivate
--- PASS: TestCgroupNamespacesRunPrivilegedAndPrivate (3.66s)
=== RUN   TestCgroupNamespacesRunInvalidMode
--- PASS: TestCgroupNamespacesRunInvalidMode (2.97s)
=== RUN   TestCgroupNamespacesRunOlderClient
--- PASS: TestCgroupNamespacesRunOlderClient (3.65s)
=== RUN   TestNISDomainname
--- PASS: TestNISDomainname (0.26s)
=== RUN   TestHostnameDnsResolution
--- PASS: TestHostnameDnsResolution (0.33s)
=== RUN   TestUnprivilegedPortsAndPing
--- PASS: TestUnprivilegedPortsAndPing (0.26s)
=== RUN   TestPrivilegedHostDevices
--- PASS: TestPrivilegedHostDevices (0.25s)
=== RUN   TestRunConsoleSize
--- PASS: TestRunConsoleSize (0.21s)
=== RUN   TestRunWithAlternativeContainerdShim
--- PASS: TestRunWithAlternativeContainerdShim (8.27s)
=== RUN   TestMacAddressIsAppliedToMainNetworkWithShortID
--- PASS: TestMacAddressIsAppliedToMainNetworkWithShortID (3.28s)
=== RUN   TestStats
--- PASS: TestStats (1.27s)
=== RUN   TestStopContainerWithTimeout
=== RUN   TestStopContainerWithTimeout/0
=== PAUSE TestStopContainerWithTimeout/0
=== RUN   TestStopContainerWithTimeout/1
=== PAUSE TestStopContainerWithTimeout/1
=== RUN   TestStopContainerWithTimeout/3
=== PAUSE TestStopContainerWithTimeout/3
=== RUN   TestStopContainerWithTimeout/-1
=== PAUSE TestStopContainerWithTimeout/-1
=== CONT  TestStopContainerWithTimeout/0
=== CONT  TestStopContainerWithTimeout/3
=== CONT  TestStopContainerWithTimeout/-1
=== CONT  TestStopContainerWithTimeout/1
--- PASS: TestStopContainerWithTimeout (0.04s)
    --- PASS: TestStopContainerWithTimeout/0 (0.33s)
    --- PASS: TestStopContainerWithTimeout/1 (1.40s)
    --- PASS: TestStopContainerWithTimeout/-1 (2.36s)
    --- PASS: TestStopContainerWithTimeout/3 (2.47s)
=== RUN   TestStopContainerWithTimeoutCancel
=== PAUSE TestStopContainerWithTimeoutCancel
=== RUN   TestStopContainerWithRestartPolicyAlways
--- PASS: TestStopContainerWithRestartPolicyAlways (0.51s)
=== RUN   TestUpdateMemory
--- PASS: TestUpdateMemory (0.26s)
=== RUN   TestUpdateCPUQuota
--- PASS: TestUpdateCPUQuota (0.36s)
=== RUN   TestUpdatePidsLimit
=== RUN   TestUpdatePidsLimit/update_from_none
=== RUN   TestUpdatePidsLimit/no_change
=== RUN   TestUpdatePidsLimit/update_lower
=== RUN   TestUpdatePidsLimit/update_on_old_api_ignores_value
=== RUN   TestUpdatePidsLimit/unset_limit_with_zero
=== RUN   TestUpdatePidsLimit/unset_limit_with_minus_one
=== RUN   TestUpdatePidsLimit/unset_limit_with_minus_two
--- PASS: TestUpdatePidsLimit (0.82s)
    --- PASS: TestUpdatePidsLimit/update_from_none (0.08s)
    --- PASS: TestUpdatePidsLimit/no_change (0.09s)
    --- PASS: TestUpdatePidsLimit/update_lower (0.10s)
    --- PASS: TestUpdatePidsLimit/update_on_old_api_ignores_value (0.09s)
    --- PASS: TestUpdatePidsLimit/unset_limit_with_zero (0.08s)
    --- PASS: TestUpdatePidsLimit/unset_limit_with_minus_one (0.09s)
    --- PASS: TestUpdatePidsLimit/unset_limit_with_minus_two (0.09s)
=== RUN   TestUpdateRestartPolicy
--- PASS: TestUpdateRestartPolicy (10.19s)
=== RUN   TestUpdateRestartWithAutoRemove
--- PASS: TestUpdateRestartWithAutoRemove (0.20s)
=== RUN   TestWaitNonBlocked
=== RUN   TestWaitNonBlocked/wait-nonblocking-exit-0
=== PAUSE TestWaitNonBlocked/wait-nonblocking-exit-0
=== RUN   TestWaitNonBlocked/wait-nonblocking-exit-random
=== PAUSE TestWaitNonBlocked/wait-nonblocking-exit-random
=== CONT  TestWaitNonBlocked/wait-nonblocking-exit-0
=== CONT  TestWaitNonBlocked/wait-nonblocking-exit-random
--- PASS: TestWaitNonBlocked (0.02s)
    --- PASS: TestWaitNonBlocked/wait-nonblocking-exit-0 (0.37s)
    --- PASS: TestWaitNonBlocked/wait-nonblocking-exit-random (0.39s)
=== RUN   TestWaitBlocked
=== RUN   TestWaitBlocked/test-wait-blocked-exit-zero
=== PAUSE TestWaitBlocked/test-wait-blocked-exit-zero
=== RUN   TestWaitBlocked/test-wait-blocked-exit-random
=== PAUSE TestWaitBlocked/test-wait-blocked-exit-random
=== CONT  TestWaitBlocked/test-wait-blocked-exit-zero
=== CONT  TestWaitBlocked/test-wait-blocked-exit-random
--- PASS: TestWaitBlocked (0.02s)
    --- PASS: TestWaitBlocked/test-wait-blocked-exit-random (0.30s)
    --- PASS: TestWaitBlocked/test-wait-blocked-exit-zero (0.32s)
=== RUN   TestWaitConditions
=== RUN   TestWaitConditions/default
=== PAUSE TestWaitConditions/default
=== RUN   TestWaitConditions/not-running
=== PAUSE TestWaitConditions/not-running
=== RUN   TestWaitConditions/next-exit
=== PAUSE TestWaitConditions/next-exit
=== RUN   TestWaitConditions/removed
=== PAUSE TestWaitConditions/removed
=== CONT  TestWaitConditions/default
=== CONT  TestWaitConditions/next-exit
=== CONT  TestWaitConditions/removed
=== CONT  TestWaitConditions/not-running
    wait_test.go:145: ContainerID = 79cc5833757c1674cd2bd63e54a9a93defc521e0f92b1f9f6fe63a3b5ed3493a
    wait_test.go:145: ContainerID = e486a10b898a2b6de46cce70e4daa9ad3f9b1a01a5b562c0fff123019a639d05
    wait_test.go:145: ContainerID = 5a2122bf441e4362168927118d21d2755d3a8a8b1064390d5c20206fe0553d1f
    wait_test.go:145: ContainerID = 022de827f8ed86ebab9d05c669f8d0f6507971759c6106c865672900ccd3742e
--- PASS: TestWaitConditions (0.03s)
    --- PASS: TestWaitConditions/removed (0.37s)
    --- PASS: TestWaitConditions/not-running (0.38s)
    --- PASS: TestWaitConditions/next-exit (0.55s)
    --- PASS: TestWaitConditions/default (0.60s)
=== RUN   TestWaitRestartedContainer
=== RUN   TestWaitRestartedContainer/default
=== PAUSE TestWaitRestartedContainer/default
=== RUN   TestWaitRestartedContainer/not-running
=== PAUSE TestWaitRestartedContainer/not-running
=== RUN   TestWaitRestartedContainer/next-exit
=== PAUSE TestWaitRestartedContainer/next-exit
=== CONT  TestWaitRestartedContainer/default
=== CONT  TestWaitRestartedContainer/next-exit
=== CONT  TestWaitRestartedContainer/not-running
--- PASS: TestWaitRestartedContainer (0.01s)
    --- PASS: TestWaitRestartedContainer/default (0.66s)
    --- PASS: TestWaitRestartedContainer/not-running (0.84s)
    --- PASS: TestWaitRestartedContainer/next-exit (0.92s)
=== CONT  TestHardRestartWhenContainerIsRunning
=== CONT  TestContainerStartOnDaemonRestart
=== CONT  TestDaemonHostGatewayIP
=== CONT  TestRestartDaemonWithRestartingContainer
=== CONT  TestDaemonRestartIpcMode
=== CONT  TestIpcModeOlderClient
=== CONT  TestStopContainerWithTimeoutCancel
=== CONT  TestContainerKillOnDaemonStart
--- PASS: TestIpcModeOlderClient (0.04s)
--- PASS: TestStopContainerWithTimeoutCancel (3.55s)
=== RUN   TestHardRestartWhenContainerIsRunning/RestartPolicy=none
=== RUN   TestHardRestartWhenContainerIsRunning/RestartPolicy=on-failure
--- PASS: TestContainerStartOnDaemonRestart (25.90s)
--- PASS: TestRestartDaemonWithRestartingContainer (26.12s)
--- PASS: TestHardRestartWhenContainerIsRunning (26.79s)
    --- PASS: TestHardRestartWhenContainerIsRunning/RestartPolicy=none (0.00s)
    --- PASS: TestHardRestartWhenContainerIsRunning/RestartPolicy=on-failure (0.17s)
--- PASS: TestDaemonRestartIpcMode (27.22s)
--- PASS: TestDaemonHostGatewayIP (27.23s)
--- PASS: TestContainerKillOnDaemonStart (35.17s)
PASS

=== Skipped
=== SKIP: arm64.integration.container TestCheckpoint (0.00s)
    checkpoint_test.go:33: TestCheckpoint is broken; see https://github.com/moby/moby/issues/38963

=== SKIP: arm64.integration.container TestInspectOomKilledTrue (0.00s)
    kill_test.go:165: testEnv.DaemonInfo.CgroupVersion == "2": FIXME: flaky on cgroup v2 (https://github.com/moby/moby/issues/41929)

=== SKIP: arm64.integration.container TestPauseFailsOnWindowsServerContainers (0.00s)
    pause_test.go:54: testEnv.DaemonInfo.OSType != "windows" || testEnv.DaemonInfo.Isolation != "process"

=== SKIP: arm64.integration.container TestCgroupNamespacesRunPrivileged (0.00s)
    run_cgroupns_linux_test.go:60: testEnv.DaemonInfo.CgroupVersion == "2": on cgroup v2, privileged containers use private cgroupns

DONE 320 tests, 4 skipped in 260.987s
Running /go/src/github.com/docker/docker/integration/daemon (arm64.integration.daemon) flags=-test.v -test.timeout=5m  
INFO: Testing against a local daemon
=== RUN   TestConfigDaemonID
    daemon_test.go:60: [df3dda4bfe37f] daemon is not started
--- PASS: TestConfigDaemonID (1.09s)
=== RUN   TestDaemonConfigValidation
=== RUN   TestDaemonConfigValidation/config_with_no_content
=== PAUSE TestDaemonConfigValidation/config_with_no_content
=== RUN   TestDaemonConfigValidation/config_with_{}
=== PAUSE TestDaemonConfigValidation/config_with_{}
=== RUN   TestDaemonConfigValidation/invalid_config
=== PAUSE TestDaemonConfigValidation/invalid_config
=== RUN   TestDaemonConfigValidation/malformed_config
=== PAUSE TestDaemonConfigValidation/malformed_config
=== RUN   TestDaemonConfigValidation/valid_config
=== PAUSE TestDaemonConfigValidation/valid_config
=== CONT  TestDaemonConfigValidation/config_with_no_content
=== CONT  TestDaemonConfigValidation/malformed_config
=== CONT  TestDaemonConfigValidation/valid_config
=== CONT  TestDaemonConfigValidation/invalid_config
=== CONT  TestDaemonConfigValidation/config_with_{}
--- PASS: TestDaemonConfigValidation (0.00s)
    --- PASS: TestDaemonConfigValidation/config_with_no_content (0.04s)
    --- PASS: TestDaemonConfigValidation/config_with_{} (0.04s)
    --- PASS: TestDaemonConfigValidation/invalid_config (0.04s)
    --- PASS: TestDaemonConfigValidation/valid_config (0.04s)
    --- PASS: TestDaemonConfigValidation/malformed_config (0.04s)
=== RUN   TestConfigDaemonSeccompProfiles
=== RUN   TestConfigDaemonSeccompProfiles/empty_profile_set
=== RUN   TestConfigDaemonSeccompProfiles/default_profile
=== RUN   TestConfigDaemonSeccompProfiles/unconfined_profile
    daemon_test.go:179: [d3ec6f52537cb] daemon is not started
--- PASS: TestConfigDaemonSeccompProfiles (3.28s)
    --- PASS: TestConfigDaemonSeccompProfiles/empty_profile_set (1.10s)
    --- PASS: TestConfigDaemonSeccompProfiles/default_profile (1.10s)
    --- PASS: TestConfigDaemonSeccompProfiles/unconfined_profile (1.09s)
=== RUN   TestDaemonProxy
=== RUN   TestDaemonProxy/environment_variables
=== PAUSE TestDaemonProxy/environment_variables
=== RUN   TestDaemonProxy/command-line_options
=== PAUSE TestDaemonProxy/command-line_options
=== RUN   TestDaemonProxy/configuration_file
=== PAUSE TestDaemonProxy/configuration_file
=== RUN   TestDaemonProxy/conflicting_options
=== RUN   TestDaemonProxy/reload_sanitized
=== PAUSE TestDaemonProxy/reload_sanitized
=== CONT  TestDaemonProxy/environment_variables
=== CONT  TestDaemonProxy/configuration_file
=== CONT  TestDaemonProxy/reload_sanitized
=== CONT  TestDaemonProxy/command-line_options
--- PASS: TestDaemonProxy (0.51s)
    --- PASS: TestDaemonProxy/conflicting_options (0.51s)
    --- PASS: TestDaemonProxy/reload_sanitized (0.65s)
    --- PASS: TestDaemonProxy/configuration_file (1.89s)
    --- PASS: TestDaemonProxy/environment_variables (1.89s)
    --- PASS: TestDaemonProxy/command-line_options (1.90s)
=== RUN   TestLiveRestore
=== RUN   TestLiveRestore/volume_references
=== PAUSE TestLiveRestore/volume_references
=== CONT  TestLiveRestore/volume_references
=== RUN   TestLiveRestore/volume_references/restartPolicy
=== RUN   TestLiveRestore/volume_references/restartPolicy/always
=== RUN   TestLiveRestore/volume_references/restartPolicy/unless-stopped
=== RUN   TestLiveRestore/volume_references/restartPolicy/on-failure
=== RUN   TestLiveRestore/volume_references/restartPolicy/no
=== RUN   TestLiveRestore/volume_references/local_volume_with_mount_options
=== RUN   TestLiveRestore/volume_references/local_volume_with_mount_options/volume_still_mounted
=== RUN   TestLiveRestore/volume_references/container_with_bind-mounts
--- PASS: TestLiveRestore (0.00s)
    --- PASS: TestLiveRestore/volume_references (12.75s)
        --- PASS: TestLiveRestore/volume_references/restartPolicy (5.79s)
            --- PASS: TestLiveRestore/volume_references/restartPolicy/always (1.43s)
            --- PASS: TestLiveRestore/volume_references/restartPolicy/unless-stopped (1.47s)
            --- PASS: TestLiveRestore/volume_references/restartPolicy/on-failure (1.45s)
            --- PASS: TestLiveRestore/volume_references/restartPolicy/no (1.44s)
        --- PASS: TestLiveRestore/volume_references/local_volume_with_mount_options (2.33s)
            --- PASS: TestLiveRestore/volume_references/local_volume_with_mount_options/volume_still_mounted (0.89s)
        --- PASS: TestLiveRestore/volume_references/container_with_bind-mounts (1.44s)
=== RUN   TestDaemonDefaultBridgeWithFixedCidrButNoBip
--- PASS: TestDaemonDefaultBridgeWithFixedCidrButNoBip (3.16s)
PASS

DONE 28 tests in 22.826s
Running /go/src/github.com/docker/docker/integration/image (arm64.integration.image) flags=-test.v -test.timeout=5m  
INFO: Testing against a local daemon
=== RUN   TestCommitInheritsEnv
--- PASS: TestCommitInheritsEnv (1.80s)
=== RUN   TestImportExtremelyLargeImageWorks
    import_test.go:23: runtime.GOARCH == "arm64": effective test will be time out
--- SKIP: TestImportExtremelyLargeImageWorks (0.00s)
=== RUN   TestImportWithCustomPlatform
=== RUN   TestImportWithCustomPlatform/#00
=== RUN   TestImportWithCustomPlatform/linux
=== RUN   TestImportWithCustomPlatform/LINUX
=== RUN   TestImportWithCustomPlatform/linux/sparc64
--- PASS: TestImportWithCustomPlatform (0.04s)
    --- PASS: TestImportWithCustomPlatform/#00 (0.01s)
    --- PASS: TestImportWithCustomPlatform/linux (0.01s)
    --- PASS: TestImportWithCustomPlatform/LINUX (0.00s)
    --- PASS: TestImportWithCustomPlatform/linux/sparc64 (0.00s)
=== RUN   TestImportWithCustomPlatformReject
=== RUN   TestImportWithCustomPlatformReject/_______
=== RUN   TestImportWithCustomPlatformReject//
=== RUN   TestImportWithCustomPlatformReject/macos
=== RUN   TestImportWithCustomPlatformReject/macos/arm64
=== RUN   TestImportWithCustomPlatformReject/nintendo64
--- PASS: TestImportWithCustomPlatformReject (0.01s)
    --- PASS: TestImportWithCustomPlatformReject/_______ (0.00s)
    --- PASS: TestImportWithCustomPlatformReject// (0.00s)
    --- PASS: TestImportWithCustomPlatformReject/macos (0.00s)
    --- PASS: TestImportWithCustomPlatformReject/macos/arm64 (0.00s)
    --- PASS: TestImportWithCustomPlatformReject/nintendo64 (0.00s)
=== RUN   TestImageInspectEmptyTagsAndDigests
--- PASS: TestImageInspectEmptyTagsAndDigests (0.01s)
=== RUN   TestImagesFilterMultiReference
--- PASS: TestImagesFilterMultiReference (0.02s)
=== RUN   TestImagesFilterUntil
    list_test.go:98: ImageList: ID=sha256:72b95546b3d9d46b9e1d2fc0154d0591679c9d7c350635828a24ececb287830d RepoTags=[testimagesfilteruntil:v1]
--- PASS: TestImagesFilterUntil (4.93s)
=== RUN   TestImagesFilterBeforeSince
    list_test.go:132: ImageList: ID=sha256:ddc0fea876842326d1e9ac10989dcefd01b593f60be8b6e22d3705b310d891e7 RepoTags=[testimagesfilterbeforesince:v3]
    list_test.go:132: ImageList: ID=sha256:c05d0e0fe6833df19e529ecfc5afbb41a92bca97cd6f6a11a85bf7e8807ca1fd RepoTags=[testimagesfilterbeforesince:v2]
    list_test.go:132: ImageList: ID=sha256:9abbbd914780bc29470c681b9e362617e15d78fd27d8a54852aeaf4100660926 RepoTags=[testimagesfilterbeforesince:v1]
--- PASS: TestImagesFilterBeforeSince (5.00s)
=== RUN   TestAPIImagesFilters
=== RUN   TestAPIImagesFilters/repository_regex
=== PAUSE TestAPIImagesFilters/repository_regex
=== RUN   TestAPIImagesFilters/image_name_regex
=== PAUSE TestAPIImagesFilters/image_name_regex
=== RUN   TestAPIImagesFilters/image_name_without_a_tag
=== PAUSE TestAPIImagesFilters/image_name_without_a_tag
=== RUN   TestAPIImagesFilters/registry_port_regex
=== PAUSE TestAPIImagesFilters/registry_port_regex
=== CONT  TestAPIImagesFilters/repository_regex
=== CONT  TestAPIImagesFilters/image_name_without_a_tag
=== CONT  TestAPIImagesFilters/image_name_regex
=== CONT  TestAPIImagesFilters/registry_port_regex
--- PASS: TestAPIImagesFilters (0.02s)
    --- PASS: TestAPIImagesFilters/repository_regex (0.00s)
    --- PASS: TestAPIImagesFilters/image_name_without_a_tag (0.00s)
    --- PASS: TestAPIImagesFilters/image_name_regex (0.00s)
    --- PASS: TestAPIImagesFilters/registry_port_regex (0.00s)
=== RUN   TestPruneDontDeleteUsedDangling
--- PASS: TestPruneDontDeleteUsedDangling (0.01s)
=== RUN   TestImagePullPlatformInvalid
--- PASS: TestImagePullPlatformInvalid (0.01s)
=== RUN   TestImagePullStoredfDigestForOtherRepo
time="2023-11-13T11:01:09.14375488Z" level=warning msg="No HTTP secret provided - generated random secret. This may cause problems with uploads if multiple registries are behind a load-balancer. To provide a shared secret, fill in http.secret in the configuration file or set the REGISTRY_HTTP_SECRET environment variable." go.version=go1.20.8 instance.id=2f7ba7fc-353d-42b6-b0f9-ce89fb663fbb version=2.8.3 
time="2023-11-13T11:01:09.144462255Z" level=info msg="redis not configured" go.version=go1.20.8 instance.id=2f7ba7fc-353d-42b6-b0f9-ce89fb663fbb version=2.8.3 
time="2023-11-13T11:01:09.144589255Z" level=info msg="listening on 127.0.0.1:5000" go.version=go1.20.8 instance.id=2f7ba7fc-353d-42b6-b0f9-ce89fb663fbb version=2.8.3 
time="2023-11-13T11:01:09.144669088Z" level=info msg="Starting upload purge in 27m0s" go.version=go1.20.8 instance.id=2f7ba7fc-353d-42b6-b0f9-ce89fb663fbb version=2.8.3 
time="2023-11-13T11:01:09.22710738Z" level=debug msg="authorizing request" go.version=go1.20.8 http.request.host="127.0.0.1:5000" http.request.id=d5cfe22a-6cc5-4372-b650-c1443450f674 http.request.method=GET http.request.remoteaddr="127.0.0.1:52020" http.request.uri="/v2/" http.request.useragent="Go-http-client/1.1" 
time="2023-11-13T11:01:09.227142755Z" level=info msg="response completed" go.version=go1.20.8 http.request.host="127.0.0.1:5000" http.request.id=d5cfe22a-6cc5-4372-b650-c1443450f674 http.request.method=GET http.request.remoteaddr="127.0.0.1:52020" http.request.uri="/v2/" http.request.useragent="Go-http-client/1.1" http.response.contenttype="application/json; charset=utf-8" http.response.duration=1.716792ms http.response.status=200 http.response.written=2 
127.0.0.1 - - [13/Nov/2023:11:01:09 +0000] "GET /v2/ HTTP/1.1" 200 2 "" "Go-http-client/1.1"
time="2023-11-13T11:01:09.229153255Z" level=debug msg="authorizing request" go.version=go1.20.8 http.request.host="127.0.0.1:5000" http.request.id=09ab8fb8-7d7f-4fbd-9ad8-95d66310ec8b http.request.method=HEAD http.request.remoteaddr="127.0.0.1:52040" http.request.uri="/v2/test/blobs/sha256:cf7f382020339d0028918c3868135c3f04f625f684b264b6a63a549bd84ee80b" http.request.useragent="containerd/1.7.8+unknown" vars.digest="sha256:cf7f382020339d0028918c3868135c3f04f625f684b264b6a63a549bd84ee80b" vars.name=test 
time="2023-11-13T11:01:09.229181671Z" level=debug msg=GetBlob go.version=go1.20.8 http.request.host="127.0.0.1:5000" http.request.id=09ab8fb8-7d7f-4fbd-9ad8-95d66310ec8b http.request.method=HEAD http.request.remoteaddr="127.0.0.1:52040" http.request.uri="/v2/test/blobs/sha256:cf7f382020339d0028918c3868135c3f04f625f684b264b6a63a549bd84ee80b" http.request.useragent="containerd/1.7.8+unknown" vars.digest="sha256:cf7f382020339d0028918c3868135c3f04f625f684b264b6a63a549bd84ee80b" vars.name=test 
time="2023-11-13T11:01:09.229255838Z" level=debug msg="authorizing request" go.version=go1.20.8 http.request.host="127.0.0.1:5000" http.request.id=4b2ba91b-cd71-4dbd-a88c-650f08031c69 http.request.method=HEAD http.request.remoteaddr="127.0.0.1:52034" http.request.uri="/v2/test/blobs/sha256:5d6b514d5023c9b87d5f9688fb5812d6fbe2c27d90d935a4cd95b7a9b589e923" http.request.useragent="containerd/1.7.8+unknown" vars.digest="sha256:5d6b514d5023c9b87d5f9688fb5812d6fbe2c27d90d935a4cd95b7a9b589e923" vars.name=test 
time="2023-11-13T11:01:09.229283338Z" level=debug msg=GetBlob go.version=go1.20.8 http.request.host="127.0.0.1:5000" http.request.id=4b2ba91b-cd71-4dbd-a88c-650f08031c69 http.request.method=HEAD http.request.remoteaddr="127.0.0.1:52034" http.request.uri="/v2/test/blobs/sha256:5d6b514d5023c9b87d5f9688fb5812d6fbe2c27d90d935a4cd95b7a9b589e923" http.request.useragent="containerd/1.7.8+unknown" vars.digest="sha256:5d6b514d5023c9b87d5f9688fb5812d6fbe2c27d90d935a4cd95b7a9b589e923" vars.name=test 
time="2023-11-13T11:01:09.22991163Z" level=debug msg="filesystem.GetContent("/docker/registry/v2/repositories/test/_layers/sha256/cf7f382020339d0028918c3868135c3f04f625f684b264b6a63a549bd84ee80b/link")" go.version=go1.20.8 http.request.host="127.0.0.1:5000" http.request.id=09ab8fb8-7d7f-4fbd-9ad8-95d66310ec8b http.request.method=HEAD http.request.remoteaddr="127.0.0.1:52040" http.request.uri="/v2/test/blobs/sha256:cf7f382020339d0028918c3868135c3f04f625f684b264b6a63a549bd84ee80b" http.request.useragent="containerd/1.7.8+unknown" trace.duration=23.791s trace.file="github.com/docker/distribution/registry/storage/driver/base/base.go" trace.func="github.com/docker/distribution/registry/storage/driver/base.(*Base).GetContent" trace.id=1fc25565-9d44-4681-be9f-d73b30b8ad4c trace.line=95 vars.digest="sha256:cf7f382020339d0028918c3868135c3f04f625f684b264b6a63a549bd84ee80b" vars.name=test 
time="2023-11-13T11:01:09.229961296Z" level=debug msg="filesystem.GetContent("/docker/registry/v2/repositories/test/_layers/sha256/5d6b514d5023c9b87d5f9688fb5812d6fbe2c27d90d935a4cd95b7a9b589e923/link")" go.version=go1.20.8 http.request.host="127.0.0.1:5000" http.request.id=4b2ba91b-cd71-4dbd-a88c-650f08031c69 http.request.method=HEAD http.request.remoteaddr="127.0.0.1:52034" http.request.uri="/v2/test/blobs/sha256:5d6b514d5023c9b87d5f9688fb5812d6fbe2c27d90d935a4cd95b7a9b589e923" http.request.useragent="containerd/1.7.8+unknown" trace.duration=45.083s trace.file="github.com/docker/distribution/registry/storage/driver/base/base.go" trace.func="github.com/docker/distribution/registry/storage/driver/base.(*Base).GetContent" trace.id=81a1ba87-3ab3-4df1-ab71-5a79fbb1db45 trace.line=95 vars.digest="sha256:5d6b514d5023c9b87d5f9688fb5812d6fbe2c27d90d935a4cd95b7a9b589e923" vars.name=test 
time="2023-11-13T11:01:09.229985796Z" level=error msg="response completed with error" err.code="blob unknown" err.detail=sha256:cf7f382020339d0028918c3868135c3f04f625f684b264b6a63a549bd84ee80b err.message="blob unknown to registry" go.version=go1.20.8 http.request.host="127.0.0.1:5000" http.request.id=09ab8fb8-7d7f-4fbd-9ad8-95d66310ec8b http.request.method=HEAD http.request.remoteaddr="127.0.0.1:52040" http.request.uri="/v2/test/blobs/sha256:cf7f382020339d0028918c3868135c3f04f625f684b264b6a63a549bd84ee80b" http.request.useragent="containerd/1.7.8+unknown" http.response.contenttype="application/json; charset=utf-8" http.response.duration=1.195208ms http.response.status=404 http.response.written=157 vars.digest="sha256:cf7f382020339d0028918c3868135c3f04f625f684b264b6a63a549bd84ee80b" vars.name=test 
127.0.0.1 - - [13/Nov/2023:11:01:09 +0000] "HEAD /v2/test/blobs/sha256:cf7f382020339d0028918c3868135c3f04f625f684b264b6a63a549bd84ee80b HTTP/1.1" 404 157 "" "containerd/1.7.8+unknown"
time="2023-11-13T11:01:09.23000063Z" level=error msg="response completed with error" err.code="blob unknown" err.detail=sha256:5d6b514d5023c9b87d5f9688fb5812d6fbe2c27d90d935a4cd95b7a9b589e923 err.message="blob unknown to registry" go.version=go1.20.8 http.request.host="127.0.0.1:5000" http.request.id=4b2ba91b-cd71-4dbd-a88c-650f08031c69 http.request.method=HEAD http.request.remoteaddr="127.0.0.1:52034" http.request.uri="/v2/test/blobs/sha256:5d6b514d5023c9b87d5f9688fb5812d6fbe2c27d90d935a4cd95b7a9b589e923" http.request.useragent="containerd/1.7.8+unknown" http.response.contenttype="application/json; charset=utf-8" http.response.duration=1.17725ms http.response.status=404 http.response.written=157 vars.digest="sha256:5d6b514d5023c9b87d5f9688fb5812d6fbe2c27d90d935a4cd95b7a9b589e923" vars.name=test 
127.0.0.1 - - [13/Nov/2023:11:01:09 +0000] "HEAD /v2/test/blobs/sha256:5d6b514d5023c9b87d5f9688fb5812d6fbe2c27d90d935a4cd95b7a9b589e923 HTTP/1.1" 404 157 "" "containerd/1.7.8+unknown"
time="2023-11-13T11:01:09.231396921Z" level=debug msg="authorizing request" go.version=go1.20.8 http.request.host="127.0.0.1:5000" http.request.id=14d22730-64f9-411a-ac4f-e3277f8d9a1f http.request.method=POST http.request.remoteaddr="127.0.0.1:52040" http.request.uri="/v2/test/blobs/uploads/" http.request.useragent="containerd/1.7.8+unknown" vars.name=test 
time="2023-11-13T11:01:09.23142838Z" level=debug msg="authorizing request" go.version=go1.20.8 http.request.host="127.0.0.1:5000" http.request.id=cd27a5dd-f369-426a-81f9-036c40be025f http.request.method=POST http.request.remoteaddr="127.0.0.1:52034" http.request.uri="/v2/test/blobs/uploads/" http.request.useragent="containerd/1.7.8+unknown" vars.name=test 
time="2023-11-13T11:01:09.231477338Z" level=debug msg="(*linkedBlobStore).Writer" go.version=go1.20.8 http.request.host="127.0.0.1:5000" http.request.id=14d22730-64f9-411a-ac4f-e3277f8d9a1f http.request.method=POST http.request.remoteaddr="127.0.0.1:52040" http.request.uri="/v2/test/blobs/uploads/" http.request.useragent="containerd/1.7.8+unknown" vars.name=test 
time="2023-11-13T11:01:09.231485088Z" level=debug msg="(*linkedBlobStore).Writer" go.version=go1.20.8 http.request.host="127.0.0.1:5000" http.request.id=cd27a5dd-f369-426a-81f9-036c40be025f http.request.method=POST http.request.remoteaddr="127.0.0.1:52034" http.request.uri="/v2/test/blobs/uploads/" http.request.useragent="containerd/1.7.8+unknown" vars.name=test 
time="2023-11-13T11:01:09.231563796Z" level=debug msg="filesystem.PutContent("/docker/registry/v2/repositories/test/_uploads/29841967-0c47-47b5-9c7d-eafbbed04c4d/startedat")" go.version=go1.20.8 http.request.host="127.0.0.1:5000" http.request.id=14d22730-64f9-411a-ac4f-e3277f8d9a1f http.request.method=POST http.request.remoteaddr="127.0.0.1:52040" http.request.uri="/v2/test/blobs/uploads/" http.request.useragent="containerd/1.7.8+unknown" trace.duration=70.75s trace.file="github.com/docker/distribution/registry/storage/driver/base/base.go" trace.func="github.com/docker/distribution/registry/storage/driver/base.(*Base).PutContent" trace.id=3a4ce3c6-2182-458c-905d-11e528c127b9 trace.line=110 vars.name=test 
time="2023-11-13T11:01:09.231565963Z" level=debug msg="filesystem.PutContent("/docker/registry/v2/repositories/test/_uploads/f871af41-c325-4164-a041-d65c88292207/startedat")" go.version=go1.20.8 http.request.host="127.0.0.1:5000" http.request.id=cd27a5dd-f369-426a-81f9-036c40be025f http.request.method=POST http.request.remoteaddr="127.0.0.1:52034" http.request.uri="/v2/test/blobs/uploads/" http.request.useragent="containerd/1.7.8+unknown" trace.duration=62.833s trace.file="github.com/docker/distribution/registry/storage/driver/base/base.go" trace.func="github.com/docker/distribution/registry/storage/driver/base.(*Base).PutContent" trace.id=8ff9efbf-f7f4-46b0-b02e-d134f9f688b7 trace.line=110 vars.name=test 
time="2023-11-13T11:01:09.23160188Z" level=debug msg="filesystem.Writer("/docker/registry/v2/repositories/test/_uploads/29841967-0c47-47b5-9c7d-eafbbed04c4d/data", false)" go.version=go1.20.8 http.request.host="127.0.0.1:5000" http.request.id=14d22730-64f9-411a-ac4f-e3277f8d9a1f http.request.method=POST http.request.remoteaddr="127.0.0.1:52040" http.request.uri="/v2/test/blobs/uploads/" http.request.useragent="containerd/1.7.8+unknown" trace.duration=12.042s trace.file="github.com/docker/distribution/registry/storage/driver/base/base.go" trace.func="github.com/docker/distribution/registry/storage/driver/base.(*Base).Writer" trace.id=096e26e2-b811-4e5c-9461-ba8b8836fda2 trace.line=142 vars.name=test 
time="2023-11-13T11:01:09.231622046Z" level=debug msg="filesystem.Writer("/docker/registry/v2/repositories/test/_uploads/f871af41-c325-4164-a041-d65c88292207/data", false)" go.version=go1.20.8 http.request.host="127.0.0.1:5000" http.request.id=cd27a5dd-f369-426a-81f9-036c40be025f http.request.method=POST http.request.remoteaddr="127.0.0.1:52034" http.request.uri="/v2/test/blobs/uploads/" http.request.useragent="containerd/1.7.8+unknown" trace.duration=12.583s trace.file="github.com/docker/distribution/registry/storage/driver/base/base.go" trace.func="github.com/docker/distribution/registry/storage/driver/base.(*Base).Writer" trace.id=c8a6e31a-c6d4-4723-b261-4c75c808cb27 trace.line=142 vars.name=test 
time="2023-11-13T11:01:09.231642463Z" level=debug msg="filesystem.PutContent("/docker/registry/v2/repositories/test/_uploads/29841967-0c47-47b5-9c7d-eafbbed04c4d/hashstates/sha256/0")" go.version=go1.20.8 http.request.host="127.0.0.1:5000" http.request.id=14d22730-64f9-411a-ac4f-e3277f8d9a1f http.request.method=POST http.request.remoteaddr="127.0.0.1:52040" http.request.uri="/v2/test/blobs/uploads/" http.request.useragent="containerd/1.7.8+unknown" trace.duration=23.958s trace.file="github.com/docker/distribution/registry/storage/driver/base/base.go" trace.func="github.com/docker/distribution/registry/storage/driver/base.(*Base).PutContent" trace.id=e64a3bdf-0bf7-4273-8cf5-a5cccb483f3b trace.line=110 vars.name=test 
time="2023-11-13T11:01:09.231661255Z" level=debug msg="filesystem.PutContent("/docker/registry/v2/repositories/test/_uploads/f871af41-c325-4164-a041-d65c88292207/hashstates/sha256/0")" go.version=go1.20.8 http.request.host="127.0.0.1:5000" http.request.id=cd27a5dd-f369-426a-81f9-036c40be025f http.request.method=POST http.request.remoteaddr="127.0.0.1:52034" http.request.uri="/v2/test/blobs/uploads/" http.request.useragent="containerd/1.7.8+unknown" trace.duration=25.5s trace.file="github.com/docker/distribution/registry/storage/driver/base/base.go" trace.func="github.com/docker/distribution/registry/storage/driver/base.(*Base).PutContent" trace.id=1fc75ffb-f850-411d-83de-10ed2d50322c trace.line=110 vars.name=test 
time="2023-11-13T11:01:09.231710671Z" level=info msg="response completed" go.version=go1.20.8 http.request.host="127.0.0.1:5000" http.request.id=14d22730-64f9-411a-ac4f-e3277f8d9a1f http.request.method=POST http.request.remoteaddr="127.0.0.1:52040" http.request.uri="/v2/test/blobs/uploads/" http.request.useragent="containerd/1.7.8+unknown" http.response.duration=1.42875ms http.response.status=202 http.response.written=0 
127.0.0.1 - - [13/Nov/2023:11:01:09 +0000] "POST /v2/test/blobs/uploads/ HTTP/1.1" 202 0 "" "containerd/1.7.8+unknown"
time="2023-11-13T11:01:09.231766338Z" level=info msg="response completed" go.version=go1.20.8 http.request.host="127.0.0.1:5000" http.request.id=cd27a5dd-f369-426a-81f9-036c40be025f http.request.method=POST http.request.remoteaddr="127.0.0.1:52034" http.request.uri="/v2/test/blobs/uploads/" http.request.useragent="containerd/1.7.8+unknown" http.response.duration=1.502959ms http.response.status=202 http.response.written=0 
127.0.0.1 - - [13/Nov/2023:11:01:09 +0000] "POST /v2/test/blobs/uploads/ HTTP/1.1" 202 0 "" "containerd/1.7.8+unknown"
time="2023-11-13T11:01:09.233301588Z" level=debug msg="authorizing request" go.version=go1.20.8 http.request.contenttype="application/octet-stream" http.request.host="127.0.0.1:5000" http.request.id=5d66f075-0796-473a-806a-13a5477f224e http.request.method=PUT http.request.remoteaddr="127.0.0.1:52040" http.request.uri="/v2/test/blobs/uploads/29841967-0c47-47b5-9c7d-eafbbed04c4d?_state=zgynqaQUV7gzVoXqn4hXzhARvQLtTbaqdc8WZ_CUqKp7Ik5hbWUiOiJ0ZXN0IiwiVVVJRCI6IjI5ODQxOTY3LTBjNDctNDdiNS05YzdkLWVhZmJiZWQwNGM0ZCIsIk9mZnNldCI6MCwiU3RhcnRlZEF0IjoiMjAyMy0xMS0xM1QxMTowMTowOS4yMzE0ODM3MTNaIn0%3D&digest=sha256%3A5d6b514d5023c9b87d5f9688fb5812d6fbe2c27d90d935a4cd95b7a9b589e923" http.request.useragent="containerd/1.7.8+unknown" vars.name=test vars.uuid=29841967-0c47-47b5-9c7d-eafbbed04c4d 
time="2023-11-13T11:01:09.233367838Z" level=debug msg="(*linkedBlobStore).Resume" go.version=go1.20.8 http.request.contenttype="application/octet-stream" http.request.host="127.0.0.1:5000" http.request.id=5d66f075-0796-473a-806a-13a5477f224e http.request.method=PUT http.request.remoteaddr="127.0.0.1:52040" http.request.uri="/v2/test/blobs/uploads/29841967-0c47-47b5-9c7d-eafbbed04c4d?_state=zgynqaQUV7gzVoXqn4hXzhARvQLtTbaqdc8WZ_CUqKp7Ik5hbWUiOiJ0ZXN0IiwiVVVJRCI6IjI5ODQxOTY3LTBjNDctNDdiNS05YzdkLWVhZmJiZWQwNGM0ZCIsIk9mZnNldCI6MCwiU3RhcnRlZEF0IjoiMjAyMy0xMS0xM1QxMTowMTowOS4yMzE0ODM3MTNaIn0%3D&digest=sha256%3A5d6b514d5023c9b87d5f9688fb5812d6fbe2c27d90d935a4cd95b7a9b589e923" http.request.useragent="containerd/1.7.8+unknown" vars.name=test vars.uuid=29841967-0c47-47b5-9c7d-eafbbed04c4d 
time="2023-11-13T11:01:09.233437005Z" level=debug msg="filesystem.GetContent("/docker/registry/v2/repositories/test/_uploads/29841967-0c47-47b5-9c7d-eafbbed04c4d/startedat")" go.version=go1.20.8 http.request.contenttype="application/octet-stream" http.request.host="127.0.0.1:5000" http.request.id=5d66f075-0796-473a-806a-13a5477f224e http.request.method=PUT http.request.remoteaddr="127.0.0.1:52040" http.request.uri="/v2/test/blobs/uploads/29841967-0c47-47b5-9c7d-eafbbed04c4d?_state=zgynqaQUV7gzVoXqn4hXzhARvQLtTbaqdc8WZ_CUqKp7Ik5hbWUiOiJ0ZXN0IiwiVVVJRCI6IjI5ODQxOTY3LTBjNDctNDdiNS05YzdkLWVhZmJiZWQwNGM0ZCIsIk9mZnNldCI6MCwiU3RhcnRlZEF0IjoiMjAyMy0xMS0xM1QxMTowMTowOS4yMzE0ODM3MTNaIn0%3D&digest=sha256%3A5d6b514d5023c9b87d5f9688fb5812d6fbe2c27d90d935a4cd95b7a9b589e923" http.request.useragent="containerd/1.7.8+unknown" trace.duration=28.75s trace.file="github.com/docker/distribution/registry/storage/driver/base/base.go" trace.func="github.com/docker/distribution/registry/storage/driver/base.(*Base).GetContent" trace.id=48072cc0-7bee-4b76-8aa5-64ef6e134a35 trace.line=95 vars.name=test vars.uuid=29841967-0c47-47b5-9c7d-eafbbed04c4d 
time="2023-11-13T11:01:09.233486338Z" level=debug msg="filesystem.Writer("/docker/registry/v2/repositories/test/_uploads/29841967-0c47-47b5-9c7d-eafbbed04c4d/data", true)" go.version=go1.20.8 http.request.contenttype="application/octet-stream" http.request.host="127.0.0.1:5000" http.request.id=5d66f075-0796-473a-806a-13a5477f224e http.request.method=PUT http.request.remoteaddr="127.0.0.1:52040" http.request.uri="/v2/test/blobs/uploads/29841967-0c47-47b5-9c7d-eafbbed04c4d?_state=zgynqaQUV7gzVoXqn4hXzhARvQLtTbaqdc8WZ_CUqKp7Ik5hbWUiOiJ0ZXN0IiwiVVVJRCI6IjI5ODQxOTY3LTBjNDctNDdiNS05YzdkLWVhZmJiZWQwNGM0ZCIsIk9mZnNldCI6MCwiU3RhcnRlZEF0IjoiMjAyMy0xMS0xM1QxMTowMTowOS4yMzE0ODM3MTNaIn0%3D&digest=sha256%3A5d6b514d5023c9b87d5f9688fb5812d6fbe2c27d90d935a4cd95b7a9b589e923" http.request.useragent="containerd/1.7.8+unknown" trace.duration=12.084s trace.file="github.com/docker/distribution/registry/storage/driver/base/base.go" trace.func="github.com/docker/distribution/registry/storage/driver/base.(*Base).Writer" trace.id=469b53b2-768b-422e-a8a0-4979f19ef271 trace.line=142 vars.name=test vars.uuid=29841967-0c47-47b5-9c7d-eafbbed04c4d 
time="2023-11-13T11:01:09.23351988Z" level=debug msg="(*blobWriter).Commit" go.version=go1.20.8 http.request.contenttype="application/octet-stream" http.request.host="127.0.0.1:5000" http.request.id=5d66f075-0796-473a-806a-13a5477f224e http.request.method=PUT http.request.remoteaddr="127.0.0.1:52040" http.request.uri="/v2/test/blobs/uploads/29841967-0c47-47b5-9c7d-eafbbed04c4d?_state=zgynqaQUV7gzVoXqn4hXzhARvQLtTbaqdc8WZ_CUqKp7Ik5hbWUiOiJ0ZXN0IiwiVVVJRCI6IjI5ODQxOTY3LTBjNDctNDdiNS05YzdkLWVhZmJiZWQwNGM0ZCIsIk9mZnNldCI6MCwiU3RhcnRlZEF0IjoiMjAyMy0xMS0xM1QxMTowMTowOS4yMzE0ODM3MTNaIn0%3D&digest=sha256%3A5d6b514d5023c9b87d5f9688fb5812d6fbe2c27d90d935a4cd95b7a9b589e923" http.request.useragent="containerd/1.7.8+unknown" vars.name=test vars.uuid=29841967-0c47-47b5-9c7d-eafbbed04c4d 
time="2023-11-13T11:01:09.233573088Z" level=debug msg="filesystem.PutContent("/docker/registry/v2/repositories/test/_uploads/29841967-0c47-47b5-9c7d-eafbbed04c4d/hashstates/sha256/68")" go.version=go1.20.8 http.request.contenttype="application/octet-stream" http.request.host="127.0.0.1:5000" http.request.id=5d66f075-0796-473a-806a-13a5477f224e http.request.method=PUT http.request.remoteaddr="127.0.0.1:52040" http.request.uri="/v2/test/blobs/uploads/29841967-0c47-47b5-9c7d-eafbbed04c4d?_state=zgynqaQUV7gzVoXqn4hXzhARvQLtTbaqdc8WZ_CUqKp7Ik5hbWUiOiJ0ZXN0IiwiVVVJRCI6IjI5ODQxOTY3LTBjNDctNDdiNS05YzdkLWVhZmJiZWQwNGM0ZCIsIk9mZnNldCI6MCwiU3RhcnRlZEF0IjoiMjAyMy0xMS0xM1QxMTowMTowOS4yMzE0ODM3MTNaIn0%3D&digest=sha256%3A5d6b514d5023c9b87d5f9688fb5812d6fbe2c27d90d935a4cd95b7a9b589e923" http.request.useragent="containerd/1.7.8+unknown" trace.duration=35.375s trace.file="github.com/docker/distribution/registry/storage/driver/base/base.go" trace.func="github.com/docker/distribution/registry/storage/driver/base.(*Base).PutContent" trace.id=403c766b-d78d-4f5a-9482-c600b76d05d8 trace.line=110 vars.name=test vars.uuid=29841967-0c47-47b5-9c7d-eafbbed04c4d 
time="2023-11-13T11:01:09.233601255Z" level=debug msg="filesystem.Stat("/docker/registry/v2/repositories/test/_uploads/29841967-0c47-47b5-9c7d-eafbbed04c4d/data")" go.version=go1.20.8 http.request.contenttype="application/octet-stream" http.request.host="127.0.0.1:5000" http.request.id=5d66f075-0796-473a-806a-13a5477f224e http.request.method=PUT http.request.remoteaddr="127.0.0.1:52040" http.request.uri="/v2/test/blobs/uploads/29841967-0c47-47b5-9c7d-eafbbed04c4d?_state=zgynqaQUV7gzVoXqn4hXzhARvQLtTbaqdc8WZ_CUqKp7Ik5hbWUiOiJ0ZXN0IiwiVVVJRCI6IjI5ODQxOTY3LTBjNDctNDdiNS05YzdkLWVhZmJiZWQwNGM0ZCIsIk9mZnNldCI6MCwiU3RhcnRlZEF0IjoiMjAyMy0xMS0xM1QxMTowMTowOS4yMzE0ODM3MTNaIn0%3D&digest=sha256%3A5d6b514d5023c9b87d5f9688fb5812d6fbe2c27d90d935a4cd95b7a9b589e923" http.request.useragent="containerd/1.7.8+unknown" trace.duration=9.625s trace.file="github.com/docker/distribution/registry/storage/driver/base/base.go" trace.func="github.com/docker/distribution/registry/storage/driver/base.(*Base).Stat" trace.id=8db90984-3203-4eb6-85b2-e4794fae9e4b trace.line=155 vars.name=test vars.uuid=29841967-0c47-47b5-9c7d-eafbbed04c4d 
time="2023-11-13T11:01:09.233639463Z" level=debug msg="filesystem.Stat("/docker/registry/v2/blobs/sha256/5d/5d6b514d5023c9b87d5f9688fb5812d6fbe2c27d90d935a4cd95b7a9b589e923/data")" go.version=go1.20.8 http.request.contenttype="application/octet-stream" http.request.host="127.0.0.1:5000" http.request.id=5d66f075-0796-473a-806a-13a5477f224e http.request.method=PUT http.request.remoteaddr="127.0.0.1:52040" http.request.uri="/v2/test/blobs/uploads/29841967-0c47-47b5-9c7d-eafbbed04c4d?_state=zgynqaQUV7gzVoXqn4hXzhARvQLtTbaqdc8WZ_CUqKp7Ik5hbWUiOiJ0ZXN0IiwiVVVJRCI6IjI5ODQxOTY3LTBjNDctNDdiNS05YzdkLWVhZmJiZWQwNGM0ZCIsIk9mZnNldCI6MCwiU3RhcnRlZEF0IjoiMjAyMy0xMS0xM1QxMTowMTowOS4yMzE0ODM3MTNaIn0%3D&digest=sha256%3A5d6b514d5023c9b87d5f9688fb5812d6fbe2c27d90d935a4cd95b7a9b589e923" http.request.useragent="containerd/1.7.8+unknown" trace.duration=7.917s trace.file="github.com/docker/distribution/registry/storage/driver/base/base.go" trace.func="github.com/docker/distribution/registry/storage/driver/base.(*Base).Stat" trace.id=a450c0ed-66fb-4d64-9f05-389c2ad0cca8 trace.line=155 vars.name=test vars.uuid=29841967-0c47-47b5-9c7d-eafbbed04c4d 
time="2023-11-13T11:01:09.23365588Z" level=debug msg="filesystem.Stat("/docker/registry/v2/repositories/test/_uploads/29841967-0c47-47b5-9c7d-eafbbed04c4d/data")" go.version=go1.20.8 http.request.contenttype="application/octet-stream" http.request.host="127.0.0.1:5000" http.request.id=5d66f075-0796-473a-806a-13a5477f224e http.request.method=PUT http.request.remoteaddr="127.0.0.1:52040" http.request.uri="/v2/test/blobs/uploads/29841967-0c47-47b5-9c7d-eafbbed04c4d?_state=zgynqaQUV7gzVoXqn4hXzhARvQLtTbaqdc8WZ_CUqKp7Ik5hbWUiOiJ0ZXN0IiwiVVVJRCI6IjI5ODQxOTY3LTBjNDctNDdiNS05YzdkLWVhZmJiZWQwNGM0ZCIsIk9mZnNldCI6MCwiU3RhcnRlZEF0IjoiMjAyMy0xMS0xM1QxMTowMTowOS4yMzE0ODM3MTNaIn0%3D&digest=sha256%3A5d6b514d5023c9b87d5f9688fb5812d6fbe2c27d90d935a4cd95b7a9b589e923" http.request.useragent="containerd/1.7.8+unknown" trace.duration=4.375s trace.file="github.com/docker/distribution/registry/storage/driver/base/base.go" trace.func="github.com/docker/distribution/registry/storage/driver/base.(*Base).Stat" trace.id=1e944ea4-2609-4f1b-b047-64662e6814c3 trace.line=155 vars.name=test vars.uuid=29841967-0c47-47b5-9c7d-eafbbed04c4d 
time="2023-11-13T11:01:09.233715421Z" level=debug msg="filesystem.Move("/docker/registry/v2/repositories/test/_uploads/29841967-0c47-47b5-9c7d-eafbbed04c4d/data", "/docker/registry/v2/blobs/sha256/5d/5d6b514d5023c9b87d5f9688fb5812d6fbe2c27d90d935a4cd95b7a9b589e923/data"" go.version=go1.20.8 http.request.contenttype="application/octet-stream" http.request.host="127.0.0.1:5000" http.request.id=5d66f075-0796-473a-806a-13a5477f224e http.request.method=PUT http.request.remoteaddr="127.0.0.1:52040" http.request.uri="/v2/test/blobs/uploads/29841967-0c47-47b5-9c7d-eafbbed04c4d?_state=zgynqaQUV7gzVoXqn4hXzhARvQLtTbaqdc8WZ_CUqKp7Ik5hbWUiOiJ0ZXN0IiwiVVVJRCI6IjI5ODQxOTY3LTBjNDctNDdiNS05YzdkLWVhZmJiZWQwNGM0ZCIsIk9mZnNldCI6MCwiU3RhcnRlZEF0IjoiMjAyMy0xMS0xM1QxMTowMTowOS4yMzE0ODM3MTNaIn0%3D&digest=sha256%3A5d6b514d5023c9b87d5f9688fb5812d6fbe2c27d90d935a4cd95b7a9b589e923" http.request.useragent="containerd/1.7.8+unknown" trace.duration=34.709s trace.file="github.com/docker/distribution/registry/storage/driver/base/base.go" trace.func="github.com/docker/distribution/registry/storage/driver/base.(*Base).Move" trace.id=24749e00-8099-47a8-a371-feb38105f7ea trace.line=185 vars.name=test vars.uuid=29841967-0c47-47b5-9c7d-eafbbed04c4d 
time="2023-11-13T11:01:09.23376363Z" level=debug msg="filesystem.PutContent("/docker/registry/v2/repositories/test/_layers/sha256/5d6b514d5023c9b87d5f9688fb5812d6fbe2c27d90d935a4cd95b7a9b589e923/link")" go.version=go1.20.8 http.request.contenttype="application/octet-stream" http.request.host="127.0.0.1:5000" http.request.id=5d66f075-0796-473a-806a-13a5477f224e http.request.method=PUT http.request.remoteaddr="127.0.0.1:52040" http.request.uri="/v2/test/blobs/uploads/29841967-0c47-47b5-9c7d-eafbbed04c4d?_state=zgynqaQUV7gzVoXqn4hXzhARvQLtTbaqdc8WZ_CUqKp7Ik5hbWUiOiJ0ZXN0IiwiVVVJRCI6IjI5ODQxOTY3LTBjNDctNDdiNS05YzdkLWVhZmJiZWQwNGM0ZCIsIk9mZnNldCI6MCwiU3RhcnRlZEF0IjoiMjAyMy0xMS0xM1QxMTowMTowOS4yMzE0ODM3MTNaIn0%3D&digest=sha256%3A5d6b514d5023c9b87d5f9688fb5812d6fbe2c27d90d935a4cd95b7a9b589e923" http.request.useragent="containerd/1.7.8+unknown" trace.duration=31.208s trace.file="github.com/docker/distribution/registry/storage/driver/base/base.go" trace.func="github.com/docker/distribution/registry/storage/driver/base.(*Base).PutContent" trace.id=3cfe5c27-9c2c-4b48-b5ba-3c53252b482f trace.line=110 vars.name=test vars.uuid=29841967-0c47-47b5-9c7d-eafbbed04c4d 
time="2023-11-13T11:01:09.23403138Z" level=debug msg="authorizing request" go.version=go1.20.8 http.request.contenttype="application/octet-stream" http.request.host="127.0.0.1:5000" http.request.id=e410f411-2301-467e-bed1-f640c02e803b http.request.method=PUT http.request.remoteaddr="127.0.0.1:52034" http.request.uri="/v2/test/blobs/uploads/f871af41-c325-4164-a041-d65c88292207?_state=iI_9sE-nPol3Gm4tnSOyAWBRIF4BD3Cp48LZS1cQCqt7Ik5hbWUiOiJ0ZXN0IiwiVVVJRCI6ImY4NzFhZjQxLWMzMjUtNDE2NC1hMDQxLWQ2NWM4ODI5MjIwNyIsIk9mZnNldCI6MCwiU3RhcnRlZEF0IjoiMjAyMy0xMS0xM1QxMTowMTowOS4yMzE0OTQ0MjFaIn0%3D&digest=sha256%3Acf7f382020339d0028918c3868135c3f04f625f684b264b6a63a549bd84ee80b" http.request.useragent="containerd/1.7.8+unknown" vars.name=test vars.uuid=f871af41-c325-4164-a041-d65c88292207 
time="2023-11-13T11:01:09.234071171Z" level=debug msg="(*linkedBlobStore).Resume" go.version=go1.20.8 http.request.contenttype="application/octet-stream" http.request.host="127.0.0.1:5000" http.request.id=e410f411-2301-467e-bed1-f640c02e803b http.request.method=PUT http.request.remoteaddr="127.0.0.1:52034" http.request.uri="/v2/test/blobs/uploads/f871af41-c325-4164-a041-d65c88292207?_state=iI_9sE-nPol3Gm4tnSOyAWBRIF4BD3Cp48LZS1cQCqt7Ik5hbWUiOiJ0ZXN0IiwiVVVJRCI6ImY4NzFhZjQxLWMzMjUtNDE2NC1hMDQxLWQ2NWM4ODI5MjIwNyIsIk9mZnNldCI6MCwiU3RhcnRlZEF0IjoiMjAyMy0xMS0xM1QxMTowMTowOS4yMzE0OTQ0MjFaIn0%3D&digest=sha256%3Acf7f382020339d0028918c3868135c3f04f625f684b264b6a63a549bd84ee80b" http.request.useragent="containerd/1.7.8+unknown" vars.name=test vars.uuid=f871af41-c325-4164-a041-d65c88292207 
time="2023-11-13T11:01:09.234106713Z" level=debug msg="filesystem.GetContent("/docker/registry/v2/repositories/test/_uploads/f871af41-c325-4164-a041-d65c88292207/startedat")" go.version=go1.20.8 http.request.contenttype="application/octet-stream" http.request.host="127.0.0.1:5000" http.request.id=e410f411-2301-467e-bed1-f640c02e803b http.request.method=PUT http.request.remoteaddr="127.0.0.1:52034" http.request.uri="/v2/test/blobs/uploads/f871af41-c325-4164-a041-d65c88292207?_state=iI_9sE-nPol3Gm4tnSOyAWBRIF4BD3Cp48LZS1cQCqt7Ik5hbWUiOiJ0ZXN0IiwiVVVJRCI6ImY4NzFhZjQxLWMzMjUtNDE2NC1hMDQxLWQ2NWM4ODI5MjIwNyIsIk9mZnNldCI6MCwiU3RhcnRlZEF0IjoiMjAyMy0xMS0xM1QxMTowMTowOS4yMzE0OTQ0MjFaIn0%3D&digest=sha256%3Acf7f382020339d0028918c3868135c3f04f625f684b264b6a63a549bd84ee80b" http.request.useragent="containerd/1.7.8+unknown" trace.duration=18.208s trace.file="github.com/docker/distribution/registry/storage/driver/base/base.go" trace.func="github.com/docker/distribution/registry/storage/driver/base.(*Base).GetContent" trace.id=a5ef4656-2fe1-42af-80d0-6612fdec0e26 trace.line=95 vars.name=test vars.uuid=f871af41-c325-4164-a041-d65c88292207 
time="2023-11-13T11:01:09.234145463Z" level=debug msg="filesystem.Writer("/docker/registry/v2/repositories/test/_uploads/f871af41-c325-4164-a041-d65c88292207/data", true)" go.version=go1.20.8 http.request.contenttype="application/octet-stream" http.request.host="127.0.0.1:5000" http.request.id=e410f411-2301-467e-bed1-f640c02e803b http.request.method=PUT http.request.remoteaddr="127.0.0.1:52034" http.request.uri="/v2/test/blobs/uploads/f871af41-c325-4164-a041-d65c88292207?_state=iI_9sE-nPol3Gm4tnSOyAWBRIF4BD3Cp48LZS1cQCqt7Ik5hbWUiOiJ0ZXN0IiwiVVVJRCI6ImY4NzFhZjQxLWMzMjUtNDE2NC1hMDQxLWQ2NWM4ODI5MjIwNyIsIk9mZnNldCI6MCwiU3RhcnRlZEF0IjoiMjAyMy0xMS0xM1QxMTowMTowOS4yMzE0OTQ0MjFaIn0%3D&digest=sha256%3Acf7f382020339d0028918c3868135c3f04f625f684b264b6a63a549bd84ee80b" http.request.useragent="containerd/1.7.8+unknown" trace.duration=13.25s trace.file="github.com/docker/distribution/registry/storage/driver/base/base.go" trace.func="github.com/docker/distribution/registry/storage/driver/base.(*Base).Writer" trace.id=38441adb-ef02-44a4-93b9-62d6071d9d23 trace.line=142 vars.name=test vars.uuid=f871af41-c325-4164-a041-d65c88292207 
time="2023-11-13T11:01:09.234256463Z" level=debug msg="(*blobWriter).Commit" go.version=go1.20.8 http.request.contenttype="application/octet-stream" http.request.host="127.0.0.1:5000" http.request.id=e410f411-2301-467e-bed1-f640c02e803b http.request.method=PUT http.request.remoteaddr="127.0.0.1:52034" http.request.uri="/v2/test/blobs/uploads/f871af41-c325-4164-a041-d65c88292207?_state=iI_9sE-nPol3Gm4tnSOyAWBRIF4BD3Cp48LZS1cQCqt7Ik5hbWUiOiJ0ZXN0IiwiVVVJRCI6ImY4NzFhZjQxLWMzMjUtNDE2NC1hMDQxLWQ2NWM4ODI5MjIwNyIsIk9mZnNldCI6MCwiU3RhcnRlZEF0IjoiMjAyMy0xMS0xM1QxMTowMTowOS4yMzE0OTQ0MjFaIn0%3D&digest=sha256%3Acf7f382020339d0028918c3868135c3f04f625f684b264b6a63a549bd84ee80b" http.request.useragent="containerd/1.7.8+unknown" vars.name=test vars.uuid=f871af41-c325-4164-a041-d65c88292207 
time="2023-11-13T11:01:09.234357713Z" level=debug msg="filesystem.PutContent("/docker/registry/v2/repositories/test/_uploads/f871af41-c325-4164-a041-d65c88292207/hashstates/sha256/194")" go.version=go1.20.8 http.request.contenttype="application/octet-stream" http.request.host="127.0.0.1:5000" http.request.id=e410f411-2301-467e-bed1-f640c02e803b http.request.method=PUT http.request.remoteaddr="127.0.0.1:52034" http.request.uri="/v2/test/blobs/uploads/f871af41-c325-4164-a041-d65c88292207?_state=iI_9sE-nPol3Gm4tnSOyAWBRIF4BD3Cp48LZS1cQCqt7Ik5hbWUiOiJ0ZXN0IiwiVVVJRCI6ImY4NzFhZjQxLWMzMjUtNDE2NC1hMDQxLWQ2NWM4ODI5MjIwNyIsIk9mZnNldCI6MCwiU3RhcnRlZEF0IjoiMjAyMy0xMS0xM1QxMTowMTowOS4yMzE0OTQ0MjFaIn0%3D&digest=sha256%3Acf7f382020339d0028918c3868135c3f04f625f684b264b6a63a549bd84ee80b" http.request.useragent="containerd/1.7.8+unknown" trace.duration=26.625s trace.file="github.com/docker/distribution/registry/storage/driver/base/base.go" trace.func="github.com/docker/distribution/registry/storage/driver/base.(*Base).PutContent" trace.id=050c72dd-e71c-4dbe-ad0f-0e23cdf39b9c trace.line=110 vars.name=test vars.uuid=f871af41-c325-4164-a041-d65c88292207 
time="2023-11-13T11:01:09.23439263Z" level=debug msg="filesystem.Stat("/docker/registry/v2/repositories/test/_uploads/f871af41-c325-4164-a041-d65c88292207/data")" go.version=go1.20.8 http.request.contenttype="application/octet-stream" http.request.host="127.0.0.1:5000" http.request.id=e410f411-2301-467e-bed1-f640c02e803b http.request.method=PUT http.request.remoteaddr="127.0.0.1:52034" http.request.uri="/v2/test/blobs/uploads/f871af41-c325-4164-a041-d65c88292207?_state=iI_9sE-nPol3Gm4tnSOyAWBRIF4BD3Cp48LZS1cQCqt7Ik5hbWUiOiJ0ZXN0IiwiVVVJRCI6ImY4NzFhZjQxLWMzMjUtNDE2NC1hMDQxLWQ2NWM4ODI5MjIwNyIsIk9mZnNldCI6MCwiU3RhcnRlZEF0IjoiMjAyMy0xMS0xM1QxMTowMTowOS4yMzE0OTQ0MjFaIn0%3D&digest=sha256%3Acf7f382020339d0028918c3868135c3f04f625f684b264b6a63a549bd84ee80b" http.request.useragent="containerd/1.7.8+unknown" trace.duration=8.042s trace.file="github.com/docker/distribution/registry/storage/driver/base/base.go" trace.func="github.com/docker/distribution/registry/storage/driver/base.(*Base).Stat" trace.id=200885fe-d239-4c67-b8bf-5d52a875b003 trace.line=155 vars.name=test vars.uuid=f871af41-c325-4164-a041-d65c88292207 
time="2023-11-13T11:01:09.234456005Z" level=debug msg="filesystem.Stat("/docker/registry/v2/blobs/sha256/cf/cf7f382020339d0028918c3868135c3f04f625f684b264b6a63a549bd84ee80b/data")" go.version=go1.20.8 http.request.contenttype="application/octet-stream" http.request.host="127.0.0.1:5000" http.request.id=e410f411-2301-467e-bed1-f640c02e803b http.request.method=PUT http.request.remoteaddr="127.0.0.1:52034" http.request.uri="/v2/test/blobs/uploads/f871af41-c325-4164-a041-d65c88292207?_state=iI_9sE-nPol3Gm4tnSOyAWBRIF4BD3Cp48LZS1cQCqt7Ik5hbWUiOiJ0ZXN0IiwiVVVJRCI6ImY4NzFhZjQxLWMzMjUtNDE2NC1hMDQxLWQ2NWM4ODI5MjIwNyIsIk9mZnNldCI6MCwiU3RhcnRlZEF0IjoiMjAyMy0xMS0xM1QxMTowMTowOS4yMzE0OTQ0MjFaIn0%3D&digest=sha256%3Acf7f382020339d0028918c3868135c3f04f625f684b264b6a63a549bd84ee80b" http.request.useragent="containerd/1.7.8+unknown" trace.duration=7.041s trace.file="github.com/docker/distribution/registry/storage/driver/base/base.go" trace.func="github.com/docker/distribution/registry/storage/driver/base.(*Base).Stat" trace.id=f6bc17cc-30f3-4d06-9cb3-22f288078b04 trace.line=155 vars.name=test vars.uuid=f871af41-c325-4164-a041-d65c88292207 
time="2023-11-13T11:01:09.234504671Z" level=debug msg="filesystem.Stat("/docker/registry/v2/repositories/test/_uploads/f871af41-c325-4164-a041-d65c88292207/data")" go.version=go1.20.8 http.request.contenttype="application/octet-stream" http.request.host="127.0.0.1:5000" http.request.id=e410f411-2301-467e-bed1-f640c02e803b http.request.method=PUT http.request.remoteaddr="127.0.0.1:52034" http.request.uri="/v2/test/blobs/uploads/f871af41-c325-4164-a041-d65c88292207?_state=iI_9sE-nPol3Gm4tnSOyAWBRIF4BD3Cp48LZS1cQCqt7Ik5hbWUiOiJ0ZXN0IiwiVVVJRCI6ImY4NzFhZjQxLWMzMjUtNDE2NC1hMDQxLWQ2NWM4ODI5MjIwNyIsIk9mZnNldCI6MCwiU3RhcnRlZEF0IjoiMjAyMy0xMS0xM1QxMTowMTowOS4yMzE0OTQ0MjFaIn0%3D&digest=sha256%3Acf7f382020339d0028918c3868135c3f04f625f684b264b6a63a549bd84ee80b" http.request.useragent="containerd/1.7.8+unknown" trace.duration=4.916s trace.file="github.com/docker/distribution/registry/storage/driver/base/base.go" trace.func="github.com/docker/distribution/registry/storage/driver/base.(*Base).Stat" trace.id=ce54585f-c05e-4c81-9560-8a6eda8f8d66 trace.line=155 vars.name=test vars.uuid=f871af41-c325-4164-a041-d65c88292207 
time="2023-11-13T11:01:09.234543713Z" level=debug msg="filesystem.Move("/docker/registry/v2/repositories/test/_uploads/f871af41-c325-4164-a041-d65c88292207/data", "/docker/registry/v2/blobs/sha256/cf/cf7f382020339d0028918c3868135c3f04f625f684b264b6a63a549bd84ee80b/data"" go.version=go1.20.8 http.request.contenttype="application/octet-stream" http.request.host="127.0.0.1:5000" http.request.id=e410f411-2301-467e-bed1-f640c02e803b http.request.method=PUT http.request.remoteaddr="127.0.0.1:52034" http.request.uri="/v2/test/blobs/uploads/f871af41-c325-4164-a041-d65c88292207?_state=iI_9sE-nPol3Gm4tnSOyAWBRIF4BD3Cp48LZS1cQCqt7Ik5hbWUiOiJ0ZXN0IiwiVVVJRCI6ImY4NzFhZjQxLWMzMjUtNDE2NC1hMDQxLWQ2NWM4ODI5MjIwNyIsIk9mZnNldCI6MCwiU3RhcnRlZEF0IjoiMjAyMy0xMS0xM1QxMTowMTowOS4yMzE0OTQ0MjFaIn0%3D&digest=sha256%3Acf7f382020339d0028918c3868135c3f04f625f684b264b6a63a549bd84ee80b" http.request.useragent="containerd/1.7.8+unknown" trace.duration=22.833s trace.file="github.com/docker/distribution/registry/storage/driver/base/base.go" trace.func="github.com/docker/distribution/registry/storage/driver/base.(*Base).Move" trace.id=ec554bbe-0b78-4121-a8a2-a51078099d98 trace.line=185 vars.name=test vars.uuid=f871af41-c325-4164-a041-d65c88292207 
time="2023-11-13T11:01:09.234564921Z" level=debug msg="filesystem.Delete("/docker/registry/v2/repositories/test/_uploads/29841967-0c47-47b5-9c7d-eafbbed04c4d")" go.version=go1.20.8 http.request.contenttype="application/octet-stream" http.request.host="127.0.0.1:5000" http.request.id=5d66f075-0796-473a-806a-13a5477f224e http.request.method=PUT http.request.remoteaddr="127.0.0.1:52040" http.request.uri="/v2/test/blobs/uploads/29841967-0c47-47b5-9c7d-eafbbed04c4d?_state=zgynqaQUV7gzVoXqn4hXzhARvQLtTbaqdc8WZ_CUqKp7Ik5hbWUiOiJ0ZXN0IiwiVVVJRCI6IjI5ODQxOTY3LTBjNDctNDdiNS05YzdkLWVhZmJiZWQwNGM0ZCIsIk9mZnNldCI6MCwiU3RhcnRlZEF0IjoiMjAyMy0xMS0xM1QxMTowMTowOS4yMzE0ODM3MTNaIn0%3D&digest=sha256%3A5d6b514d5023c9b87d5f9688fb5812d6fbe2c27d90d935a4cd95b7a9b589e923" http.request.useragent="containerd/1.7.8+unknown" trace.duration=761.625s trace.file="github.com/docker/distribution/registry/storage/driver/base/base.go" trace.func="github.com/docker/distribution/registry/storage/driver/base.(*Base).Delete" trace.id=6774c3b7-0161-414d-94f3-43cb1868a193 trace.line=202 vars.name=test vars.uuid=29841967-0c47-47b5-9c7d-eafbbed04c4d 
time="2023-11-13T11:01:09.234815838Z" level=info msg="response completed" go.version=go1.20.8 http.request.contenttype="application/octet-stream" http.request.host="127.0.0.1:5000" http.request.id=5d66f075-0796-473a-806a-13a5477f224e http.request.method=PUT http.request.remoteaddr="127.0.0.1:52040" http.request.uri="/v2/test/blobs/uploads/29841967-0c47-47b5-9c7d-eafbbed04c4d?_state=zgynqaQUV7gzVoXqn4hXzhARvQLtTbaqdc8WZ_CUqKp7Ik5hbWUiOiJ0ZXN0IiwiVVVJRCI6IjI5ODQxOTY3LTBjNDctNDdiNS05YzdkLWVhZmJiZWQwNGM0ZCIsIk9mZnNldCI6MCwiU3RhcnRlZEF0IjoiMjAyMy0xMS0xM1QxMTowMTowOS4yMzE0ODM3MTNaIn0%3D&digest=sha256%3A5d6b514d5023c9b87d5f9688fb5812d6fbe2c27d90d935a4cd95b7a9b589e923" http.request.useragent="containerd/1.7.8+unknown" http.response.duration=1.794375ms http.response.status=201 http.response.written=0 
127.0.0.1 - - [13/Nov/2023:11:01:09 +0000] "PUT /v2/test/blobs/uploads/29841967-0c47-47b5-9c7d-eafbbed04c4d?_state=zgynqaQUV7gzVoXqn4hXzhARvQLtTbaqdc8WZ_CUqKp7Ik5hbWUiOiJ0ZXN0IiwiVVVJRCI6IjI5ODQxOTY3LTBjNDctNDdiNS05YzdkLWVhZmJiZWQwNGM0ZCIsIk9mZnNldCI6MCwiU3RhcnRlZEF0IjoiMjAyMy0xMS0xM1QxMTowMTowOS4yMzE0ODM3MTNaIn0%3D&digest=sha256%3A5d6b514d5023c9b87d5f9688fb5812d6fbe2c27d90d935a4cd95b7a9b589e923 HTTP/1.1" 201 0 "" "containerd/1.7.8+unknown"
time="2023-11-13T11:01:09.234829088Z" level=debug msg="filesystem.PutContent("/docker/registry/v2/repositories/test/_layers/sha256/cf7f382020339d0028918c3868135c3f04f625f684b264b6a63a549bd84ee80b/link")" go.version=go1.20.8 http.request.contenttype="application/octet-stream" http.request.host="127.0.0.1:5000" http.request.id=e410f411-2301-467e-bed1-f640c02e803b http.request.method=PUT http.request.remoteaddr="127.0.0.1:52034" http.request.uri="/v2/test/blobs/uploads/f871af41-c325-4164-a041-d65c88292207?_state=iI_9sE-nPol3Gm4tnSOyAWBRIF4BD3Cp48LZS1cQCqt7Ik5hbWUiOiJ0ZXN0IiwiVVVJRCI6ImY4NzFhZjQxLWMzMjUtNDE2NC1hMDQxLWQ2NWM4ODI5MjIwNyIsIk9mZnNldCI6MCwiU3RhcnRlZEF0IjoiMjAyMy0xMS0xM1QxMTowMTowOS4yMzE0OTQ0MjFaIn0%3D&digest=sha256%3Acf7f382020339d0028918c3868135c3f04f625f684b264b6a63a549bd84ee80b" http.request.useragent="containerd/1.7.8+unknown" trace.duration=242.917s trace.file="github.com/docker/distribution/registry/storage/driver/base/base.go" trace.func="github.com/docker/distribution/registry/storage/driver/base.(*Base).PutContent" trace.id=adca9900-c142-4e0b-981c-45363a6ce1e5 trace.line=110 vars.name=test vars.uuid=f871af41-c325-4164-a041-d65c88292207 
time="2023-11-13T11:01:09.234928421Z" level=debug msg="filesystem.Delete("/docker/registry/v2/repositories/test/_uploads/f871af41-c325-4164-a041-d65c88292207")" go.version=go1.20.8 http.request.contenttype="application/octet-stream" http.request.host="127.0.0.1:5000" http.request.id=e410f411-2301-467e-bed1-f640c02e803b http.request.method=PUT http.request.remoteaddr="127.0.0.1:52034" http.request.uri="/v2/test/blobs/uploads/f871af41-c325-4164-a041-d65c88292207?_state=iI_9sE-nPol3Gm4tnSOyAWBRIF4BD3Cp48LZS1cQCqt7Ik5hbWUiOiJ0ZXN0IiwiVVVJRCI6ImY4NzFhZjQxLWMzMjUtNDE2NC1hMDQxLWQ2NWM4ODI5MjIwNyIsIk9mZnNldCI6MCwiU3RhcnRlZEF0IjoiMjAyMy0xMS0xM1QxMTowMTowOS4yMzE0OTQ0MjFaIn0%3D&digest=sha256%3Acf7f382020339d0028918c3868135c3f04f625f684b264b6a63a549bd84ee80b" http.request.useragent="containerd/1.7.8+unknown" trace.duration=56.083s trace.file="github.com/docker/distribution/registry/storage/driver/base/base.go" trace.func="github.com/docker/distribution/registry/storage/driver/base.(*Base).Delete" trace.id=bb674faa-2e6e-4094-a737-2534bff63550 trace.line=202 vars.name=test vars.uuid=f871af41-c325-4164-a041-d65c88292207 
time="2023-11-13T11:01:09.234972921Z" level=info msg="response completed" go.version=go1.20.8 http.request.contenttype="application/octet-stream" http.request.host="127.0.0.1:5000" http.request.id=e410f411-2301-467e-bed1-f640c02e803b http.request.method=PUT http.request.remoteaddr="127.0.0.1:52034" http.request.uri="/v2/test/blobs/uploads/f871af41-c325-4164-a041-d65c88292207?_state=iI_9sE-nPol3Gm4tnSOyAWBRIF4BD3Cp48LZS1cQCqt7Ik5hbWUiOiJ0ZXN0IiwiVVVJRCI6ImY4NzFhZjQxLWMzMjUtNDE2NC1hMDQxLWQ2NWM4ODI5MjIwNyIsIk9mZnNldCI6MCwiU3RhcnRlZEF0IjoiMjAyMy0xMS0xM1QxMTowMTowOS4yMzE0OTQ0MjFaIn0%3D&digest=sha256%3Acf7f382020339d0028918c3868135c3f04f625f684b264b6a63a549bd84ee80b" http.request.useragent="containerd/1.7.8+unknown" http.response.duration=1.412209ms http.response.status=201 http.response.written=0 
127.0.0.1 - - [13/Nov/2023:11:01:09 +0000] "PUT /v2/test/blobs/uploads/f871af41-c325-4164-a041-d65c88292207?_state=iI_9sE-nPol3Gm4tnSOyAWBRIF4BD3Cp48LZS1cQCqt7Ik5hbWUiOiJ0ZXN0IiwiVVVJRCI6ImY4NzFhZjQxLWMzMjUtNDE2NC1hMDQxLWQ2NWM4ODI5MjIwNyIsIk9mZnNldCI6MCwiU3RhcnRlZEF0IjoiMjAyMy0xMS0xM1QxMTowMTowOS4yMzE0OTQ0MjFaIn0%3D&digest=sha256%3Acf7f382020339d0028918c3868135c3f04f625f684b264b6a63a549bd84ee80b HTTP/1.1" 201 0 "" "containerd/1.7.8+unknown"
time="2023-11-13T11:01:09.235436046Z" level=debug msg="authorizing request" go.version=go1.20.8 http.request.host="127.0.0.1:5000" http.request.id=dee14e68-468d-4940-a3b2-5357f963d9fa http.request.method=HEAD http.request.remoteaddr="127.0.0.1:52034" http.request.uri="/v2/test/manifests/latest" http.request.useragent="containerd/1.7.8+unknown" vars.name=test vars.reference=latest 
time="2023-11-13T11:01:09.235466171Z" level=debug msg=GetImageManifest go.version=go1.20.8 http.request.host="127.0.0.1:5000" http.request.id=dee14e68-468d-4940-a3b2-5357f963d9fa http.request.method=HEAD http.request.remoteaddr="127.0.0.1:52034" http.request.uri="/v2/test/manifests/latest" http.request.useragent="containerd/1.7.8+unknown" vars.name=test vars.reference=latest 
time="2023-11-13T11:01:09.235488005Z" level=debug msg="filesystem.GetContent("/docker/registry/v2/repositories/test/_manifests/tags/latest/current/link")" go.version=go1.20.8 http.request.host="127.0.0.1:5000" http.request.id=dee14e68-468d-4940-a3b2-5357f963d9fa http.request.method=HEAD http.request.remoteaddr="127.0.0.1:52034" http.request.uri="/v2/test/manifests/latest" http.request.useragent="containerd/1.7.8+unknown" trace.duration=9.125s trace.file="github.com/docker/distribution/registry/storage/driver/base/base.go" trace.func="github.com/docker/distribution/registry/storage/driver/base.(*Base).GetContent" trace.id=63de7a80-9f14-429f-91da-99a7d3823da4 trace.line=95 vars.name=test vars.reference=latest 
time="2023-11-13T11:01:09.235512713Z" level=error msg="response completed with error" err.code="manifest unknown" err.detail="unknown tag=latest" err.message="manifest unknown" go.version=go1.20.8 http.request.host="127.0.0.1:5000" http.request.id=dee14e68-468d-4940-a3b2-5357f963d9fa http.request.method=HEAD http.request.remoteaddr="127.0.0.1:52034" http.request.uri="/v2/test/manifests/latest" http.request.useragent="containerd/1.7.8+unknown" http.response.contenttype="application/json; charset=utf-8" http.response.duration="335.958s" http.response.status=404 http.response.written=96 vars.name=test vars.reference=latest 
127.0.0.1 - - [13/Nov/2023:11:01:09 +0000] "HEAD /v2/test/manifests/latest HTTP/1.1" 404 96 "" "containerd/1.7.8+unknown"
time="2023-11-13T11:01:09.236803005Z" level=debug msg="authorizing request" go.version=go1.20.8 http.request.contenttype="application/vnd.docker.distribution.manifest.v2+json" http.request.host="127.0.0.1:5000" http.request.id=8443c62e-b237-486f-ab8e-9586957256e9 http.request.method=PUT http.request.remoteaddr="127.0.0.1:52034" http.request.uri="/v2/test/manifests/latest" http.request.useragent="containerd/1.7.8+unknown" vars.name=test vars.reference=latest 
time="2023-11-13T11:01:09.236828088Z" level=debug msg=PutImageManifest go.version=go1.20.8 http.request.contenttype="application/vnd.docker.distribution.manifest.v2+json" http.request.host="127.0.0.1:5000" http.request.id=8443c62e-b237-486f-ab8e-9586957256e9 http.request.method=PUT http.request.remoteaddr="127.0.0.1:52034" http.request.uri="/v2/test/manifests/latest" http.request.useragent="containerd/1.7.8+unknown" vars.name=test vars.reference=latest 
time="2023-11-13T11:01:09.23689963Z" level=debug msg="Putting a Docker Manifest!" go.version=go1.20.8 http.request.contenttype="application/vnd.docker.distribution.manifest.v2+json" http.request.host="127.0.0.1:5000" http.request.id=8443c62e-b237-486f-ab8e-9586957256e9 http.request.method=PUT http.request.remoteaddr="127.0.0.1:52034" http.request.uri="/v2/test/manifests/latest" http.request.useragent="containerd/1.7.8+unknown" vars.name=test vars.reference=latest 
time="2023-11-13T11:01:09.236910755Z" level=debug msg="(*manifestStore).Put" go.version=go1.20.8 http.request.contenttype="application/vnd.docker.distribution.manifest.v2+json" http.request.host="127.0.0.1:5000" http.request.id=8443c62e-b237-486f-ab8e-9586957256e9 http.request.method=PUT http.request.remoteaddr="127.0.0.1:52034" http.request.uri="/v2/test/manifests/latest" http.request.useragent="containerd/1.7.8+unknown" vars.name=test vars.reference=latest 
time="2023-11-13T11:01:09.236914755Z" level=debug msg="(*schema2ManifestHandler).Put" go.version=go1.20.8 http.request.contenttype="application/vnd.docker.distribution.manifest.v2+json" http.request.host="127.0.0.1:5000" http.request.id=8443c62e-b237-486f-ab8e-9586957256e9 http.request.method=PUT http.request.remoteaddr="127.0.0.1:52034" http.request.uri="/v2/test/manifests/latest" http.request.useragent="containerd/1.7.8+unknown" vars.name=test vars.reference=latest 
time="2023-11-13T11:01:09.236944921Z" level=debug msg="filesystem.GetContent("/docker/registry/v2/repositories/test/_layers/sha256/cf7f382020339d0028918c3868135c3f04f625f684b264b6a63a549bd84ee80b/link")" go.version=go1.20.8 http.request.contenttype="application/vnd.docker.distribution.manifest.v2+json" http.request.host="127.0.0.1:5000" http.request.id=8443c62e-b237-486f-ab8e-9586957256e9 http.request.method=PUT http.request.remoteaddr="127.0.0.1:52034" http.request.uri="/v2/test/manifests/latest" http.request.useragent="containerd/1.7.8+unknown" trace.duration=17.084s trace.file="github.com/docker/distribution/registry/storage/driver/base/base.go" trace.func="github.com/docker/distribution/registry/storage/driver/base.(*Base).GetContent" trace.id=99797e1d-58af-45b5-88bf-0af26dfebd6d trace.line=95 vars.name=test vars.reference=latest 
time="2023-11-13T11:01:09.23697213Z" level=debug msg="filesystem.Stat("/docker/registry/v2/blobs/sha256/cf/cf7f382020339d0028918c3868135c3f04f625f684b264b6a63a549bd84ee80b/data")" go.version=go1.20.8 http.request.contenttype="application/vnd.docker.distribution.manifest.v2+json" http.request.host="127.0.0.1:5000" http.request.id=8443c62e-b237-486f-ab8e-9586957256e9 http.request.method=PUT http.request.remoteaddr="127.0.0.1:52034" http.request.uri="/v2/test/manifests/latest" http.request.useragent="containerd/1.7.8+unknown" trace.duration=6.583s trace.file="github.com/docker/distribution/registry/storage/driver/base/base.go" trace.func="github.com/docker/distribution/registry/storage/driver/base.(*Base).Stat" trace.id=d60fd374-6e78-4e59-ae52-505d912c1b02 trace.line=155 vars.name=test vars.reference=latest 
time="2023-11-13T11:01:09.236993671Z" level=debug msg="filesystem.GetContent("/docker/registry/v2/repositories/test/_layers/sha256/5d6b514d5023c9b87d5f9688fb5812d6fbe2c27d90d935a4cd95b7a9b589e923/link")" go.version=go1.20.8 http.request.contenttype="application/vnd.docker.distribution.manifest.v2+json" http.request.host="127.0.0.1:5000" http.request.id=8443c62e-b237-486f-ab8e-9586957256e9 http.request.method=PUT http.request.remoteaddr="127.0.0.1:52034" http.request.uri="/v2/test/manifests/latest" http.request.useragent="containerd/1.7.8+unknown" trace.duration=10.708s trace.file="github.com/docker/distribution/registry/storage/driver/base/base.go" trace.func="github.com/docker/distribution/registry/storage/driver/base.(*Base).GetContent" trace.id=78779f08-051a-4c61-becd-eb2e53d9e1b6 trace.line=95 vars.name=test vars.reference=latest 
time="2023-11-13T11:01:09.237009255Z" level=debug msg="filesystem.Stat("/docker/registry/v2/blobs/sha256/5d/5d6b514d5023c9b87d5f9688fb5812d6fbe2c27d90d935a4cd95b7a9b589e923/data")" go.version=go1.20.8 http.request.contenttype="application/vnd.docker.distribution.manifest.v2+json" http.request.host="127.0.0.1:5000" http.request.id=8443c62e-b237-486f-ab8e-9586957256e9 http.request.method=PUT http.request.remoteaddr="127.0.0.1:52034" http.request.uri="/v2/test/manifests/latest" http.request.useragent="containerd/1.7.8+unknown" trace.duration=4.375s trace.file="github.com/docker/distribution/registry/storage/driver/base/base.go" trace.func="github.com/docker/distribution/registry/storage/driver/base.(*Base).Stat" trace.id=f96b453b-81ad-4be8-a67e-704330a92f80 trace.line=155 vars.name=test vars.reference=latest 
time="2023-11-13T11:01:09.237034963Z" level=debug msg="filesystem.Stat("/docker/registry/v2/blobs/sha256/a2/a250d50e44c6366699e845175235d1c4be154b0c4359b3d7ef5590bf2dcf8eda/data")" go.version=go1.20.8 http.request.contenttype="application/vnd.docker.distribution.manifest.v2+json" http.request.host="127.0.0.1:5000" http.request.id=8443c62e-b237-486f-ab8e-9586957256e9 http.request.method=PUT http.request.remoteaddr="127.0.0.1:52034" http.request.uri="/v2/test/manifests/latest" http.request.useragent="containerd/1.7.8+unknown" trace.duration=6.541s trace.file="github.com/docker/distribution/registry/storage/driver/base/base.go" trace.func="github.com/docker/distribution/registry/storage/driver/base.(*Base).Stat" trace.id=e22c5ef2-a67f-4875-a42f-34bcf9a29ee8 trace.line=155 vars.name=test vars.reference=latest 
time="2023-11-13T11:01:09.237068755Z" level=debug msg="filesystem.PutContent("/docker/registry/v2/blobs/sha256/a2/a250d50e44c6366699e845175235d1c4be154b0c4359b3d7ef5590bf2dcf8eda/data")" go.version=go1.20.8 http.request.contenttype="application/vnd.docker.distribution.manifest.v2+json" http.request.host="127.0.0.1:5000" http.request.id=8443c62e-b237-486f-ab8e-9586957256e9 http.request.method=PUT http.request.remoteaddr="127.0.0.1:52034" http.request.uri="/v2/test/manifests/latest" http.request.useragent="containerd/1.7.8+unknown" trace.duration=24.166s trace.file="github.com/docker/distribution/registry/storage/driver/base/base.go" trace.func="github.com/docker/distribution/registry/storage/driver/base.(*Base).PutContent" trace.id=e17c3f98-808e-4570-8cea-b3235a55ddfc trace.line=110 vars.name=test vars.reference=latest 
time="2023-11-13T11:01:09.23711038Z" level=debug msg="filesystem.PutContent("/docker/registry/v2/repositories/test/_manifests/revisions/sha256/a250d50e44c6366699e845175235d1c4be154b0c4359b3d7ef5590bf2dcf8eda/link")" go.version=go1.20.8 http.request.contenttype="application/vnd.docker.distribution.manifest.v2+json" http.request.host="127.0.0.1:5000" http.request.id=8443c62e-b237-486f-ab8e-9586957256e9 http.request.method=PUT http.request.remoteaddr="127.0.0.1:52034" http.request.uri="/v2/test/manifests/latest" http.request.useragent="containerd/1.7.8+unknown" trace.duration=29.958s trace.file="github.com/docker/distribution/registry/storage/driver/base/base.go" trace.func="github.com/docker/distribution/registry/storage/driver/base.(*Base).PutContent" trace.id=7eb62517-5078-48f4-8c0f-f1c870911778 trace.line=110 vars.name=test vars.reference=latest 
time="2023-11-13T11:01:09.237196338Z" level=debug msg="filesystem.PutContent("/docker/registry/v2/repositories/test/_manifests/tags/latest/index/sha256/a250d50e44c6366699e845175235d1c4be154b0c4359b3d7ef5590bf2dcf8eda/link")" go.version=go1.20.8 http.request.contenttype="application/vnd.docker.distribution.manifest.v2+json" http.request.host="127.0.0.1:5000" http.request.id=8443c62e-b237-486f-ab8e-9586957256e9 http.request.method=PUT http.request.remoteaddr="127.0.0.1:52034" http.request.uri="/v2/test/manifests/latest" http.request.useragent="containerd/1.7.8+unknown" trace.duration=32.917s trace.file="github.com/docker/distribution/registry/storage/driver/base/base.go" trace.func="github.com/docker/distribution/registry/storage/driver/base.(*Base).PutContent" trace.id=e907c21c-ab5b-47ba-ad0a-c799e7ff4c9b trace.line=110 vars.name=test vars.reference=latest 
time="2023-11-13T11:01:09.237231671Z" level=debug msg="filesystem.PutContent("/docker/registry/v2/repositories/test/_manifests/tags/latest/current/link")" go.version=go1.20.8 http.request.contenttype="application/vnd.docker.distribution.manifest.v2+json" http.request.host="127.0.0.1:5000" http.request.id=8443c62e-b237-486f-ab8e-9586957256e9 http.request.method=PUT http.request.remoteaddr="127.0.0.1:52034" http.request.uri="/v2/test/manifests/latest" http.request.useragent="containerd/1.7.8+unknown" trace.duration=16.125s trace.file="github.com/docker/distribution/registry/storage/driver/base/base.go" trace.func="github.com/docker/distribution/registry/storage/driver/base.(*Base).PutContent" trace.id=131f46e5-3326-4c8d-8c1a-3f9d827058be trace.line=110 vars.name=test vars.reference=latest 
time="2023-11-13T11:01:09.237246838Z" level=debug msg="Succeeded in putting manifest!" go.version=go1.20.8 http.request.contenttype="application/vnd.docker.distribution.manifest.v2+json" http.request.host="127.0.0.1:5000" http.request.id=8443c62e-b237-486f-ab8e-9586957256e9 http.request.method=PUT http.request.remoteaddr="127.0.0.1:52034" http.request.uri="/v2/test/manifests/latest" http.request.useragent="containerd/1.7.8+unknown" vars.name=test vars.reference=latest 
time="2023-11-13T11:01:09.237259963Z" level=info msg="response completed" go.version=go1.20.8 http.request.contenttype="application/vnd.docker.distribution.manifest.v2+json" http.request.host="127.0.0.1:5000" http.request.id=8443c62e-b237-486f-ab8e-9586957256e9 http.request.method=PUT http.request.remoteaddr="127.0.0.1:52034" http.request.uri="/v2/test/manifests/latest" http.request.useragent="containerd/1.7.8+unknown" http.response.duration=1.495791ms http.response.status=201 http.response.written=0 
127.0.0.1 - - [13/Nov/2023:11:01:09 +0000] "PUT /v2/test/manifests/latest HTTP/1.1" 201 0 "" "containerd/1.7.8+unknown"
time="2023-11-13T11:01:09.241796296Z" level=debug msg="authorizing request" go.version=go1.20.8 http.request.host="127.0.0.1:5000" http.request.id=4a1de8d7-d62f-4fe6-88bd-dec468f2d32a http.request.method=GET http.request.remoteaddr="127.0.0.1:52056" http.request.uri="/v2/" http.request.useragent="docker/dev go/go1.21.3 git-commit/3b423ea778906c6fa696ec1916dc7dc00ac492ff kernel/6.5.10-linuxkit os/linux arch/arm64 UpstreamClient(Go-http-client/1.1)" 
time="2023-11-13T11:01:09.241814421Z" level=info msg="response completed" go.version=go1.20.8 http.request.host="127.0.0.1:5000" http.request.id=4a1de8d7-d62f-4fe6-88bd-dec468f2d32a http.request.method=GET http.request.remoteaddr="127.0.0.1:52056" http.request.uri="/v2/" http.request.useragent="docker/dev go/go1.21.3 git-commit/3b423ea778906c6fa696ec1916dc7dc00ac492ff kernel/6.5.10-linuxkit os/linux arch/arm64 UpstreamClient(Go-http-client/1.1)" http.response.contenttype="application/json; charset=utf-8" http.response.duration="389.958s" http.response.status=200 http.response.written=2 
127.0.0.1 - - [13/Nov/2023:11:01:09 +0000] "GET /v2/ HTTP/1.1" 200 2 "" "docker/dev go/go1.21.3 git-commit/3b423ea778906c6fa696ec1916dc7dc00ac492ff kernel/6.5.10-linuxkit os/linux arch/arm64 UpstreamClient(Go-http-client/1.1)"
time="2023-11-13T11:01:09.243382296Z" level=debug msg="authorizing request" go.version=go1.20.8 http.request.host="127.0.0.1:5000" http.request.id=58a949dc-dd1f-4d64-a548-446e318147c1 http.request.method=HEAD http.request.remoteaddr="127.0.0.1:52060" http.request.uri="/v2/test/manifests/latest" http.request.useragent="docker/dev go/go1.21.3 git-commit/3b423ea778906c6fa696ec1916dc7dc00ac492ff kernel/6.5.10-linuxkit os/linux arch/arm64 UpstreamClient(Go-http-client/1.1)" vars.name=test vars.reference=latest 
time="2023-11-13T11:01:09.243527296Z" level=debug msg=GetImageManifest go.version=go1.20.8 http.request.host="127.0.0.1:5000" http.request.id=58a949dc-dd1f-4d64-a548-446e318147c1 http.request.method=HEAD http.request.remoteaddr="127.0.0.1:52060" http.request.uri="/v2/test/manifests/latest" http.request.useragent="docker/dev go/go1.21.3 git-commit/3b423ea778906c6fa696ec1916dc7dc00ac492ff kernel/6.5.10-linuxkit os/linux arch/arm64 UpstreamClient(Go-http-client/1.1)" vars.name=test vars.reference=latest 
time="2023-11-13T11:01:09.24357438Z" level=debug msg="filesystem.GetContent("/docker/registry/v2/repositories/test/_manifests/tags/latest/current/link")" go.version=go1.20.8 http.request.host="127.0.0.1:5000" http.request.id=58a949dc-dd1f-4d64-a548-446e318147c1 http.request.method=HEAD http.request.remoteaddr="127.0.0.1:52060" http.request.uri="/v2/test/manifests/latest" http.request.useragent="docker/dev go/go1.21.3 git-commit/3b423ea778906c6fa696ec1916dc7dc00ac492ff kernel/6.5.10-linuxkit os/linux arch/arm64 UpstreamClient(Go-http-client/1.1)" trace.duration=20.25s trace.file="github.com/docker/distribution/registry/storage/driver/base/base.go" trace.func="github.com/docker/distribution/registry/storage/driver/base.(*Base).GetContent" trace.id=516d9261-981d-4e3f-9820-1fafe3a7b18c trace.line=95 vars.name=test vars.reference=latest 
time="2023-11-13T11:01:09.243584713Z" level=debug msg="(*manifestStore).Get" go.version=go1.20.8 http.request.host="127.0.0.1:5000" http.request.id=58a949dc-dd1f-4d64-a548-446e318147c1 http.request.method=HEAD http.request.remoteaddr="127.0.0.1:52060" http.request.uri="/v2/test/manifests/latest" http.request.useragent="docker/dev go/go1.21.3 git-commit/3b423ea778906c6fa696ec1916dc7dc00ac492ff kernel/6.5.10-linuxkit os/linux arch/arm64 UpstreamClient(Go-http-client/1.1)" vars.name=test vars.reference=latest 
time="2023-11-13T11:01:09.243608796Z" level=debug msg="filesystem.GetContent("/docker/registry/v2/repositories/test/_manifests/revisions/sha256/a250d50e44c6366699e845175235d1c4be154b0c4359b3d7ef5590bf2dcf8eda/link")" go.version=go1.20.8 http.request.host="127.0.0.1:5000" http.request.id=58a949dc-dd1f-4d64-a548-446e318147c1 http.request.method=HEAD http.request.remoteaddr="127.0.0.1:52060" http.request.uri="/v2/test/manifests/latest" http.request.useragent="docker/dev go/go1.21.3 git-commit/3b423ea778906c6fa696ec1916dc7dc00ac492ff kernel/6.5.10-linuxkit os/linux arch/arm64 UpstreamClient(Go-http-client/1.1)" trace.duration=12.042s trace.file="github.com/docker/distribution/registry/storage/driver/base/base.go" trace.func="github.com/docker/distribution/registry/storage/driver/base.(*Base).GetContent" trace.id=4397f8e8-c30f-484e-a7c0-f9c0a5e2366d trace.line=95 vars.name=test vars.reference=latest 
time="2023-11-13T11:01:09.243657505Z" level=debug msg="filesystem.Stat("/docker/registry/v2/blobs/sha256/a2/a250d50e44c6366699e845175235d1c4be154b0c4359b3d7ef5590bf2dcf8eda/data")" go.version=go1.20.8 http.request.host="127.0.0.1:5000" http.request.id=58a949dc-dd1f-4d64-a548-446e318147c1 http.request.method=HEAD http.request.remoteaddr="127.0.0.1:52060" http.request.uri="/v2/test/manifests/latest" http.request.useragent="docker/dev go/go1.21.3 git-commit/3b423ea778906c6fa696ec1916dc7dc00ac492ff kernel/6.5.10-linuxkit os/linux arch/arm64 UpstreamClient(Go-http-client/1.1)" trace.duration=10.334s trace.file="github.com/docker/distribution/registry/storage/driver/base/base.go" trace.func="github.com/docker/distribution/registry/storage/driver/base.(*Base).Stat" trace.id=629a450c-f9a7-4043-a098-d9d9aa4e722a trace.line=155 vars.name=test vars.reference=latest 
time="2023-11-13T11:01:09.243685796Z" level=debug msg="filesystem.Reader("/docker/registry/v2/blobs/sha256/a2/a250d50e44c6366699e845175235d1c4be154b0c4359b3d7ef5590bf2dcf8eda/data", 0)" go.version=go1.20.8 http.request.host="127.0.0.1:5000" http.request.id=58a949dc-dd1f-4d64-a548-446e318147c1 http.request.method=HEAD http.request.remoteaddr="127.0.0.1:52060" http.request.uri="/v2/test/manifests/latest" http.request.useragent="docker/dev go/go1.21.3 git-commit/3b423ea778906c6fa696ec1916dc7dc00ac492ff kernel/6.5.10-linuxkit os/linux arch/arm64 UpstreamClient(Go-http-client/1.1)" trace.duration=8.5s trace.file="github.com/docker/distribution/registry/storage/driver/base/base.go" trace.func="github.com/docker/distribution/registry/storage/driver/base.(*Base).Reader" trace.id=aa21e8df-bf82-4477-b13e-7d13c97c5ff6 trace.line=125 vars.name=test vars.reference=latest 
time="2023-11-13T11:01:09.243704463Z" level=debug msg="(*schema2ManifestHandler).Unmarshal" go.version=go1.20.8 http.request.host="127.0.0.1:5000" http.request.id=58a949dc-dd1f-4d64-a548-446e318147c1 http.request.method=HEAD http.request.remoteaddr="127.0.0.1:52060" http.request.uri="/v2/test/manifests/latest" http.request.useragent="docker/dev go/go1.21.3 git-commit/3b423ea778906c6fa696ec1916dc7dc00ac492ff kernel/6.5.10-linuxkit os/linux arch/arm64 UpstreamClient(Go-http-client/1.1)" vars.name=test vars.reference=latest 
time="2023-11-13T11:01:09.243749046Z" level=info msg="response completed" go.version=go1.20.8 http.request.host="127.0.0.1:5000" http.request.id=58a949dc-dd1f-4d64-a548-446e318147c1 http.request.method=HEAD http.request.remoteaddr="127.0.0.1:52060" http.request.uri="/v2/test/manifests/latest" http.request.useragent="docker/dev go/go1.21.3 git-commit/3b423ea778906c6fa696ec1916dc7dc00ac492ff kernel/6.5.10-linuxkit os/linux arch/arm64 UpstreamClient(Go-http-client/1.1)" http.response.contenttype="application/vnd.docker.distribution.manifest.v2+json" http.response.duration=1.017042ms http.response.status=200 http.response.written=417 
127.0.0.1 - - [13/Nov/2023:11:01:09 +0000] "HEAD /v2/test/manifests/latest HTTP/1.1" 200 417 "" "docker/dev go/go1.21.3 git-commit/3b423ea778906c6fa696ec1916dc7dc00ac492ff kernel/6.5.10-linuxkit os/linux arch/arm64 UpstreamClient(Go-http-client/1.1)"
time="2023-11-13T11:01:09.24840888Z" level=debug msg="authorizing request" go.version=go1.20.8 http.request.host="127.0.0.1:5000" http.request.id=2ec5c378-77c6-421b-8fb3-0d82cfb56ea4 http.request.method=GET http.request.remoteaddr="127.0.0.1:52062" http.request.uri="/v2/test/manifests/sha256:a250d50e44c6366699e845175235d1c4be154b0c4359b3d7ef5590bf2dcf8eda" http.request.useragent="docker/dev go/go1.21.3 git-commit/3b423ea778906c6fa696ec1916dc7dc00ac492ff kernel/6.5.10-linuxkit os/linux arch/arm64 UpstreamClient(Go-http-client/1.1)" vars.name=test vars.reference="sha256:a250d50e44c6366699e845175235d1c4be154b0c4359b3d7ef5590bf2dcf8eda" 
time="2023-11-13T11:01:09.248434171Z" level=debug msg=GetImageManifest go.version=go1.20.8 http.request.host="127.0.0.1:5000" http.request.id=2ec5c378-77c6-421b-8fb3-0d82cfb56ea4 http.request.method=GET http.request.remoteaddr="127.0.0.1:52062" http.request.uri="/v2/test/manifests/sha256:a250d50e44c6366699e845175235d1c4be154b0c4359b3d7ef5590bf2dcf8eda" http.request.useragent="docker/dev go/go1.21.3 git-commit/3b423ea778906c6fa696ec1916dc7dc00ac492ff kernel/6.5.10-linuxkit os/linux arch/arm64 UpstreamClient(Go-http-client/1.1)" vars.name=test vars.reference="sha256:a250d50e44c6366699e845175235d1c4be154b0c4359b3d7ef5590bf2dcf8eda" 
time="2023-11-13T11:01:09.248439921Z" level=debug msg="(*manifestStore).Get" go.version=go1.20.8 http.request.host="127.0.0.1:5000" http.request.id=2ec5c378-77c6-421b-8fb3-0d82cfb56ea4 http.request.method=GET http.request.remoteaddr="127.0.0.1:52062" http.request.uri="/v2/test/manifests/sha256:a250d50e44c6366699e845175235d1c4be154b0c4359b3d7ef5590bf2dcf8eda" http.request.useragent="docker/dev go/go1.21.3 git-commit/3b423ea778906c6fa696ec1916dc7dc00ac492ff kernel/6.5.10-linuxkit os/linux arch/arm64 UpstreamClient(Go-http-client/1.1)" vars.name=test vars.reference="sha256:a250d50e44c6366699e845175235d1c4be154b0c4359b3d7ef5590bf2dcf8eda" 
time="2023-11-13T11:01:09.248476838Z" level=debug msg="filesystem.GetContent("/docker/registry/v2/repositories/test/_manifests/revisions/sha256/a250d50e44c6366699e845175235d1c4be154b0c4359b3d7ef5590bf2dcf8eda/link")" go.version=go1.20.8 http.request.host="127.0.0.1:5000" http.request.id=2ec5c378-77c6-421b-8fb3-0d82cfb56ea4 http.request.method=GET http.request.remoteaddr="127.0.0.1:52062" http.request.uri="/v2/test/manifests/sha256:a250d50e44c6366699e845175235d1c4be154b0c4359b3d7ef5590bf2dcf8eda" http.request.useragent="docker/dev go/go1.21.3 git-commit/3b423ea778906c6fa696ec1916dc7dc00ac492ff kernel/6.5.10-linuxkit os/linux arch/arm64 UpstreamClient(Go-http-client/1.1)" trace.duration=14.833s trace.file="github.com/docker/distribution/registry/storage/driver/base/base.go" trace.func="github.com/docker/distribution/registry/storage/driver/base.(*Base).GetContent" trace.id=19f53eba-b4a8-46f7-aab6-4863f8cd9384 trace.line=95 vars.name=test vars.reference="sha256:a250d50e44c6366699e845175235d1c4be154b0c4359b3d7ef5590bf2dcf8eda" 
time="2023-11-13T11:01:09.248495796Z" level=debug msg="filesystem.Stat("/docker/registry/v2/blobs/sha256/a2/a250d50e44c6366699e845175235d1c4be154b0c4359b3d7ef5590bf2dcf8eda/data")" go.version=go1.20.8 http.request.host="127.0.0.1:5000" http.request.id=2ec5c378-77c6-421b-8fb3-0d82cfb56ea4 http.request.method=GET http.request.remoteaddr="127.0.0.1:52062" http.request.uri="/v2/test/manifests/sha256:a250d50e44c6366699e845175235d1c4be154b0c4359b3d7ef5590bf2dcf8eda" http.request.useragent="docker/dev go/go1.21.3 git-commit/3b423ea778906c6fa696ec1916dc7dc00ac492ff kernel/6.5.10-linuxkit os/linux arch/arm64 UpstreamClient(Go-http-client/1.1)" trace.duration=6.75s trace.file="github.com/docker/distribution/registry/storage/driver/base/base.go" trace.func="github.com/docker/distribution/registry/storage/driver/base.(*Base).Stat" trace.id=ad185008-6176-4e59-b4ba-15aea579eb66 trace.line=155 vars.name=test vars.reference="sha256:a250d50e44c6366699e845175235d1c4be154b0c4359b3d7ef5590bf2dcf8eda" 
time="2023-11-13T11:01:09.248522713Z" level=debug msg="filesystem.Reader("/docker/registry/v2/blobs/sha256/a2/a250d50e44c6366699e845175235d1c4be154b0c4359b3d7ef5590bf2dcf8eda/data", 0)" go.version=go1.20.8 http.request.host="127.0.0.1:5000" http.request.id=2ec5c378-77c6-421b-8fb3-0d82cfb56ea4 http.request.method=GET http.request.remoteaddr="127.0.0.1:52062" http.request.uri="/v2/test/manifests/sha256:a250d50e44c6366699e845175235d1c4be154b0c4359b3d7ef5590bf2dcf8eda" http.request.useragent="docker/dev go/go1.21.3 git-commit/3b423ea778906c6fa696ec1916dc7dc00ac492ff kernel/6.5.10-linuxkit os/linux arch/arm64 UpstreamClient(Go-http-client/1.1)" trace.duration=6.542s trace.file="github.com/docker/distribution/registry/storage/driver/base/base.go" trace.func="github.com/docker/distribution/registry/storage/driver/base.(*Base).Reader" trace.id=cd6ea1d8-e46f-4fd2-80be-4d1d6e164c61 trace.line=125 vars.name=test vars.reference="sha256:a250d50e44c6366699e845175235d1c4be154b0c4359b3d7ef5590bf2dcf8eda" 
time="2023-11-13T11:01:09.248537546Z" level=debug msg="(*schema2ManifestHandler).Unmarshal" go.version=go1.20.8 http.request.host="127.0.0.1:5000" http.request.id=2ec5c378-77c6-421b-8fb3-0d82cfb56ea4 http.request.method=GET http.request.remoteaddr="127.0.0.1:52062" http.request.uri="/v2/test/manifests/sha256:a250d50e44c6366699e845175235d1c4be154b0c4359b3d7ef5590bf2dcf8eda" http.request.useragent="docker/dev go/go1.21.3 git-commit/3b423ea778906c6fa696ec1916dc7dc00ac492ff kernel/6.5.10-linuxkit os/linux arch/arm64 UpstreamClient(Go-http-client/1.1)" vars.name=test vars.reference="sha256:a250d50e44c6366699e845175235d1c4be154b0c4359b3d7ef5590bf2dcf8eda" 
time="2023-11-13T11:01:09.248580963Z" level=info msg="response completed" go.version=go1.20.8 http.request.host="127.0.0.1:5000" http.request.id=2ec5c378-77c6-421b-8fb3-0d82cfb56ea4 http.request.method=GET http.request.remoteaddr="127.0.0.1:52062" http.request.uri="/v2/test/manifests/sha256:a250d50e44c6366699e845175235d1c4be154b0c4359b3d7ef5590bf2dcf8eda" http.request.useragent="docker/dev go/go1.21.3 git-commit/3b423ea778906c6fa696ec1916dc7dc00ac492ff kernel/6.5.10-linuxkit os/linux arch/arm64 UpstreamClient(Go-http-client/1.1)" http.response.contenttype="application/vnd.docker.distribution.manifest.v2+json" http.response.duration="457.125s" http.response.status=200 http.response.written=417 
127.0.0.1 - - [13/Nov/2023:11:01:09 +0000] "GET /v2/test/manifests/sha256:a250d50e44c6366699e845175235d1c4be154b0c4359b3d7ef5590bf2dcf8eda HTTP/1.1" 200 417 "" "docker/dev go/go1.21.3 git-commit/3b423ea778906c6fa696ec1916dc7dc00ac492ff kernel/6.5.10-linuxkit os/linux arch/arm64 UpstreamClient(Go-http-client/1.1)"
time="2023-11-13T11:01:09.251122046Z" level=debug msg="authorizing request" go.version=go1.20.8 http.request.host="127.0.0.1:5000" http.request.id=a1fe996b-d1af-472a-9343-c428cc35b3b7 http.request.method=GET http.request.remoteaddr="127.0.0.1:52078" http.request.uri="/v2/test/blobs/sha256:cf7f382020339d0028918c3868135c3f04f625f684b264b6a63a549bd84ee80b" http.request.useragent="docker/dev go/go1.21.3 git-commit/3b423ea778906c6fa696ec1916dc7dc00ac492ff kernel/6.5.10-linuxkit os/linux arch/arm64 UpstreamClient(Go-http-client/1.1)" vars.digest="sha256:cf7f382020339d0028918c3868135c3f04f625f684b264b6a63a549bd84ee80b" vars.name=test 
time="2023-11-13T11:01:09.251141005Z" level=debug msg=GetBlob go.version=go1.20.8 http.request.host="127.0.0.1:5000" http.request.id=a1fe996b-d1af-472a-9343-c428cc35b3b7 http.request.method=GET http.request.remoteaddr="127.0.0.1:52078" http.request.uri="/v2/test/blobs/sha256:cf7f382020339d0028918c3868135c3f04f625f684b264b6a63a549bd84ee80b" http.request.useragent="docker/dev go/go1.21.3 git-commit/3b423ea778906c6fa696ec1916dc7dc00ac492ff kernel/6.5.10-linuxkit os/linux arch/arm64 UpstreamClient(Go-http-client/1.1)" vars.digest="sha256:cf7f382020339d0028918c3868135c3f04f625f684b264b6a63a549bd84ee80b" vars.name=test 
time="2023-11-13T11:01:09.251165963Z" level=debug msg="filesystem.GetContent("/docker/registry/v2/repositories/test/_layers/sha256/cf7f382020339d0028918c3868135c3f04f625f684b264b6a63a549bd84ee80b/link")" go.version=go1.20.8 http.request.host="127.0.0.1:5000" http.request.id=a1fe996b-d1af-472a-9343-c428cc35b3b7 http.request.method=GET http.request.remoteaddr="127.0.0.1:52078" http.request.uri="/v2/test/blobs/sha256:cf7f382020339d0028918c3868135c3f04f625f684b264b6a63a549bd84ee80b" http.request.useragent="docker/dev go/go1.21.3 git-commit/3b423ea778906c6fa696ec1916dc7dc00ac492ff kernel/6.5.10-linuxkit os/linux arch/arm64 UpstreamClient(Go-http-client/1.1)" trace.duration=14.125s trace.file="github.com/docker/distribution/registry/storage/driver/base/base.go" trace.func="github.com/docker/distribution/registry/storage/driver/base.(*Base).GetContent" trace.id=aa77aad9-91ad-4098-81de-f3f30b708cf8 trace.line=95 vars.digest="sha256:cf7f382020339d0028918c3868135c3f04f625f684b264b6a63a549bd84ee80b" vars.name=test 
time="2023-11-13T11:01:09.25119413Z" level=debug msg="filesystem.Stat("/docker/registry/v2/blobs/sha256/cf/cf7f382020339d0028918c3868135c3f04f625f684b264b6a63a549bd84ee80b/data")" go.version=go1.20.8 http.request.host="127.0.0.1:5000" http.request.id=a1fe996b-d1af-472a-9343-c428cc35b3b7 http.request.method=GET http.request.remoteaddr="127.0.0.1:52078" http.request.uri="/v2/test/blobs/sha256:cf7f382020339d0028918c3868135c3f04f625f684b264b6a63a549bd84ee80b" http.request.useragent="docker/dev go/go1.21.3 git-commit/3b423ea778906c6fa696ec1916dc7dc00ac492ff kernel/6.5.10-linuxkit os/linux arch/arm64 UpstreamClient(Go-http-client/1.1)" trace.duration=5.542s trace.file="github.com/docker/distribution/registry/storage/driver/base/base.go" trace.func="github.com/docker/distribution/registry/storage/driver/base.(*Base).Stat" trace.id=2c07abb1-e876-480f-886d-9940f207d7f1 trace.line=155 vars.digest="sha256:cf7f382020339d0028918c3868135c3f04f625f684b264b6a63a549bd84ee80b" vars.name=test 
time="2023-11-13T11:01:09.251225338Z" level=debug msg="filesystem.GetContent("/docker/registry/v2/repositories/test/_layers/sha256/cf7f382020339d0028918c3868135c3f04f625f684b264b6a63a549bd84ee80b/link")" go.version=go1.20.8 http.request.host="127.0.0.1:5000" http.request.id=a1fe996b-d1af-472a-9343-c428cc35b3b7 http.request.method=GET http.request.remoteaddr="127.0.0.1:52078" http.request.uri="/v2/test/blobs/sha256:cf7f382020339d0028918c3868135c3f04f625f684b264b6a63a549bd84ee80b" http.request.useragent="docker/dev go/go1.21.3 git-commit/3b423ea778906c6fa696ec1916dc7dc00ac492ff kernel/6.5.10-linuxkit os/linux arch/arm64 UpstreamClient(Go-http-client/1.1)" trace.duration=11s trace.file="github.com/docker/distribution/registry/storage/driver/base/base.go" trace.func="github.com/docker/distribution/registry/storage/driver/base.(*Base).GetContent" trace.id=5dad1823-724e-4b61-8ff2-2d31fb56afd5 trace.line=95 vars.digest="sha256:cf7f382020339d0028918c3868135c3f04f625f684b264b6a63a549bd84ee80b" vars.name=test 
time="2023-11-13T11:01:09.251240171Z" level=debug msg="filesystem.Stat("/docker/registry/v2/blobs/sha256/cf/cf7f382020339d0028918c3868135c3f04f625f684b264b6a63a549bd84ee80b/data")" go.version=go1.20.8 http.request.host="127.0.0.1:5000" http.request.id=a1fe996b-d1af-472a-9343-c428cc35b3b7 http.request.method=GET http.request.remoteaddr="127.0.0.1:52078" http.request.uri="/v2/test/blobs/sha256:cf7f382020339d0028918c3868135c3f04f625f684b264b6a63a549bd84ee80b" http.request.useragent="docker/dev go/go1.21.3 git-commit/3b423ea778906c6fa696ec1916dc7dc00ac492ff kernel/6.5.10-linuxkit os/linux arch/arm64 UpstreamClient(Go-http-client/1.1)" trace.duration=4.166s trace.file="github.com/docker/distribution/registry/storage/driver/base/base.go" trace.func="github.com/docker/distribution/registry/storage/driver/base.(*Base).Stat" trace.id=2b3b6af9-ddbc-43e3-9589-1642517a1ba3 trace.line=155 vars.digest="sha256:cf7f382020339d0028918c3868135c3f04f625f684b264b6a63a549bd84ee80b" vars.name=test 
time="2023-11-13T11:01:09.251256005Z" level=debug msg="filesystem.Stat("/docker/registry/v2/blobs/sha256/cf/cf7f382020339d0028918c3868135c3f04f625f684b264b6a63a549bd84ee80b/data")" go.version=go1.20.8 http.request.host="127.0.0.1:5000" http.request.id=a1fe996b-d1af-472a-9343-c428cc35b3b7 http.request.method=GET http.request.remoteaddr="127.0.0.1:52078" http.request.uri="/v2/test/blobs/sha256:cf7f382020339d0028918c3868135c3f04f625f684b264b6a63a549bd84ee80b" http.request.useragent="docker/dev go/go1.21.3 git-commit/3b423ea778906c6fa696ec1916dc7dc00ac492ff kernel/6.5.10-linuxkit os/linux arch/arm64 UpstreamClient(Go-http-client/1.1)" trace.duration=3.75s trace.file="github.com/docker/distribution/registry/storage/driver/base/base.go" trace.func="github.com/docker/distribution/registry/storage/driver/base.(*Base).Stat" trace.id=a2371f9e-04bf-498d-b983-9b9f7a355e16 trace.line=155 vars.digest="sha256:cf7f382020339d0028918c3868135c3f04f625f684b264b6a63a549bd84ee80b" vars.name=test 
time="2023-11-13T11:01:09.251270546Z" level=debug msg="filesystem.URLFor("/docker/registry/v2/blobs/sha256/cf/cf7f382020339d0028918c3868135c3f04f625f684b264b6a63a549bd84ee80b/data")" go.version=go1.20.8 http.request.host="127.0.0.1:5000" http.request.id=a1fe996b-d1af-472a-9343-c428cc35b3b7 http.request.method=GET http.request.remoteaddr="127.0.0.1:52078" http.request.uri="/v2/test/blobs/sha256:cf7f382020339d0028918c3868135c3f04f625f684b264b6a63a549bd84ee80b" http.request.useragent="docker/dev go/go1.21.3 git-commit/3b423ea778906c6fa696ec1916dc7dc00ac492ff kernel/6.5.10-linuxkit os/linux arch/arm64 UpstreamClient(Go-http-client/1.1)" trace.duration=4.5s trace.file="github.com/docker/distribution/registry/storage/driver/base/base.go" trace.func="github.com/docker/distribution/registry/storage/driver/base.(*Base).URLFor" trace.id=e0c32700-7381-4030-b019-b9c980b81f4f trace.line=217 vars.digest="sha256:cf7f382020339d0028918c3868135c3f04f625f684b264b6a63a549bd84ee80b" vars.name=test 
time="2023-11-13T11:01:09.25130013Z" level=debug msg="filesystem.Reader("/docker/registry/v2/blobs/sha256/cf/cf7f382020339d0028918c3868135c3f04f625f684b264b6a63a549bd84ee80b/data", 0)" go.version=go1.20.8 http.request.host="127.0.0.1:5000" http.request.id=a1fe996b-d1af-472a-9343-c428cc35b3b7 http.request.method=GET http.request.remoteaddr="127.0.0.1:52078" http.request.uri="/v2/test/blobs/sha256:cf7f382020339d0028918c3868135c3f04f625f684b264b6a63a549bd84ee80b" http.request.useragent="docker/dev go/go1.21.3 git-commit/3b423ea778906c6fa696ec1916dc7dc00ac492ff kernel/6.5.10-linuxkit os/linux arch/arm64 UpstreamClient(Go-http-client/1.1)" trace.duration=6.958s trace.file="github.com/docker/distribution/registry/storage/driver/base/base.go" trace.func="github.com/docker/distribution/registry/storage/driver/base.(*Base).Reader" trace.id=8157c360-05c6-46d7-9e72-d366b95804b9 trace.line=125 vars.digest="sha256:cf7f382020339d0028918c3868135c3f04f625f684b264b6a63a549bd84ee80b" vars.name=test 
time="2023-11-13T11:01:09.251899296Z" level=debug msg="filesystem.GetContent("/docker/registry/v2/repositories/test/_layers/sha256/cf7f382020339d0028918c3868135c3f04f625f684b264b6a63a549bd84ee80b/link")" go.version=go1.20.8 http.request.host="127.0.0.1:5000" http.request.id=a1fe996b-d1af-472a-9343-c428cc35b3b7 http.request.method=GET http.request.remoteaddr="127.0.0.1:52078" http.request.uri="/v2/test/blobs/sha256:cf7f382020339d0028918c3868135c3f04f625f684b264b6a63a549bd84ee80b" http.request.useragent="docker/dev go/go1.21.3 git-commit/3b423ea778906c6fa696ec1916dc7dc00ac492ff kernel/6.5.10-linuxkit os/linux arch/arm64 UpstreamClient(Go-http-client/1.1)" trace.duration=14.75s trace.file="github.com/docker/distribution/registry/storage/driver/base/base.go" trace.func="github.com/docker/distribution/registry/storage/driver/base.(*Base).GetContent" trace.id=93ec1cda-7844-4307-b99e-514821ee9915 trace.line=95 vars.digest="sha256:cf7f382020339d0028918c3868135c3f04f625f684b264b6a63a549bd84ee80b" vars.name=test 
time="2023-11-13T11:01:09.251939963Z" level=debug msg="filesystem.Stat("/docker/registry/v2/blobs/sha256/cf/cf7f382020339d0028918c3868135c3f04f625f684b264b6a63a549bd84ee80b/data")" go.version=go1.20.8 http.request.host="127.0.0.1:5000" http.request.id=a1fe996b-d1af-472a-9343-c428cc35b3b7 http.request.method=GET http.request.remoteaddr="127.0.0.1:52078" http.request.uri="/v2/test/blobs/sha256:cf7f382020339d0028918c3868135c3f04f625f684b264b6a63a549bd84ee80b" http.request.useragent="docker/dev go/go1.21.3 git-commit/3b423ea778906c6fa696ec1916dc7dc00ac492ff kernel/6.5.10-linuxkit os/linux arch/arm64 UpstreamClient(Go-http-client/1.1)" trace.duration=6.709s trace.file="github.com/docker/distribution/registry/storage/driver/base/base.go" trace.func="github.com/docker/distribution/registry/storage/driver/base.(*Base).Stat" trace.id=4484f093-32fe-4845-84fd-af18a7c53e06 trace.line=155 vars.digest="sha256:cf7f382020339d0028918c3868135c3f04f625f684b264b6a63a549bd84ee80b" vars.name=test 
time="2023-11-13T11:01:09.252024213Z" level=info msg="response completed" go.version=go1.20.8 http.request.host="127.0.0.1:5000" http.request.id=a1fe996b-d1af-472a-9343-c428cc35b3b7 http.request.method=GET http.request.remoteaddr="127.0.0.1:52078" http.request.uri="/v2/test/blobs/sha256:cf7f382020339d0028918c3868135c3f04f625f684b264b6a63a549bd84ee80b" http.request.useragent="docker/dev go/go1.21.3 git-commit/3b423ea778906c6fa696ec1916dc7dc00ac492ff kernel/6.5.10-linuxkit os/linux arch/arm64 UpstreamClient(Go-http-client/1.1)" http.response.contenttype="application/octet-stream" http.response.duration=1.185833ms http.response.status=200 http.response.written=194 
127.0.0.1 - - [13/Nov/2023:11:01:09 +0000] "GET /v2/test/blobs/sha256:cf7f382020339d0028918c3868135c3f04f625f684b264b6a63a549bd84ee80b HTTP/1.1" 200 194 "" "docker/dev go/go1.21.3 git-commit/3b423ea778906c6fa696ec1916dc7dc00ac492ff kernel/6.5.10-linuxkit os/linux arch/arm64 UpstreamClient(Go-http-client/1.1)"
time="2023-11-13T11:01:09.252406255Z" level=debug msg="authorizing request" go.version=go1.20.8 http.request.host="127.0.0.1:5000" http.request.id=865e659b-29e3-43b7-89fd-798957fbc1ba http.request.method=GET http.request.remoteaddr="127.0.0.1:52084" http.request.uri="/v2/test/blobs/sha256:5d6b514d5023c9b87d5f9688fb5812d6fbe2c27d90d935a4cd95b7a9b589e923" http.request.useragent="docker/dev go/go1.21.3 git-commit/3b423ea778906c6fa696ec1916dc7dc00ac492ff kernel/6.5.10-linuxkit os/linux arch/arm64 UpstreamClient(Go-http-client/1.1)" vars.digest="sha256:5d6b514d5023c9b87d5f9688fb5812d6fbe2c27d90d935a4cd95b7a9b589e923" vars.name=test 
time="2023-11-13T11:01:09.25242588Z" level=debug msg=GetBlob go.version=go1.20.8 http.request.host="127.0.0.1:5000" http.request.id=865e659b-29e3-43b7-89fd-798957fbc1ba http.request.method=GET http.request.remoteaddr="127.0.0.1:52084" http.request.uri="/v2/test/blobs/sha256:5d6b514d5023c9b87d5f9688fb5812d6fbe2c27d90d935a4cd95b7a9b589e923" http.request.useragent="docker/dev go/go1.21.3 git-commit/3b423ea778906c6fa696ec1916dc7dc00ac492ff kernel/6.5.10-linuxkit os/linux arch/arm64 UpstreamClient(Go-http-client/1.1)" vars.digest="sha256:5d6b514d5023c9b87d5f9688fb5812d6fbe2c27d90d935a4cd95b7a9b589e923" vars.name=test 
time="2023-11-13T11:01:09.25246463Z" level=debug msg="filesystem.GetContent("/docker/registry/v2/repositories/test/_layers/sha256/5d6b514d5023c9b87d5f9688fb5812d6fbe2c27d90d935a4cd95b7a9b589e923/link")" go.version=go1.20.8 http.request.host="127.0.0.1:5000" http.request.id=865e659b-29e3-43b7-89fd-798957fbc1ba http.request.method=GET http.request.remoteaddr="127.0.0.1:52084" http.request.uri="/v2/test/blobs/sha256:5d6b514d5023c9b87d5f9688fb5812d6fbe2c27d90d935a4cd95b7a9b589e923" http.request.useragent="docker/dev go/go1.21.3 git-commit/3b423ea778906c6fa696ec1916dc7dc00ac492ff kernel/6.5.10-linuxkit os/linux arch/arm64 UpstreamClient(Go-http-client/1.1)" trace.duration=26.959s trace.file="github.com/docker/distribution/registry/storage/driver/base/base.go" trace.func="github.com/docker/distribution/registry/storage/driver/base.(*Base).GetContent" trace.id=6a6587fc-6e63-4615-a136-74a78d22681f trace.line=95 vars.digest="sha256:5d6b514d5023c9b87d5f9688fb5812d6fbe2c27d90d935a4cd95b7a9b589e923" vars.name=test 
time="2023-11-13T11:01:09.252483213Z" level=debug msg="filesystem.Stat("/docker/registry/v2/blobs/sha256/5d/5d6b514d5023c9b87d5f9688fb5812d6fbe2c27d90d935a4cd95b7a9b589e923/data")" go.version=go1.20.8 http.request.host="127.0.0.1:5000" http.request.id=865e659b-29e3-43b7-89fd-798957fbc1ba http.request.method=GET http.request.remoteaddr="127.0.0.1:52084" http.request.uri="/v2/test/blobs/sha256:5d6b514d5023c9b87d5f9688fb5812d6fbe2c27d90d935a4cd95b7a9b589e923" http.request.useragent="docker/dev go/go1.21.3 git-commit/3b423ea778906c6fa696ec1916dc7dc00ac492ff kernel/6.5.10-linuxkit os/linux arch/arm64 UpstreamClient(Go-http-client/1.1)" trace.duration=6.334s trace.file="github.com/docker/distribution/registry/storage/driver/base/base.go" trace.func="github.com/docker/distribution/registry/storage/driver/base.(*Base).Stat" trace.id=ad179c33-fcdd-4bcd-af0c-2a97db4befda trace.line=155 vars.digest="sha256:5d6b514d5023c9b87d5f9688fb5812d6fbe2c27d90d935a4cd95b7a9b589e923" vars.name=test 
time="2023-11-13T11:01:09.252502005Z" level=debug msg="filesystem.GetContent("/docker/registry/v2/repositories/test/_layers/sha256/5d6b514d5023c9b87d5f9688fb5812d6fbe2c27d90d935a4cd95b7a9b589e923/link")" go.version=go1.20.8 http.request.host="127.0.0.1:5000" http.request.id=865e659b-29e3-43b7-89fd-798957fbc1ba http.request.method=GET http.request.remoteaddr="127.0.0.1:52084" http.request.uri="/v2/test/blobs/sha256:5d6b514d5023c9b87d5f9688fb5812d6fbe2c27d90d935a4cd95b7a9b589e923" http.request.useragent="docker/dev go/go1.21.3 git-commit/3b423ea778906c6fa696ec1916dc7dc00ac492ff kernel/6.5.10-linuxkit os/linux arch/arm64 UpstreamClient(Go-http-client/1.1)" trace.duration=8.75s trace.file="github.com/docker/distribution/registry/storage/driver/base/base.go" trace.func="github.com/docker/distribution/registry/storage/driver/base.(*Base).GetContent" trace.id=9daabf57-55af-4daa-a3fe-6a79550a0b86 trace.line=95 vars.digest="sha256:5d6b514d5023c9b87d5f9688fb5812d6fbe2c27d90d935a4cd95b7a9b589e923" vars.name=test 
time="2023-11-13T11:01:09.252516713Z" level=debug msg="filesystem.Stat("/docker/registry/v2/blobs/sha256/5d/5d6b514d5023c9b87d5f9688fb5812d6fbe2c27d90d935a4cd95b7a9b589e923/data")" go.version=go1.20.8 http.request.host="127.0.0.1:5000" http.request.id=865e659b-29e3-43b7-89fd-798957fbc1ba http.request.method=GET http.request.remoteaddr="127.0.0.1:52084" http.request.uri="/v2/test/blobs/sha256:5d6b514d5023c9b87d5f9688fb5812d6fbe2c27d90d935a4cd95b7a9b589e923" http.request.useragent="docker/dev go/go1.21.3 git-commit/3b423ea778906c6fa696ec1916dc7dc00ac492ff kernel/6.5.10-linuxkit os/linux arch/arm64 UpstreamClient(Go-http-client/1.1)" trace.duration=4.083s trace.file="github.com/docker/distribution/registry/storage/driver/base/base.go" trace.func="github.com/docker/distribution/registry/storage/driver/base.(*Base).Stat" trace.id=42895b4b-fc46-4483-aaec-e2aa6712f17a trace.line=155 vars.digest="sha256:5d6b514d5023c9b87d5f9688fb5812d6fbe2c27d90d935a4cd95b7a9b589e923" vars.name=test 
time="2023-11-13T11:01:09.252531213Z" level=debug msg="filesystem.Stat("/docker/registry/v2/blobs/sha256/5d/5d6b514d5023c9b87d5f9688fb5812d6fbe2c27d90d935a4cd95b7a9b589e923/data")" go.version=go1.20.8 http.request.host="127.0.0.1:5000" http.request.id=865e659b-29e3-43b7-89fd-798957fbc1ba http.request.method=GET http.request.remoteaddr="127.0.0.1:52084" http.request.uri="/v2/test/blobs/sha256:5d6b514d5023c9b87d5f9688fb5812d6fbe2c27d90d935a4cd95b7a9b589e923" http.request.useragent="docker/dev go/go1.21.3 git-commit/3b423ea778906c6fa696ec1916dc7dc00ac492ff kernel/6.5.10-linuxkit os/linux arch/arm64 UpstreamClient(Go-http-client/1.1)" trace.duration=4.916s trace.file="github.com/docker/distribution/registry/storage/driver/base/base.go" trace.func="github.com/docker/distribution/registry/storage/driver/base.(*Base).Stat" trace.id=8c4277ca-203e-4a59-9911-0744530b09a6 trace.line=155 vars.digest="sha256:5d6b514d5023c9b87d5f9688fb5812d6fbe2c27d90d935a4cd95b7a9b589e923" vars.name=test 
time="2023-11-13T11:01:09.252543671Z" level=debug msg="filesystem.URLFor("/docker/registry/v2/blobs/sha256/5d/5d6b514d5023c9b87d5f9688fb5812d6fbe2c27d90d935a4cd95b7a9b589e923/data")" go.version=go1.20.8 http.request.host="127.0.0.1:5000" http.request.id=865e659b-29e3-43b7-89fd-798957fbc1ba http.request.method=GET http.request.remoteaddr="127.0.0.1:52084" http.request.uri="/v2/test/blobs/sha256:5d6b514d5023c9b87d5f9688fb5812d6fbe2c27d90d935a4cd95b7a9b589e923" http.request.useragent="docker/dev go/go1.21.3 git-commit/3b423ea778906c6fa696ec1916dc7dc00ac492ff kernel/6.5.10-linuxkit os/linux arch/arm64 UpstreamClient(Go-http-client/1.1)" trace.duration=2.917s trace.file="github.com/docker/distribution/registry/storage/driver/base/base.go" trace.func="github.com/docker/distribution/registry/storage/driver/base.(*Base).URLFor" trace.id=7d5a4e33-74dc-4ae8-b393-e8808610d525 trace.line=217 vars.digest="sha256:5d6b514d5023c9b87d5f9688fb5812d6fbe2c27d90d935a4cd95b7a9b589e923" vars.name=test 
time="2023-11-13T11:01:09.252562296Z" level=debug msg="filesystem.Reader("/docker/registry/v2/blobs/sha256/5d/5d6b514d5023c9b87d5f9688fb5812d6fbe2c27d90d935a4cd95b7a9b589e923/data", 0)" go.version=go1.20.8 http.request.host="127.0.0.1:5000" http.request.id=865e659b-29e3-43b7-89fd-798957fbc1ba http.request.method=GET http.request.remoteaddr="127.0.0.1:52084" http.request.uri="/v2/test/blobs/sha256:5d6b514d5023c9b87d5f9688fb5812d6fbe2c27d90d935a4cd95b7a9b589e923" http.request.useragent="docker/dev go/go1.21.3 git-commit/3b423ea778906c6fa696ec1916dc7dc00ac492ff kernel/6.5.10-linuxkit os/linux arch/arm64 UpstreamClient(Go-http-client/1.1)" trace.duration=5.833s trace.file="github.com/docker/distribution/registry/storage/driver/base/base.go" trace.func="github.com/docker/distribution/registry/storage/driver/base.(*Base).Reader" trace.id=5559e8e0-dc20-4d47-8044-a6dc7006738a trace.line=125 vars.digest="sha256:5d6b514d5023c9b87d5f9688fb5812d6fbe2c27d90d935a4cd95b7a9b589e923" vars.name=test 
time="2023-11-13T11:01:09.252687088Z" level=debug msg="filesystem.GetContent("/docker/registry/v2/repositories/test/_layers/sha256/5d6b514d5023c9b87d5f9688fb5812d6fbe2c27d90d935a4cd95b7a9b589e923/link")" go.version=go1.20.8 http.request.host="127.0.0.1:5000" http.request.id=865e659b-29e3-43b7-89fd-798957fbc1ba http.request.method=GET http.request.remoteaddr="127.0.0.1:52084" http.request.uri="/v2/test/blobs/sha256:5d6b514d5023c9b87d5f9688fb5812d6fbe2c27d90d935a4cd95b7a9b589e923" http.request.useragent="docker/dev go/go1.21.3 git-commit/3b423ea778906c6fa696ec1916dc7dc00ac492ff kernel/6.5.10-linuxkit os/linux arch/arm64 UpstreamClient(Go-http-client/1.1)" trace.duration=8.25s trace.file="github.com/docker/distribution/registry/storage/driver/base/base.go" trace.func="github.com/docker/distribution/registry/storage/driver/base.(*Base).GetContent" trace.id=b04e3305-2bb1-4fc3-92b6-f32eb512c52c trace.line=95 vars.digest="sha256:5d6b514d5023c9b87d5f9688fb5812d6fbe2c27d90d935a4cd95b7a9b589e923" vars.name=test 
time="2023-11-13T11:01:09.25270063Z" level=debug msg="filesystem.Stat("/docker/registry/v2/blobs/sha256/5d/5d6b514d5023c9b87d5f9688fb5812d6fbe2c27d90d935a4cd95b7a9b589e923/data")" go.version=go1.20.8 http.request.host="127.0.0.1:5000" http.request.id=865e659b-29e3-43b7-89fd-798957fbc1ba http.request.method=GET http.request.remoteaddr="127.0.0.1:52084" http.request.uri="/v2/test/blobs/sha256:5d6b514d5023c9b87d5f9688fb5812d6fbe2c27d90d935a4cd95b7a9b589e923" http.request.useragent="docker/dev go/go1.21.3 git-commit/3b423ea778906c6fa696ec1916dc7dc00ac492ff kernel/6.5.10-linuxkit os/linux arch/arm64 UpstreamClient(Go-http-client/1.1)" trace.duration=3.958s trace.file="github.com/docker/distribution/registry/storage/driver/base/base.go" trace.func="github.com/docker/distribution/registry/storage/driver/base.(*Base).Stat" trace.id=ab60a847-58c6-4453-91fc-eccb681e0bdd trace.line=155 vars.digest="sha256:5d6b514d5023c9b87d5f9688fb5812d6fbe2c27d90d935a4cd95b7a9b589e923" vars.name=test 
time="2023-11-13T11:01:09.252728213Z" level=info msg="response completed" go.version=go1.20.8 http.request.host="127.0.0.1:5000" http.request.id=865e659b-29e3-43b7-89fd-798957fbc1ba http.request.method=GET http.request.remoteaddr="127.0.0.1:52084" http.request.uri="/v2/test/blobs/sha256:5d6b514d5023c9b87d5f9688fb5812d6fbe2c27d90d935a4cd95b7a9b589e923" http.request.useragent="docker/dev go/go1.21.3 git-commit/3b423ea778906c6fa696ec1916dc7dc00ac492ff kernel/6.5.10-linuxkit os/linux arch/arm64 UpstreamClient(Go-http-client/1.1)" http.response.contenttype="application/octet-stream" http.response.duration=1.576334ms http.response.status=200 http.response.written=68 
127.0.0.1 - - [13/Nov/2023:11:01:09 +0000] "GET /v2/test/blobs/sha256:5d6b514d5023c9b87d5f9688fb5812d6fbe2c27d90d935a4cd95b7a9b589e923 HTTP/1.1" 200 68 "" "docker/dev go/go1.21.3 git-commit/3b423ea778906c6fa696ec1916dc7dc00ac492ff kernel/6.5.10-linuxkit os/linux arch/arm64 UpstreamClient(Go-http-client/1.1)"
time="2023-11-13T11:01:09.260323796Z" level=debug msg="authorizing request" go.version=go1.20.8 http.request.host="127.0.0.1:5000" http.request.id=b60bcc30-22c1-476e-b577-99c9e8860329 http.request.method=GET http.request.remoteaddr="127.0.0.1:52106" http.request.uri="/v2/" http.request.useragent="docker/dev go/go1.21.3 git-commit/3b423ea778906c6fa696ec1916dc7dc00ac492ff kernel/6.5.10-linuxkit os/linux arch/arm64 UpstreamClient(Go-http-client/1.1)" 
time="2023-11-13T11:01:09.260341421Z" level=info msg="response completed" go.version=go1.20.8 http.request.host="127.0.0.1:5000" http.request.id=b60bcc30-22c1-476e-b577-99c9e8860329 http.request.method=GET http.request.remoteaddr="127.0.0.1:52106" http.request.uri="/v2/" http.request.useragent="docker/dev go/go1.21.3 git-commit/3b423ea778906c6fa696ec1916dc7dc00ac492ff kernel/6.5.10-linuxkit os/linux arch/arm64 UpstreamClient(Go-http-client/1.1)" http.response.contenttype="application/json; charset=utf-8" http.response.duration="322.208s" http.response.status=200 http.response.written=2 
127.0.0.1 - - [13/Nov/2023:11:01:09 +0000] "GET /v2/ HTTP/1.1" 200 2 "" "docker/dev go/go1.21.3 git-commit/3b423ea778906c6fa696ec1916dc7dc00ac492ff kernel/6.5.10-linuxkit os/linux arch/arm64 UpstreamClient(Go-http-client/1.1)"
time="2023-11-13T11:01:09.26398613Z" level=debug msg="authorizing request" go.version=go1.20.8 http.request.host="127.0.0.1:5000" http.request.id=f0879012-0b41-4399-8355-43b57ff8d4d5 http.request.method=GET http.request.remoteaddr="127.0.0.1:52114" http.request.uri="/v2/other/manifests/sha256:a250d50e44c6366699e845175235d1c4be154b0c4359b3d7ef5590bf2dcf8eda" http.request.useragent="docker/dev go/go1.21.3 git-commit/3b423ea778906c6fa696ec1916dc7dc00ac492ff kernel/6.5.10-linuxkit os/linux arch/arm64 UpstreamClient(Go-http-client/1.1)" vars.name=other vars.reference="sha256:a250d50e44c6366699e845175235d1c4be154b0c4359b3d7ef5590bf2dcf8eda" 
time="2023-11-13T11:01:09.26400588Z" level=debug msg=GetImageManifest go.version=go1.20.8 http.request.host="127.0.0.1:5000" http.request.id=f0879012-0b41-4399-8355-43b57ff8d4d5 http.request.method=GET http.request.remoteaddr="127.0.0.1:52114" http.request.uri="/v2/other/manifests/sha256:a250d50e44c6366699e845175235d1c4be154b0c4359b3d7ef5590bf2dcf8eda" http.request.useragent="docker/dev go/go1.21.3 git-commit/3b423ea778906c6fa696ec1916dc7dc00ac492ff kernel/6.5.10-linuxkit os/linux arch/arm64 UpstreamClient(Go-http-client/1.1)" vars.name=other vars.reference="sha256:a250d50e44c6366699e845175235d1c4be154b0c4359b3d7ef5590bf2dcf8eda" 
time="2023-11-13T11:01:09.264013088Z" level=debug msg="(*manifestStore).Get" go.version=go1.20.8 http.request.host="127.0.0.1:5000" http.request.id=f0879012-0b41-4399-8355-43b57ff8d4d5 http.request.method=GET http.request.remoteaddr="127.0.0.1:52114" http.request.uri="/v2/other/manifests/sha256:a250d50e44c6366699e845175235d1c4be154b0c4359b3d7ef5590bf2dcf8eda" http.request.useragent="docker/dev go/go1.21.3 git-commit/3b423ea778906c6fa696ec1916dc7dc00ac492ff kernel/6.5.10-linuxkit os/linux arch/arm64 UpstreamClient(Go-http-client/1.1)" vars.name=other vars.reference="sha256:a250d50e44c6366699e845175235d1c4be154b0c4359b3d7ef5590bf2dcf8eda" 
time="2023-11-13T11:01:09.264041421Z" level=debug msg="filesystem.GetContent("/docker/registry/v2/repositories/other/_manifests/revisions/sha256/a250d50e44c6366699e845175235d1c4be154b0c4359b3d7ef5590bf2dcf8eda/link")" go.version=go1.20.8 http.request.host="127.0.0.1:5000" http.request.id=f0879012-0b41-4399-8355-43b57ff8d4d5 http.request.method=GET http.request.remoteaddr="127.0.0.1:52114" http.request.uri="/v2/other/manifests/sha256:a250d50e44c6366699e845175235d1c4be154b0c4359b3d7ef5590bf2dcf8eda" http.request.useragent="docker/dev go/go1.21.3 git-commit/3b423ea778906c6fa696ec1916dc7dc00ac492ff kernel/6.5.10-linuxkit os/linux arch/arm64 UpstreamClient(Go-http-client/1.1)" trace.duration=14.167s trace.file="github.com/docker/distribution/registry/storage/driver/base/base.go" trace.func="github.com/docker/distribution/registry/storage/driver/base.(*Base).GetContent" trace.id=e9b7f2d6-81d3-42ce-a189-41688ad1bf23 trace.line=95 vars.name=other vars.reference="sha256:a250d50e44c6366699e845175235d1c4be154b0c4359b3d7ef5590bf2dcf8eda" 
time="2023-11-13T11:01:09.26406463Z" level=debug msg="filesystem.GetContent("/docker/registry/v2/repositories/other/_layers/sha256/a250d50e44c6366699e845175235d1c4be154b0c4359b3d7ef5590bf2dcf8eda/link")" go.version=go1.20.8 http.request.host="127.0.0.1:5000" http.request.id=f0879012-0b41-4399-8355-43b57ff8d4d5 http.request.method=GET http.request.remoteaddr="127.0.0.1:52114" http.request.uri="/v2/other/manifests/sha256:a250d50e44c6366699e845175235d1c4be154b0c4359b3d7ef5590bf2dcf8eda" http.request.useragent="docker/dev go/go1.21.3 git-commit/3b423ea778906c6fa696ec1916dc7dc00ac492ff kernel/6.5.10-linuxkit os/linux arch/arm64 UpstreamClient(Go-http-client/1.1)" trace.duration=5.792s trace.file="github.com/docker/distribution/registry/storage/driver/base/base.go" trace.func="github.com/docker/distribution/registry/storage/driver/base.(*Base).GetContent" trace.id=5a07eabc-e158-435a-9414-3530ea63756a trace.line=95 vars.name=other vars.reference="sha256:a250d50e44c6366699e845175235d1c4be154b0c4359b3d7ef5590bf2dcf8eda" 
time="2023-11-13T11:01:09.264095755Z" level=error msg="response completed with error" err.code="manifest unknown" err.detail="unknown manifest name=other revision=sha256:a250d50e44c6366699e845175235d1c4be154b0c4359b3d7ef5590bf2dcf8eda" err.message="manifest unknown" go.version=go1.20.8 http.request.host="127.0.0.1:5000" http.request.id=f0879012-0b41-4399-8355-43b57ff8d4d5 http.request.method=GET http.request.remoteaddr="127.0.0.1:52114" http.request.uri="/v2/other/manifests/sha256:a250d50e44c6366699e845175235d1c4be154b0c4359b3d7ef5590bf2dcf8eda" http.request.useragent="docker/dev go/go1.21.3 git-commit/3b423ea778906c6fa696ec1916dc7dc00ac492ff kernel/6.5.10-linuxkit os/linux arch/arm64 UpstreamClient(Go-http-client/1.1)" http.response.contenttype="application/json; charset=utf-8" http.response.duration="794.625s" http.response.status=404 http.response.written=181 vars.name=other vars.reference="sha256:a250d50e44c6366699e845175235d1c4be154b0c4359b3d7ef5590bf2dcf8eda" 
127.0.0.1 - - [13/Nov/2023:11:01:09 +0000] "GET /v2/other/manifests/sha256:a250d50e44c6366699e845175235d1c4be154b0c4359b3d7ef5590bf2dcf8eda HTTP/1.1" 404 181 "" "docker/dev go/go1.21.3 git-commit/3b423ea778906c6fa696ec1916dc7dc00ac492ff kernel/6.5.10-linuxkit os/linux arch/arm64 UpstreamClient(Go-http-client/1.1)"
--- PASS: TestImagePullStoredfDigestForOtherRepo (0.16s)
=== RUN   TestImagePullNonExisting
=== RUN   TestImagePullNonExisting/asdfasdf:foobar
=== PAUSE TestImagePullNonExisting/asdfasdf:foobar
=== RUN   TestImagePullNonExisting/library/asdfasdf:foobar
=== PAUSE TestImagePullNonExisting/library/asdfasdf:foobar
=== RUN   TestImagePullNonExisting/asdfasdf
=== PAUSE TestImagePullNonExisting/asdfasdf
=== RUN   TestImagePullNonExisting/asdfasdf:latest
=== PAUSE TestImagePullNonExisting/asdfasdf:latest
=== RUN   TestImagePullNonExisting/library/asdfasdf
=== PAUSE TestImagePullNonExisting/library/asdfasdf
=== RUN   TestImagePullNonExisting/library/asdfasdf:latest
=== PAUSE TestImagePullNonExisting/library/asdfasdf:latest
=== CONT  TestImagePullNonExisting/asdfasdf:foobar
=== CONT  TestImagePullNonExisting/asdfasdf:latest
=== CONT  TestImagePullNonExisting/asdfasdf
=== CONT  TestImagePullNonExisting/library/asdfasdf:foobar
=== CONT  TestImagePullNonExisting/library/asdfasdf:latest
=== CONT  TestImagePullNonExisting/library/asdfasdf
--- PASS: TestImagePullNonExisting (0.02s)
    --- PASS: TestImagePullNonExisting/library/asdfasdf:foobar (1.05s)
    --- PASS: TestImagePullNonExisting/asdfasdf:foobar (1.05s)
    --- PASS: TestImagePullNonExisting/library/asdfasdf:latest (1.05s)
    --- PASS: TestImagePullNonExisting/asdfasdf:latest (1.35s)
    --- PASS: TestImagePullNonExisting/library/asdfasdf (1.39s)
    --- PASS: TestImagePullNonExisting/asdfasdf (1.55s)
=== RUN   TestRemoveImageOrphaning
--- PASS: TestRemoveImageOrphaning (1.22s)
=== RUN   TestRemoveByDigest
    remove_test.go:64: !testEnv.UsingSnapshotter(): RepoDigests doesn't include tags when using graphdrivers
--- SKIP: TestRemoveByDigest (0.00s)
=== RUN   TestRemoveImageGarbageCollector
    remove_unix_test.go:34: (*Execution).NotAmd64-fm
--- SKIP: TestRemoveImageGarbageCollector (0.00s)
=== RUN   TestSaveCheckTimes
=== PAUSE TestSaveCheckTimes
=== RUN   TestSaveRepoWithMultipleImages
--- PASS: TestSaveRepoWithMultipleImages (2.01s)
=== RUN   TestSaveDirectoryPermissions
--- PASS: TestSaveDirectoryPermissions (2.01s)
=== RUN   TestTagUnprefixedRepoByNameOrName
--- PASS: TestTagUnprefixedRepoByNameOrName (0.01s)
=== RUN   TestTagUsingDigestAlgorithmAsName
--- PASS: TestTagUsingDigestAlgorithmAsName (0.01s)
=== RUN   TestTagValidPrefixedRepo
=== RUN   TestTagValidPrefixedRepo/fooo/bar
=== PAUSE TestTagValidPrefixedRepo/fooo/bar
=== RUN   TestTagValidPrefixedRepo/fooaa/test
=== PAUSE TestTagValidPrefixedRepo/fooaa/test
=== RUN   TestTagValidPrefixedRepo/foooo:t
=== PAUSE TestTagValidPrefixedRepo/foooo:t
=== RUN   TestTagValidPrefixedRepo/HOSTNAME.DOMAIN.COM:443/foo/bar
=== PAUSE TestTagValidPrefixedRepo/HOSTNAME.DOMAIN.COM:443/foo/bar
=== CONT  TestTagValidPrefixedRepo/fooo/bar
=== CONT  TestTagValidPrefixedRepo/foooo:t
=== CONT  TestTagValidPrefixedRepo/HOSTNAME.DOMAIN.COM:443/foo/bar
=== CONT  TestTagValidPrefixedRepo/fooaa/test
--- PASS: TestTagValidPrefixedRepo (0.01s)
    --- PASS: TestTagValidPrefixedRepo/foooo:t (0.00s)
    --- PASS: TestTagValidPrefixedRepo/fooaa/test (0.01s)
    --- PASS: TestTagValidPrefixedRepo/HOSTNAME.DOMAIN.COM:443/foo/bar (0.01s)
    --- PASS: TestTagValidPrefixedRepo/fooo/bar (0.01s)
=== RUN   TestTagExistedNameWithoutForce
--- PASS: TestTagExistedNameWithoutForce (0.01s)
=== RUN   TestTagOfficialNames
=== RUN   TestTagOfficialNames/tag_from_busybox_to_docker.io/busybox
=== RUN   TestTagOfficialNames/tag_from_busybox_to_index.docker.io/busybox
=== RUN   TestTagOfficialNames/tag_from_busybox_to_library/busybox
=== RUN   TestTagOfficialNames/tag_from_busybox_to_docker.io/library/busybox
=== RUN   TestTagOfficialNames/tag_from_busybox_to_index.docker.io/library/busybox
--- PASS: TestTagOfficialNames (0.02s)
    --- PASS: TestTagOfficialNames/tag_from_busybox_to_docker.io/busybox (0.00s)
    --- PASS: TestTagOfficialNames/tag_from_busybox_to_index.docker.io/busybox (0.00s)
    --- PASS: TestTagOfficialNames/tag_from_busybox_to_library/busybox (0.00s)
    --- PASS: TestTagOfficialNames/tag_from_busybox_to_docker.io/library/busybox (0.00s)
    --- PASS: TestTagOfficialNames/tag_from_busybox_to_index.docker.io/library/busybox (0.00s)
=== RUN   TestTagMatchesDigest
--- PASS: TestTagMatchesDigest (0.01s)
=== CONT  TestSaveCheckTimes
--- PASS: TestSaveCheckTimes (0.02s)
PASS

=== Skipped
=== SKIP: arm64.integration.image TestImportExtremelyLargeImageWorks (0.00s)
    import_test.go:23: runtime.GOARCH == "arm64": effective test will be time out

=== SKIP: arm64.integration.image TestRemoveByDigest (0.00s)
    remove_test.go:64: !testEnv.UsingSnapshotter(): RepoDigests doesn't include tags when using graphdrivers

=== SKIP: arm64.integration.image TestRemoveImageGarbageCollector (0.00s)
    remove_unix_test.go:34: (*Execution).NotAmd64-fm

DONE 53 tests, 3 skipped in 18.994s
Running /go/src/github.com/docker/docker/integration/internal/termtest (arm64.integration.internal.termtest) flags=-test.v -test.timeout=5m  
=== RUN   TestStripANSICommands
=== RUN   TestStripANSICommands/#00
=== RUN   TestStripANSICommands/#01
--- PASS: TestStripANSICommands (0.00s)
    --- PASS: TestStripANSICommands/#00 (0.00s)
    --- PASS: TestStripANSICommands/#01 (0.00s)
PASS

DONE 3 tests in 0.016s
Running /go/src/github.com/docker/docker/integration/network (arm64.integration.network) flags=-test.v -test.timeout=5m  
INFO: Testing against a local daemon
=== RUN   TestCreateWithMultiNetworks
--- PASS: TestCreateWithMultiNetworks (0.43s)
=== RUN   TestNetworkCreateDelete
--- PASS: TestNetworkCreateDelete (0.07s)
=== RUN   TestDockerNetworkDeletePreferID
--- PASS: TestDockerNetworkDeletePreferID (0.24s)
=== RUN   TestDaemonDNSFallback
--- PASS: TestDaemonDNSFallback (9.02s)
=== RUN   TestInspectNetwork
=== RUN   TestInspectNetwork/full_network_id
=== RUN   TestInspectNetwork/partial_network_id
=== RUN   TestInspectNetwork/network_name
=== RUN   TestInspectNetwork/network_name_and_swarm_scope
--- PASS: TestInspectNetwork (9.01s)
    --- PASS: TestInspectNetwork/full_network_id (0.00s)
    --- PASS: TestInspectNetwork/partial_network_id (0.01s)
    --- PASS: TestInspectNetwork/network_name (0.00s)
    --- PASS: TestInspectNetwork/network_name_and_swarm_scope (0.00s)
=== RUN   TestRunContainerWithBridgeNone
--- PASS: TestRunContainerWithBridgeNone (5.32s)
=== RUN   TestNetworkInvalidJSON
=== RUN   TestNetworkInvalidJSON/networks/create
=== PAUSE TestNetworkInvalidJSON/networks/create
=== RUN   TestNetworkInvalidJSON/networks/bridge/connect
=== PAUSE TestNetworkInvalidJSON/networks/bridge/connect
=== RUN   TestNetworkInvalidJSON/networks/bridge/disconnect
=== PAUSE TestNetworkInvalidJSON/networks/bridge/disconnect
=== CONT  TestNetworkInvalidJSON/networks/create
=== RUN   TestNetworkInvalidJSON/networks/create/invalid_content_type
=== CONT  TestNetworkInvalidJSON/networks/bridge/disconnect
=== RUN   TestNetworkInvalidJSON/networks/bridge/disconnect/invalid_content_type
=== CONT  TestNetworkInvalidJSON/networks/bridge/connect
=== RUN   TestNetworkInvalidJSON/networks/bridge/connect/invalid_content_type
=== RUN   TestNetworkInvalidJSON/networks/create/invalid_JSON
=== RUN   TestNetworkInvalidJSON/networks/bridge/disconnect/invalid_JSON
=== RUN   TestNetworkInvalidJSON/networks/create/extra_content_after_JSON
=== RUN   TestNetworkInvalidJSON/networks/bridge/disconnect/extra_content_after_JSON
=== RUN   TestNetworkInvalidJSON/networks/bridge/connect/invalid_JSON
=== RUN   TestNetworkInvalidJSON/networks/create/empty_body
=== RUN   TestNetworkInvalidJSON/networks/bridge/disconnect/empty_body
=== RUN   TestNetworkInvalidJSON/networks/bridge/connect/extra_content_after_JSON
=== RUN   TestNetworkInvalidJSON/networks/bridge/connect/empty_body
--- PASS: TestNetworkInvalidJSON (0.01s)
    --- PASS: TestNetworkInvalidJSON/networks/create (0.00s)
        --- PASS: TestNetworkInvalidJSON/networks/create/invalid_content_type (0.00s)
        --- PASS: TestNetworkInvalidJSON/networks/create/invalid_JSON (0.00s)
        --- PASS: TestNetworkInvalidJSON/networks/create/extra_content_after_JSON (0.00s)
        --- PASS: TestNetworkInvalidJSON/networks/create/empty_body (0.00s)
    --- PASS: TestNetworkInvalidJSON/networks/bridge/disconnect (0.00s)
        --- PASS: TestNetworkInvalidJSON/networks/bridge/disconnect/invalid_content_type (0.00s)
        --- PASS: TestNetworkInvalidJSON/networks/bridge/disconnect/invalid_JSON (0.00s)
        --- PASS: TestNetworkInvalidJSON/networks/bridge/disconnect/extra_content_after_JSON (0.00s)
        --- PASS: TestNetworkInvalidJSON/networks/bridge/disconnect/empty_body (0.00s)
    --- PASS: TestNetworkInvalidJSON/networks/bridge/connect (0.00s)
        --- PASS: TestNetworkInvalidJSON/networks/bridge/connect/invalid_content_type (0.00s)
        --- PASS: TestNetworkInvalidJSON/networks/bridge/connect/invalid_JSON (0.00s)
        --- PASS: TestNetworkInvalidJSON/networks/bridge/connect/extra_content_after_JSON (0.00s)
        --- PASS: TestNetworkInvalidJSON/networks/bridge/connect/empty_body (0.00s)
=== RUN   TestNetworkList
=== RUN   TestNetworkList//networks
=== PAUSE TestNetworkList//networks
=== RUN   TestNetworkList//networks/
=== PAUSE TestNetworkList//networks/
=== CONT  TestNetworkList//networks
=== CONT  TestNetworkList//networks/
--- PASS: TestNetworkList (0.01s)
    --- PASS: TestNetworkList//networks/ (0.00s)
    --- PASS: TestNetworkList//networks (0.00s)
=== RUN   TestHostIPv4BridgeLabel
--- PASS: TestHostIPv4BridgeLabel (0.60s)
=== RUN   TestDefaultNetworkOpts
=== RUN   TestDefaultNetworkOpts/default_value
=== RUN   TestDefaultNetworkOpts/cmdline_value
=== RUN   TestDefaultNetworkOpts/config-from_value
--- PASS: TestDefaultNetworkOpts (12.06s)
    --- PASS: TestDefaultNetworkOpts/default_value (4.05s)
    --- PASS: TestDefaultNetworkOpts/cmdline_value (4.04s)
    --- PASS: TestDefaultNetworkOpts/config-from_value (3.96s)
=== RUN   TestForbidDuplicateNetworkNames
--- PASS: TestForbidDuplicateNetworkNames (3.07s)
=== RUN   TestDaemonRestartWithLiveRestore
--- PASS: TestDaemonRestartWithLiveRestore (1.08s)
=== RUN   TestDaemonDefaultNetworkPools
    service_test.go:93: assertion failed: 175.33.2.0/24 (out.IPAM.Config[0].Subnet string) != 175.33.0.0/24 (string)
--- FAIL: TestDaemonDefaultNetworkPools (0.63s)
=== RUN   TestDaemonRestartWithExistingNetwork
--- PASS: TestDaemonRestartWithExistingNetwork (1.18s)
=== RUN   TestDaemonRestartWithExistingNetworkWithDefaultPoolRange
--- PASS: TestDaemonRestartWithExistingNetworkWithDefaultPoolRange (1.25s)
=== RUN   TestDaemonWithBipAndDefaultNetworkPool
--- PASS: TestDaemonWithBipAndDefaultNetworkPool (0.60s)
=== RUN   TestServiceWithPredefinedNetwork
--- PASS: TestServiceWithPredefinedNetwork (4.78s)
=== RUN   TestServiceRemoveKeepsIngressNetwork
    service_test.go:256: FLAKY_TEST
--- SKIP: TestServiceRemoveKeepsIngressNetwork (0.00s)
=== RUN   TestServiceWithDataPathPortInit
--- PASS: TestServiceWithDataPathPortInit (17.86s)
=== RUN   TestServiceWithDefaultAddressPoolInit
    service_test.go:447: TestServiceWithDefaultAddressPoolInit: NetworkInspect: {Name:sthiraTestServiceWithDefaultAddressPoolInit ID:ur8dbhlr4spm26gjxirzkj2g3 Created:2023-11-13 11:02:27.376761847 +0000 UTC Scope:swarm Driver:overlay EnableIPv6:false IPAM:{Driver:default Options:map[] Config:[{Subnet:20.20.1.0/24 IPRange: Gateway:20.20.1.1 AuxAddress:map[]}]} Internal:false Attachable:false Ingress:false ConfigFrom:{Network:} ConfigOnly:false Containers:map[fde62fc82179feef9cd4d4b30f8968e63385ef410bc766a34aed27e62b8d5ba2:{Name:TestServiceTestServiceWithDefaultAddressPoolInit.1.arok2xg1i32yob6uysaaopem9 EndpointID:29bc15bbc7053e8a6df0c4126d5417671ae01330f035205ec5e3039f1b127936 MacAddress:02:42:14:14:01:03 IPv4Address:20.20.1.3/24 IPv6Address:} lb-sthiraTestServiceWithDefaultAddressPoolInit:{Name:sthiraTestServiceWithDefaultAddressPoolInit-endpoint EndpointID:a900a6c18b81d50fe649da93ebb3a15282dc8414039e9251b78088967a98b5ec MacAddress:02:42:14:14:01:04 IPv4Address:20.20.1.4/24 IPv6Address:}] Options:map[com.docker.network.driver.overlay.vxlanid_list:4097] Labels:map[] Peers:[{Name:798dbb64945d IP:127.0.0.1}] Services:map[TestServiceTestServiceWithDefaultAddressPoolInit:{VIP:20.20.1.2 Ports:[] LocalLBIndex:256 Tasks:[{Name:TestServiceTestServiceWithDefaultAddressPoolInit.1.arok2xg1i32yob6uysaaopem9 EndpointID:29bc15bbc7053e8a6df0c4126d5417671ae01330f035205ec5e3039f1b127936 EndpointIP:20.20.1.3 Info:map[Host IP:127.0.0.1]}]}]}
--- PASS: TestServiceWithDefaultAddressPoolInit (8.95s)
FAIL

=== Skipped
=== SKIP: arm64.integration.network TestServiceRemoveKeepsIngressNetwork (0.00s)
    service_test.go:256: FLAKY_TEST

=== Failed
=== FAIL: arm64.integration.network TestDaemonDefaultNetworkPools (0.63s)
    service_test.go:93: assertion failed: 175.33.2.0/24 (out.IPAM.Config[0].Subnet string) != 175.33.0.0/24 (string)

DONE 44 tests, 1 skipped, 1 failure in 76.255s
Running /go/src/github.com/docker/docker/integration/network/ipvlan (arm64.integration.network.ipvlan) flags=-test.v -test.timeout=5m  
INFO: Testing against a local daemon
=== RUN   TestDockerNetworkIpvlanPersistance
    ipvlan_test.go:26: !ipvlanKernelSupport(t): Kernel doesn't support ipvlan
--- SKIP: TestDockerNetworkIpvlanPersistance (0.00s)
=== RUN   TestDockerNetworkIpvlan
    ipvlan_test.go:55: !ipvlanKernelSupport(t): Kernel doesn't support ipvlan
--- SKIP: TestDockerNetworkIpvlan (0.00s)
PASS

=== Skipped
=== SKIP: arm64.integration.network.ipvlan TestDockerNetworkIpvlanPersistance (0.00s)
    ipvlan_test.go:26: !ipvlanKernelSupport(t): Kernel doesn't support ipvlan

=== SKIP: arm64.integration.network.ipvlan TestDockerNetworkIpvlan (0.00s)
    ipvlan_test.go:55: !ipvlanKernelSupport(t): Kernel doesn't support ipvlan

DONE 2 tests, 2 skipped in 0.069s
Running /go/src/github.com/docker/docker/integration/network/macvlan (arm64.integration.network.macvlan) flags=-test.v -test.timeout=5m  
INFO: Testing against a local daemon
=== RUN   TestDockerNetworkMacvlanPersistance
--- PASS: TestDockerNetworkMacvlanPersistance (3.59s)
=== RUN   TestDockerNetworkMacvlan
=== RUN   TestDockerNetworkMacvlan/Subinterface
=== RUN   TestDockerNetworkMacvlan/OverlapParent
=== RUN   TestDockerNetworkMacvlan/NilParent
=== RUN   TestDockerNetworkMacvlan/InternalMode
=== RUN   TestDockerNetworkMacvlan/MultiSubnet
=== RUN   TestDockerNetworkMacvlan/Addressing
--- PASS: TestDockerNetworkMacvlan (18.33s)
    --- PASS: TestDockerNetworkMacvlan/Subinterface (3.08s)
    --- PASS: TestDockerNetworkMacvlan/OverlapParent (3.07s)
    --- PASS: TestDockerNetworkMacvlan/NilParent (3.03s)
    --- PASS: TestDockerNetworkMacvlan/InternalMode (3.11s)
    --- PASS: TestDockerNetworkMacvlan/MultiSubnet (3.02s)
    --- PASS: TestDockerNetworkMacvlan/Addressing (3.03s)
PASS

DONE 8 tests in 21.988s
Running /go/src/github.com/docker/docker/integration/networking (arm64.integration.networking) flags=-test.v -test.timeout=5m  
INFO: Testing against a local daemon
=== RUN   TestBridgeICC
=== RUN   TestBridgeICC/IPv4_non-internal_network
=== RUN   TestBridgeICC/IPv4_internal_network
=== RUN   TestBridgeICC/IPv6_ULA_on_non-internal_network
=== RUN   TestBridgeICC/IPv6_ULA_on_internal_network
=== RUN   TestBridgeICC/IPv6_link-local_address_on_non-internal_network
=== RUN   TestBridgeICC/IPv6_link-local_address_on_internal_network
=== RUN   TestBridgeICC/IPv6_non-internal_network_with_SLAAC_LL_address
=== RUN   TestBridgeICC/IPv6_internal_network_with_SLAAC_LL_address
--- PASS: TestBridgeICC (22.15s)
    --- PASS: TestBridgeICC/IPv4_non-internal_network (1.82s)
    --- PASS: TestBridgeICC/IPv4_internal_network (1.79s)
    --- PASS: TestBridgeICC/IPv6_ULA_on_non-internal_network (1.88s)
    --- PASS: TestBridgeICC/IPv6_ULA_on_internal_network (1.84s)
    --- PASS: TestBridgeICC/IPv6_link-local_address_on_non-internal_network (1.90s)
    --- PASS: TestBridgeICC/IPv6_link-local_address_on_internal_network (1.81s)
    --- PASS: TestBridgeICC/IPv6_non-internal_network_with_SLAAC_LL_address (4.05s)
    --- PASS: TestBridgeICC/IPv6_internal_network_with_SLAAC_LL_address (4.08s)
=== RUN   TestBridgeINC
=== RUN   TestBridgeINC/IPv4_non-internal_network
=== RUN   TestBridgeINC/IPv4_internal_network
=== RUN   TestBridgeINC/IPv6_ULA_on_non-internal_network
=== RUN   TestBridgeINC/IPv6_ULA_on_internal_network
--- PASS: TestBridgeINC (17.05s)
    --- PASS: TestBridgeINC/IPv4_non-internal_network (5.14s)
    --- PASS: TestBridgeINC/IPv4_internal_network (1.86s)
    --- PASS: TestBridgeINC/IPv6_ULA_on_non-internal_network (5.14s)
    --- PASS: TestBridgeINC/IPv6_ULA_on_internal_network (1.91s)
PASS

DONE 14 tests in 39.274s
Running /go/src/github.com/docker/docker/integration/plugin (arm64.integration.plugin) flags=-test.v -test.timeout=5m  
testing: warning: no tests to run
PASS

DONE 0 tests in 0.011s
Running /go/src/github.com/docker/docker/integration/plugin/authz (arm64.integration.plugin.authz) flags=-test.v -test.timeout=5m  
INFO: Testing against a local daemon
=== RUN   TestAuthZPluginAllowRequest
--- PASS: TestAuthZPluginAllowRequest (3.60s)
=== RUN   TestAuthZPluginTLS
--- PASS: TestAuthZPluginTLS (0.58s)
=== RUN   TestAuthZPluginDenyRequest
--- PASS: TestAuthZPluginDenyRequest (0.56s)
=== RUN   TestAuthZPluginAPIDenyResponse
--- PASS: TestAuthZPluginAPIDenyResponse (0.56s)
=== RUN   TestAuthZPluginDenyResponse
--- PASS: TestAuthZPluginDenyResponse (0.57s)
=== RUN   TestAuthZPluginAllowEventStream
2023/11/13 11:03:43 http: panic serving 127.0.0.1:44988: runtime error: invalid memory address or nil pointer dereference
goroutine 162 [running]:
net/http.(*conn).serve.func1()
	/usr/local/go/src/net/http/server.go:1868 +0xb0
panic({0xa717e0?, 0x1579960?})
	/usr/local/go/src/runtime/panic.go:920 +0x26c
github.com/docker/docker/integration/plugin/authz.setupSuite.func3({0xd69088, 0x4000531560}, 0xffff433eb278?)
	/go/src/github.com/docker/docker/integration/plugin/authz/main_test.go:159 +0x14c
net/http.HandlerFunc.ServeHTTP(0x4000484500?, {0xd69088?, 0x4000531560?}, 0x402b98?)
	/usr/local/go/src/net/http/server.go:2136 +0x38
net/http.(*ServeMux).ServeHTTP(0xd6f158?, {0xd69088, 0x4000531560}, 0x4000484500)
	/usr/local/go/src/net/http/server.go:2514 +0x144
github.com/docker/docker/vendor/go.opentelemetry.io/contrib/instrumentation/net/http/otelhttp.(*Handler).ServeHTTP(0x40001206c0, {0xd67c78?, 0x40000f2d20}, 0x4000484400)
	/go/src/github.com/docker/docker/vendor/go.opentelemetry.io/contrib/instrumentation/net/http/otelhttp/handler.go:213 +0xf40
net/http.serverHandler.ServeHTTP({0xd64808?}, {0xd67c78?, 0x40000f2d20?}, 0x6?)
	/usr/local/go/src/net/http/server.go:2938 +0xbc
net/http.(*conn).serve(0x40001d3a70, {0xd6f158, 0x40004e0de0})
	/usr/local/go/src/net/http/server.go:2009 +0x518
created by net/http.(*Server).Serve in goroutine 14
	/usr/local/go/src/net/http/server.go:3086 +0x4cc
2023/11/13 11:03:44 http: panic serving 127.0.0.1:44990: could not unmarshal json for /AuthZPlugin.AuthZRes: unexpected end of JSON input
goroutine 194 [running]:
net/http.(*conn).serve.func1()
	/usr/local/go/src/net/http/server.go:1868 +0xb0
panic({0xa09180?, 0x400050b1c0?})
	/usr/local/go/src/runtime/panic.go:920 +0x26c
github.com/docker/docker/integration/plugin/authz.setupSuite.func3({0xd69088, 0x4000531620}, 0xffff433eb278?)
	/go/src/github.com/docker/docker/integration/plugin/authz/main_test.go:149 +0x360
net/http.HandlerFunc.ServeHTTP(0x4000484700?, {0xd69088?, 0x4000531620?}, 0x402b98?)
	/usr/local/go/src/net/http/server.go:2136 +0x38
net/http.(*ServeMux).ServeHTTP(0xd6f158?, {0xd69088, 0x4000531620}, 0x4000484700)
	/usr/local/go/src/net/http/server.go:2514 +0x144
github.com/docker/docker/vendor/go.opentelemetry.io/contrib/instrumentation/net/http/otelhttp.(*Handler).ServeHTTP(0x40001206c0, {0xd67c78?, 0x40000f2e00}, 0x4000484600)
	/go/src/github.com/docker/docker/vendor/go.opentelemetry.io/contrib/instrumentation/net/http/otelhttp/handler.go:213 +0xf40
net/http.serverHandler.ServeHTTP({0x4000394a80?}, {0xd67c78?, 0x40000f2e00?}, 0x6?)
	/usr/local/go/src/net/http/server.go:2938 +0xbc
net/http.(*conn).serve(0x400011a2d0, {0xd6f158, 0x40004e0de0})
	/usr/local/go/src/net/http/server.go:2009 +0x518
created by net/http.(*Server).Serve in goroutine 14
	/usr/local/go/src/net/http/server.go:3086 +0x4cc
2023/11/13 11:03:46 http: panic serving 127.0.0.1:45004: could not unmarshal json for /AuthZPlugin.AuthZRes: unexpected end of JSON input
goroutine 209 [running]:
net/http.(*conn).serve.func1()
	/usr/local/go/src/net/http/server.go:1868 +0xb0
panic({0xa09180?, 0x400050b260?})
	/usr/local/go/src/runtime/panic.go:920 +0x26c
github.com/docker/docker/integration/plugin/authz.setupSuite.func3({0xd69088, 0x40005316e0}, 0xffff433eb278?)
	/go/src/github.com/docker/docker/integration/plugin/authz/main_test.go:149 +0x360
net/http.HandlerFunc.ServeHTTP(0x4000484900?, {0xd69088?, 0x40005316e0?}, 0x402b98?)
	/usr/local/go/src/net/http/server.go:2136 +0x38
net/http.(*ServeMux).ServeHTTP(0xd6f158?, {0xd69088, 0x40005316e0}, 0x4000484900)
	/usr/local/go/src/net/http/server.go:2514 +0x144
github.com/docker/docker/vendor/go.opentelemetry.io/contrib/instrumentation/net/http/otelhttp.(*Handler).ServeHTTP(0x40001206c0, {0xd67c78?, 0x40000f2ee0}, 0x4000484800)
	/go/src/github.com/docker/docker/vendor/go.opentelemetry.io/contrib/instrumentation/net/http/otelhttp/handler.go:213 +0xf40
net/http.serverHandler.ServeHTTP({0x4000394c60?}, {0xd67c78?, 0x40000f2ee0?}, 0x6?)
	/usr/local/go/src/net/http/server.go:2938 +0xbc
net/http.(*conn).serve(0x400040dc20, {0xd6f158, 0x40004e0de0})
	/usr/local/go/src/net/http/server.go:2009 +0x518
created by net/http.(*Server).Serve in goroutine 14
	/usr/local/go/src/net/http/server.go:3086 +0x4cc
--- PASS: TestAuthZPluginAllowEventStream (8.66s)
=== RUN   TestAuthZPluginErrorResponse
--- PASS: TestAuthZPluginErrorResponse (0.58s)
=== RUN   TestAuthZPluginErrorRequest
--- PASS: TestAuthZPluginErrorRequest (0.56s)
=== RUN   TestAuthZPluginEnsureNoDuplicatePluginRegistration
--- PASS: TestAuthZPluginEnsureNoDuplicatePluginRegistration (0.57s)
=== RUN   TestAuthZPluginEnsureLoadImportWorking
--- PASS: TestAuthZPluginEnsureLoadImportWorking (6.20s)
=== RUN   TestAuthzPluginEnsureContainerCopyToFrom
--- PASS: TestAuthzPluginEnsureContainerCopyToFrom (3.97s)
=== RUN   TestAuthZPluginHeader
--- PASS: TestAuthZPluginHeader (3.02s)
=== RUN   TestAuthZPluginV2AllowNonVolumeRequest
    authz_plugin_v2_test.go:40: (*Execution).NotAmd64-fm
--- SKIP: TestAuthZPluginV2AllowNonVolumeRequest (0.00s)
=== RUN   TestAuthZPluginV2Disable
    authz_plugin_v2_test.go:61: (*Execution).NotAmd64-fm
--- SKIP: TestAuthZPluginV2Disable (0.00s)
=== RUN   TestAuthZPluginV2RejectVolumeRequests
    authz_plugin_v2_test.go:87: (*Execution).NotAmd64-fm
--- SKIP: TestAuthZPluginV2RejectVolumeRequests (0.00s)
=== RUN   TestAuthZPluginV2BadManifestFailsDaemonStart
    authz_plugin_v2_test.go:122: (*Execution).NotAmd64-fm
--- SKIP: TestAuthZPluginV2BadManifestFailsDaemonStart (0.00s)
=== RUN   TestAuthZPluginV2NonexistentFailsDaemonStart
--- PASS: TestAuthZPluginV2NonexistentFailsDaemonStart (16.98s)
PASS

=== Skipped
=== SKIP: arm64.integration.plugin.authz TestAuthZPluginV2AllowNonVolumeRequest (0.00s)
    authz_plugin_v2_test.go:40: (*Execution).NotAmd64-fm

=== SKIP: arm64.integration.plugin.authz TestAuthZPluginV2Disable (0.00s)
    authz_plugin_v2_test.go:61: (*Execution).NotAmd64-fm

=== SKIP: arm64.integration.plugin.authz TestAuthZPluginV2RejectVolumeRequests (0.00s)
    authz_plugin_v2_test.go:87: (*Execution).NotAmd64-fm

=== SKIP: arm64.integration.plugin.authz TestAuthZPluginV2BadManifestFailsDaemonStart (0.00s)
    authz_plugin_v2_test.go:122: (*Execution).NotAmd64-fm

DONE 17 tests, 4 skipped in 46.475s
Running /go/src/github.com/docker/docker/integration/plugin/common (arm64.integration.plugin.common) flags=-test.v -test.timeout=5m  
INFO: Testing against a local daemon
=== RUN   TestPluginInvalidJSON
=== RUN   TestPluginInvalidJSON/plugins/foobar/set
=== PAUSE TestPluginInvalidJSON/plugins/foobar/set
=== RUN   TestPluginInvalidJSON/plugins/foobar/upgrade
=== PAUSE TestPluginInvalidJSON/plugins/foobar/upgrade
=== RUN   TestPluginInvalidJSON/plugins/pull
=== PAUSE TestPluginInvalidJSON/plugins/pull
=== CONT  TestPluginInvalidJSON/plugins/foobar/set
=== RUN   TestPluginInvalidJSON/plugins/foobar/set/invalid_content_type
=== CONT  TestPluginInvalidJSON/plugins/pull
=== RUN   TestPluginInvalidJSON/plugins/pull/invalid_content_type
=== CONT  TestPluginInvalidJSON/plugins/foobar/upgrade
=== RUN   TestPluginInvalidJSON/plugins/foobar/upgrade/invalid_content_type
=== RUN   TestPluginInvalidJSON/plugins/pull/invalid_JSON
=== RUN   TestPluginInvalidJSON/plugins/foobar/set/invalid_JSON
=== RUN   TestPluginInvalidJSON/plugins/pull/extra_content_after_JSON
=== RUN   TestPluginInvalidJSON/plugins/foobar/upgrade/invalid_JSON
=== RUN   TestPluginInvalidJSON/plugins/foobar/set/extra_content_after_JSON
=== RUN   TestPluginInvalidJSON/plugins/foobar/upgrade/extra_content_after_JSON
=== RUN   TestPluginInvalidJSON/plugins/pull/empty_body
=== RUN   TestPluginInvalidJSON/plugins/foobar/set/empty_body
=== RUN   TestPluginInvalidJSON/plugins/foobar/upgrade/empty_body
--- PASS: TestPluginInvalidJSON (0.01s)
    --- PASS: TestPluginInvalidJSON/plugins/pull (0.00s)
        --- PASS: TestPluginInvalidJSON/plugins/pull/invalid_content_type (0.00s)
        --- PASS: TestPluginInvalidJSON/plugins/pull/invalid_JSON (0.00s)
        --- PASS: TestPluginInvalidJSON/plugins/pull/extra_content_after_JSON (0.00s)
        --- PASS: TestPluginInvalidJSON/plugins/pull/empty_body (0.00s)
    --- PASS: TestPluginInvalidJSON/plugins/foobar/set (0.00s)
        --- PASS: TestPluginInvalidJSON/plugins/foobar/set/invalid_content_type (0.00s)
        --- PASS: TestPluginInvalidJSON/plugins/foobar/set/invalid_JSON (0.00s)
        --- PASS: TestPluginInvalidJSON/plugins/foobar/set/extra_content_after_JSON (0.00s)
        --- PASS: TestPluginInvalidJSON/plugins/foobar/set/empty_body (0.00s)
    --- PASS: TestPluginInvalidJSON/plugins/foobar/upgrade (0.00s)
        --- PASS: TestPluginInvalidJSON/plugins/foobar/upgrade/invalid_content_type (0.00s)
        --- PASS: TestPluginInvalidJSON/plugins/foobar/upgrade/invalid_JSON (0.00s)
        --- PASS: TestPluginInvalidJSON/plugins/foobar/upgrade/extra_content_after_JSON (0.00s)
        --- PASS: TestPluginInvalidJSON/plugins/foobar/upgrade/empty_body (0.00s)
=== RUN   TestPluginInstall
=== RUN   TestPluginInstall/no_auth
time="2023-11-13T11:04:20Z" level=warning msg="reference for unknown type: application/vnd.docker.plugin.v1+json"
time="2023-11-13T11:04:20Z" level=warning msg="reference for unknown type: application/vnd.docker.plugin.v1+json" digest="sha256:049f2a655f9679c69b872644ec334baf27c3845ba74d9b7bd10c121b6a610347" mediatype=application/vnd.docker.plugin.v1+json size=522
time="2023-11-13T11:04:20Z" level=warning msg="reference for unknown type: application/vnd.docker.plugin.v1+json"
time="2023-11-13T11:04:20Z" level=warning msg="reference for unknown type: application/vnd.docker.plugin.v1+json" digest="sha256:049f2a655f9679c69b872644ec334baf27c3845ba74d9b7bd10c121b6a610347" mediatype=application/vnd.docker.plugin.v1+json size=522
=== RUN   TestPluginInstall/with_htpasswd
time="2023-11-13T11:04:21Z" level=warning msg="reference for unknown type: application/vnd.docker.plugin.v1+json"
time="2023-11-13T11:04:21Z" level=warning msg="reference for unknown type: application/vnd.docker.plugin.v1+json" digest="sha256:049f2a655f9679c69b872644ec334baf27c3845ba74d9b7bd10c121b6a610347" mediatype=application/vnd.docker.plugin.v1+json size=522
time="2023-11-13T11:04:21Z" level=warning msg="reference for unknown type: application/vnd.docker.plugin.v1+json"
time="2023-11-13T11:04:21Z" level=warning msg="reference for unknown type: application/vnd.docker.plugin.v1+json" digest="sha256:049f2a655f9679c69b872644ec334baf27c3845ba74d9b7bd10c121b6a610347" mediatype=application/vnd.docker.plugin.v1+json size=522
=== RUN   TestPluginInstall/with_insecure
time="2023-11-13T11:04:21Z" level=warning msg="reference for unknown type: application/vnd.docker.plugin.v1+json"
time="2023-11-13T11:04:21Z" level=warning msg="reference for unknown type: application/vnd.docker.plugin.v1+json" digest="sha256:23b1e9a6959c46269ad2a541008069fe457ab609fdd9b6605e65c5d41fdeaaf8" mediatype=application/vnd.docker.plugin.v1+json size=522
time="2023-11-13T11:04:21Z" level=warning msg="reference for unknown type: application/vnd.docker.plugin.v1+json"
time="2023-11-13T11:04:21Z" level=warning msg="reference for unknown type: application/vnd.docker.plugin.v1+json" digest="sha256:23b1e9a6959c46269ad2a541008069fe457ab609fdd9b6605e65c5d41fdeaaf8" mediatype=application/vnd.docker.plugin.v1+json size=522
    plugin_test.go:204: [d8fb9c0f5c41f] daemon is not started
--- PASS: TestPluginInstall (1.55s)
    --- PASS: TestPluginInstall/no_auth (0.47s)
    --- PASS: TestPluginInstall/with_htpasswd (0.26s)
    --- PASS: TestPluginInstall/with_insecure (0.82s)
=== RUN   TestPluginsWithRuntimes
=== RUN   TestPluginsWithRuntimes/No_Args
=== RUN   TestPluginsWithRuntimes/With_Args
--- PASS: TestPluginsWithRuntimes (3.98s)
    --- PASS: TestPluginsWithRuntimes/No_Args (0.82s)
    --- PASS: TestPluginsWithRuntimes/With_Args (0.82s)
=== RUN   TestPluginBackCompatMediaTypes
--- PASS: TestPluginBackCompatMediaTypes (0.47s)
PASS

DONE 24 tests in 6.077s
Running /go/src/github.com/docker/docker/integration/plugin/graphdriver (arm64.integration.plugin.graphdriver) flags=-test.v -test.timeout=5m  
INFO: Testing against a local daemon
=== RUN   TestExternalGraphDriver
=== RUN   TestExternalGraphDriver/json
=== RUN   TestExternalGraphDriver/spec
=== RUN   TestExternalGraphDriver/pull
--- PASS: TestExternalGraphDriver (0.34s)
    --- PASS: TestExternalGraphDriver/json (0.00s)
    --- PASS: TestExternalGraphDriver/spec (0.00s)
    --- PASS: TestExternalGraphDriver/pull (0.00s)
=== RUN   TestGraphdriverPluginV2
    external_test.go:415: (*Execution).NotAmd64-fm
--- SKIP: TestGraphdriverPluginV2 (0.32s)
PASS

=== Skipped
=== SKIP: arm64.integration.plugin.graphdriver TestGraphdriverPluginV2 (0.32s)
    external_test.go:415: (*Execution).NotAmd64-fm

DONE 5 tests, 1 skipped in 0.763s
Running /go/src/github.com/docker/docker/integration/plugin/logging (arm64.integration.plugin.logging) flags=-test.v -test.timeout=5m  
INFO: Testing against a local daemon
=== RUN   TestContinueAfterPluginCrash
=== PAUSE TestContinueAfterPluginCrash
=== RUN   TestReadPluginNoRead
=== PAUSE TestReadPluginNoRead
=== RUN   TestDaemonStartWithLogOpt
=== PAUSE TestDaemonStartWithLogOpt
=== CONT  TestContinueAfterPluginCrash
=== CONT  TestDaemonStartWithLogOpt
=== CONT  TestReadPluginNoRead
=== RUN   TestReadPluginNoRead/default
--- PASS: TestDaemonStartWithLogOpt (9.69s)
=== RUN   TestReadPluginNoRead/disabled_caching
=== RUN   TestReadPluginNoRead/explicitly_enabled_caching
    read_test.go:93: [d1217bd3ffc13] daemon is not started
--- PASS: TestReadPluginNoRead (14.25s)
    --- PASS: TestReadPluginNoRead/default (1.59s)
    --- PASS: TestReadPluginNoRead/disabled_caching (1.59s)
    --- PASS: TestReadPluginNoRead/explicitly_enabled_caching (1.61s)
--- PASS: TestContinueAfterPluginCrash (15.49s)
PASS

DONE 6 tests in 15.569s
Running /go/src/github.com/docker/docker/integration/plugin/logging/cmd/discard (arm64.integration.plugin.logging.cmd.discard) flags=-test.v -test.timeout=5m  
testing: warning: no tests to run
PASS

DONE 0 tests in 0.014s
Running /go/src/github.com/docker/docker/integration/plugin/volumes (arm64.integration.plugin.volumes) flags=-test.v -test.timeout=5m  
INFO: Testing against a local daemon
=== RUN   TestPluginWithDevMounts
=== PAUSE TestPluginWithDevMounts
=== CONT  TestPluginWithDevMounts
--- PASS: TestPluginWithDevMounts (2.45s)
PASS

DONE 1 tests in 2.516s
Running /go/src/github.com/docker/docker/integration/secret (arm64.integration.secret) flags=-test.v -test.timeout=5m  
INFO: Testing against a local daemon
=== RUN   TestSecretInspect
--- PASS: TestSecretInspect (3.99s)
=== RUN   TestSecretList
--- PASS: TestSecretList (4.08s)
=== RUN   TestSecretsCreateAndDelete
--- PASS: TestSecretsCreateAndDelete (4.12s)
=== RUN   TestSecretsUpdate
--- PASS: TestSecretsUpdate (4.12s)
=== RUN   TestTemplatedSecret
--- PASS: TestTemplatedSecret (4.91s)
=== RUN   TestSecretCreateResolve
--- PASS: TestSecretCreateResolve (4.03s)
PASS

DONE 6 tests in 25.318s
Running /go/src/github.com/docker/docker/integration/service (arm64.integration.service) flags=-test.v -test.timeout=5m  
INFO: Testing against a local daemon
=== RUN   TestServiceCreateInit
=== RUN   TestServiceCreateInit/daemonInitDisabled
=== RUN   TestServiceCreateInit/daemonInitEnabled
--- PASS: TestServiceCreateInit (13.77s)
    --- PASS: TestServiceCreateInit/daemonInitDisabled (6.97s)
    --- PASS: TestServiceCreateInit/daemonInitEnabled (6.79s)
=== RUN   TestCreateServiceMultipleTimes
--- PASS: TestCreateServiceMultipleTimes (18.76s)
=== RUN   TestCreateServiceConflict
--- PASS: TestCreateServiceConflict (4.10s)
=== RUN   TestCreateServiceMaxReplicas
--- PASS: TestCreateServiceMaxReplicas (5.37s)
=== RUN   TestCreateServiceSecretFileMode
--- PASS: TestCreateServiceSecretFileMode (14.96s)
=== RUN   TestCreateServiceConfigFileMode
--- PASS: TestCreateServiceConfigFileMode (15.06s)
=== RUN   TestCreateServiceSysctls
--- PASS: TestCreateServiceSysctls (5.84s)
=== RUN   TestCreateServiceCapabilities
--- PASS: TestCreateServiceCapabilities (4.95s)
=== RUN   TestInspect
--- PASS: TestInspect (5.43s)
=== RUN   TestCreateJob
--- PASS: TestCreateJob (5.87s)
=== RUN   TestReplicatedJob
--- PASS: TestReplicatedJob (8.77s)
=== RUN   TestUpdateReplicatedJob
--- PASS: TestUpdateReplicatedJob (5.93s)
=== RUN   TestServiceListWithStatuses
    list_test.go:33: versions.LessThan(testEnv.DaemonInfo.ServerVersion, "1.41")
--- SKIP: TestServiceListWithStatuses (0.00s)
=== RUN   TestDockerNetworkConnectAlias
--- PASS: TestDockerNetworkConnectAlias (5.91s)
=== RUN   TestDockerNetworkReConnect
--- PASS: TestDockerNetworkReConnect (5.15s)
=== RUN   TestServicePlugin
    plugin_test.go:25: (*Execution).NotAmd64-fm
--- SKIP: TestServicePlugin (0.00s)
=== RUN   TestServiceUpdateLabel
--- PASS: TestServiceUpdateLabel (4.08s)
=== RUN   TestServiceUpdateSecrets
--- PASS: TestServiceUpdateSecrets (16.68s)
=== RUN   TestServiceUpdateConfigs
--- PASS: TestServiceUpdateConfigs (16.87s)
=== RUN   TestServiceUpdateNetwork
--- PASS: TestServiceUpdateNetwork (14.09s)
=== RUN   TestServiceUpdatePidsLimit
=== RUN   TestServiceUpdatePidsLimit/create_service_with_PidsLimit_300
=== RUN   TestServiceUpdatePidsLimit/unset_PidsLimit_to_0
=== RUN   TestServiceUpdatePidsLimit/update_PidsLimit_to_100
--- PASS: TestServiceUpdatePidsLimit (18.63s)
    --- PASS: TestServiceUpdatePidsLimit/create_service_with_PidsLimit_300 (0.83s)
    --- PASS: TestServiceUpdatePidsLimit/unset_PidsLimit_to_0 (6.79s)
    --- PASS: TestServiceUpdatePidsLimit/update_PidsLimit_to_100 (6.74s)
PASS

=== Skipped
=== SKIP: arm64.integration.service TestServiceListWithStatuses (0.00s)
    list_test.go:33: versions.LessThan(testEnv.DaemonInfo.ServerVersion, "1.41")

=== SKIP: arm64.integration.service TestServicePlugin (0.00s)
    plugin_test.go:25: (*Execution).NotAmd64-fm

DONE 26 tests, 2 skipped in 190.325s
Running /go/src/github.com/docker/docker/integration/session (arm64.integration.session) flags=-test.v -test.timeout=5m  
INFO: Testing against a local daemon
=== RUN   TestSessionCreate
--- PASS: TestSessionCreate (0.02s)
=== RUN   TestSessionCreateWithBadUpgrade
--- PASS: TestSessionCreateWithBadUpgrade (0.01s)
PASS

DONE 2 tests in 0.083s
Running /go/src/github.com/docker/docker/integration/system (arm64.integration.system) flags=-test.v -test.timeout=5m  
INFO: Testing against a local daemon
=== RUN   TestCgroupDriverSystemdMemoryLimit
    cgroupdriver_systemd_test.go:32: !hasSystemd()
--- SKIP: TestCgroupDriverSystemdMemoryLimit (0.00s)
=== RUN   TestDiskUsage
=== PAUSE TestDiskUsage
=== RUN   TestEventsExecDie
--- PASS: TestEventsExecDie (0.22s)
=== RUN   TestEventsBackwardsCompatible
--- PASS: TestEventsBackwardsCompatible (0.03s)
=== RUN   TestEventsVolumeCreate
--- PASS: TestEventsVolumeCreate (0.03s)
=== RUN   TestInfoBinaryCommits
--- PASS: TestInfoBinaryCommits (0.01s)
=== RUN   TestInfoAPIVersioned
--- PASS: TestInfoAPIVersioned (0.00s)
=== RUN   TestInfoAPI
--- PASS: TestInfoAPI (0.01s)
=== RUN   TestInfoAPIWarnings
--- PASS: TestInfoAPIWarnings (16.25s)
=== RUN   TestInfoDebug
--- PASS: TestInfoDebug (0.55s)
=== RUN   TestInfoInsecureRegistries
--- PASS: TestInfoInsecureRegistries (0.54s)
=== RUN   TestInfoRegistryMirrors
--- PASS: TestInfoRegistryMirrors (0.55s)
=== RUN   TestLoginFailsWithBadCredentials
--- PASS: TestLoginFailsWithBadCredentials (1.07s)
=== RUN   TestPingCacheHeaders
--- PASS: TestPingCacheHeaders (0.04s)
=== RUN   TestPingGet
--- PASS: TestPingGet (0.01s)
=== RUN   TestPingHead
--- PASS: TestPingHead (0.02s)
=== RUN   TestPingSwarmHeader
=== RUN   TestPingSwarmHeader/before_swarm_init
=== RUN   TestPingSwarmHeader/after_swarm_init
=== RUN   TestPingSwarmHeader/after_swarm_leave
--- PASS: TestPingSwarmHeader (1.69s)
    --- PASS: TestPingSwarmHeader/before_swarm_init (0.00s)
    --- PASS: TestPingSwarmHeader/after_swarm_init (0.00s)
    --- PASS: TestPingSwarmHeader/after_swarm_leave (0.00s)
=== RUN   TestPingBuilderHeader
=== RUN   TestPingBuilderHeader/default_config
=== RUN   TestPingBuilderHeader/buildkit_disabled
--- PASS: TestPingBuilderHeader (1.10s)
    --- PASS: TestPingBuilderHeader/default_config (0.54s)
    --- PASS: TestPingBuilderHeader/buildkit_disabled (0.54s)
=== RUN   TestVersion
--- PASS: TestVersion (0.02s)
=== CONT  TestDiskUsage
=== RUN   TestDiskUsage/empty
=== RUN   TestDiskUsage/empty/container_types
=== RUN   TestDiskUsage/empty/image_types
=== RUN   TestDiskUsage/empty/volume_types
=== RUN   TestDiskUsage/empty/build-cache_types
=== RUN   TestDiskUsage/empty/container,_volume_types
=== RUN   TestDiskUsage/empty/image,_build-cache_types
=== RUN   TestDiskUsage/empty/container,_volume,_build-cache_types
=== RUN   TestDiskUsage/empty/image,_volume,_build-cache_types
=== RUN   TestDiskUsage/empty/container,_image,_volume_types
=== RUN   TestDiskUsage/empty/container,_image,_volume,_build-cache_types
=== RUN   TestDiskUsage/after_LoadBusybox
=== RUN   TestDiskUsage/after_LoadBusybox/container_types
=== RUN   TestDiskUsage/after_LoadBusybox/image_types
=== RUN   TestDiskUsage/after_LoadBusybox/volume_types
=== RUN   TestDiskUsage/after_LoadBusybox/build-cache_types
=== RUN   TestDiskUsage/after_LoadBusybox/container,_volume_types
=== RUN   TestDiskUsage/after_LoadBusybox/image,_build-cache_types
=== RUN   TestDiskUsage/after_LoadBusybox/container,_volume,_build-cache_types
=== RUN   TestDiskUsage/after_LoadBusybox/image,_volume,_build-cache_types
=== RUN   TestDiskUsage/after_LoadBusybox/container,_image,_volume_types
=== RUN   TestDiskUsage/after_LoadBusybox/container,_image,_volume,_build-cache_types
=== RUN   TestDiskUsage/after_container.Run
=== RUN   TestDiskUsage/after_container.Run/container_types
=== RUN   TestDiskUsage/after_container.Run/image_types
=== RUN   TestDiskUsage/after_container.Run/volume_types
=== RUN   TestDiskUsage/after_container.Run/build-cache_types
=== RUN   TestDiskUsage/after_container.Run/container,_volume_types
=== RUN   TestDiskUsage/after_container.Run/image,_build-cache_types
=== RUN   TestDiskUsage/after_container.Run/container,_volume,_build-cache_types
=== RUN   TestDiskUsage/after_container.Run/image,_volume,_build-cache_types
=== RUN   TestDiskUsage/after_container.Run/container,_image,_volume_types
=== RUN   TestDiskUsage/after_container.Run/container,_image,_volume,_build-cache_types
--- PASS: TestDiskUsage (4.39s)
    --- PASS: TestDiskUsage/empty (0.02s)
        --- PASS: TestDiskUsage/empty/container_types (0.00s)
        --- PASS: TestDiskUsage/empty/image_types (0.00s)
        --- PASS: TestDiskUsage/empty/volume_types (0.00s)
        --- PASS: TestDiskUsage/empty/build-cache_types (0.00s)
        --- PASS: TestDiskUsage/empty/container,_volume_types (0.00s)
        --- PASS: TestDiskUsage/empty/image,_build-cache_types (0.00s)
        --- PASS: TestDiskUsage/empty/container,_volume,_build-cache_types (0.00s)
        --- PASS: TestDiskUsage/empty/image,_volume,_build-cache_types (0.00s)
        --- PASS: TestDiskUsage/empty/container,_image,_volume_types (0.00s)
        --- PASS: TestDiskUsage/empty/container,_image,_volume,_build-cache_types (0.00s)
    --- PASS: TestDiskUsage/after_LoadBusybox (2.42s)
        --- PASS: TestDiskUsage/after_LoadBusybox/container_types (0.00s)
        --- PASS: TestDiskUsage/after_LoadBusybox/image_types (0.00s)
        --- PASS: TestDiskUsage/after_LoadBusybox/volume_types (0.00s)
        --- PASS: TestDiskUsage/after_LoadBusybox/build-cache_types (0.00s)
        --- PASS: TestDiskUsage/after_LoadBusybox/container,_volume_types (0.00s)
        --- PASS: TestDiskUsage/after_LoadBusybox/image,_build-cache_types (0.00s)
        --- PASS: TestDiskUsage/after_LoadBusybox/container,_volume,_build-cache_types (0.00s)
        --- PASS: TestDiskUsage/after_LoadBusybox/image,_volume,_build-cache_types (0.00s)
        --- PASS: TestDiskUsage/after_LoadBusybox/container,_image,_volume_types (0.00s)
        --- PASS: TestDiskUsage/after_LoadBusybox/container,_image,_volume,_build-cache_types (0.00s)
    --- PASS: TestDiskUsage/after_container.Run (0.94s)
        --- PASS: TestDiskUsage/after_container.Run/container_types (0.05s)
        --- PASS: TestDiskUsage/after_container.Run/image_types (0.00s)
        --- PASS: TestDiskUsage/after_container.Run/volume_types (0.00s)
        --- PASS: TestDiskUsage/after_container.Run/build-cache_types (0.00s)
        --- PASS: TestDiskUsage/after_container.Run/container,_volume_types (0.07s)
        --- PASS: TestDiskUsage/after_container.Run/image,_build-cache_types (0.00s)
        --- PASS: TestDiskUsage/after_container.Run/container,_volume,_build-cache_types (0.07s)
        --- PASS: TestDiskUsage/after_container.Run/image,_volume,_build-cache_types (0.00s)
        --- PASS: TestDiskUsage/after_container.Run/container,_image,_volume_types (0.05s)
        --- PASS: TestDiskUsage/after_container.Run/container,_image,_volume,_build-cache_types (0.07s)
PASS

=== Skipped
=== SKIP: arm64.integration.system TestCgroupDriverSystemdMemoryLimit (0.00s)
    cgroupdriver_systemd_test.go:32: !hasSystemd()

DONE 57 tests, 1 skipped in 26.601s
Running /go/src/github.com/docker/docker/integration/volume (arm64.integration.volume) flags=-test.v -test.timeout=5m  
INFO: Testing against a local daemon
=== RUN   TestVolumesCreateAndList
--- PASS: TestVolumesCreateAndList (0.01s)
=== RUN   TestVolumesRemove
=== RUN   TestVolumesRemove/volume_in_use
=== RUN   TestVolumesRemove/volume_not_in_use
=== RUN   TestVolumesRemove/non-existing_volume
=== RUN   TestVolumesRemove/non-existing_volume_force
--- PASS: TestVolumesRemove (0.03s)
    --- PASS: TestVolumesRemove/volume_in_use (0.00s)
    --- PASS: TestVolumesRemove/volume_not_in_use (0.01s)
    --- PASS: TestVolumesRemove/non-existing_volume (0.00s)
    --- PASS: TestVolumesRemove/non-existing_volume_force (0.00s)
=== RUN   TestVolumesRemoveSwarmEnabled
=== PAUSE TestVolumesRemoveSwarmEnabled
=== RUN   TestVolumesInspect
--- PASS: TestVolumesInspect (0.01s)
=== RUN   TestVolumesInvalidJSON
=== RUN   TestVolumesInvalidJSON/volumes/create
=== PAUSE TestVolumesInvalidJSON/volumes/create
=== CONT  TestVolumesInvalidJSON/volumes/create
=== RUN   TestVolumesInvalidJSON/volumes/create/invalid_content_type
=== RUN   TestVolumesInvalidJSON/volumes/create/invalid_JSON
=== RUN   TestVolumesInvalidJSON/volumes/create/extra_content_after_JSON
=== RUN   TestVolumesInvalidJSON/volumes/create/empty_body
--- PASS: TestVolumesInvalidJSON (0.01s)
    --- PASS: TestVolumesInvalidJSON/volumes/create (0.00s)
        --- PASS: TestVolumesInvalidJSON/volumes/create/invalid_content_type (0.00s)
        --- PASS: TestVolumesInvalidJSON/volumes/create/invalid_JSON (0.00s)
        --- PASS: TestVolumesInvalidJSON/volumes/create/extra_content_after_JSON (0.00s)
        --- PASS: TestVolumesInvalidJSON/volumes/create/empty_body (0.00s)
=== RUN   TestVolumePruneAnonymous
--- PASS: TestVolumePruneAnonymous (0.01s)
=== RUN   TestVolumePruneAnonFromImage
--- PASS: TestVolumePruneAnonFromImage (0.16s)
=== CONT  TestVolumesRemoveSwarmEnabled
=== RUN   TestVolumesRemoveSwarmEnabled/volume_in_use
=== RUN   TestVolumesRemoveSwarmEnabled/volume_not_in_use
=== RUN   TestVolumesRemoveSwarmEnabled/non-existing_volume
=== RUN   TestVolumesRemoveSwarmEnabled/non-existing_volume_force
--- PASS: TestVolumesRemoveSwarmEnabled (4.58s)
    --- PASS: TestVolumesRemoveSwarmEnabled/volume_in_use (0.00s)
    --- PASS: TestVolumesRemoveSwarmEnabled/volume_not_in_use (0.22s)
    --- PASS: TestVolumesRemoveSwarmEnabled/non-existing_volume (0.00s)
    --- PASS: TestVolumesRemoveSwarmEnabled/non-existing_volume_force (0.00s)
PASS

DONE 20 tests in 4.881s
---> Making bundle: .integration-daemon-stop (in bundles/test-integration)
Removing test suite binaries
exiting test-integration
++ exit 1
